[28-Mar-2022 12:41:33 Europe/Moscow] PHP Notice:  Only variables should be passed by reference in /home/bsn/sites/bsn.ru/public_html/includes/class.robot.php on line 1256
[28-Mar-2022 12:41:33 Europe/Moscow] PHP Notice:  Undefined index: district in /home/bsn/sites/bsn.ru/public_html/includes/class.robot.php on line 4026
[28-Mar-2022 12:41:33 Europe/Moscow] PHP Notice:  Only variables should be passed by reference in /home/bsn/sites/bsn.ru/public_html/includes/class.robot.php on line 1256
[28-Mar-2022 12:41:33 Europe/Moscow] PHP Notice:  Only variables should be passed by reference in /home/bsn/sites/bsn.ru/public_html/includes/class.robot.php on line 1256
[28-Mar-2022 12:41:33 Europe/Moscow] PHP Notice:  Undefined index: district in /home/bsn/sites/bsn.ru/public_html/includes/class.robot.php on line 4026
[28-Mar-2022 12:41:33 Europe/Moscow] PHP Notice:  Only variables should be passed by reference in /home/bsn/sites/bsn.ru/public_html/includes/class.robot.php on line 1256
[28-Mar-2022 12:41:33 Europe/Moscow] PHP Notice:  Only variables should be passed by reference in /home/bsn/sites/bsn.ru/public_html/includes/class.robot.php on line 1256
[28-Mar-2022 12:41:33 Europe/Moscow] PHP Notice:  Only variables should be passed by reference in /home/bsn/sites/bsn.ru/public_html/includes/class.robot.php on line 1256
[28-Mar-2022 12:41:33 Europe/Moscow] PHP Notice:  Only variables should be passed by reference in /home/bsn/sites/bsn.ru/public_html/includes/class.robot.php on line 1256
[28-Mar-2022 12:41:33 Europe/Moscow] PHP Notice:  Undefined index: district in /home/bsn/sites/bsn.ru/public_html/includes/class.robot.php on line 4026
[28-Mar-2022 12:41:33 Europe/Moscow] PHP Notice:  Only variables should be passed by reference in /home/bsn/sites/bsn.ru/public_html/includes/class.robot.php on line 1256
[28-Mar-2022 12:41:33 Europe/Moscow] PHP Notice:  Undefined index: district in /home/bsn/sites/bsn.ru/public_html/includes/class.robot.php on line 4026
[28-Mar-2022 12:41:33 Europe/Moscow] PHP Notice:  Only variables should be passed by reference in /home/bsn/sites/bsn.ru/public_html/includes/class.robot.php on line 1256
[28-Mar-2022 12:41:33 Europe/Moscow] PHP Notice:  Only variables should be passed by reference in /home/bsn/sites/bsn.ru/public_html/includes/class.robot.php on line 1256
[28-Mar-2022 12:41:33 Europe/Moscow] PHP Notice:  Undefined index: district in /home/bsn/sites/bsn.ru/public_html/includes/class.robot.php on line 4026
[28-Mar-2022 12:41:33 Europe/Moscow] PHP Notice:  Undefined index: district in /home/bsn/sites/bsn.ru/public_html/includes/class.robot.php on line 4026
[28-Mar-2022 12:41:33 Europe/Moscow] PHP Notice:  Only variables should be passed by reference in /home/bsn/sites/bsn.ru/public_html/includes/class.robot.php on line 1256
[28-Mar-2022 12:41:34 Europe/Moscow] PHP Notice:  Only variables should be passed by reference in /home/bsn/sites/bsn.ru/public_html/includes/class.robot.php on line 1256
[28-Mar-2022 12:41:34 Europe/Moscow] PHP Notice:  Undefined index: district in /home/bsn/sites/bsn.ru/public_html/includes/class.robot.php on line 4026
[28-Mar-2022 12:41:34 Europe/Moscow] PHP Notice:  Only variables should be passed by reference in /home/bsn/sites/bsn.ru/public_html/includes/class.robot.php on line 1256
[28-Mar-2022 12:41:34 Europe/Moscow] PHP Notice:  Only variables should be passed by reference in /home/bsn/sites/bsn.ru/public_html/includes/class.robot.php on line 1256
[28-Mar-2022 12:41:34 Europe/Moscow] PHP Notice:  Only variables should be passed by reference in /home/bsn/sites/bsn.ru/public_html/includes/class.robot.php on line 1256
[28-Mar-2022 12:41:34 Europe/Moscow] PHP Notice:  Only variables should be passed by reference in /home/bsn/sites/bsn.ru/public_html/includes/class.robot.php on line 1256
[28-Mar-2022 12:41:34 Europe/Moscow] PHP Notice:  Undefined index: district in /home/bsn/sites/bsn.ru/public_html/includes/class.robot.php on line 4026
[28-Mar-2022 12:41:34 Europe/Moscow] PHP Notice:  Undefined index: district in /home/bsn/sites/bsn.ru/public_html/includes/class.robot.php on line 4026
[28-Mar-2022 12:41:34 Europe/Moscow] PHP Notice:  Undefined index: district in /home/bsn/sites/bsn.ru/public_html/includes/class.robot.php on line 4026
[28-Mar-2022 12:41:34 Europe/Moscow] PHP Notice:  Undefined index: district in /home/bsn/sites/bsn.ru/public_html/includes/class.robot.php on line 4026
[28-Mar-2022 12:41:34 Europe/Moscow] PHP Notice:  Undefined index: district in /home/bsn/sites/bsn.ru/public_html/includes/class.robot.php on line 4026
[28-Mar-2022 12:41:34 Europe/Moscow] PHP Notice:  Only variables should be passed by reference in /home/bsn/sites/bsn.ru/public_html/includes/class.robot.php on line 1256
[28-Mar-2022 12:41:34 Europe/Moscow] PHP Notice:  Undefined index: district in /home/bsn/sites/bsn.ru/public_html/includes/class.robot.php on line 4026
[28-Mar-2022 12:41:34 Europe/Moscow] PHP Notice:  Undefined index: district in /home/bsn/sites/bsn.ru/public_html/includes/class.robot.php on line 4026
[28-Mar-2022 12:41:34 Europe/Moscow] PHP Notice:  Undefined variable: nophoto in /home/bsn/sites/bsn.ru/public_html/cron/robot/xml_values_processing.php on line 580
[28-Mar-2022 12:41:34 Europe/Moscow] PHP Notice:  Undefined index: build_sell in /home/bsn/sites/bsn.ru/public_html/cron/robot/xml_values_processing.php on line 609
[28-Mar-2022 12:41:34 Europe/Moscow] PHP Notice:  Undefined index: build_sell in /home/bsn/sites/bsn.ru/public_html/cron/robot/xml_values_processing.php on line 610
[28-Mar-2022 12:41:34 Europe/Moscow] PHP Notice:  Undefined index: build in /home/bsn/sites/bsn.ru/public_html/cron/robot/xml_values_processing.php on line 613
