[07-Oct-2021 01:41:01 Europe/Moscow] PHP Notice:  Only variables should be passed by reference in /home/bsn/sites/bsn.ru/public_html/includes/class.robot.php on line 1256
[07-Oct-2021 01:41:02 Europe/Moscow] PHP Notice:  Only variables should be passed by reference in /home/bsn/sites/bsn.ru/public_html/includes/class.robot.php on line 1256
[07-Oct-2021 01:41:03 Europe/Moscow] PHP Notice:  Only variables should be passed by reference in /home/bsn/sites/bsn.ru/public_html/includes/class.robot.php on line 1256
[07-Oct-2021 01:41:03 Europe/Moscow] PHP Notice:  Only variables should be passed by reference in /home/bsn/sites/bsn.ru/public_html/includes/class.robot.php on line 1256
[07-Oct-2021 01:41:03 Europe/Moscow] PHP Notice:  Only variables should be passed by reference in /home/bsn/sites/bsn.ru/public_html/includes/class.robot.php on line 1256
[07-Oct-2021 01:41:03 Europe/Moscow] PHP Notice:  Only variables should be passed by reference in /home/bsn/sites/bsn.ru/public_html/includes/class.robot.php on line 1256
[07-Oct-2021 01:41:03 Europe/Moscow] PHP Notice:  Only variables should be passed by reference in /home/bsn/sites/bsn.ru/public_html/includes/class.robot.php on line 1256
[07-Oct-2021 01:41:03 Europe/Moscow] PHP Notice:  Only variables should be passed by reference in /home/bsn/sites/bsn.ru/public_html/includes/class.robot.php on line 1256
[07-Oct-2021 01:41:03 Europe/Moscow] PHP Notice:  Only variables should be passed by reference in /home/bsn/sites/bsn.ru/public_html/includes/class.robot.php on line 1256
[07-Oct-2021 01:41:03 Europe/Moscow] PHP Notice:  Only variables should be passed by reference in /home/bsn/sites/bsn.ru/public_html/includes/class.robot.php on line 1256
[07-Oct-2021 01:41:03 Europe/Moscow] PHP Notice:  Only variables should be passed by reference in /home/bsn/sites/bsn.ru/public_html/includes/class.robot.php on line 1256
[07-Oct-2021 01:41:03 Europe/Moscow] PHP Notice:  Only variables should be passed by reference in /home/bsn/sites/bsn.ru/public_html/includes/class.robot.php on line 1256
[07-Oct-2021 01:41:03 Europe/Moscow] PHP Notice:  Undefined index: id_business_center in /home/bsn/sites/bsn.ru/public_html/includes/class.robot.php on line 2196
[07-Oct-2021 01:41:03 Europe/Moscow] PHP Notice:  Only variables should be passed by reference in /home/bsn/sites/bsn.ru/public_html/includes/class.robot.php on line 1256
[07-Oct-2021 01:41:03 Europe/Moscow] PHP Notice:  Only variables should be passed by reference in /home/bsn/sites/bsn.ru/public_html/includes/class.robot.php on line 1256
[07-Oct-2021 01:41:03 Europe/Moscow] PHP Notice:  Only variables should be passed by reference in /home/bsn/sites/bsn.ru/public_html/includes/class.robot.php on line 1256
[07-Oct-2021 01:41:04 Europe/Moscow] PHP Notice:  Only variables should be passed by reference in /home/bsn/sites/bsn.ru/public_html/includes/class.robot.php on line 1256
[07-Oct-2021 01:41:04 Europe/Moscow] PHP Notice:  Undefined index: id_business_center in /home/bsn/sites/bsn.ru/public_html/includes/class.robot.php on line 2196
[07-Oct-2021 01:41:04 Europe/Moscow] PHP Notice:  Only variables should be passed by reference in /home/bsn/sites/bsn.ru/public_html/includes/class.robot.php on line 1256
[07-Oct-2021 01:41:04 Europe/Moscow] PHP Notice:  Only variables should be passed by reference in /home/bsn/sites/bsn.ru/public_html/includes/class.robot.php on line 1256
[07-Oct-2021 01:41:04 Europe/Moscow] PHP Notice:  Only variables should be passed by reference in /home/bsn/sites/bsn.ru/public_html/includes/class.robot.php on line 1256
[07-Oct-2021 01:41:04 Europe/Moscow] PHP Notice:  Only variables should be passed by reference in /home/bsn/sites/bsn.ru/public_html/includes/class.robot.php on line 1256
[07-Oct-2021 01:41:04 Europe/Moscow] PHP Notice:  Only variables should be passed by reference in /home/bsn/sites/bsn.ru/public_html/includes/class.robot.php on line 1256
[07-Oct-2021 01:41:04 Europe/Moscow] PHP Notice:  Undefined index: id_business_center in /home/bsn/sites/bsn.ru/public_html/includes/class.robot.php on line 2196
[07-Oct-2021 01:41:04 Europe/Moscow] PHP Notice:  Only variables should be passed by reference in /home/bsn/sites/bsn.ru/public_html/includes/class.robot.php on line 1256
[07-Oct-2021 01:41:04 Europe/Moscow] PHP Notice:  Only variables should be passed by reference in /home/bsn/sites/bsn.ru/public_html/includes/class.robot.php on line 1256
[07-Oct-2021 01:41:04 Europe/Moscow] PHP Notice:  Only variables should be passed by reference in /home/bsn/sites/bsn.ru/public_html/includes/class.robot.php on line 1256
[07-Oct-2021 01:41:04 Europe/Moscow] PHP Notice:  Only variables should be passed by reference in /home/bsn/sites/bsn.ru/public_html/includes/class.robot.php on line 1256
[07-Oct-2021 01:41:04 Europe/Moscow] PHP Notice:  Only variables should be passed by reference in /home/bsn/sites/bsn.ru/public_html/includes/class.robot.php on line 1256
[07-Oct-2021 01:41:04 Europe/Moscow] PHP Notice:  Only variables should be passed by reference in /home/bsn/sites/bsn.ru/public_html/includes/class.robot.php on line 1256
[07-Oct-2021 01:41:04 Europe/Moscow] PHP Notice:  Only variables should be passed by reference in /home/bsn/sites/bsn.ru/public_html/includes/class.robot.php on line 1256
[07-Oct-2021 01:41:04 Europe/Moscow] PHP Notice:  Only variables should be passed by reference in /home/bsn/sites/bsn.ru/public_html/includes/class.robot.php on line 1256
[07-Oct-2021 01:41:04 Europe/Moscow] PHP Notice:  Only variables should be passed by reference in /home/bsn/sites/bsn.ru/public_html/includes/class.robot.php on line 1256
[07-Oct-2021 01:41:04 Europe/Moscow] PHP Notice:  Undefined index: id_business_center in /home/bsn/sites/bsn.ru/public_html/includes/class.robot.php on line 2196
[07-Oct-2021 01:41:04 Europe/Moscow] PHP Notice:  Only variables should be passed by reference in /home/bsn/sites/bsn.ru/public_html/includes/class.robot.php on line 1256
[07-Oct-2021 01:41:04 Europe/Moscow] PHP Notice:  Only variables should be passed by reference in /home/bsn/sites/bsn.ru/public_html/includes/class.robot.php on line 1256
[07-Oct-2021 01:41:04 Europe/Moscow] PHP Notice:  Only variables should be passed by reference in /home/bsn/sites/bsn.ru/public_html/includes/class.robot.php on line 1256
[07-Oct-2021 01:41:04 Europe/Moscow] PHP Notice:  Only variables should be passed by reference in /home/bsn/sites/bsn.ru/public_html/includes/class.robot.php on line 1256
[07-Oct-2021 01:41:04 Europe/Moscow] PHP Warning:  deg2rad() expects parameter 1 to be float, string given in /home/bsn/sites/bsn.ru/public_html/includes/class.robot.php on line 1212
[07-Oct-2021 01:41:04 Europe/Moscow] PHP Warning:  A non-numeric value encountered in /home/bsn/sites/bsn.ru/public_html/includes/class.robot.php on line 1216
[07-Oct-2021 01:41:04 Europe/Moscow] PHP Warning:  A non-numeric value encountered in /home/bsn/sites/bsn.ru/public_html/includes/class.robot.php on line 1217
[07-Oct-2021 01:41:04 Europe/Moscow] PHP Warning:  deg2rad() expects parameter 1 to be float, string given in /home/bsn/sites/bsn.ru/public_html/includes/class.robot.php on line 1212
[07-Oct-2021 01:41:04 Europe/Moscow] PHP Warning:  A non-numeric value encountered in /home/bsn/sites/bsn.ru/public_html/includes/class.robot.php on line 1216
[07-Oct-2021 01:41:04 Europe/Moscow] PHP Warning:  A non-numeric value encountered in /home/bsn/sites/bsn.ru/public_html/includes/class.robot.php on line 1217
[07-Oct-2021 01:41:04 Europe/Moscow] PHP Warning:  deg2rad() expects parameter 1 to be float, string given in /home/bsn/sites/bsn.ru/public_html/includes/class.robot.php on line 1212
[07-Oct-2021 01:41:04 Europe/Moscow] PHP Warning:  A non-numeric value encountered in /home/bsn/sites/bsn.ru/public_html/includes/class.robot.php on line 1216
[07-Oct-2021 01:41:04 Europe/Moscow] PHP Warning:  A non-numeric value encountered in /home/bsn/sites/bsn.ru/public_html/includes/class.robot.php on line 1217
[07-Oct-2021 01:41:04 Europe/Moscow] PHP Warning:  deg2rad() expects parameter 1 to be float, string given in /home/bsn/sites/bsn.ru/public_html/includes/class.robot.php on line 1212
[07-Oct-2021 01:41:04 Europe/Moscow] PHP Warning:  A non-numeric value encountered in /home/bsn/sites/bsn.ru/public_html/includes/class.robot.php on line 1216
[07-Oct-2021 01:41:04 Europe/Moscow] PHP Warning:  A non-numeric value encountered in /home/bsn/sites/bsn.ru/public_html/includes/class.robot.php on line 1217
[07-Oct-2021 01:41:04 Europe/Moscow] PHP Warning:  A non-numeric value encountered in /home/bsn/sites/bsn.ru/public_html/includes/class.robot.php on line 1186
[07-Oct-2021 01:41:04 Europe/Moscow] PHP Warning:  A non-numeric value encountered in /home/bsn/sites/bsn.ru/public_html/includes/class.robot.php on line 1187
[07-Oct-2021 01:41:04 Europe/Moscow] PHP Warning:  deg2rad() expects parameter 1 to be float, string given in /home/bsn/sites/bsn.ru/public_html/includes/class.robot.php on line 1189
[07-Oct-2021 01:41:04 Europe/Moscow] PHP Warning:  A non-numeric value encountered in /home/bsn/sites/bsn.ru/public_html/includes/class.robot.php on line 1186
[07-Oct-2021 01:41:04 Europe/Moscow] PHP Warning:  A non-numeric value encountered in /home/bsn/sites/bsn.ru/public_html/includes/class.robot.php on line 1187
[07-Oct-2021 01:41:04 Europe/Moscow] PHP Warning:  deg2rad() expects parameter 1 to be float, string given in /home/bsn/sites/bsn.ru/public_html/includes/class.robot.php on line 1189
[07-Oct-2021 01:41:04 Europe/Moscow] PHP Warning:  A non-numeric value encountered in /home/bsn/sites/bsn.ru/public_html/includes/class.robot.php on line 1186
[07-Oct-2021 01:41:04 Europe/Moscow] PHP Warning:  A non-numeric value encountered in /home/bsn/sites/bsn.ru/public_html/includes/class.robot.php on line 1187
[07-Oct-2021 01:41:04 Europe/Moscow] PHP Warning:  deg2rad() expects parameter 1 to be float, string given in /home/bsn/sites/bsn.ru/public_html/includes/class.robot.php on line 1189
[07-Oct-2021 01:41:04 Europe/Moscow] PHP Notice:  Only variables should be passed by reference in /home/bsn/sites/bsn.ru/public_html/includes/class.robot.php on line 1256
[07-Oct-2021 01:41:04 Europe/Moscow] PHP Notice:  Only variables should be passed by reference in /home/bsn/sites/bsn.ru/public_html/includes/class.robot.php on line 1256
[07-Oct-2021 01:41:04 Europe/Moscow] PHP Notice:  Undefined index: id_business_center in /home/bsn/sites/bsn.ru/public_html/includes/class.robot.php on line 2196
[07-Oct-2021 01:41:04 Europe/Moscow] PHP Notice:  Only variables should be passed by reference in /home/bsn/sites/bsn.ru/public_html/includes/class.robot.php on line 1256
[07-Oct-2021 01:41:04 Europe/Moscow] PHP Notice:  Only variables should be passed by reference in /home/bsn/sites/bsn.ru/public_html/includes/class.robot.php on line 1256
[07-Oct-2021 01:41:04 Europe/Moscow] PHP Notice:  Only variables should be passed by reference in /home/bsn/sites/bsn.ru/public_html/includes/class.robot.php on line 1256
[07-Oct-2021 01:41:04 Europe/Moscow] PHP Notice:  Only variables should be passed by reference in /home/bsn/sites/bsn.ru/public_html/includes/class.robot.php on line 1256
[07-Oct-2021 01:41:05 Europe/Moscow] PHP Notice:  Only variables should be passed by reference in /home/bsn/sites/bsn.ru/public_html/includes/class.robot.php on line 1256
[07-Oct-2021 01:41:05 Europe/Moscow] PHP Notice:  Only variables should be passed by reference in /home/bsn/sites/bsn.ru/public_html/includes/class.robot.php on line 1256
[07-Oct-2021 01:41:05 Europe/Moscow] PHP Notice:  Undefined index: build in /home/bsn/sites/bsn.ru/public_html/cron/robot/xml_values_processing.php on line 462
[07-Oct-2021 01:41:05 Europe/Moscow] PHP Notice:  Only variables should be passed by reference in /home/bsn/sites/bsn.ru/public_html/includes/class.robot.php on line 1256
[07-Oct-2021 01:41:05 Europe/Moscow] PHP Notice:  Only variables should be passed by reference in /home/bsn/sites/bsn.ru/public_html/includes/class.robot.php on line 1256
[07-Oct-2021 01:41:06 Europe/Moscow] PHP Notice:  Only variables should be passed by reference in /home/bsn/sites/bsn.ru/public_html/includes/class.robot.php on line 1256
[07-Oct-2021 01:41:06 Europe/Moscow] PHP Notice:  Only variables should be passed by reference in /home/bsn/sites/bsn.ru/public_html/includes/class.robot.php on line 1256
[07-Oct-2021 01:41:07 Europe/Moscow] PHP Notice:  Only variables should be passed by reference in /home/bsn/sites/bsn.ru/public_html/includes/class.robot.php on line 1256
[07-Oct-2021 01:41:07 Europe/Moscow] PHP Notice:  getimagesize(): Read error! in /home/bsn/sites/bsn.ru/public_html/includes/class.photos.php on line 372
[07-Oct-2021 01:41:07 Europe/Moscow] PHP Notice:  getimagesize(): Read error! in /home/bsn/sites/bsn.ru/public_html/includes/class.photos.php on line 222
[07-Oct-2021 01:41:07 Europe/Moscow] PHP Notice:  getimagesize(): Read error! in /home/bsn/sites/bsn.ru/public_html/includes/class.photos.php on line 554
[07-Oct-2021 01:41:08 Europe/Moscow] PHP Notice:  Only variables should be passed by reference in /home/bsn/sites/bsn.ru/public_html/includes/class.robot.php on line 1256
[07-Oct-2021 01:41:08 Europe/Moscow] PHP Notice:  Only variables should be passed by reference in /home/bsn/sites/bsn.ru/public_html/includes/class.robot.php on line 1256
[07-Oct-2021 01:41:09 Europe/Moscow] PHP Notice:  Only variables should be passed by reference in /home/bsn/sites/bsn.ru/public_html/includes/class.robot.php on line 1256
[07-Oct-2021 01:41:09 Europe/Moscow] PHP Notice:  Only variables should be passed by reference in /home/bsn/sites/bsn.ru/public_html/includes/class.robot.php on line 1256
[07-Oct-2021 01:41:09 Europe/Moscow] PHP Notice:  Only variables should be passed by reference in /home/bsn/sites/bsn.ru/public_html/includes/class.robot.php on line 1256
[07-Oct-2021 01:41:09 Europe/Moscow] PHP Notice:  Only variables should be passed by reference in /home/bsn/sites/bsn.ru/public_html/includes/class.robot.php on line 1256
[07-Oct-2021 01:41:09 Europe/Moscow] PHP Notice:  Only variables should be passed by reference in /home/bsn/sites/bsn.ru/public_html/includes/class.robot.php on line 1256
[07-Oct-2021 01:41:09 Europe/Moscow] PHP Notice:  Only variables should be passed by reference in /home/bsn/sites/bsn.ru/public_html/includes/class.robot.php on line 1256
[07-Oct-2021 01:41:15 Europe/Moscow] PHP Notice:  Only variables should be passed by reference in /home/bsn/sites/bsn.ru/public_html/includes/class.robot.php on line 1256
[07-Oct-2021 01:41:15 Europe/Moscow] PHP Warning:  deg2rad() expects parameter 1 to be float, string given in /home/bsn/sites/bsn.ru/public_html/includes/class.robot.php on line 1212
[07-Oct-2021 01:41:15 Europe/Moscow] PHP Warning:  A non-numeric value encountered in /home/bsn/sites/bsn.ru/public_html/includes/class.robot.php on line 1216
[07-Oct-2021 01:41:15 Europe/Moscow] PHP Warning:  A non-numeric value encountered in /home/bsn/sites/bsn.ru/public_html/includes/class.robot.php on line 1217
[07-Oct-2021 01:41:15 Europe/Moscow] PHP Warning:  deg2rad() expects parameter 1 to be float, string given in /home/bsn/sites/bsn.ru/public_html/includes/class.robot.php on line 1212
[07-Oct-2021 01:41:15 Europe/Moscow] PHP Warning:  A non-numeric value encountered in /home/bsn/sites/bsn.ru/public_html/includes/class.robot.php on line 1216
[07-Oct-2021 01:41:15 Europe/Moscow] PHP Warning:  A non-numeric value encountered in /home/bsn/sites/bsn.ru/public_html/includes/class.robot.php on line 1217
[07-Oct-2021 01:41:15 Europe/Moscow] PHP Warning:  deg2rad() expects parameter 1 to be float, string given in /home/bsn/sites/bsn.ru/public_html/includes/class.robot.php on line 1212
[07-Oct-2021 01:41:15 Europe/Moscow] PHP Warning:  A non-numeric value encountered in /home/bsn/sites/bsn.ru/public_html/includes/class.robot.php on line 1216
[07-Oct-2021 01:41:15 Europe/Moscow] PHP Warning:  A non-numeric value encountered in /home/bsn/sites/bsn.ru/public_html/includes/class.robot.php on line 1217
[07-Oct-2021 01:41:15 Europe/Moscow] PHP Warning:  deg2rad() expects parameter 1 to be float, string given in /home/bsn/sites/bsn.ru/public_html/includes/class.robot.php on line 1212
[07-Oct-2021 01:41:15 Europe/Moscow] PHP Warning:  A non-numeric value encountered in /home/bsn/sites/bsn.ru/public_html/includes/class.robot.php on line 1216
[07-Oct-2021 01:41:15 Europe/Moscow] PHP Warning:  A non-numeric value encountered in /home/bsn/sites/bsn.ru/public_html/includes/class.robot.php on line 1217
[07-Oct-2021 01:41:15 Europe/Moscow] PHP Warning:  A non-numeric value encountered in /home/bsn/sites/bsn.ru/public_html/includes/class.robot.php on line 1186
[07-Oct-2021 01:41:15 Europe/Moscow] PHP Warning:  A non-numeric value encountered in /home/bsn/sites/bsn.ru/public_html/includes/class.robot.php on line 1187
[07-Oct-2021 01:41:15 Europe/Moscow] PHP Warning:  deg2rad() expects parameter 1 to be float, string given in /home/bsn/sites/bsn.ru/public_html/includes/class.robot.php on line 1189
[07-Oct-2021 01:41:15 Europe/Moscow] PHP Warning:  A non-numeric value encountered in /home/bsn/sites/bsn.ru/public_html/includes/class.robot.php on line 1186
[07-Oct-2021 01:41:15 Europe/Moscow] PHP Warning:  A non-numeric value encountered in /home/bsn/sites/bsn.ru/public_html/includes/class.robot.php on line 1187
[07-Oct-2021 01:41:15 Europe/Moscow] PHP Warning:  deg2rad() expects parameter 1 to be float, string given in /home/bsn/sites/bsn.ru/public_html/includes/class.robot.php on line 1189
[07-Oct-2021 01:41:15 Europe/Moscow] PHP Warning:  A non-numeric value encountered in /home/bsn/sites/bsn.ru/public_html/includes/class.robot.php on line 1186
[07-Oct-2021 01:41:15 Europe/Moscow] PHP Warning:  A non-numeric value encountered in /home/bsn/sites/bsn.ru/public_html/includes/class.robot.php on line 1187
[07-Oct-2021 01:41:15 Europe/Moscow] PHP Warning:  deg2rad() expects parameter 1 to be float, string given in /home/bsn/sites/bsn.ru/public_html/includes/class.robot.php on line 1189
[07-Oct-2021 01:41:15 Europe/Moscow] PHP Notice:  Only variables should be passed by reference in /home/bsn/sites/bsn.ru/public_html/includes/class.robot.php on line 1256
[07-Oct-2021 01:41:15 Europe/Moscow] PHP Notice:  Only variables should be passed by reference in /home/bsn/sites/bsn.ru/public_html/includes/class.robot.php on line 1256
[07-Oct-2021 01:41:15 Europe/Moscow] PHP Notice:  Only variables should be passed by reference in /home/bsn/sites/bsn.ru/public_html/includes/class.robot.php on line 1256
[07-Oct-2021 01:41:15 Europe/Moscow] PHP Notice:  Only variables should be passed by reference in /home/bsn/sites/bsn.ru/public_html/includes/class.robot.php on line 1256
[07-Oct-2021 01:41:15 Europe/Moscow] PHP Notice:  Only variables should be passed by reference in /home/bsn/sites/bsn.ru/public_html/includes/class.robot.php on line 1256
[07-Oct-2021 01:41:15 Europe/Moscow] PHP Notice:  Only variables should be passed by reference in /home/bsn/sites/bsn.ru/public_html/includes/class.robot.php on line 1256
[07-Oct-2021 01:41:15 Europe/Moscow] PHP Notice:  Only variables should be passed by reference in /home/bsn/sites/bsn.ru/public_html/includes/class.robot.php on line 1256
[07-Oct-2021 01:41:15 Europe/Moscow] PHP Notice:  Only variables should be passed by reference in /home/bsn/sites/bsn.ru/public_html/includes/class.robot.php on line 1256
[07-Oct-2021 01:41:15 Europe/Moscow] PHP Notice:  Only variables should be passed by reference in /home/bsn/sites/bsn.ru/public_html/includes/class.robot.php on line 1256
[07-Oct-2021 01:41:15 Europe/Moscow] PHP Notice:  Only variables should be passed by reference in /home/bsn/sites/bsn.ru/public_html/includes/class.robot.php on line 1256
[07-Oct-2021 01:41:15 Europe/Moscow] PHP Notice:  Only variables should be passed by reference in /home/bsn/sites/bsn.ru/public_html/includes/class.robot.php on line 1256
[07-Oct-2021 01:41:15 Europe/Moscow] PHP Notice:  Only variables should be passed by reference in /home/bsn/sites/bsn.ru/public_html/includes/class.robot.php on line 1256
[07-Oct-2021 01:41:15 Europe/Moscow] PHP Notice:  Only variables should be passed by reference in /home/bsn/sites/bsn.ru/public_html/includes/class.robot.php on line 1256
[07-Oct-2021 01:41:15 Europe/Moscow] PHP Notice:  Only variables should be passed by reference in /home/bsn/sites/bsn.ru/public_html/includes/class.robot.php on line 1256
[07-Oct-2021 01:41:15 Europe/Moscow] PHP Notice:  Only variables should be passed by reference in /home/bsn/sites/bsn.ru/public_html/includes/class.robot.php on line 1256
[07-Oct-2021 01:41:15 Europe/Moscow] PHP Notice:  Only variables should be passed by reference in /home/bsn/sites/bsn.ru/public_html/includes/class.robot.php on line 1256
[07-Oct-2021 01:41:15 Europe/Moscow] PHP Notice:  Only variables should be passed by reference in /home/bsn/sites/bsn.ru/public_html/includes/class.robot.php on line 1256
[07-Oct-2021 01:41:15 Europe/Moscow] PHP Notice:  Only variables should be passed by reference in /home/bsn/sites/bsn.ru/public_html/includes/class.robot.php on line 1256
[07-Oct-2021 01:41:15 Europe/Moscow] PHP Notice:  Only variables should be passed by reference in /home/bsn/sites/bsn.ru/public_html/includes/class.robot.php on line 1256
[07-Oct-2021 01:41:15 Europe/Moscow] PHP Notice:  Only variables should be passed by reference in /home/bsn/sites/bsn.ru/public_html/includes/class.robot.php on line 1256
[07-Oct-2021 01:41:15 Europe/Moscow] PHP Notice:  Only variables should be passed by reference in /home/bsn/sites/bsn.ru/public_html/includes/class.robot.php on line 1256
[07-Oct-2021 01:41:15 Europe/Moscow] PHP Notice:  Only variables should be passed by reference in /home/bsn/sites/bsn.ru/public_html/includes/class.robot.php on line 1256
[07-Oct-2021 01:41:15 Europe/Moscow] PHP Notice:  Only variables should be passed by reference in /home/bsn/sites/bsn.ru/public_html/includes/class.robot.php on line 1256
[07-Oct-2021 01:41:15 Europe/Moscow] PHP Notice:  Only variables should be passed by reference in /home/bsn/sites/bsn.ru/public_html/includes/class.robot.php on line 1256
[07-Oct-2021 01:41:15 Europe/Moscow] PHP Notice:  Only variables should be passed by reference in /home/bsn/sites/bsn.ru/public_html/includes/class.robot.php on line 1256
[07-Oct-2021 01:41:15 Europe/Moscow] PHP Notice:  Only variables should be passed by reference in /home/bsn/sites/bsn.ru/public_html/includes/class.robot.php on line 1256
[07-Oct-2021 01:41:15 Europe/Moscow] PHP Notice:  Only variables should be passed by reference in /home/bsn/sites/bsn.ru/public_html/includes/class.robot.php on line 1256
[07-Oct-2021 01:41:16 Europe/Moscow] PHP Notice:  Only variables should be passed by reference in /home/bsn/sites/bsn.ru/public_html/includes/class.robot.php on line 1256
[07-Oct-2021 01:41:16 Europe/Moscow] PHP Notice:  Only variables should be passed by reference in /home/bsn/sites/bsn.ru/public_html/includes/class.robot.php on line 1256
[07-Oct-2021 01:41:16 Europe/Moscow] PHP Notice:  Only variables should be passed by reference in /home/bsn/sites/bsn.ru/public_html/includes/class.robot.php on line 1256
[07-Oct-2021 01:41:16 Europe/Moscow] PHP Notice:  Only variables should be passed by reference in /home/bsn/sites/bsn.ru/public_html/includes/class.robot.php on line 1256
[07-Oct-2021 01:41:16 Europe/Moscow] PHP Notice:  Only variables should be passed by reference in /home/bsn/sites/bsn.ru/public_html/includes/class.robot.php on line 1256
[07-Oct-2021 01:41:16 Europe/Moscow] PHP Notice:  Only variables should be passed by reference in /home/bsn/sites/bsn.ru/public_html/includes/class.robot.php on line 1256
[07-Oct-2021 01:41:16 Europe/Moscow] PHP Notice:  Only variables should be passed by reference in /home/bsn/sites/bsn.ru/public_html/includes/class.robot.php on line 1256
[07-Oct-2021 01:41:16 Europe/Moscow] PHP Notice:  Only variables should be passed by reference in /home/bsn/sites/bsn.ru/public_html/includes/class.robot.php on line 1256
[07-Oct-2021 01:41:16 Europe/Moscow] PHP Notice:  Only variables should be passed by reference in /home/bsn/sites/bsn.ru/public_html/includes/class.robot.php on line 1256
[07-Oct-2021 01:41:16 Europe/Moscow] PHP Notice:  Only variables should be passed by reference in /home/bsn/sites/bsn.ru/public_html/includes/class.robot.php on line 1256
[07-Oct-2021 01:41:16 Europe/Moscow] PHP Notice:  Only variables should be passed by reference in /home/bsn/sites/bsn.ru/public_html/includes/class.robot.php on line 1256
[07-Oct-2021 01:41:16 Europe/Moscow] PHP Notice:  Only variables should be passed by reference in /home/bsn/sites/bsn.ru/public_html/includes/class.robot.php on line 1256
[07-Oct-2021 01:41:16 Europe/Moscow] PHP Notice:  Only variables should be passed by reference in /home/bsn/sites/bsn.ru/public_html/includes/class.robot.php on line 1256
[07-Oct-2021 01:41:16 Europe/Moscow] PHP Notice:  Only variables should be passed by reference in /home/bsn/sites/bsn.ru/public_html/includes/class.robot.php on line 1256
[07-Oct-2021 01:41:16 Europe/Moscow] PHP Notice:  Only variables should be passed by reference in /home/bsn/sites/bsn.ru/public_html/includes/class.robot.php on line 1256
[07-Oct-2021 01:41:16 Europe/Moscow] PHP Notice:  Only variables should be passed by reference in /home/bsn/sites/bsn.ru/public_html/includes/class.robot.php on line 1256
[07-Oct-2021 01:41:16 Europe/Moscow] PHP Notice:  Only variables should be passed by reference in /home/bsn/sites/bsn.ru/public_html/includes/class.robot.php on line 1256
[07-Oct-2021 01:41:16 Europe/Moscow] PHP Notice:  Only variables should be passed by reference in /home/bsn/sites/bsn.ru/public_html/includes/class.robot.php on line 1256
[07-Oct-2021 01:41:16 Europe/Moscow] PHP Notice:  Only variables should be passed by reference in /home/bsn/sites/bsn.ru/public_html/includes/class.robot.php on line 1256
[07-Oct-2021 01:41:16 Europe/Moscow] PHP Notice:  Only variables should be passed by reference in /home/bsn/sites/bsn.ru/public_html/includes/class.robot.php on line 1256
[07-Oct-2021 01:41:16 Europe/Moscow] PHP Notice:  Only variables should be passed by reference in /home/bsn/sites/bsn.ru/public_html/includes/class.robot.php on line 1256
[07-Oct-2021 01:41:16 Europe/Moscow] PHP Notice:  Only variables should be passed by reference in /home/bsn/sites/bsn.ru/public_html/includes/class.robot.php on line 1256
[07-Oct-2021 01:41:16 Europe/Moscow] PHP Notice:  Only variables should be passed by reference in /home/bsn/sites/bsn.ru/public_html/includes/class.robot.php on line 1256
[07-Oct-2021 01:41:16 Europe/Moscow] PHP Notice:  Only variables should be passed by reference in /home/bsn/sites/bsn.ru/public_html/includes/class.robot.php on line 1256
[07-Oct-2021 01:41:16 Europe/Moscow] PHP Notice:  Only variables should be passed by reference in /home/bsn/sites/bsn.ru/public_html/includes/class.robot.php on line 1256
[07-Oct-2021 01:41:16 Europe/Moscow] PHP Notice:  Only variables should be passed by reference in /home/bsn/sites/bsn.ru/public_html/includes/class.robot.php on line 1256
[07-Oct-2021 01:41:16 Europe/Moscow] PHP Notice:  Only variables should be passed by reference in /home/bsn/sites/bsn.ru/public_html/includes/class.robot.php on line 1256
[07-Oct-2021 01:41:16 Europe/Moscow] PHP Notice:  Only variables should be passed by reference in /home/bsn/sites/bsn.ru/public_html/includes/class.robot.php on line 1256
[07-Oct-2021 01:41:16 Europe/Moscow] PHP Notice:  Only variables should be passed by reference in /home/bsn/sites/bsn.ru/public_html/includes/class.robot.php on line 1256
[07-Oct-2021 01:41:16 Europe/Moscow] PHP Notice:  Only variables should be passed by reference in /home/bsn/sites/bsn.ru/public_html/includes/class.robot.php on line 1256
[07-Oct-2021 01:41:16 Europe/Moscow] PHP Notice:  Only variables should be passed by reference in /home/bsn/sites/bsn.ru/public_html/includes/class.robot.php on line 1256
[07-Oct-2021 01:41:16 Europe/Moscow] PHP Notice:  Only variables should be passed by reference in /home/bsn/sites/bsn.ru/public_html/includes/class.robot.php on line 1256
[07-Oct-2021 01:41:16 Europe/Moscow] PHP Notice:  Only variables should be passed by reference in /home/bsn/sites/bsn.ru/public_html/includes/class.robot.php on line 1256
[07-Oct-2021 01:41:16 Europe/Moscow] PHP Notice:  Only variables should be passed by reference in /home/bsn/sites/bsn.ru/public_html/includes/class.robot.php on line 1256
[07-Oct-2021 01:41:16 Europe/Moscow] PHP Notice:  Only variables should be passed by reference in /home/bsn/sites/bsn.ru/public_html/includes/class.robot.php on line 1256
[07-Oct-2021 01:41:16 Europe/Moscow] PHP Notice:  Only variables should be passed by reference in /home/bsn/sites/bsn.ru/public_html/includes/class.robot.php on line 1256
[07-Oct-2021 01:41:16 Europe/Moscow] PHP Notice:  Only variables should be passed by reference in /home/bsn/sites/bsn.ru/public_html/includes/class.robot.php on line 1256
[07-Oct-2021 01:41:16 Europe/Moscow] PHP Notice:  Only variables should be passed by reference in /home/bsn/sites/bsn.ru/public_html/includes/class.robot.php on line 1256
[07-Oct-2021 01:41:16 Europe/Moscow] PHP Notice:  Only variables should be passed by reference in /home/bsn/sites/bsn.ru/public_html/includes/class.robot.php on line 1256
[07-Oct-2021 01:41:16 Europe/Moscow] PHP Notice:  Only variables should be passed by reference in /home/bsn/sites/bsn.ru/public_html/includes/class.robot.php on line 1256
[07-Oct-2021 01:41:16 Europe/Moscow] PHP Notice:  Only variables should be passed by reference in /home/bsn/sites/bsn.ru/public_html/includes/class.robot.php on line 1256
[07-Oct-2021 01:41:16 Europe/Moscow] PHP Notice:  Only variables should be passed by reference in /home/bsn/sites/bsn.ru/public_html/includes/class.robot.php on line 1256
[07-Oct-2021 01:41:16 Europe/Moscow] PHP Notice:  Only variables should be passed by reference in /home/bsn/sites/bsn.ru/public_html/includes/class.robot.php on line 1256
[07-Oct-2021 01:41:16 Europe/Moscow] PHP Notice:  Only variables should be passed by reference in /home/bsn/sites/bsn.ru/public_html/includes/class.robot.php on line 1256
[07-Oct-2021 01:41:16 Europe/Moscow] PHP Notice:  Only variables should be passed by reference in /home/bsn/sites/bsn.ru/public_html/includes/class.robot.php on line 1256
[07-Oct-2021 01:41:16 Europe/Moscow] PHP Notice:  Only variables should be passed by reference in /home/bsn/sites/bsn.ru/public_html/includes/class.robot.php on line 1256
[07-Oct-2021 01:41:16 Europe/Moscow] PHP Notice:  Only variables should be passed by reference in /home/bsn/sites/bsn.ru/public_html/includes/class.robot.php on line 1256
[07-Oct-2021 01:41:16 Europe/Moscow] PHP Notice:  Only variables should be passed by reference in /home/bsn/sites/bsn.ru/public_html/includes/class.robot.php on line 1256
[07-Oct-2021 01:41:17 Europe/Moscow] PHP Notice:  Only variables should be passed by reference in /home/bsn/sites/bsn.ru/public_html/includes/class.robot.php on line 1256
[07-Oct-2021 01:41:17 Europe/Moscow] PHP Notice:  Only variables should be passed by reference in /home/bsn/sites/bsn.ru/public_html/includes/class.robot.php on line 1256
[07-Oct-2021 01:41:17 Europe/Moscow] PHP Notice:  Only variables should be passed by reference in /home/bsn/sites/bsn.ru/public_html/includes/class.robot.php on line 1256
[07-Oct-2021 01:41:17 Europe/Moscow] PHP Notice:  Only variables should be passed by reference in /home/bsn/sites/bsn.ru/public_html/includes/class.robot.php on line 1256
[07-Oct-2021 01:41:17 Europe/Moscow] PHP Notice:  getimagesize(): Read error! in /home/bsn/sites/bsn.ru/public_html/includes/class.photos.php on line 372
[07-Oct-2021 01:41:17 Europe/Moscow] PHP Notice:  getimagesize(): Read error! in /home/bsn/sites/bsn.ru/public_html/includes/class.photos.php on line 222
[07-Oct-2021 01:41:17 Europe/Moscow] PHP Notice:  getimagesize(): Read error! in /home/bsn/sites/bsn.ru/public_html/includes/class.photos.php on line 554
[07-Oct-2021 01:41:17 Europe/Moscow] PHP Notice:  getimagesize(): Read error! in /home/bsn/sites/bsn.ru/public_html/includes/class.photos.php on line 372
[07-Oct-2021 01:41:17 Europe/Moscow] PHP Notice:  getimagesize(): Read error! in /home/bsn/sites/bsn.ru/public_html/includes/class.photos.php on line 222
[07-Oct-2021 01:41:17 Europe/Moscow] PHP Notice:  getimagesize(): Read error! in /home/bsn/sites/bsn.ru/public_html/includes/class.photos.php on line 554
[07-Oct-2021 01:41:17 Europe/Moscow] PHP Notice:  Only variables should be passed by reference in /home/bsn/sites/bsn.ru/public_html/includes/class.robot.php on line 1256
[07-Oct-2021 01:41:18 Europe/Moscow] PHP Notice:  Only variables should be passed by reference in /home/bsn/sites/bsn.ru/public_html/includes/class.robot.php on line 1256
[07-Oct-2021 01:41:18 Europe/Moscow] PHP Notice:  Only variables should be passed by reference in /home/bsn/sites/bsn.ru/public_html/includes/class.robot.php on line 1256
[07-Oct-2021 01:41:21 Europe/Moscow] PHP Notice:  Undefined variable: nophoto in /home/bsn/sites/bsn.ru/public_html/cron/robot/xml_values_processing.php on line 580
[07-Oct-2021 01:41:21 Europe/Moscow] PHP Notice:  Undefined index: build_sell in /home/bsn/sites/bsn.ru/public_html/cron/robot/xml_values_processing.php on line 609
