[10-Oct-2021 01:43:12 Europe/Moscow] PHP Notice:  getimagesize(): Read error! in /home/bsn/sites/bsn.ru/public_html/includes/class.photos.php on line 372
[10-Oct-2021 01:43:12 Europe/Moscow] PHP Notice:  getimagesize(): Read error! in /home/bsn/sites/bsn.ru/public_html/includes/class.photos.php on line 222
[10-Oct-2021 01:43:12 Europe/Moscow] PHP Notice:  getimagesize(): Read error! in /home/bsn/sites/bsn.ru/public_html/includes/class.photos.php on line 554
[10-Oct-2021 01:45:25 Europe/Moscow] PHP Notice:  getimagesize(): Read error! in /home/bsn/sites/bsn.ru/public_html/includes/class.photos.php on line 372
[10-Oct-2021 01:45:25 Europe/Moscow] PHP Notice:  getimagesize(): Read error! in /home/bsn/sites/bsn.ru/public_html/includes/class.photos.php on line 222
[10-Oct-2021 01:45:25 Europe/Moscow] PHP Notice:  getimagesize(): Read error! in /home/bsn/sites/bsn.ru/public_html/includes/class.photos.php on line 554
[10-Oct-2021 01:48:02 Europe/Moscow] PHP Notice:  getimagesize(): Read error! in /home/bsn/sites/bsn.ru/public_html/includes/class.photos.php on line 372
[10-Oct-2021 01:48:02 Europe/Moscow] PHP Notice:  getimagesize(): Read error! in /home/bsn/sites/bsn.ru/public_html/includes/class.photos.php on line 222
[10-Oct-2021 01:48:02 Europe/Moscow] PHP Notice:  getimagesize(): Read error! in /home/bsn/sites/bsn.ru/public_html/includes/class.photos.php on line 554
[10-Oct-2021 01:50:14 Europe/Moscow] PHP Notice:  getimagesize(): Read error! in /home/bsn/sites/bsn.ru/public_html/includes/class.photos.php on line 372
[10-Oct-2021 01:50:14 Europe/Moscow] PHP Notice:  getimagesize(): Read error! in /home/bsn/sites/bsn.ru/public_html/includes/class.photos.php on line 222
[10-Oct-2021 01:50:14 Europe/Moscow] PHP Notice:  getimagesize(): Read error! in /home/bsn/sites/bsn.ru/public_html/includes/class.photos.php on line 554
[10-Oct-2021 01:52:16 Europe/Moscow] PHP Notice:  getimagesize(): Read error! in /home/bsn/sites/bsn.ru/public_html/includes/class.photos.php on line 372
[10-Oct-2021 01:52:16 Europe/Moscow] PHP Notice:  getimagesize(): Read error! in /home/bsn/sites/bsn.ru/public_html/includes/class.photos.php on line 222
[10-Oct-2021 01:52:16 Europe/Moscow] PHP Notice:  getimagesize(): Read error! in /home/bsn/sites/bsn.ru/public_html/includes/class.photos.php on line 554
[10-Oct-2021 01:54:23 Europe/Moscow] PHP Notice:  getimagesize(): Read error! in /home/bsn/sites/bsn.ru/public_html/includes/class.photos.php on line 372
[10-Oct-2021 01:54:23 Europe/Moscow] PHP Notice:  getimagesize(): Read error! in /home/bsn/sites/bsn.ru/public_html/includes/class.photos.php on line 222
[10-Oct-2021 01:54:23 Europe/Moscow] PHP Notice:  getimagesize(): Read error! in /home/bsn/sites/bsn.ru/public_html/includes/class.photos.php on line 554
[10-Oct-2021 01:56:53 Europe/Moscow] PHP Notice:  getimagesize(): Read error! in /home/bsn/sites/bsn.ru/public_html/includes/class.photos.php on line 372
[10-Oct-2021 01:56:53 Europe/Moscow] PHP Notice:  getimagesize(): Read error! in /home/bsn/sites/bsn.ru/public_html/includes/class.photos.php on line 222
[10-Oct-2021 01:56:53 Europe/Moscow] PHP Notice:  getimagesize(): Read error! in /home/bsn/sites/bsn.ru/public_html/includes/class.photos.php on line 554
[10-Oct-2021 01:59:05 Europe/Moscow] PHP Notice:  getimagesize(): Read error! in /home/bsn/sites/bsn.ru/public_html/includes/class.photos.php on line 372
[10-Oct-2021 01:59:05 Europe/Moscow] PHP Notice:  getimagesize(): Read error! in /home/bsn/sites/bsn.ru/public_html/includes/class.photos.php on line 222
[10-Oct-2021 01:59:05 Europe/Moscow] PHP Notice:  getimagesize(): Read error! in /home/bsn/sites/bsn.ru/public_html/includes/class.photos.php on line 554
[10-Oct-2021 02:01:08 Europe/Moscow] PHP Notice:  getimagesize(): Read error! in /home/bsn/sites/bsn.ru/public_html/includes/class.photos.php on line 372
[10-Oct-2021 02:01:08 Europe/Moscow] PHP Notice:  getimagesize(): Read error! in /home/bsn/sites/bsn.ru/public_html/includes/class.photos.php on line 222
[10-Oct-2021 02:01:08 Europe/Moscow] PHP Notice:  getimagesize(): Read error! in /home/bsn/sites/bsn.ru/public_html/includes/class.photos.php on line 554
[10-Oct-2021 02:03:23 Europe/Moscow] PHP Notice:  getimagesize(): Read error! in /home/bsn/sites/bsn.ru/public_html/includes/class.photos.php on line 372
[10-Oct-2021 02:03:23 Europe/Moscow] PHP Notice:  getimagesize(): Read error! in /home/bsn/sites/bsn.ru/public_html/includes/class.photos.php on line 222
[10-Oct-2021 02:03:23 Europe/Moscow] PHP Notice:  getimagesize(): Read error! in /home/bsn/sites/bsn.ru/public_html/includes/class.photos.php on line 554
[10-Oct-2021 02:05:31 Europe/Moscow] PHP Notice:  getimagesize(): Read error! in /home/bsn/sites/bsn.ru/public_html/includes/class.photos.php on line 372
[10-Oct-2021 02:05:31 Europe/Moscow] PHP Notice:  getimagesize(): Read error! in /home/bsn/sites/bsn.ru/public_html/includes/class.photos.php on line 222
[10-Oct-2021 02:05:31 Europe/Moscow] PHP Notice:  getimagesize(): Read error! in /home/bsn/sites/bsn.ru/public_html/includes/class.photos.php on line 554
[10-Oct-2021 02:07:36 Europe/Moscow] PHP Notice:  getimagesize(): Read error! in /home/bsn/sites/bsn.ru/public_html/includes/class.photos.php on line 372
[10-Oct-2021 02:07:36 Europe/Moscow] PHP Notice:  getimagesize(): Read error! in /home/bsn/sites/bsn.ru/public_html/includes/class.photos.php on line 222
[10-Oct-2021 02:07:36 Europe/Moscow] PHP Notice:  getimagesize(): Read error! in /home/bsn/sites/bsn.ru/public_html/includes/class.photos.php on line 554
[10-Oct-2021 02:09:56 Europe/Moscow] PHP Notice:  getimagesize(): Read error! in /home/bsn/sites/bsn.ru/public_html/includes/class.photos.php on line 372
[10-Oct-2021 02:09:56 Europe/Moscow] PHP Notice:  getimagesize(): Read error! in /home/bsn/sites/bsn.ru/public_html/includes/class.photos.php on line 222
[10-Oct-2021 02:09:56 Europe/Moscow] PHP Notice:  getimagesize(): Read error! in /home/bsn/sites/bsn.ru/public_html/includes/class.photos.php on line 554
[10-Oct-2021 02:12:34 Europe/Moscow] PHP Notice:  getimagesize(): Read error! in /home/bsn/sites/bsn.ru/public_html/includes/class.photos.php on line 372
[10-Oct-2021 02:12:34 Europe/Moscow] PHP Notice:  getimagesize(): Read error! in /home/bsn/sites/bsn.ru/public_html/includes/class.photos.php on line 222
[10-Oct-2021 02:12:34 Europe/Moscow] PHP Notice:  getimagesize(): Read error! in /home/bsn/sites/bsn.ru/public_html/includes/class.photos.php on line 554
[10-Oct-2021 02:14:38 Europe/Moscow] PHP Notice:  getimagesize(): Read error! in /home/bsn/sites/bsn.ru/public_html/includes/class.photos.php on line 372
[10-Oct-2021 02:14:38 Europe/Moscow] PHP Notice:  getimagesize(): Read error! in /home/bsn/sites/bsn.ru/public_html/includes/class.photos.php on line 222
[10-Oct-2021 02:14:38 Europe/Moscow] PHP Notice:  getimagesize(): Read error! in /home/bsn/sites/bsn.ru/public_html/includes/class.photos.php on line 554
[10-Oct-2021 02:16:47 Europe/Moscow] PHP Notice:  getimagesize(): Read error! in /home/bsn/sites/bsn.ru/public_html/includes/class.photos.php on line 372
[10-Oct-2021 02:16:47 Europe/Moscow] PHP Notice:  getimagesize(): Read error! in /home/bsn/sites/bsn.ru/public_html/includes/class.photos.php on line 222
[10-Oct-2021 02:16:47 Europe/Moscow] PHP Notice:  getimagesize(): Read error! in /home/bsn/sites/bsn.ru/public_html/includes/class.photos.php on line 554
[10-Oct-2021 02:19:28 Europe/Moscow] PHP Notice:  getimagesize(): Read error! in /home/bsn/sites/bsn.ru/public_html/includes/class.photos.php on line 372
[10-Oct-2021 02:19:28 Europe/Moscow] PHP Notice:  getimagesize(): Read error! in /home/bsn/sites/bsn.ru/public_html/includes/class.photos.php on line 222
[10-Oct-2021 02:19:28 Europe/Moscow] PHP Notice:  getimagesize(): Read error! in /home/bsn/sites/bsn.ru/public_html/includes/class.photos.php on line 554
[10-Oct-2021 02:21:34 Europe/Moscow] PHP Notice:  getimagesize(): Read error! in /home/bsn/sites/bsn.ru/public_html/includes/class.photos.php on line 372
[10-Oct-2021 02:21:34 Europe/Moscow] PHP Notice:  getimagesize(): Read error! in /home/bsn/sites/bsn.ru/public_html/includes/class.photos.php on line 222
[10-Oct-2021 02:21:34 Europe/Moscow] PHP Notice:  getimagesize(): Read error! in /home/bsn/sites/bsn.ru/public_html/includes/class.photos.php on line 554
[10-Oct-2021 02:23:39 Europe/Moscow] PHP Notice:  getimagesize(): Read error! in /home/bsn/sites/bsn.ru/public_html/includes/class.photos.php on line 372
[10-Oct-2021 02:23:39 Europe/Moscow] PHP Notice:  getimagesize(): Read error! in /home/bsn/sites/bsn.ru/public_html/includes/class.photos.php on line 222
[10-Oct-2021 02:23:39 Europe/Moscow] PHP Notice:  getimagesize(): Read error! in /home/bsn/sites/bsn.ru/public_html/includes/class.photos.php on line 554
[10-Oct-2021 02:23:39 Europe/Moscow] PHP Notice:  Only variables should be passed by reference in /home/bsn/sites/bsn.ru/public_html/includes/class.robot.php on line 1256
[10-Oct-2021 02:26:04 Europe/Moscow] PHP Notice:  getimagesize(): Read error! in /home/bsn/sites/bsn.ru/public_html/includes/class.photos.php on line 372
[10-Oct-2021 02:26:04 Europe/Moscow] PHP Notice:  getimagesize(): Read error! in /home/bsn/sites/bsn.ru/public_html/includes/class.photos.php on line 222
[10-Oct-2021 02:26:04 Europe/Moscow] PHP Notice:  getimagesize(): Read error! in /home/bsn/sites/bsn.ru/public_html/includes/class.photos.php on line 554
[10-Oct-2021 02:28:11 Europe/Moscow] PHP Notice:  getimagesize(): Read error! in /home/bsn/sites/bsn.ru/public_html/includes/class.photos.php on line 372
[10-Oct-2021 02:28:11 Europe/Moscow] PHP Notice:  getimagesize(): Read error! in /home/bsn/sites/bsn.ru/public_html/includes/class.photos.php on line 222
[10-Oct-2021 02:28:11 Europe/Moscow] PHP Notice:  getimagesize(): Read error! in /home/bsn/sites/bsn.ru/public_html/includes/class.photos.php on line 554
[10-Oct-2021 02:30:20 Europe/Moscow] PHP Notice:  getimagesize(): Read error! in /home/bsn/sites/bsn.ru/public_html/includes/class.photos.php on line 372
[10-Oct-2021 02:30:20 Europe/Moscow] PHP Notice:  getimagesize(): Read error! in /home/bsn/sites/bsn.ru/public_html/includes/class.photos.php on line 222
[10-Oct-2021 02:30:20 Europe/Moscow] PHP Notice:  getimagesize(): Read error! in /home/bsn/sites/bsn.ru/public_html/includes/class.photos.php on line 554
[10-Oct-2021 02:32:24 Europe/Moscow] PHP Notice:  getimagesize(): Read error! in /home/bsn/sites/bsn.ru/public_html/includes/class.photos.php on line 372
[10-Oct-2021 02:32:24 Europe/Moscow] PHP Notice:  getimagesize(): Read error! in /home/bsn/sites/bsn.ru/public_html/includes/class.photos.php on line 222
[10-Oct-2021 02:32:24 Europe/Moscow] PHP Notice:  getimagesize(): Read error! in /home/bsn/sites/bsn.ru/public_html/includes/class.photos.php on line 554
[10-Oct-2021 02:34:35 Europe/Moscow] PHP Notice:  getimagesize(): Read error! in /home/bsn/sites/bsn.ru/public_html/includes/class.photos.php on line 372
[10-Oct-2021 02:34:35 Europe/Moscow] PHP Notice:  getimagesize(): Read error! in /home/bsn/sites/bsn.ru/public_html/includes/class.photos.php on line 222
[10-Oct-2021 02:34:35 Europe/Moscow] PHP Notice:  getimagesize(): Read error! in /home/bsn/sites/bsn.ru/public_html/includes/class.photos.php on line 554
[10-Oct-2021 02:36:49 Europe/Moscow] PHP Notice:  getimagesize(): Read error! in /home/bsn/sites/bsn.ru/public_html/includes/class.photos.php on line 372
[10-Oct-2021 02:36:49 Europe/Moscow] PHP Notice:  getimagesize(): Read error! in /home/bsn/sites/bsn.ru/public_html/includes/class.photos.php on line 222
[10-Oct-2021 02:36:49 Europe/Moscow] PHP Notice:  getimagesize(): Read error! in /home/bsn/sites/bsn.ru/public_html/includes/class.photos.php on line 554
[10-Oct-2021 02:38:53 Europe/Moscow] PHP Notice:  getimagesize(): Read error! in /home/bsn/sites/bsn.ru/public_html/includes/class.photos.php on line 372
[10-Oct-2021 02:38:54 Europe/Moscow] PHP Notice:  getimagesize(): Read error! in /home/bsn/sites/bsn.ru/public_html/includes/class.photos.php on line 222
[10-Oct-2021 02:38:54 Europe/Moscow] PHP Notice:  getimagesize(): Read error! in /home/bsn/sites/bsn.ru/public_html/includes/class.photos.php on line 554
[10-Oct-2021 02:40:58 Europe/Moscow] PHP Notice:  getimagesize(): Read error! in /home/bsn/sites/bsn.ru/public_html/includes/class.photos.php on line 372
[10-Oct-2021 02:40:58 Europe/Moscow] PHP Notice:  getimagesize(): Read error! in /home/bsn/sites/bsn.ru/public_html/includes/class.photos.php on line 222
[10-Oct-2021 02:40:58 Europe/Moscow] PHP Notice:  getimagesize(): Read error! in /home/bsn/sites/bsn.ru/public_html/includes/class.photos.php on line 554
[10-Oct-2021 02:43:05 Europe/Moscow] PHP Notice:  getimagesize(): Read error! in /home/bsn/sites/bsn.ru/public_html/includes/class.photos.php on line 372
[10-Oct-2021 02:43:05 Europe/Moscow] PHP Notice:  getimagesize(): Read error! in /home/bsn/sites/bsn.ru/public_html/includes/class.photos.php on line 222
[10-Oct-2021 02:43:05 Europe/Moscow] PHP Notice:  getimagesize(): Read error! in /home/bsn/sites/bsn.ru/public_html/includes/class.photos.php on line 554
[10-Oct-2021 02:45:12 Europe/Moscow] PHP Notice:  getimagesize(): Read error! in /home/bsn/sites/bsn.ru/public_html/includes/class.photos.php on line 372
[10-Oct-2021 02:45:12 Europe/Moscow] PHP Notice:  getimagesize(): Read error! in /home/bsn/sites/bsn.ru/public_html/includes/class.photos.php on line 222
[10-Oct-2021 02:45:12 Europe/Moscow] PHP Notice:  getimagesize(): Read error! in /home/bsn/sites/bsn.ru/public_html/includes/class.photos.php on line 554
[10-Oct-2021 02:47:17 Europe/Moscow] PHP Notice:  getimagesize(): Read error! in /home/bsn/sites/bsn.ru/public_html/includes/class.photos.php on line 372
[10-Oct-2021 02:47:17 Europe/Moscow] PHP Notice:  getimagesize(): Read error! in /home/bsn/sites/bsn.ru/public_html/includes/class.photos.php on line 222
[10-Oct-2021 02:47:17 Europe/Moscow] PHP Notice:  getimagesize(): Read error! in /home/bsn/sites/bsn.ru/public_html/includes/class.photos.php on line 554
[10-Oct-2021 02:49:23 Europe/Moscow] PHP Notice:  getimagesize(): Read error! in /home/bsn/sites/bsn.ru/public_html/includes/class.photos.php on line 372
[10-Oct-2021 02:49:23 Europe/Moscow] PHP Notice:  getimagesize(): Read error! in /home/bsn/sites/bsn.ru/public_html/includes/class.photos.php on line 222
[10-Oct-2021 02:49:23 Europe/Moscow] PHP Notice:  getimagesize(): Read error! in /home/bsn/sites/bsn.ru/public_html/includes/class.photos.php on line 554
[10-Oct-2021 02:51:23 Europe/Moscow] PHP Notice:  getimagesize(): Read error! in /home/bsn/sites/bsn.ru/public_html/includes/class.photos.php on line 372
[10-Oct-2021 02:51:23 Europe/Moscow] PHP Notice:  getimagesize(): Read error! in /home/bsn/sites/bsn.ru/public_html/includes/class.photos.php on line 222
[10-Oct-2021 02:51:23 Europe/Moscow] PHP Notice:  getimagesize(): Read error! in /home/bsn/sites/bsn.ru/public_html/includes/class.photos.php on line 554
[10-Oct-2021 02:53:23 Europe/Moscow] PHP Notice:  getimagesize(): Read error! in /home/bsn/sites/bsn.ru/public_html/includes/class.photos.php on line 372
[10-Oct-2021 02:53:23 Europe/Moscow] PHP Notice:  getimagesize(): Read error! in /home/bsn/sites/bsn.ru/public_html/includes/class.photos.php on line 222
[10-Oct-2021 02:53:23 Europe/Moscow] PHP Notice:  getimagesize(): Read error! in /home/bsn/sites/bsn.ru/public_html/includes/class.photos.php on line 554
[10-Oct-2021 02:55:25 Europe/Moscow] PHP Notice:  getimagesize(): Read error! in /home/bsn/sites/bsn.ru/public_html/includes/class.photos.php on line 372
[10-Oct-2021 02:55:25 Europe/Moscow] PHP Notice:  getimagesize(): Read error! in /home/bsn/sites/bsn.ru/public_html/includes/class.photos.php on line 222
[10-Oct-2021 02:55:25 Europe/Moscow] PHP Notice:  getimagesize(): Read error! in /home/bsn/sites/bsn.ru/public_html/includes/class.photos.php on line 554
[10-Oct-2021 02:57:30 Europe/Moscow] PHP Notice:  getimagesize(): Read error! in /home/bsn/sites/bsn.ru/public_html/includes/class.photos.php on line 372
[10-Oct-2021 02:57:30 Europe/Moscow] PHP Notice:  getimagesize(): Read error! in /home/bsn/sites/bsn.ru/public_html/includes/class.photos.php on line 222
[10-Oct-2021 02:57:30 Europe/Moscow] PHP Notice:  getimagesize(): Read error! in /home/bsn/sites/bsn.ru/public_html/includes/class.photos.php on line 554
[10-Oct-2021 02:59:37 Europe/Moscow] PHP Notice:  getimagesize(): Read error! in /home/bsn/sites/bsn.ru/public_html/includes/class.photos.php on line 372
[10-Oct-2021 02:59:37 Europe/Moscow] PHP Notice:  getimagesize(): Read error! in /home/bsn/sites/bsn.ru/public_html/includes/class.photos.php on line 222
[10-Oct-2021 02:59:37 Europe/Moscow] PHP Notice:  getimagesize(): Read error! in /home/bsn/sites/bsn.ru/public_html/includes/class.photos.php on line 554
[10-Oct-2021 03:01:49 Europe/Moscow] PHP Notice:  getimagesize(): Read error! in /home/bsn/sites/bsn.ru/public_html/includes/class.photos.php on line 372
[10-Oct-2021 03:01:49 Europe/Moscow] PHP Notice:  getimagesize(): Read error! in /home/bsn/sites/bsn.ru/public_html/includes/class.photos.php on line 222
[10-Oct-2021 03:01:49 Europe/Moscow] PHP Notice:  getimagesize(): Read error! in /home/bsn/sites/bsn.ru/public_html/includes/class.photos.php on line 554
[10-Oct-2021 03:03:52 Europe/Moscow] PHP Notice:  getimagesize(): Read error! in /home/bsn/sites/bsn.ru/public_html/includes/class.photos.php on line 372
[10-Oct-2021 03:03:52 Europe/Moscow] PHP Notice:  getimagesize(): Read error! in /home/bsn/sites/bsn.ru/public_html/includes/class.photos.php on line 222
[10-Oct-2021 03:03:52 Europe/Moscow] PHP Notice:  getimagesize(): Read error! in /home/bsn/sites/bsn.ru/public_html/includes/class.photos.php on line 554
[10-Oct-2021 03:05:55 Europe/Moscow] PHP Notice:  getimagesize(): Read error! in /home/bsn/sites/bsn.ru/public_html/includes/class.photos.php on line 372
[10-Oct-2021 03:05:55 Europe/Moscow] PHP Notice:  getimagesize(): Read error! in /home/bsn/sites/bsn.ru/public_html/includes/class.photos.php on line 222
[10-Oct-2021 03:05:55 Europe/Moscow] PHP Notice:  getimagesize(): Read error! in /home/bsn/sites/bsn.ru/public_html/includes/class.photos.php on line 554
[10-Oct-2021 03:07:55 Europe/Moscow] PHP Notice:  getimagesize(): Read error! in /home/bsn/sites/bsn.ru/public_html/includes/class.photos.php on line 372
[10-Oct-2021 03:07:55 Europe/Moscow] PHP Notice:  getimagesize(): Read error! in /home/bsn/sites/bsn.ru/public_html/includes/class.photos.php on line 222
[10-Oct-2021 03:07:55 Europe/Moscow] PHP Notice:  getimagesize(): Read error! in /home/bsn/sites/bsn.ru/public_html/includes/class.photos.php on line 554
[10-Oct-2021 03:09:57 Europe/Moscow] PHP Notice:  getimagesize(): Read error! in /home/bsn/sites/bsn.ru/public_html/includes/class.photos.php on line 372
[10-Oct-2021 03:09:57 Europe/Moscow] PHP Notice:  getimagesize(): Read error! in /home/bsn/sites/bsn.ru/public_html/includes/class.photos.php on line 222
[10-Oct-2021 03:09:57 Europe/Moscow] PHP Notice:  getimagesize(): Read error! in /home/bsn/sites/bsn.ru/public_html/includes/class.photos.php on line 554
[10-Oct-2021 03:11:58 Europe/Moscow] PHP Notice:  getimagesize(): Read error! in /home/bsn/sites/bsn.ru/public_html/includes/class.photos.php on line 372
[10-Oct-2021 03:11:58 Europe/Moscow] PHP Notice:  getimagesize(): Read error! in /home/bsn/sites/bsn.ru/public_html/includes/class.photos.php on line 222
[10-Oct-2021 03:11:58 Europe/Moscow] PHP Notice:  getimagesize(): Read error! in /home/bsn/sites/bsn.ru/public_html/includes/class.photos.php on line 554
[10-Oct-2021 03:13:58 Europe/Moscow] PHP Notice:  getimagesize(): Read error! in /home/bsn/sites/bsn.ru/public_html/includes/class.photos.php on line 372
[10-Oct-2021 03:13:58 Europe/Moscow] PHP Notice:  getimagesize(): Read error! in /home/bsn/sites/bsn.ru/public_html/includes/class.photos.php on line 222
[10-Oct-2021 03:13:58 Europe/Moscow] PHP Notice:  getimagesize(): Read error! in /home/bsn/sites/bsn.ru/public_html/includes/class.photos.php on line 554
[10-Oct-2021 03:15:59 Europe/Moscow] PHP Notice:  getimagesize(): Read error! in /home/bsn/sites/bsn.ru/public_html/includes/class.photos.php on line 372
[10-Oct-2021 03:15:59 Europe/Moscow] PHP Notice:  getimagesize(): Read error! in /home/bsn/sites/bsn.ru/public_html/includes/class.photos.php on line 222
[10-Oct-2021 03:15:59 Europe/Moscow] PHP Notice:  getimagesize(): Read error! in /home/bsn/sites/bsn.ru/public_html/includes/class.photos.php on line 554
[10-Oct-2021 03:18:00 Europe/Moscow] PHP Notice:  getimagesize(): Read error! in /home/bsn/sites/bsn.ru/public_html/includes/class.photos.php on line 372
[10-Oct-2021 03:18:00 Europe/Moscow] PHP Notice:  getimagesize(): Read error! in /home/bsn/sites/bsn.ru/public_html/includes/class.photos.php on line 222
[10-Oct-2021 03:18:00 Europe/Moscow] PHP Notice:  getimagesize(): Read error! in /home/bsn/sites/bsn.ru/public_html/includes/class.photos.php on line 554
[10-Oct-2021 03:20:01 Europe/Moscow] PHP Notice:  getimagesize(): Read error! in /home/bsn/sites/bsn.ru/public_html/includes/class.photos.php on line 372
[10-Oct-2021 03:20:01 Europe/Moscow] PHP Notice:  getimagesize(): Read error! in /home/bsn/sites/bsn.ru/public_html/includes/class.photos.php on line 222
[10-Oct-2021 03:20:01 Europe/Moscow] PHP Notice:  getimagesize(): Read error! in /home/bsn/sites/bsn.ru/public_html/includes/class.photos.php on line 554
[10-Oct-2021 03:22:02 Europe/Moscow] PHP Notice:  getimagesize(): Read error! in /home/bsn/sites/bsn.ru/public_html/includes/class.photos.php on line 372
[10-Oct-2021 03:22:02 Europe/Moscow] PHP Notice:  getimagesize(): Read error! in /home/bsn/sites/bsn.ru/public_html/includes/class.photos.php on line 222
[10-Oct-2021 03:22:02 Europe/Moscow] PHP Notice:  getimagesize(): Read error! in /home/bsn/sites/bsn.ru/public_html/includes/class.photos.php on line 554
[10-Oct-2021 03:24:02 Europe/Moscow] PHP Notice:  getimagesize(): Read error! in /home/bsn/sites/bsn.ru/public_html/includes/class.photos.php on line 372
[10-Oct-2021 03:24:02 Europe/Moscow] PHP Notice:  getimagesize(): Read error! in /home/bsn/sites/bsn.ru/public_html/includes/class.photos.php on line 222
[10-Oct-2021 03:24:02 Europe/Moscow] PHP Notice:  getimagesize(): Read error! in /home/bsn/sites/bsn.ru/public_html/includes/class.photos.php on line 554
[10-Oct-2021 03:26:03 Europe/Moscow] PHP Notice:  getimagesize(): Read error! in /home/bsn/sites/bsn.ru/public_html/includes/class.photos.php on line 372
[10-Oct-2021 03:26:03 Europe/Moscow] PHP Notice:  getimagesize(): Read error! in /home/bsn/sites/bsn.ru/public_html/includes/class.photos.php on line 222
[10-Oct-2021 03:26:03 Europe/Moscow] PHP Notice:  getimagesize(): Read error! in /home/bsn/sites/bsn.ru/public_html/includes/class.photos.php on line 554
[10-Oct-2021 03:28:03 Europe/Moscow] PHP Notice:  getimagesize(): Read error! in /home/bsn/sites/bsn.ru/public_html/includes/class.photos.php on line 372
[10-Oct-2021 03:28:03 Europe/Moscow] PHP Notice:  getimagesize(): Read error! in /home/bsn/sites/bsn.ru/public_html/includes/class.photos.php on line 222
[10-Oct-2021 03:28:03 Europe/Moscow] PHP Notice:  getimagesize(): Read error! in /home/bsn/sites/bsn.ru/public_html/includes/class.photos.php on line 554
[10-Oct-2021 03:30:07 Europe/Moscow] PHP Notice:  getimagesize(): Read error! in /home/bsn/sites/bsn.ru/public_html/includes/class.photos.php on line 372
[10-Oct-2021 03:30:07 Europe/Moscow] PHP Notice:  getimagesize(): Read error! in /home/bsn/sites/bsn.ru/public_html/includes/class.photos.php on line 222
[10-Oct-2021 03:30:07 Europe/Moscow] PHP Notice:  getimagesize(): Read error! in /home/bsn/sites/bsn.ru/public_html/includes/class.photos.php on line 554
[10-Oct-2021 03:32:14 Europe/Moscow] PHP Notice:  getimagesize(): Read error! in /home/bsn/sites/bsn.ru/public_html/includes/class.photos.php on line 372
[10-Oct-2021 03:32:14 Europe/Moscow] PHP Notice:  getimagesize(): Read error! in /home/bsn/sites/bsn.ru/public_html/includes/class.photos.php on line 222
[10-Oct-2021 03:32:14 Europe/Moscow] PHP Notice:  getimagesize(): Read error! in /home/bsn/sites/bsn.ru/public_html/includes/class.photos.php on line 554
[10-Oct-2021 03:34:16 Europe/Moscow] PHP Notice:  getimagesize(): Read error! in /home/bsn/sites/bsn.ru/public_html/includes/class.photos.php on line 372
[10-Oct-2021 03:34:16 Europe/Moscow] PHP Notice:  getimagesize(): Read error! in /home/bsn/sites/bsn.ru/public_html/includes/class.photos.php on line 222
[10-Oct-2021 03:34:16 Europe/Moscow] PHP Notice:  getimagesize(): Read error! in /home/bsn/sites/bsn.ru/public_html/includes/class.photos.php on line 554
[10-Oct-2021 03:36:23 Europe/Moscow] PHP Notice:  getimagesize(): Read error! in /home/bsn/sites/bsn.ru/public_html/includes/class.photos.php on line 372
[10-Oct-2021 03:36:23 Europe/Moscow] PHP Notice:  getimagesize(): Read error! in /home/bsn/sites/bsn.ru/public_html/includes/class.photos.php on line 222
[10-Oct-2021 03:36:23 Europe/Moscow] PHP Notice:  getimagesize(): Read error! in /home/bsn/sites/bsn.ru/public_html/includes/class.photos.php on line 554
[10-Oct-2021 03:38:34 Europe/Moscow] PHP Notice:  getimagesize(): Read error! in /home/bsn/sites/bsn.ru/public_html/includes/class.photos.php on line 372
[10-Oct-2021 03:38:34 Europe/Moscow] PHP Notice:  getimagesize(): Read error! in /home/bsn/sites/bsn.ru/public_html/includes/class.photos.php on line 222
[10-Oct-2021 03:38:34 Europe/Moscow] PHP Notice:  getimagesize(): Read error! in /home/bsn/sites/bsn.ru/public_html/includes/class.photos.php on line 554
[10-Oct-2021 03:41:05 Europe/Moscow] PHP Notice:  getimagesize(): Read error! in /home/bsn/sites/bsn.ru/public_html/includes/class.photos.php on line 372
[10-Oct-2021 03:41:05 Europe/Moscow] PHP Notice:  getimagesize(): Read error! in /home/bsn/sites/bsn.ru/public_html/includes/class.photos.php on line 222
[10-Oct-2021 03:41:05 Europe/Moscow] PHP Notice:  getimagesize(): Read error! in /home/bsn/sites/bsn.ru/public_html/includes/class.photos.php on line 554
[10-Oct-2021 03:43:12 Europe/Moscow] PHP Notice:  getimagesize(): Read error! in /home/bsn/sites/bsn.ru/public_html/includes/class.photos.php on line 372
[10-Oct-2021 03:43:12 Europe/Moscow] PHP Notice:  getimagesize(): Read error! in /home/bsn/sites/bsn.ru/public_html/includes/class.photos.php on line 222
[10-Oct-2021 03:43:12 Europe/Moscow] PHP Notice:  getimagesize(): Read error! in /home/bsn/sites/bsn.ru/public_html/includes/class.photos.php on line 554
[10-Oct-2021 03:45:13 Europe/Moscow] PHP Notice:  getimagesize(): Read error! in /home/bsn/sites/bsn.ru/public_html/includes/class.photos.php on line 372
[10-Oct-2021 03:45:13 Europe/Moscow] PHP Notice:  getimagesize(): Read error! in /home/bsn/sites/bsn.ru/public_html/includes/class.photos.php on line 222
[10-Oct-2021 03:45:13 Europe/Moscow] PHP Notice:  getimagesize(): Read error! in /home/bsn/sites/bsn.ru/public_html/includes/class.photos.php on line 554
[10-Oct-2021 03:47:14 Europe/Moscow] PHP Notice:  getimagesize(): Read error! in /home/bsn/sites/bsn.ru/public_html/includes/class.photos.php on line 372
[10-Oct-2021 03:47:14 Europe/Moscow] PHP Notice:  getimagesize(): Read error! in /home/bsn/sites/bsn.ru/public_html/includes/class.photos.php on line 222
[10-Oct-2021 03:47:14 Europe/Moscow] PHP Notice:  getimagesize(): Read error! in /home/bsn/sites/bsn.ru/public_html/includes/class.photos.php on line 554
[10-Oct-2021 03:49:14 Europe/Moscow] PHP Notice:  getimagesize(): Read error! in /home/bsn/sites/bsn.ru/public_html/includes/class.photos.php on line 372
[10-Oct-2021 03:49:14 Europe/Moscow] PHP Notice:  getimagesize(): Read error! in /home/bsn/sites/bsn.ru/public_html/includes/class.photos.php on line 222
[10-Oct-2021 03:49:14 Europe/Moscow] PHP Notice:  getimagesize(): Read error! in /home/bsn/sites/bsn.ru/public_html/includes/class.photos.php on line 554
[10-Oct-2021 03:51:14 Europe/Moscow] PHP Notice:  getimagesize(): Read error! in /home/bsn/sites/bsn.ru/public_html/includes/class.photos.php on line 372
[10-Oct-2021 03:51:14 Europe/Moscow] PHP Notice:  getimagesize(): Read error! in /home/bsn/sites/bsn.ru/public_html/includes/class.photos.php on line 222
[10-Oct-2021 03:51:14 Europe/Moscow] PHP Notice:  getimagesize(): Read error! in /home/bsn/sites/bsn.ru/public_html/includes/class.photos.php on line 554
[10-Oct-2021 03:53:14 Europe/Moscow] PHP Notice:  getimagesize(): Read error! in /home/bsn/sites/bsn.ru/public_html/includes/class.photos.php on line 372
[10-Oct-2021 03:53:14 Europe/Moscow] PHP Notice:  getimagesize(): Read error! in /home/bsn/sites/bsn.ru/public_html/includes/class.photos.php on line 222
[10-Oct-2021 03:53:14 Europe/Moscow] PHP Notice:  getimagesize(): Read error! in /home/bsn/sites/bsn.ru/public_html/includes/class.photos.php on line 554
[10-Oct-2021 03:55:15 Europe/Moscow] PHP Notice:  getimagesize(): Read error! in /home/bsn/sites/bsn.ru/public_html/includes/class.photos.php on line 372
[10-Oct-2021 03:55:15 Europe/Moscow] PHP Notice:  getimagesize(): Read error! in /home/bsn/sites/bsn.ru/public_html/includes/class.photos.php on line 222
[10-Oct-2021 03:55:15 Europe/Moscow] PHP Notice:  getimagesize(): Read error! in /home/bsn/sites/bsn.ru/public_html/includes/class.photos.php on line 554
[10-Oct-2021 03:57:16 Europe/Moscow] PHP Notice:  getimagesize(): Read error! in /home/bsn/sites/bsn.ru/public_html/includes/class.photos.php on line 372
[10-Oct-2021 03:57:16 Europe/Moscow] PHP Notice:  getimagesize(): Read error! in /home/bsn/sites/bsn.ru/public_html/includes/class.photos.php on line 222
[10-Oct-2021 03:57:16 Europe/Moscow] PHP Notice:  getimagesize(): Read error! in /home/bsn/sites/bsn.ru/public_html/includes/class.photos.php on line 554
[10-Oct-2021 03:59:16 Europe/Moscow] PHP Notice:  getimagesize(): Read error! in /home/bsn/sites/bsn.ru/public_html/includes/class.photos.php on line 372
[10-Oct-2021 03:59:16 Europe/Moscow] PHP Notice:  getimagesize(): Read error! in /home/bsn/sites/bsn.ru/public_html/includes/class.photos.php on line 222
[10-Oct-2021 03:59:16 Europe/Moscow] PHP Notice:  getimagesize(): Read error! in /home/bsn/sites/bsn.ru/public_html/includes/class.photos.php on line 554
[10-Oct-2021 03:59:16 Europe/Moscow] PHP Notice:  Undefined variable: nophoto in /home/bsn/sites/bsn.ru/public_html/cron/robot/xml_values_processing.php on line 580
[10-Oct-2021 03:59:16 Europe/Moscow] PHP Notice:  Undefined index: build_sell in /home/bsn/sites/bsn.ru/public_html/cron/robot/xml_values_processing.php on line 609
[10-Oct-2021 03:59:16 Europe/Moscow] PHP Notice:  Undefined index: build in /home/bsn/sites/bsn.ru/public_html/cron/robot/xml_values_processing.php on line 613
