[03-Oct-2021 01:41:02 Europe/Moscow] PHP Notice:  Only variables should be passed by reference in /home/bsn/sites/bsn.ru/public_html/includes/class.robot.php on line 1256
[03-Oct-2021 01:41:02 Europe/Moscow] PHP Notice:  Only variables should be passed by reference in /home/bsn/sites/bsn.ru/public_html/includes/class.robot.php on line 1256
[03-Oct-2021 01:41:02 Europe/Moscow] PHP Notice:  Only variables should be passed by reference in /home/bsn/sites/bsn.ru/public_html/includes/class.robot.php on line 1256
[03-Oct-2021 01:41:02 Europe/Moscow] PHP Notice:  Only variables should be passed by reference in /home/bsn/sites/bsn.ru/public_html/includes/class.robot.php on line 1256
[03-Oct-2021 01:41:02 Europe/Moscow] PHP Notice:  Only variables should be passed by reference in /home/bsn/sites/bsn.ru/public_html/includes/class.robot.php on line 1256
[03-Oct-2021 01:41:02 Europe/Moscow] PHP Notice:  Only variables should be passed by reference in /home/bsn/sites/bsn.ru/public_html/includes/class.robot.php on line 1256
[03-Oct-2021 01:41:02 Europe/Moscow] PHP Notice:  Only variables should be passed by reference in /home/bsn/sites/bsn.ru/public_html/includes/class.robot.php on line 1256
[03-Oct-2021 01:41:02 Europe/Moscow] PHP Notice:  Only variables should be passed by reference in /home/bsn/sites/bsn.ru/public_html/includes/class.robot.php on line 1256
[03-Oct-2021 01:41:02 Europe/Moscow] PHP Notice:  Only variables should be passed by reference in /home/bsn/sites/bsn.ru/public_html/includes/class.robot.php on line 1256
[03-Oct-2021 01:41:06 Europe/Moscow] PHP Notice:  Only variables should be passed by reference in /home/bsn/sites/bsn.ru/public_html/includes/class.robot.php on line 1256
[03-Oct-2021 01:41:06 Europe/Moscow] PHP Notice:  Undefined index: id_business_center in /home/bsn/sites/bsn.ru/public_html/includes/class.robot.php on line 2196
[03-Oct-2021 01:41:06 Europe/Moscow] PHP Notice:  Only variables should be passed by reference in /home/bsn/sites/bsn.ru/public_html/includes/class.robot.php on line 1256
[03-Oct-2021 01:41:07 Europe/Moscow] PHP Notice:  Only variables should be passed by reference in /home/bsn/sites/bsn.ru/public_html/includes/class.robot.php on line 1256
[03-Oct-2021 01:41:13 Europe/Moscow] PHP Notice:  Only variables should be passed by reference in /home/bsn/sites/bsn.ru/public_html/includes/class.robot.php on line 1256
[03-Oct-2021 01:41:13 Europe/Moscow] PHP Notice:  Only variables should be passed by reference in /home/bsn/sites/bsn.ru/public_html/includes/class.robot.php on line 1256
[03-Oct-2021 01:41:13 Europe/Moscow] PHP Notice:  Undefined index: id_business_center in /home/bsn/sites/bsn.ru/public_html/includes/class.robot.php on line 2196
[03-Oct-2021 01:41:13 Europe/Moscow] PHP Notice:  Only variables should be passed by reference in /home/bsn/sites/bsn.ru/public_html/includes/class.robot.php on line 1256
[03-Oct-2021 01:41:13 Europe/Moscow] PHP Notice:  Only variables should be passed by reference in /home/bsn/sites/bsn.ru/public_html/includes/class.robot.php on line 1256
[03-Oct-2021 01:41:13 Europe/Moscow] PHP Notice:  Only variables should be passed by reference in /home/bsn/sites/bsn.ru/public_html/includes/class.robot.php on line 1256
[03-Oct-2021 01:41:18 Europe/Moscow] PHP Notice:  Only variables should be passed by reference in /home/bsn/sites/bsn.ru/public_html/includes/class.robot.php on line 1256
[03-Oct-2021 01:41:18 Europe/Moscow] PHP Notice:  Only variables should be passed by reference in /home/bsn/sites/bsn.ru/public_html/includes/class.robot.php on line 1256
[03-Oct-2021 01:41:18 Europe/Moscow] PHP Notice:  Undefined index: id_business_center in /home/bsn/sites/bsn.ru/public_html/includes/class.robot.php on line 2196
[03-Oct-2021 01:41:18 Europe/Moscow] PHP Notice:  Only variables should be passed by reference in /home/bsn/sites/bsn.ru/public_html/includes/class.robot.php on line 1256
[03-Oct-2021 01:41:19 Europe/Moscow] PHP Notice:  Only variables should be passed by reference in /home/bsn/sites/bsn.ru/public_html/includes/class.robot.php on line 1256
[03-Oct-2021 01:41:19 Europe/Moscow] PHP Notice:  Only variables should be passed by reference in /home/bsn/sites/bsn.ru/public_html/includes/class.robot.php on line 1256
[03-Oct-2021 01:41:19 Europe/Moscow] PHP Notice:  Only variables should be passed by reference in /home/bsn/sites/bsn.ru/public_html/includes/class.robot.php on line 1256
[03-Oct-2021 01:41:19 Europe/Moscow] PHP Notice:  Only variables should be passed by reference in /home/bsn/sites/bsn.ru/public_html/includes/class.robot.php on line 1256
[03-Oct-2021 01:41:19 Europe/Moscow] PHP Notice:  Only variables should be passed by reference in /home/bsn/sites/bsn.ru/public_html/includes/class.robot.php on line 1256
[03-Oct-2021 01:41:19 Europe/Moscow] PHP Notice:  Only variables should be passed by reference in /home/bsn/sites/bsn.ru/public_html/includes/class.robot.php on line 1256
[03-Oct-2021 01:41:19 Europe/Moscow] PHP Notice:  Only variables should be passed by reference in /home/bsn/sites/bsn.ru/public_html/includes/class.robot.php on line 1256
[03-Oct-2021 01:41:19 Europe/Moscow] PHP Notice:  Only variables should be passed by reference in /home/bsn/sites/bsn.ru/public_html/includes/class.robot.php on line 1256
[03-Oct-2021 01:41:19 Europe/Moscow] PHP Notice:  Undefined index: id_business_center in /home/bsn/sites/bsn.ru/public_html/includes/class.robot.php on line 2196
[03-Oct-2021 01:41:19 Europe/Moscow] PHP Notice:  Only variables should be passed by reference in /home/bsn/sites/bsn.ru/public_html/includes/class.robot.php on line 1256
[03-Oct-2021 01:41:19 Europe/Moscow] PHP Notice:  Only variables should be passed by reference in /home/bsn/sites/bsn.ru/public_html/includes/class.robot.php on line 1256
[03-Oct-2021 01:41:19 Europe/Moscow] PHP Notice:  Only variables should be passed by reference in /home/bsn/sites/bsn.ru/public_html/includes/class.robot.php on line 1256
[03-Oct-2021 01:41:19 Europe/Moscow] PHP Notice:  Only variables should be passed by reference in /home/bsn/sites/bsn.ru/public_html/includes/class.robot.php on line 1256
[03-Oct-2021 01:41:19 Europe/Moscow] PHP Notice:  Undefined index: id_business_center in /home/bsn/sites/bsn.ru/public_html/includes/class.robot.php on line 2196
[03-Oct-2021 01:41:19 Europe/Moscow] PHP Notice:  Only variables should be passed by reference in /home/bsn/sites/bsn.ru/public_html/includes/class.robot.php on line 1256
[03-Oct-2021 01:41:19 Europe/Moscow] PHP Notice:  Only variables should be passed by reference in /home/bsn/sites/bsn.ru/public_html/includes/class.robot.php on line 1256
[03-Oct-2021 01:41:19 Europe/Moscow] PHP Notice:  Only variables should be passed by reference in /home/bsn/sites/bsn.ru/public_html/includes/class.robot.php on line 1256
[03-Oct-2021 01:41:20 Europe/Moscow] PHP Notice:  Only variables should be passed by reference in /home/bsn/sites/bsn.ru/public_html/includes/class.robot.php on line 1256
[03-Oct-2021 01:41:20 Europe/Moscow] PHP Notice:  Only variables should be passed by reference in /home/bsn/sites/bsn.ru/public_html/includes/class.robot.php on line 1256
[03-Oct-2021 01:41:20 Europe/Moscow] PHP Notice:  Undefined index: id_business_center in /home/bsn/sites/bsn.ru/public_html/includes/class.robot.php on line 2196
[03-Oct-2021 01:41:20 Europe/Moscow] PHP Notice:  Only variables should be passed by reference in /home/bsn/sites/bsn.ru/public_html/includes/class.robot.php on line 1256
[03-Oct-2021 01:41:20 Europe/Moscow] PHP Notice:  Only variables should be passed by reference in /home/bsn/sites/bsn.ru/public_html/includes/class.robot.php on line 1256
[03-Oct-2021 01:41:20 Europe/Moscow] PHP Notice:  Undefined index: build in /home/bsn/sites/bsn.ru/public_html/cron/robot/xml_values_processing.php on line 462
[03-Oct-2021 01:41:20 Europe/Moscow] PHP Notice:  Only variables should be passed by reference in /home/bsn/sites/bsn.ru/public_html/includes/class.robot.php on line 1256
[03-Oct-2021 01:41:20 Europe/Moscow] PHP Notice:  Only variables should be passed by reference in /home/bsn/sites/bsn.ru/public_html/includes/class.robot.php on line 1256
[03-Oct-2021 01:41:20 Europe/Moscow] PHP Notice:  Only variables should be passed by reference in /home/bsn/sites/bsn.ru/public_html/includes/class.robot.php on line 1256
[03-Oct-2021 01:41:20 Europe/Moscow] PHP Notice:  Only variables should be passed by reference in /home/bsn/sites/bsn.ru/public_html/includes/class.robot.php on line 1256
[03-Oct-2021 01:41:20 Europe/Moscow] PHP Notice:  Only variables should be passed by reference in /home/bsn/sites/bsn.ru/public_html/includes/class.robot.php on line 1256
[03-Oct-2021 01:41:20 Europe/Moscow] PHP Notice:  getimagesize(): Read error! in /home/bsn/sites/bsn.ru/public_html/includes/class.photos.php on line 372
[03-Oct-2021 01:41:20 Europe/Moscow] PHP Notice:  getimagesize(): Read error! in /home/bsn/sites/bsn.ru/public_html/includes/class.photos.php on line 222
[03-Oct-2021 01:41:20 Europe/Moscow] PHP Notice:  getimagesize(): Read error! in /home/bsn/sites/bsn.ru/public_html/includes/class.photos.php on line 554
[03-Oct-2021 01:41:21 Europe/Moscow] PHP Notice:  Only variables should be passed by reference in /home/bsn/sites/bsn.ru/public_html/includes/class.robot.php on line 1256
[03-Oct-2021 01:41:21 Europe/Moscow] PHP Notice:  Only variables should be passed by reference in /home/bsn/sites/bsn.ru/public_html/includes/class.robot.php on line 1256
[03-Oct-2021 01:41:21 Europe/Moscow] PHP Notice:  Only variables should be passed by reference in /home/bsn/sites/bsn.ru/public_html/includes/class.robot.php on line 1256
[03-Oct-2021 01:41:21 Europe/Moscow] PHP Notice:  Only variables should be passed by reference in /home/bsn/sites/bsn.ru/public_html/includes/class.robot.php on line 1256
[03-Oct-2021 01:41:21 Europe/Moscow] PHP Notice:  Only variables should be passed by reference in /home/bsn/sites/bsn.ru/public_html/includes/class.robot.php on line 1256
[03-Oct-2021 01:41:21 Europe/Moscow] PHP Notice:  Only variables should be passed by reference in /home/bsn/sites/bsn.ru/public_html/includes/class.robot.php on line 1256
[03-Oct-2021 01:41:21 Europe/Moscow] PHP Notice:  Only variables should be passed by reference in /home/bsn/sites/bsn.ru/public_html/includes/class.robot.php on line 1256
[03-Oct-2021 01:41:21 Europe/Moscow] PHP Notice:  Only variables should be passed by reference in /home/bsn/sites/bsn.ru/public_html/includes/class.robot.php on line 1256
[03-Oct-2021 01:41:21 Europe/Moscow] PHP Notice:  Only variables should be passed by reference in /home/bsn/sites/bsn.ru/public_html/includes/class.robot.php on line 1256
[03-Oct-2021 01:41:21 Europe/Moscow] PHP Notice:  Only variables should be passed by reference in /home/bsn/sites/bsn.ru/public_html/includes/class.robot.php on line 1256
[03-Oct-2021 01:41:21 Europe/Moscow] PHP Notice:  Only variables should be passed by reference in /home/bsn/sites/bsn.ru/public_html/includes/class.robot.php on line 1256
[03-Oct-2021 01:41:21 Europe/Moscow] PHP Notice:  Undefined index: id_business_center in /home/bsn/sites/bsn.ru/public_html/includes/class.robot.php on line 2196
[03-Oct-2021 01:41:21 Europe/Moscow] PHP Notice:  Only variables should be passed by reference in /home/bsn/sites/bsn.ru/public_html/includes/class.robot.php on line 1256
[03-Oct-2021 01:41:21 Europe/Moscow] PHP Notice:  Undefined index: id_business_center in /home/bsn/sites/bsn.ru/public_html/includes/class.robot.php on line 2196
[03-Oct-2021 01:41:21 Europe/Moscow] PHP Notice:  Only variables should be passed by reference in /home/bsn/sites/bsn.ru/public_html/includes/class.robot.php on line 1256
[03-Oct-2021 01:41:21 Europe/Moscow] PHP Notice:  Only variables should be passed by reference in /home/bsn/sites/bsn.ru/public_html/includes/class.robot.php on line 1256
[03-Oct-2021 01:41:22 Europe/Moscow] PHP Notice:  Only variables should be passed by reference in /home/bsn/sites/bsn.ru/public_html/includes/class.robot.php on line 1256
[03-Oct-2021 01:41:22 Europe/Moscow] PHP Notice:  Only variables should be passed by reference in /home/bsn/sites/bsn.ru/public_html/includes/class.robot.php on line 1256
[03-Oct-2021 01:41:22 Europe/Moscow] PHP Notice:  Only variables should be passed by reference in /home/bsn/sites/bsn.ru/public_html/includes/class.robot.php on line 1256
[03-Oct-2021 01:41:22 Europe/Moscow] PHP Notice:  Only variables should be passed by reference in /home/bsn/sites/bsn.ru/public_html/includes/class.robot.php on line 1256
[03-Oct-2021 01:41:22 Europe/Moscow] PHP Notice:  Only variables should be passed by reference in /home/bsn/sites/bsn.ru/public_html/includes/class.robot.php on line 1256
[03-Oct-2021 01:41:22 Europe/Moscow] PHP Notice:  Only variables should be passed by reference in /home/bsn/sites/bsn.ru/public_html/includes/class.robot.php on line 1256
[03-Oct-2021 01:41:22 Europe/Moscow] PHP Notice:  Only variables should be passed by reference in /home/bsn/sites/bsn.ru/public_html/includes/class.robot.php on line 1256
[03-Oct-2021 01:41:22 Europe/Moscow] PHP Notice:  Only variables should be passed by reference in /home/bsn/sites/bsn.ru/public_html/includes/class.robot.php on line 1256
[03-Oct-2021 01:41:22 Europe/Moscow] PHP Notice:  Only variables should be passed by reference in /home/bsn/sites/bsn.ru/public_html/includes/class.robot.php on line 1256
[03-Oct-2021 01:41:22 Europe/Moscow] PHP Notice:  Only variables should be passed by reference in /home/bsn/sites/bsn.ru/public_html/includes/class.robot.php on line 1256
[03-Oct-2021 01:41:22 Europe/Moscow] PHP Notice:  Only variables should be passed by reference in /home/bsn/sites/bsn.ru/public_html/includes/class.robot.php on line 1256
[03-Oct-2021 01:41:22 Europe/Moscow] PHP Notice:  Only variables should be passed by reference in /home/bsn/sites/bsn.ru/public_html/includes/class.robot.php on line 1256
[03-Oct-2021 01:41:22 Europe/Moscow] PHP Notice:  Only variables should be passed by reference in /home/bsn/sites/bsn.ru/public_html/includes/class.robot.php on line 1256
[03-Oct-2021 01:41:22 Europe/Moscow] PHP Notice:  Only variables should be passed by reference in /home/bsn/sites/bsn.ru/public_html/includes/class.robot.php on line 1256
[03-Oct-2021 01:41:22 Europe/Moscow] PHP Notice:  Only variables should be passed by reference in /home/bsn/sites/bsn.ru/public_html/includes/class.robot.php on line 1256
[03-Oct-2021 01:41:22 Europe/Moscow] PHP Notice:  Only variables should be passed by reference in /home/bsn/sites/bsn.ru/public_html/includes/class.robot.php on line 1256
[03-Oct-2021 01:41:22 Europe/Moscow] PHP Notice:  Only variables should be passed by reference in /home/bsn/sites/bsn.ru/public_html/includes/class.robot.php on line 1256
[03-Oct-2021 01:41:22 Europe/Moscow] PHP Notice:  Only variables should be passed by reference in /home/bsn/sites/bsn.ru/public_html/includes/class.robot.php on line 1256
[03-Oct-2021 01:41:22 Europe/Moscow] PHP Notice:  Only variables should be passed by reference in /home/bsn/sites/bsn.ru/public_html/includes/class.robot.php on line 1256
[03-Oct-2021 01:41:22 Europe/Moscow] PHP Notice:  Only variables should be passed by reference in /home/bsn/sites/bsn.ru/public_html/includes/class.robot.php on line 1256
[03-Oct-2021 01:41:22 Europe/Moscow] PHP Notice:  Only variables should be passed by reference in /home/bsn/sites/bsn.ru/public_html/includes/class.robot.php on line 1256
[03-Oct-2021 01:41:22 Europe/Moscow] PHP Notice:  Only variables should be passed by reference in /home/bsn/sites/bsn.ru/public_html/includes/class.robot.php on line 1256
[03-Oct-2021 01:41:22 Europe/Moscow] PHP Notice:  Only variables should be passed by reference in /home/bsn/sites/bsn.ru/public_html/includes/class.robot.php on line 1256
[03-Oct-2021 01:41:22 Europe/Moscow] PHP Notice:  Only variables should be passed by reference in /home/bsn/sites/bsn.ru/public_html/includes/class.robot.php on line 1256
[03-Oct-2021 01:41:22 Europe/Moscow] PHP Notice:  Only variables should be passed by reference in /home/bsn/sites/bsn.ru/public_html/includes/class.robot.php on line 1256
[03-Oct-2021 01:41:22 Europe/Moscow] PHP Notice:  Only variables should be passed by reference in /home/bsn/sites/bsn.ru/public_html/includes/class.robot.php on line 1256
[03-Oct-2021 01:41:22 Europe/Moscow] PHP Notice:  Only variables should be passed by reference in /home/bsn/sites/bsn.ru/public_html/includes/class.robot.php on line 1256
[03-Oct-2021 01:41:22 Europe/Moscow] PHP Notice:  Only variables should be passed by reference in /home/bsn/sites/bsn.ru/public_html/includes/class.robot.php on line 1256
[03-Oct-2021 01:41:22 Europe/Moscow] PHP Notice:  Only variables should be passed by reference in /home/bsn/sites/bsn.ru/public_html/includes/class.robot.php on line 1256
[03-Oct-2021 01:41:22 Europe/Moscow] PHP Notice:  Only variables should be passed by reference in /home/bsn/sites/bsn.ru/public_html/includes/class.robot.php on line 1256
[03-Oct-2021 01:41:22 Europe/Moscow] PHP Notice:  Only variables should be passed by reference in /home/bsn/sites/bsn.ru/public_html/includes/class.robot.php on line 1256
[03-Oct-2021 01:41:22 Europe/Moscow] PHP Notice:  Only variables should be passed by reference in /home/bsn/sites/bsn.ru/public_html/includes/class.robot.php on line 1256
[03-Oct-2021 01:41:22 Europe/Moscow] PHP Notice:  Only variables should be passed by reference in /home/bsn/sites/bsn.ru/public_html/includes/class.robot.php on line 1256
[03-Oct-2021 01:41:22 Europe/Moscow] PHP Notice:  Only variables should be passed by reference in /home/bsn/sites/bsn.ru/public_html/includes/class.robot.php on line 1256
[03-Oct-2021 01:41:22 Europe/Moscow] PHP Notice:  Only variables should be passed by reference in /home/bsn/sites/bsn.ru/public_html/includes/class.robot.php on line 1256
[03-Oct-2021 01:41:22 Europe/Moscow] PHP Notice:  Only variables should be passed by reference in /home/bsn/sites/bsn.ru/public_html/includes/class.robot.php on line 1256
[03-Oct-2021 01:41:22 Europe/Moscow] PHP Notice:  Only variables should be passed by reference in /home/bsn/sites/bsn.ru/public_html/includes/class.robot.php on line 1256
[03-Oct-2021 01:41:22 Europe/Moscow] PHP Notice:  Only variables should be passed by reference in /home/bsn/sites/bsn.ru/public_html/includes/class.robot.php on line 1256
[03-Oct-2021 01:41:22 Europe/Moscow] PHP Notice:  Only variables should be passed by reference in /home/bsn/sites/bsn.ru/public_html/includes/class.robot.php on line 1256
[03-Oct-2021 01:41:22 Europe/Moscow] PHP Notice:  Only variables should be passed by reference in /home/bsn/sites/bsn.ru/public_html/includes/class.robot.php on line 1256
[03-Oct-2021 01:41:22 Europe/Moscow] PHP Notice:  Only variables should be passed by reference in /home/bsn/sites/bsn.ru/public_html/includes/class.robot.php on line 1256
[03-Oct-2021 01:41:22 Europe/Moscow] PHP Notice:  Only variables should be passed by reference in /home/bsn/sites/bsn.ru/public_html/includes/class.robot.php on line 1256
[03-Oct-2021 01:41:22 Europe/Moscow] PHP Notice:  Only variables should be passed by reference in /home/bsn/sites/bsn.ru/public_html/includes/class.robot.php on line 1256
[03-Oct-2021 01:41:22 Europe/Moscow] PHP Notice:  Only variables should be passed by reference in /home/bsn/sites/bsn.ru/public_html/includes/class.robot.php on line 1256
[03-Oct-2021 01:41:23 Europe/Moscow] PHP Notice:  Only variables should be passed by reference in /home/bsn/sites/bsn.ru/public_html/includes/class.robot.php on line 1256
[03-Oct-2021 01:41:23 Europe/Moscow] PHP Notice:  Only variables should be passed by reference in /home/bsn/sites/bsn.ru/public_html/includes/class.robot.php on line 1256
[03-Oct-2021 01:41:23 Europe/Moscow] PHP Notice:  Only variables should be passed by reference in /home/bsn/sites/bsn.ru/public_html/includes/class.robot.php on line 1256
[03-Oct-2021 01:41:23 Europe/Moscow] PHP Notice:  Only variables should be passed by reference in /home/bsn/sites/bsn.ru/public_html/includes/class.robot.php on line 1256
[03-Oct-2021 01:41:23 Europe/Moscow] PHP Notice:  Only variables should be passed by reference in /home/bsn/sites/bsn.ru/public_html/includes/class.robot.php on line 1256
[03-Oct-2021 01:41:23 Europe/Moscow] PHP Notice:  Only variables should be passed by reference in /home/bsn/sites/bsn.ru/public_html/includes/class.robot.php on line 1256
[03-Oct-2021 01:41:23 Europe/Moscow] PHP Notice:  Only variables should be passed by reference in /home/bsn/sites/bsn.ru/public_html/includes/class.robot.php on line 1256
[03-Oct-2021 01:41:23 Europe/Moscow] PHP Notice:  Only variables should be passed by reference in /home/bsn/sites/bsn.ru/public_html/includes/class.robot.php on line 1256
[03-Oct-2021 01:41:23 Europe/Moscow] PHP Notice:  Only variables should be passed by reference in /home/bsn/sites/bsn.ru/public_html/includes/class.robot.php on line 1256
[03-Oct-2021 01:41:23 Europe/Moscow] PHP Notice:  Only variables should be passed by reference in /home/bsn/sites/bsn.ru/public_html/includes/class.robot.php on line 1256
[03-Oct-2021 01:41:23 Europe/Moscow] PHP Notice:  Only variables should be passed by reference in /home/bsn/sites/bsn.ru/public_html/includes/class.robot.php on line 1256
[03-Oct-2021 01:41:23 Europe/Moscow] PHP Notice:  Only variables should be passed by reference in /home/bsn/sites/bsn.ru/public_html/includes/class.robot.php on line 1256
[03-Oct-2021 01:41:23 Europe/Moscow] PHP Notice:  Only variables should be passed by reference in /home/bsn/sites/bsn.ru/public_html/includes/class.robot.php on line 1256
[03-Oct-2021 01:41:23 Europe/Moscow] PHP Notice:  Only variables should be passed by reference in /home/bsn/sites/bsn.ru/public_html/includes/class.robot.php on line 1256
[03-Oct-2021 01:41:23 Europe/Moscow] PHP Notice:  Only variables should be passed by reference in /home/bsn/sites/bsn.ru/public_html/includes/class.robot.php on line 1256
[03-Oct-2021 01:41:23 Europe/Moscow] PHP Notice:  Only variables should be passed by reference in /home/bsn/sites/bsn.ru/public_html/includes/class.robot.php on line 1256
[03-Oct-2021 01:41:23 Europe/Moscow] PHP Notice:  Only variables should be passed by reference in /home/bsn/sites/bsn.ru/public_html/includes/class.robot.php on line 1256
[03-Oct-2021 01:41:23 Europe/Moscow] PHP Notice:  Only variables should be passed by reference in /home/bsn/sites/bsn.ru/public_html/includes/class.robot.php on line 1256
[03-Oct-2021 01:41:23 Europe/Moscow] PHP Notice:  Only variables should be passed by reference in /home/bsn/sites/bsn.ru/public_html/includes/class.robot.php on line 1256
[03-Oct-2021 01:41:23 Europe/Moscow] PHP Notice:  Only variables should be passed by reference in /home/bsn/sites/bsn.ru/public_html/includes/class.robot.php on line 1256
[03-Oct-2021 01:41:23 Europe/Moscow] PHP Notice:  Only variables should be passed by reference in /home/bsn/sites/bsn.ru/public_html/includes/class.robot.php on line 1256
[03-Oct-2021 01:41:23 Europe/Moscow] PHP Notice:  Only variables should be passed by reference in /home/bsn/sites/bsn.ru/public_html/includes/class.robot.php on line 1256
[03-Oct-2021 01:41:23 Europe/Moscow] PHP Notice:  Only variables should be passed by reference in /home/bsn/sites/bsn.ru/public_html/includes/class.robot.php on line 1256
[03-Oct-2021 01:41:23 Europe/Moscow] PHP Notice:  Only variables should be passed by reference in /home/bsn/sites/bsn.ru/public_html/includes/class.robot.php on line 1256
[03-Oct-2021 01:41:23 Europe/Moscow] PHP Notice:  Only variables should be passed by reference in /home/bsn/sites/bsn.ru/public_html/includes/class.robot.php on line 1256
[03-Oct-2021 01:41:23 Europe/Moscow] PHP Notice:  Only variables should be passed by reference in /home/bsn/sites/bsn.ru/public_html/includes/class.robot.php on line 1256
[03-Oct-2021 01:41:23 Europe/Moscow] PHP Notice:  Only variables should be passed by reference in /home/bsn/sites/bsn.ru/public_html/includes/class.robot.php on line 1256
[03-Oct-2021 01:41:23 Europe/Moscow] PHP Notice:  Only variables should be passed by reference in /home/bsn/sites/bsn.ru/public_html/includes/class.robot.php on line 1256
[03-Oct-2021 01:41:23 Europe/Moscow] PHP Notice:  Only variables should be passed by reference in /home/bsn/sites/bsn.ru/public_html/includes/class.robot.php on line 1256
[03-Oct-2021 01:41:23 Europe/Moscow] PHP Notice:  Only variables should be passed by reference in /home/bsn/sites/bsn.ru/public_html/includes/class.robot.php on line 1256
[03-Oct-2021 01:41:23 Europe/Moscow] PHP Notice:  Only variables should be passed by reference in /home/bsn/sites/bsn.ru/public_html/includes/class.robot.php on line 1256
[03-Oct-2021 01:41:23 Europe/Moscow] PHP Notice:  Only variables should be passed by reference in /home/bsn/sites/bsn.ru/public_html/includes/class.robot.php on line 1256
[03-Oct-2021 01:41:23 Europe/Moscow] PHP Notice:  Only variables should be passed by reference in /home/bsn/sites/bsn.ru/public_html/includes/class.robot.php on line 1256
[03-Oct-2021 01:41:23 Europe/Moscow] PHP Notice:  Only variables should be passed by reference in /home/bsn/sites/bsn.ru/public_html/includes/class.robot.php on line 1256
[03-Oct-2021 01:41:23 Europe/Moscow] PHP Notice:  Only variables should be passed by reference in /home/bsn/sites/bsn.ru/public_html/includes/class.robot.php on line 1256
[03-Oct-2021 01:41:23 Europe/Moscow] PHP Notice:  Only variables should be passed by reference in /home/bsn/sites/bsn.ru/public_html/includes/class.robot.php on line 1256
[03-Oct-2021 01:41:23 Europe/Moscow] PHP Notice:  Only variables should be passed by reference in /home/bsn/sites/bsn.ru/public_html/includes/class.robot.php on line 1256
[03-Oct-2021 01:41:23 Europe/Moscow] PHP Notice:  Only variables should be passed by reference in /home/bsn/sites/bsn.ru/public_html/includes/class.robot.php on line 1256
[03-Oct-2021 01:41:23 Europe/Moscow] PHP Notice:  Only variables should be passed by reference in /home/bsn/sites/bsn.ru/public_html/includes/class.robot.php on line 1256
[03-Oct-2021 01:41:23 Europe/Moscow] PHP Notice:  Only variables should be passed by reference in /home/bsn/sites/bsn.ru/public_html/includes/class.robot.php on line 1256
[03-Oct-2021 01:41:24 Europe/Moscow] PHP Notice:  Only variables should be passed by reference in /home/bsn/sites/bsn.ru/public_html/includes/class.robot.php on line 1256
[03-Oct-2021 01:41:24 Europe/Moscow] PHP Notice:  Only variables should be passed by reference in /home/bsn/sites/bsn.ru/public_html/includes/class.robot.php on line 1256
[03-Oct-2021 01:41:26 Europe/Moscow] PHP Notice:  Undefined variable: nophoto in /home/bsn/sites/bsn.ru/public_html/cron/robot/xml_values_processing.php on line 580
[03-Oct-2021 01:41:26 Europe/Moscow] PHP Notice:  Undefined index: build_sell in /home/bsn/sites/bsn.ru/public_html/cron/robot/xml_values_processing.php on line 609
