[26-Nov-2021 01:41:01 Europe/Moscow] PHP Notice:  Only variables should be passed by reference in /home/bsn/sites/bsn.ru/public_html/includes/class.robot.php on line 1256
[26-Nov-2021 01:41:01 Europe/Moscow] PHP Notice:  Only variables should be passed by reference in /home/bsn/sites/bsn.ru/public_html/includes/class.robot.php on line 1256
[26-Nov-2021 01:41:01 Europe/Moscow] PHP Warning:  deg2rad() expects parameter 1 to be float, string given in /home/bsn/sites/bsn.ru/public_html/includes/class.robot.php on line 1212
[26-Nov-2021 01:41:01 Europe/Moscow] PHP Warning:  A non-numeric value encountered in /home/bsn/sites/bsn.ru/public_html/includes/class.robot.php on line 1216
[26-Nov-2021 01:41:01 Europe/Moscow] PHP Warning:  A non-numeric value encountered in /home/bsn/sites/bsn.ru/public_html/includes/class.robot.php on line 1217
[26-Nov-2021 01:41:01 Europe/Moscow] PHP Warning:  deg2rad() expects parameter 1 to be float, string given in /home/bsn/sites/bsn.ru/public_html/includes/class.robot.php on line 1212
[26-Nov-2021 01:41:01 Europe/Moscow] PHP Warning:  A non-numeric value encountered in /home/bsn/sites/bsn.ru/public_html/includes/class.robot.php on line 1216
[26-Nov-2021 01:41:01 Europe/Moscow] PHP Warning:  A non-numeric value encountered in /home/bsn/sites/bsn.ru/public_html/includes/class.robot.php on line 1217
[26-Nov-2021 01:41:01 Europe/Moscow] PHP Warning:  deg2rad() expects parameter 1 to be float, string given in /home/bsn/sites/bsn.ru/public_html/includes/class.robot.php on line 1212
[26-Nov-2021 01:41:01 Europe/Moscow] PHP Warning:  A non-numeric value encountered in /home/bsn/sites/bsn.ru/public_html/includes/class.robot.php on line 1216
[26-Nov-2021 01:41:01 Europe/Moscow] PHP Warning:  A non-numeric value encountered in /home/bsn/sites/bsn.ru/public_html/includes/class.robot.php on line 1217
[26-Nov-2021 01:41:01 Europe/Moscow] PHP Warning:  deg2rad() expects parameter 1 to be float, string given in /home/bsn/sites/bsn.ru/public_html/includes/class.robot.php on line 1212
[26-Nov-2021 01:41:01 Europe/Moscow] PHP Warning:  A non-numeric value encountered in /home/bsn/sites/bsn.ru/public_html/includes/class.robot.php on line 1216
[26-Nov-2021 01:41:01 Europe/Moscow] PHP Warning:  A non-numeric value encountered in /home/bsn/sites/bsn.ru/public_html/includes/class.robot.php on line 1217
[26-Nov-2021 01:41:01 Europe/Moscow] PHP Warning:  A non-numeric value encountered in /home/bsn/sites/bsn.ru/public_html/includes/class.robot.php on line 1186
[26-Nov-2021 01:41:01 Europe/Moscow] PHP Warning:  A non-numeric value encountered in /home/bsn/sites/bsn.ru/public_html/includes/class.robot.php on line 1187
[26-Nov-2021 01:41:01 Europe/Moscow] PHP Warning:  deg2rad() expects parameter 1 to be float, string given in /home/bsn/sites/bsn.ru/public_html/includes/class.robot.php on line 1189
[26-Nov-2021 01:41:01 Europe/Moscow] PHP Warning:  A non-numeric value encountered in /home/bsn/sites/bsn.ru/public_html/includes/class.robot.php on line 1186
[26-Nov-2021 01:41:01 Europe/Moscow] PHP Warning:  A non-numeric value encountered in /home/bsn/sites/bsn.ru/public_html/includes/class.robot.php on line 1187
[26-Nov-2021 01:41:01 Europe/Moscow] PHP Warning:  deg2rad() expects parameter 1 to be float, string given in /home/bsn/sites/bsn.ru/public_html/includes/class.robot.php on line 1189
[26-Nov-2021 01:41:01 Europe/Moscow] PHP Warning:  A non-numeric value encountered in /home/bsn/sites/bsn.ru/public_html/includes/class.robot.php on line 1186
[26-Nov-2021 01:41:01 Europe/Moscow] PHP Warning:  A non-numeric value encountered in /home/bsn/sites/bsn.ru/public_html/includes/class.robot.php on line 1187
[26-Nov-2021 01:41:01 Europe/Moscow] PHP Warning:  deg2rad() expects parameter 1 to be float, string given in /home/bsn/sites/bsn.ru/public_html/includes/class.robot.php on line 1189
[26-Nov-2021 01:41:01 Europe/Moscow] PHP Notice:  Only variables should be passed by reference in /home/bsn/sites/bsn.ru/public_html/includes/class.robot.php on line 1256
[26-Nov-2021 01:41:01 Europe/Moscow] PHP Notice:  Only variables should be passed by reference in /home/bsn/sites/bsn.ru/public_html/includes/class.robot.php on line 1256
[26-Nov-2021 01:41:02 Europe/Moscow] PHP Notice:  Undefined variable: suggestion in /home/bsn/sites/bsn.ru/public_html/includes/class.robot.php on line 1077
[26-Nov-2021 01:41:02 Europe/Moscow] PHP Notice:  Undefined variable: suggestion in /home/bsn/sites/bsn.ru/public_html/includes/class.robot.php on line 1078
[26-Nov-2021 01:41:02 Europe/Moscow] PHP Notice:  Only variables should be passed by reference in /home/bsn/sites/bsn.ru/public_html/includes/class.robot.php on line 1256
[26-Nov-2021 01:41:02 Europe/Moscow] PHP Notice:  Only variables should be passed by reference in /home/bsn/sites/bsn.ru/public_html/includes/class.robot.php on line 1256
[26-Nov-2021 01:41:02 Europe/Moscow] PHP Notice:  Only variables should be passed by reference in /home/bsn/sites/bsn.ru/public_html/includes/class.robot.php on line 1256
[26-Nov-2021 01:41:02 Europe/Moscow] PHP Notice:  Only variables should be passed by reference in /home/bsn/sites/bsn.ru/public_html/includes/class.robot.php on line 1256
[26-Nov-2021 01:41:02 Europe/Moscow] PHP Notice:  Only variables should be passed by reference in /home/bsn/sites/bsn.ru/public_html/includes/class.robot.php on line 1256
[26-Nov-2021 01:41:02 Europe/Moscow] PHP Notice:  Undefined index: id_business_center in /home/bsn/sites/bsn.ru/public_html/includes/class.robot.php on line 2196
[26-Nov-2021 01:41:02 Europe/Moscow] PHP Notice:  Only variables should be passed by reference in /home/bsn/sites/bsn.ru/public_html/includes/class.robot.php on line 1256
[26-Nov-2021 01:41:02 Europe/Moscow] PHP Notice:  Only variables should be passed by reference in /home/bsn/sites/bsn.ru/public_html/includes/class.robot.php on line 1256
[26-Nov-2021 01:41:02 Europe/Moscow] PHP Notice:  Only variables should be passed by reference in /home/bsn/sites/bsn.ru/public_html/includes/class.robot.php on line 1256
[26-Nov-2021 01:41:02 Europe/Moscow] PHP Notice:  Only variables should be passed by reference in /home/bsn/sites/bsn.ru/public_html/includes/class.robot.php on line 1256
[26-Nov-2021 01:41:02 Europe/Moscow] PHP Notice:  Undefined index: id_business_center in /home/bsn/sites/bsn.ru/public_html/includes/class.robot.php on line 2196
[26-Nov-2021 01:41:02 Europe/Moscow] PHP Notice:  Only variables should be passed by reference in /home/bsn/sites/bsn.ru/public_html/includes/class.robot.php on line 1256
[26-Nov-2021 01:41:02 Europe/Moscow] PHP Notice:  Only variables should be passed by reference in /home/bsn/sites/bsn.ru/public_html/includes/class.robot.php on line 1256
[26-Nov-2021 01:41:02 Europe/Moscow] PHP Notice:  Only variables should be passed by reference in /home/bsn/sites/bsn.ru/public_html/includes/class.robot.php on line 1256
[26-Nov-2021 01:41:02 Europe/Moscow] PHP Notice:  Only variables should be passed by reference in /home/bsn/sites/bsn.ru/public_html/includes/class.robot.php on line 1256
[26-Nov-2021 01:41:02 Europe/Moscow] PHP Notice:  Only variables should be passed by reference in /home/bsn/sites/bsn.ru/public_html/includes/class.robot.php on line 1256
[26-Nov-2021 01:41:02 Europe/Moscow] PHP Notice:  Undefined index: id_business_center in /home/bsn/sites/bsn.ru/public_html/includes/class.robot.php on line 2196
[26-Nov-2021 01:41:02 Europe/Moscow] PHP Notice:  Only variables should be passed by reference in /home/bsn/sites/bsn.ru/public_html/includes/class.robot.php on line 1256
[26-Nov-2021 01:41:02 Europe/Moscow] PHP Notice:  Only variables should be passed by reference in /home/bsn/sites/bsn.ru/public_html/includes/class.robot.php on line 1256
[26-Nov-2021 01:41:02 Europe/Moscow] PHP Notice:  Undefined index: id_business_center in /home/bsn/sites/bsn.ru/public_html/includes/class.robot.php on line 2196
[26-Nov-2021 01:41:02 Europe/Moscow] PHP Notice:  Only variables should be passed by reference in /home/bsn/sites/bsn.ru/public_html/includes/class.robot.php on line 1256
[26-Nov-2021 01:41:02 Europe/Moscow] PHP Notice:  Only variables should be passed by reference in /home/bsn/sites/bsn.ru/public_html/includes/class.robot.php on line 1256
[26-Nov-2021 01:41:02 Europe/Moscow] PHP Notice:  Undefined index: id_business_center in /home/bsn/sites/bsn.ru/public_html/includes/class.robot.php on line 2196
[26-Nov-2021 01:41:02 Europe/Moscow] PHP Notice:  Only variables should be passed by reference in /home/bsn/sites/bsn.ru/public_html/includes/class.robot.php on line 1256
[26-Nov-2021 01:41:02 Europe/Moscow] PHP Notice:  Undefined index: id_business_center in /home/bsn/sites/bsn.ru/public_html/includes/class.robot.php on line 2196
[26-Nov-2021 01:41:02 Europe/Moscow] PHP Notice:  Only variables should be passed by reference in /home/bsn/sites/bsn.ru/public_html/includes/class.robot.php on line 1256
[26-Nov-2021 01:41:02 Europe/Moscow] PHP Notice:  Undefined index: id_business_center in /home/bsn/sites/bsn.ru/public_html/includes/class.robot.php on line 2196
[26-Nov-2021 01:41:02 Europe/Moscow] PHP Notice:  Only variables should be passed by reference in /home/bsn/sites/bsn.ru/public_html/includes/class.robot.php on line 1256
[26-Nov-2021 01:41:02 Europe/Moscow] PHP Notice:  Only variables should be passed by reference in /home/bsn/sites/bsn.ru/public_html/includes/class.robot.php on line 1256
[26-Nov-2021 01:41:02 Europe/Moscow] PHP Notice:  Only variables should be passed by reference in /home/bsn/sites/bsn.ru/public_html/includes/class.robot.php on line 1256
[26-Nov-2021 01:41:02 Europe/Moscow] PHP Notice:  Undefined variable: suggestion in /home/bsn/sites/bsn.ru/public_html/includes/class.robot.php on line 1077
[26-Nov-2021 01:41:02 Europe/Moscow] PHP Notice:  Undefined variable: suggestion in /home/bsn/sites/bsn.ru/public_html/includes/class.robot.php on line 1078
[26-Nov-2021 01:41:02 Europe/Moscow] PHP Notice:  Undefined index: id_business_center in /home/bsn/sites/bsn.ru/public_html/includes/class.robot.php on line 2196
[26-Nov-2021 01:41:02 Europe/Moscow] PHP Notice:  Only variables should be passed by reference in /home/bsn/sites/bsn.ru/public_html/includes/class.robot.php on line 1256
[26-Nov-2021 01:41:03 Europe/Moscow] PHP Notice:  Undefined index: id_business_center in /home/bsn/sites/bsn.ru/public_html/includes/class.robot.php on line 2196
[26-Nov-2021 01:41:03 Europe/Moscow] PHP Notice:  Only variables should be passed by reference in /home/bsn/sites/bsn.ru/public_html/includes/class.robot.php on line 1256
[26-Nov-2021 01:41:03 Europe/Moscow] PHP Notice:  Undefined index: id_business_center in /home/bsn/sites/bsn.ru/public_html/includes/class.robot.php on line 2196
[26-Nov-2021 01:41:03 Europe/Moscow] PHP Notice:  Only variables should be passed by reference in /home/bsn/sites/bsn.ru/public_html/includes/class.robot.php on line 1256
[26-Nov-2021 01:41:03 Europe/Moscow] PHP Notice:  Only variables should be passed by reference in /home/bsn/sites/bsn.ru/public_html/includes/class.robot.php on line 1256
[26-Nov-2021 01:41:03 Europe/Moscow] PHP Notice:  Only variables should be passed by reference in /home/bsn/sites/bsn.ru/public_html/includes/class.robot.php on line 1256
[26-Nov-2021 01:41:03 Europe/Moscow] PHP Notice:  Only variables should be passed by reference in /home/bsn/sites/bsn.ru/public_html/includes/class.robot.php on line 1256
[26-Nov-2021 01:41:03 Europe/Moscow] PHP Notice:  Undefined index: id_business_center in /home/bsn/sites/bsn.ru/public_html/includes/class.robot.php on line 2196
[26-Nov-2021 01:41:03 Europe/Moscow] PHP Notice:  Only variables should be passed by reference in /home/bsn/sites/bsn.ru/public_html/includes/class.robot.php on line 1256
[26-Nov-2021 01:41:03 Europe/Moscow] PHP Notice:  Undefined index: id_business_center in /home/bsn/sites/bsn.ru/public_html/includes/class.robot.php on line 2196
[26-Nov-2021 01:41:03 Europe/Moscow] PHP Notice:  Only variables should be passed by reference in /home/bsn/sites/bsn.ru/public_html/includes/class.robot.php on line 1256
[26-Nov-2021 01:41:03 Europe/Moscow] PHP Notice:  Only variables should be passed by reference in /home/bsn/sites/bsn.ru/public_html/includes/class.robot.php on line 1256
[26-Nov-2021 01:41:03 Europe/Moscow] PHP Notice:  Undefined index: id_business_center in /home/bsn/sites/bsn.ru/public_html/includes/class.robot.php on line 2196
[26-Nov-2021 01:41:03 Europe/Moscow] PHP Notice:  Only variables should be passed by reference in /home/bsn/sites/bsn.ru/public_html/includes/class.robot.php on line 1256
[26-Nov-2021 01:41:03 Europe/Moscow] PHP Notice:  Only variables should be passed by reference in /home/bsn/sites/bsn.ru/public_html/includes/class.robot.php on line 1256
[26-Nov-2021 01:41:03 Europe/Moscow] PHP Notice:  Only variables should be passed by reference in /home/bsn/sites/bsn.ru/public_html/includes/class.robot.php on line 1256
[26-Nov-2021 01:41:10 Europe/Moscow] PHP Notice:  getimagesize(): Read error! in /home/bsn/sites/bsn.ru/public_html/includes/class.photos.php on line 372
[26-Nov-2021 01:41:10 Europe/Moscow] PHP Notice:  getimagesize(): Read error! in /home/bsn/sites/bsn.ru/public_html/includes/class.photos.php on line 222
[26-Nov-2021 01:41:10 Europe/Moscow] PHP Notice:  getimagesize(): Read error! in /home/bsn/sites/bsn.ru/public_html/includes/class.photos.php on line 554
[26-Nov-2021 01:41:10 Europe/Moscow] PHP Notice:  Undefined index: build in /home/bsn/sites/bsn.ru/public_html/cron/robot/xml_values_processing.php on line 524
[26-Nov-2021 01:41:10 Europe/Moscow] PHP Notice:  Only variables should be passed by reference in /home/bsn/sites/bsn.ru/public_html/includes/class.robot.php on line 1256
[26-Nov-2021 01:41:10 Europe/Moscow] PHP Notice:  Only variables should be passed by reference in /home/bsn/sites/bsn.ru/public_html/includes/class.robot.php on line 1256
[26-Nov-2021 01:41:10 Europe/Moscow] PHP Notice:  Only variables should be passed by reference in /home/bsn/sites/bsn.ru/public_html/includes/class.robot.php on line 1256
[26-Nov-2021 01:41:10 Europe/Moscow] PHP Notice:  Only variables should be passed by reference in /home/bsn/sites/bsn.ru/public_html/includes/class.robot.php on line 1256
[26-Nov-2021 01:41:10 Europe/Moscow] PHP Notice:  Only variables should be passed by reference in /home/bsn/sites/bsn.ru/public_html/includes/class.robot.php on line 1256
[26-Nov-2021 01:41:21 Europe/Moscow] PHP Notice:  getimagesize(): Read error! in /home/bsn/sites/bsn.ru/public_html/includes/class.photos.php on line 372
[26-Nov-2021 01:41:21 Europe/Moscow] PHP Notice:  getimagesize(): Read error! in /home/bsn/sites/bsn.ru/public_html/includes/class.photos.php on line 222
[26-Nov-2021 01:41:21 Europe/Moscow] PHP Notice:  getimagesize(): Read error! in /home/bsn/sites/bsn.ru/public_html/includes/class.photos.php on line 554
[26-Nov-2021 01:41:21 Europe/Moscow] PHP Notice:  getimagesize(): Read error! in /home/bsn/sites/bsn.ru/public_html/includes/class.photos.php on line 372
[26-Nov-2021 01:41:21 Europe/Moscow] PHP Notice:  getimagesize(): Read error! in /home/bsn/sites/bsn.ru/public_html/includes/class.photos.php on line 222
[26-Nov-2021 01:41:21 Europe/Moscow] PHP Notice:  getimagesize(): Read error! in /home/bsn/sites/bsn.ru/public_html/includes/class.photos.php on line 554
[26-Nov-2021 01:41:21 Europe/Moscow] PHP Notice:  getimagesize(): Read error! in /home/bsn/sites/bsn.ru/public_html/includes/class.photos.php on line 372
[26-Nov-2021 01:41:21 Europe/Moscow] PHP Notice:  getimagesize(): Read error! in /home/bsn/sites/bsn.ru/public_html/includes/class.photos.php on line 222
[26-Nov-2021 01:41:21 Europe/Moscow] PHP Notice:  getimagesize(): Read error! in /home/bsn/sites/bsn.ru/public_html/includes/class.photos.php on line 554
[26-Nov-2021 01:41:21 Europe/Moscow] PHP Notice:  getimagesize(): Read error! in /home/bsn/sites/bsn.ru/public_html/includes/class.photos.php on line 372
[26-Nov-2021 01:41:21 Europe/Moscow] PHP Notice:  getimagesize(): Read error! in /home/bsn/sites/bsn.ru/public_html/includes/class.photos.php on line 222
[26-Nov-2021 01:41:21 Europe/Moscow] PHP Notice:  getimagesize(): Read error! in /home/bsn/sites/bsn.ru/public_html/includes/class.photos.php on line 554
[26-Nov-2021 01:41:21 Europe/Moscow] PHP Notice:  Only variables should be passed by reference in /home/bsn/sites/bsn.ru/public_html/includes/class.robot.php on line 1256
[26-Nov-2021 01:41:22 Europe/Moscow] PHP Notice:  Only variables should be passed by reference in /home/bsn/sites/bsn.ru/public_html/includes/class.robot.php on line 1256
[26-Nov-2021 01:41:25 Europe/Moscow] PHP Notice:  Only variables should be passed by reference in /home/bsn/sites/bsn.ru/public_html/includes/class.robot.php on line 1256
[26-Nov-2021 01:41:25 Europe/Moscow] PHP Notice:  Only variables should be passed by reference in /home/bsn/sites/bsn.ru/public_html/includes/class.robot.php on line 1256
[26-Nov-2021 01:41:25 Europe/Moscow] PHP Notice:  Only variables should be passed by reference in /home/bsn/sites/bsn.ru/public_html/includes/class.robot.php on line 1256
[26-Nov-2021 01:41:25 Europe/Moscow] PHP Notice:  Only variables should be passed by reference in /home/bsn/sites/bsn.ru/public_html/includes/class.robot.php on line 1256
[26-Nov-2021 01:41:25 Europe/Moscow] PHP Notice:  Only variables should be passed by reference in /home/bsn/sites/bsn.ru/public_html/includes/class.robot.php on line 1256
[26-Nov-2021 01:41:25 Europe/Moscow] PHP Notice:  Only variables should be passed by reference in /home/bsn/sites/bsn.ru/public_html/includes/class.robot.php on line 1256
[26-Nov-2021 01:41:25 Europe/Moscow] PHP Notice:  Only variables should be passed by reference in /home/bsn/sites/bsn.ru/public_html/includes/class.robot.php on line 1256
[26-Nov-2021 01:41:25 Europe/Moscow] PHP Notice:  Only variables should be passed by reference in /home/bsn/sites/bsn.ru/public_html/includes/class.robot.php on line 1256
[26-Nov-2021 01:41:25 Europe/Moscow] PHP Notice:  Only variables should be passed by reference in /home/bsn/sites/bsn.ru/public_html/includes/class.robot.php on line 1256
[26-Nov-2021 01:41:25 Europe/Moscow] PHP Notice:  Only variables should be passed by reference in /home/bsn/sites/bsn.ru/public_html/includes/class.robot.php on line 1256
[26-Nov-2021 01:41:25 Europe/Moscow] PHP Notice:  Only variables should be passed by reference in /home/bsn/sites/bsn.ru/public_html/includes/class.robot.php on line 1256
[26-Nov-2021 01:41:25 Europe/Moscow] PHP Notice:  Only variables should be passed by reference in /home/bsn/sites/bsn.ru/public_html/includes/class.robot.php on line 1256
[26-Nov-2021 01:41:25 Europe/Moscow] PHP Notice:  Only variables should be passed by reference in /home/bsn/sites/bsn.ru/public_html/includes/class.robot.php on line 1256
[26-Nov-2021 01:41:25 Europe/Moscow] PHP Notice:  Only variables should be passed by reference in /home/bsn/sites/bsn.ru/public_html/includes/class.robot.php on line 1256
[26-Nov-2021 01:41:25 Europe/Moscow] PHP Notice:  Only variables should be passed by reference in /home/bsn/sites/bsn.ru/public_html/includes/class.robot.php on line 1256
[26-Nov-2021 01:41:25 Europe/Moscow] PHP Notice:  Only variables should be passed by reference in /home/bsn/sites/bsn.ru/public_html/includes/class.robot.php on line 1256
[26-Nov-2021 01:41:25 Europe/Moscow] PHP Notice:  Only variables should be passed by reference in /home/bsn/sites/bsn.ru/public_html/includes/class.robot.php on line 1256
[26-Nov-2021 01:41:25 Europe/Moscow] PHP Notice:  Only variables should be passed by reference in /home/bsn/sites/bsn.ru/public_html/includes/class.robot.php on line 1256
[26-Nov-2021 01:41:25 Europe/Moscow] PHP Notice:  Only variables should be passed by reference in /home/bsn/sites/bsn.ru/public_html/includes/class.robot.php on line 1256
[26-Nov-2021 01:41:25 Europe/Moscow] PHP Notice:  Only variables should be passed by reference in /home/bsn/sites/bsn.ru/public_html/includes/class.robot.php on line 1256
[26-Nov-2021 01:41:25 Europe/Moscow] PHP Notice:  Only variables should be passed by reference in /home/bsn/sites/bsn.ru/public_html/includes/class.robot.php on line 1256
[26-Nov-2021 01:41:25 Europe/Moscow] PHP Notice:  Only variables should be passed by reference in /home/bsn/sites/bsn.ru/public_html/includes/class.robot.php on line 1256
[26-Nov-2021 01:41:25 Europe/Moscow] PHP Notice:  Only variables should be passed by reference in /home/bsn/sites/bsn.ru/public_html/includes/class.robot.php on line 1256
[26-Nov-2021 01:41:25 Europe/Moscow] PHP Notice:  Only variables should be passed by reference in /home/bsn/sites/bsn.ru/public_html/includes/class.robot.php on line 1256
[26-Nov-2021 01:41:25 Europe/Moscow] PHP Notice:  Only variables should be passed by reference in /home/bsn/sites/bsn.ru/public_html/includes/class.robot.php on line 1256
[26-Nov-2021 01:41:25 Europe/Moscow] PHP Notice:  Only variables should be passed by reference in /home/bsn/sites/bsn.ru/public_html/includes/class.robot.php on line 1256
[26-Nov-2021 01:41:25 Europe/Moscow] PHP Notice:  Only variables should be passed by reference in /home/bsn/sites/bsn.ru/public_html/includes/class.robot.php on line 1256
[26-Nov-2021 01:41:25 Europe/Moscow] PHP Notice:  Only variables should be passed by reference in /home/bsn/sites/bsn.ru/public_html/includes/class.robot.php on line 1256
[26-Nov-2021 01:41:25 Europe/Moscow] PHP Notice:  Only variables should be passed by reference in /home/bsn/sites/bsn.ru/public_html/includes/class.robot.php on line 1256
[26-Nov-2021 01:41:25 Europe/Moscow] PHP Notice:  Only variables should be passed by reference in /home/bsn/sites/bsn.ru/public_html/includes/class.robot.php on line 1256
[26-Nov-2021 01:41:25 Europe/Moscow] PHP Notice:  Only variables should be passed by reference in /home/bsn/sites/bsn.ru/public_html/includes/class.robot.php on line 1256
[26-Nov-2021 01:41:25 Europe/Moscow] PHP Notice:  Only variables should be passed by reference in /home/bsn/sites/bsn.ru/public_html/includes/class.robot.php on line 1256
[26-Nov-2021 01:41:25 Europe/Moscow] PHP Notice:  Only variables should be passed by reference in /home/bsn/sites/bsn.ru/public_html/includes/class.robot.php on line 1256
[26-Nov-2021 01:41:25 Europe/Moscow] PHP Notice:  Only variables should be passed by reference in /home/bsn/sites/bsn.ru/public_html/includes/class.robot.php on line 1256
[26-Nov-2021 01:41:25 Europe/Moscow] PHP Notice:  Only variables should be passed by reference in /home/bsn/sites/bsn.ru/public_html/includes/class.robot.php on line 1256
[26-Nov-2021 01:41:25 Europe/Moscow] PHP Notice:  Only variables should be passed by reference in /home/bsn/sites/bsn.ru/public_html/includes/class.robot.php on line 1256
[26-Nov-2021 01:41:25 Europe/Moscow] PHP Notice:  Only variables should be passed by reference in /home/bsn/sites/bsn.ru/public_html/includes/class.robot.php on line 1256
[26-Nov-2021 01:41:25 Europe/Moscow] PHP Notice:  Only variables should be passed by reference in /home/bsn/sites/bsn.ru/public_html/includes/class.robot.php on line 1256
[26-Nov-2021 01:41:25 Europe/Moscow] PHP Notice:  Only variables should be passed by reference in /home/bsn/sites/bsn.ru/public_html/includes/class.robot.php on line 1256
[26-Nov-2021 01:41:25 Europe/Moscow] PHP Notice:  Only variables should be passed by reference in /home/bsn/sites/bsn.ru/public_html/includes/class.robot.php on line 1256
[26-Nov-2021 01:41:25 Europe/Moscow] PHP Notice:  Only variables should be passed by reference in /home/bsn/sites/bsn.ru/public_html/includes/class.robot.php on line 1256
[26-Nov-2021 01:41:25 Europe/Moscow] PHP Notice:  Only variables should be passed by reference in /home/bsn/sites/bsn.ru/public_html/includes/class.robot.php on line 1256
[26-Nov-2021 01:41:25 Europe/Moscow] PHP Notice:  Only variables should be passed by reference in /home/bsn/sites/bsn.ru/public_html/includes/class.robot.php on line 1256
[26-Nov-2021 01:41:25 Europe/Moscow] PHP Notice:  Only variables should be passed by reference in /home/bsn/sites/bsn.ru/public_html/includes/class.robot.php on line 1256
[26-Nov-2021 01:41:25 Europe/Moscow] PHP Notice:  Only variables should be passed by reference in /home/bsn/sites/bsn.ru/public_html/includes/class.robot.php on line 1256
[26-Nov-2021 01:41:25 Europe/Moscow] PHP Notice:  Only variables should be passed by reference in /home/bsn/sites/bsn.ru/public_html/includes/class.robot.php on line 1256
[26-Nov-2021 01:41:26 Europe/Moscow] PHP Notice:  Only variables should be passed by reference in /home/bsn/sites/bsn.ru/public_html/includes/class.robot.php on line 1256
[26-Nov-2021 01:41:26 Europe/Moscow] PHP Notice:  Only variables should be passed by reference in /home/bsn/sites/bsn.ru/public_html/includes/class.robot.php on line 1256
[26-Nov-2021 01:41:26 Europe/Moscow] PHP Notice:  Only variables should be passed by reference in /home/bsn/sites/bsn.ru/public_html/includes/class.robot.php on line 1256
[26-Nov-2021 01:41:26 Europe/Moscow] PHP Notice:  Only variables should be passed by reference in /home/bsn/sites/bsn.ru/public_html/includes/class.robot.php on line 1256
[26-Nov-2021 01:41:26 Europe/Moscow] PHP Notice:  Only variables should be passed by reference in /home/bsn/sites/bsn.ru/public_html/includes/class.robot.php on line 1256
[26-Nov-2021 01:41:26 Europe/Moscow] PHP Notice:  Only variables should be passed by reference in /home/bsn/sites/bsn.ru/public_html/includes/class.robot.php on line 1256
[26-Nov-2021 01:41:26 Europe/Moscow] PHP Notice:  Only variables should be passed by reference in /home/bsn/sites/bsn.ru/public_html/includes/class.robot.php on line 1256
[26-Nov-2021 01:41:26 Europe/Moscow] PHP Notice:  Only variables should be passed by reference in /home/bsn/sites/bsn.ru/public_html/includes/class.robot.php on line 1256
[26-Nov-2021 01:41:26 Europe/Moscow] PHP Notice:  Only variables should be passed by reference in /home/bsn/sites/bsn.ru/public_html/includes/class.robot.php on line 1256
[26-Nov-2021 01:41:26 Europe/Moscow] PHP Notice:  Only variables should be passed by reference in /home/bsn/sites/bsn.ru/public_html/includes/class.robot.php on line 1256
[26-Nov-2021 01:41:26 Europe/Moscow] PHP Notice:  Only variables should be passed by reference in /home/bsn/sites/bsn.ru/public_html/includes/class.robot.php on line 1256
[26-Nov-2021 01:41:26 Europe/Moscow] PHP Notice:  Only variables should be passed by reference in /home/bsn/sites/bsn.ru/public_html/includes/class.robot.php on line 1256
[26-Nov-2021 01:41:26 Europe/Moscow] PHP Notice:  Only variables should be passed by reference in /home/bsn/sites/bsn.ru/public_html/includes/class.robot.php on line 1256
[26-Nov-2021 01:41:26 Europe/Moscow] PHP Notice:  Only variables should be passed by reference in /home/bsn/sites/bsn.ru/public_html/includes/class.robot.php on line 1256
[26-Nov-2021 01:41:26 Europe/Moscow] PHP Notice:  Only variables should be passed by reference in /home/bsn/sites/bsn.ru/public_html/includes/class.robot.php on line 1256
[26-Nov-2021 01:41:26 Europe/Moscow] PHP Notice:  Only variables should be passed by reference in /home/bsn/sites/bsn.ru/public_html/includes/class.robot.php on line 1256
[26-Nov-2021 01:41:26 Europe/Moscow] PHP Notice:  Only variables should be passed by reference in /home/bsn/sites/bsn.ru/public_html/includes/class.robot.php on line 1256
[26-Nov-2021 01:41:26 Europe/Moscow] PHP Notice:  Only variables should be passed by reference in /home/bsn/sites/bsn.ru/public_html/includes/class.robot.php on line 1256
[26-Nov-2021 01:41:26 Europe/Moscow] PHP Notice:  Only variables should be passed by reference in /home/bsn/sites/bsn.ru/public_html/includes/class.robot.php on line 1256
[26-Nov-2021 01:41:26 Europe/Moscow] PHP Notice:  Only variables should be passed by reference in /home/bsn/sites/bsn.ru/public_html/includes/class.robot.php on line 1256
[26-Nov-2021 01:41:26 Europe/Moscow] PHP Notice:  Only variables should be passed by reference in /home/bsn/sites/bsn.ru/public_html/includes/class.robot.php on line 1256
[26-Nov-2021 01:41:26 Europe/Moscow] PHP Notice:  Only variables should be passed by reference in /home/bsn/sites/bsn.ru/public_html/includes/class.robot.php on line 1256
[26-Nov-2021 01:41:26 Europe/Moscow] PHP Notice:  Only variables should be passed by reference in /home/bsn/sites/bsn.ru/public_html/includes/class.robot.php on line 1256
[26-Nov-2021 01:41:26 Europe/Moscow] PHP Notice:  Only variables should be passed by reference in /home/bsn/sites/bsn.ru/public_html/includes/class.robot.php on line 1256
[26-Nov-2021 01:41:26 Europe/Moscow] PHP Notice:  Only variables should be passed by reference in /home/bsn/sites/bsn.ru/public_html/includes/class.robot.php on line 1256
[26-Nov-2021 01:41:26 Europe/Moscow] PHP Notice:  Only variables should be passed by reference in /home/bsn/sites/bsn.ru/public_html/includes/class.robot.php on line 1256
[26-Nov-2021 01:41:26 Europe/Moscow] PHP Notice:  Only variables should be passed by reference in /home/bsn/sites/bsn.ru/public_html/includes/class.robot.php on line 1256
[26-Nov-2021 01:41:28 Europe/Moscow] PHP Notice:  getimagesize(): Read error! in /home/bsn/sites/bsn.ru/public_html/includes/class.photos.php on line 372
[26-Nov-2021 01:41:28 Europe/Moscow] PHP Notice:  getimagesize(): Read error! in /home/bsn/sites/bsn.ru/public_html/includes/class.photos.php on line 222
[26-Nov-2021 01:41:28 Europe/Moscow] PHP Notice:  getimagesize(): Read error! in /home/bsn/sites/bsn.ru/public_html/includes/class.photos.php on line 554
[26-Nov-2021 01:41:31 Europe/Moscow] PHP Notice:  getimagesize(): Read error! in /home/bsn/sites/bsn.ru/public_html/includes/class.photos.php on line 372
[26-Nov-2021 01:41:31 Europe/Moscow] PHP Notice:  getimagesize(): Read error! in /home/bsn/sites/bsn.ru/public_html/includes/class.photos.php on line 222
[26-Nov-2021 01:41:31 Europe/Moscow] PHP Notice:  getimagesize(): Read error! in /home/bsn/sites/bsn.ru/public_html/includes/class.photos.php on line 554
[26-Nov-2021 01:41:31 Europe/Moscow] PHP Notice:  Only variables should be passed by reference in /home/bsn/sites/bsn.ru/public_html/includes/class.robot.php on line 1256
[26-Nov-2021 01:41:31 Europe/Moscow] PHP Notice:  Only variables should be passed by reference in /home/bsn/sites/bsn.ru/public_html/includes/class.robot.php on line 1256
[26-Nov-2021 01:41:31 Europe/Moscow] PHP Notice:  getimagesize(): Read error! in /home/bsn/sites/bsn.ru/public_html/includes/class.photos.php on line 372
[26-Nov-2021 01:41:31 Europe/Moscow] PHP Notice:  getimagesize(): Read error! in /home/bsn/sites/bsn.ru/public_html/includes/class.photos.php on line 222
[26-Nov-2021 01:41:31 Europe/Moscow] PHP Notice:  getimagesize(): Read error! in /home/bsn/sites/bsn.ru/public_html/includes/class.photos.php on line 554
[26-Nov-2021 01:41:31 Europe/Moscow] PHP Notice:  getimagesize(): Read error! in /home/bsn/sites/bsn.ru/public_html/includes/class.photos.php on line 372
[26-Nov-2021 01:41:31 Europe/Moscow] PHP Notice:  getimagesize(): Read error! in /home/bsn/sites/bsn.ru/public_html/includes/class.photos.php on line 222
[26-Nov-2021 01:41:31 Europe/Moscow] PHP Notice:  getimagesize(): Read error! in /home/bsn/sites/bsn.ru/public_html/includes/class.photos.php on line 554
[26-Nov-2021 01:41:31 Europe/Moscow] PHP Notice:  Only variables should be passed by reference in /home/bsn/sites/bsn.ru/public_html/includes/class.robot.php on line 1256
[26-Nov-2021 01:41:31 Europe/Moscow] PHP Notice:  getimagesize(): Read error! in /home/bsn/sites/bsn.ru/public_html/includes/class.photos.php on line 372
[26-Nov-2021 01:41:31 Europe/Moscow] PHP Notice:  getimagesize(): Read error! in /home/bsn/sites/bsn.ru/public_html/includes/class.photos.php on line 222
[26-Nov-2021 01:41:31 Europe/Moscow] PHP Notice:  getimagesize(): Read error! in /home/bsn/sites/bsn.ru/public_html/includes/class.photos.php on line 554
[26-Nov-2021 01:41:32 Europe/Moscow] PHP Notice:  getimagesize(): Read error! in /home/bsn/sites/bsn.ru/public_html/includes/class.photos.php on line 372
[26-Nov-2021 01:41:32 Europe/Moscow] PHP Notice:  getimagesize(): Read error! in /home/bsn/sites/bsn.ru/public_html/includes/class.photos.php on line 222
[26-Nov-2021 01:41:32 Europe/Moscow] PHP Notice:  getimagesize(): Read error! in /home/bsn/sites/bsn.ru/public_html/includes/class.photos.php on line 554
[26-Nov-2021 01:41:32 Europe/Moscow] PHP Notice:  Only variables should be passed by reference in /home/bsn/sites/bsn.ru/public_html/includes/class.robot.php on line 1256
[26-Nov-2021 01:41:33 Europe/Moscow] PHP Notice:  Only variables should be passed by reference in /home/bsn/sites/bsn.ru/public_html/includes/class.robot.php on line 1256
[26-Nov-2021 01:41:34 Europe/Moscow] PHP Notice:  getimagesize(): Read error! in /home/bsn/sites/bsn.ru/public_html/includes/class.photos.php on line 372
[26-Nov-2021 01:41:34 Europe/Moscow] PHP Notice:  getimagesize(): Read error! in /home/bsn/sites/bsn.ru/public_html/includes/class.photos.php on line 222
[26-Nov-2021 01:41:34 Europe/Moscow] PHP Notice:  getimagesize(): Read error! in /home/bsn/sites/bsn.ru/public_html/includes/class.photos.php on line 554
[26-Nov-2021 01:41:34 Europe/Moscow] PHP Notice:  getimagesize(): Read error! in /home/bsn/sites/bsn.ru/public_html/includes/class.photos.php on line 372
[26-Nov-2021 01:41:34 Europe/Moscow] PHP Notice:  getimagesize(): Read error! in /home/bsn/sites/bsn.ru/public_html/includes/class.photos.php on line 222
[26-Nov-2021 01:41:34 Europe/Moscow] PHP Notice:  getimagesize(): Read error! in /home/bsn/sites/bsn.ru/public_html/includes/class.photos.php on line 554
[26-Nov-2021 01:41:34 Europe/Moscow] PHP Notice:  Only variables should be passed by reference in /home/bsn/sites/bsn.ru/public_html/includes/class.robot.php on line 1256
[26-Nov-2021 01:41:35 Europe/Moscow] PHP Notice:  getimagesize(): Read error! in /home/bsn/sites/bsn.ru/public_html/includes/class.photos.php on line 372
[26-Nov-2021 01:41:35 Europe/Moscow] PHP Notice:  getimagesize(): Read error! in /home/bsn/sites/bsn.ru/public_html/includes/class.photos.php on line 222
[26-Nov-2021 01:41:35 Europe/Moscow] PHP Notice:  getimagesize(): Read error! in /home/bsn/sites/bsn.ru/public_html/includes/class.photos.php on line 554
[26-Nov-2021 01:41:35 Europe/Moscow] PHP Notice:  getimagesize(): Read error! in /home/bsn/sites/bsn.ru/public_html/includes/class.photos.php on line 372
[26-Nov-2021 01:41:35 Europe/Moscow] PHP Notice:  getimagesize(): Read error! in /home/bsn/sites/bsn.ru/public_html/includes/class.photos.php on line 222
[26-Nov-2021 01:41:35 Europe/Moscow] PHP Notice:  getimagesize(): Read error! in /home/bsn/sites/bsn.ru/public_html/includes/class.photos.php on line 554
[26-Nov-2021 01:41:36 Europe/Moscow] PHP Notice:  Only variables should be passed by reference in /home/bsn/sites/bsn.ru/public_html/includes/class.robot.php on line 1256
[26-Nov-2021 01:41:36 Europe/Moscow] PHP Notice:  Only variables should be passed by reference in /home/bsn/sites/bsn.ru/public_html/includes/class.robot.php on line 1256
[26-Nov-2021 01:41:36 Europe/Moscow] PHP Notice:  getimagesize(): Read error! in /home/bsn/sites/bsn.ru/public_html/includes/class.photos.php on line 372
[26-Nov-2021 01:41:36 Europe/Moscow] PHP Notice:  getimagesize(): Read error! in /home/bsn/sites/bsn.ru/public_html/includes/class.photos.php on line 222
[26-Nov-2021 01:41:36 Europe/Moscow] PHP Notice:  getimagesize(): Read error! in /home/bsn/sites/bsn.ru/public_html/includes/class.photos.php on line 554
[26-Nov-2021 01:41:36 Europe/Moscow] PHP Notice:  getimagesize(): Read error! in /home/bsn/sites/bsn.ru/public_html/includes/class.photos.php on line 372
[26-Nov-2021 01:41:36 Europe/Moscow] PHP Notice:  getimagesize(): Read error! in /home/bsn/sites/bsn.ru/public_html/includes/class.photos.php on line 222
[26-Nov-2021 01:41:36 Europe/Moscow] PHP Notice:  getimagesize(): Read error! in /home/bsn/sites/bsn.ru/public_html/includes/class.photos.php on line 554
[26-Nov-2021 01:41:36 Europe/Moscow] PHP Notice:  Only variables should be passed by reference in /home/bsn/sites/bsn.ru/public_html/includes/class.robot.php on line 1256
[26-Nov-2021 01:41:37 Europe/Moscow] PHP Notice:  getimagesize(): Read error! in /home/bsn/sites/bsn.ru/public_html/includes/class.photos.php on line 372
[26-Nov-2021 01:41:37 Europe/Moscow] PHP Notice:  getimagesize(): Read error! in /home/bsn/sites/bsn.ru/public_html/includes/class.photos.php on line 222
[26-Nov-2021 01:41:37 Europe/Moscow] PHP Notice:  getimagesize(): Read error! in /home/bsn/sites/bsn.ru/public_html/includes/class.photos.php on line 554
[26-Nov-2021 01:41:37 Europe/Moscow] PHP Notice:  getimagesize(): Read error! in /home/bsn/sites/bsn.ru/public_html/includes/class.photos.php on line 372
[26-Nov-2021 01:41:37 Europe/Moscow] PHP Notice:  getimagesize(): Read error! in /home/bsn/sites/bsn.ru/public_html/includes/class.photos.php on line 222
[26-Nov-2021 01:41:37 Europe/Moscow] PHP Notice:  getimagesize(): Read error! in /home/bsn/sites/bsn.ru/public_html/includes/class.photos.php on line 554
[26-Nov-2021 01:41:37 Europe/Moscow] PHP Notice:  Only variables should be passed by reference in /home/bsn/sites/bsn.ru/public_html/includes/class.robot.php on line 1256
[26-Nov-2021 01:41:37 Europe/Moscow] PHP Notice:  Only variables should be passed by reference in /home/bsn/sites/bsn.ru/public_html/includes/class.robot.php on line 1256
[26-Nov-2021 01:41:37 Europe/Moscow] PHP Notice:  getimagesize(): Read error! in /home/bsn/sites/bsn.ru/public_html/includes/class.photos.php on line 372
[26-Nov-2021 01:41:37 Europe/Moscow] PHP Notice:  getimagesize(): Read error! in /home/bsn/sites/bsn.ru/public_html/includes/class.photos.php on line 222
[26-Nov-2021 01:41:37 Europe/Moscow] PHP Notice:  getimagesize(): Read error! in /home/bsn/sites/bsn.ru/public_html/includes/class.photos.php on line 554
[26-Nov-2021 01:41:38 Europe/Moscow] PHP Notice:  getimagesize(): Read error! in /home/bsn/sites/bsn.ru/public_html/includes/class.photos.php on line 372
[26-Nov-2021 01:41:38 Europe/Moscow] PHP Notice:  getimagesize(): Read error! in /home/bsn/sites/bsn.ru/public_html/includes/class.photos.php on line 222
[26-Nov-2021 01:41:38 Europe/Moscow] PHP Notice:  getimagesize(): Read error! in /home/bsn/sites/bsn.ru/public_html/includes/class.photos.php on line 554
[26-Nov-2021 01:41:38 Europe/Moscow] PHP Notice:  Only variables should be passed by reference in /home/bsn/sites/bsn.ru/public_html/includes/class.robot.php on line 1256
[26-Nov-2021 01:41:38 Europe/Moscow] PHP Notice:  Only variables should be passed by reference in /home/bsn/sites/bsn.ru/public_html/includes/class.robot.php on line 1256
[26-Nov-2021 01:41:38 Europe/Moscow] PHP Notice:  getimagesize(): Read error! in /home/bsn/sites/bsn.ru/public_html/includes/class.photos.php on line 372
[26-Nov-2021 01:41:38 Europe/Moscow] PHP Notice:  getimagesize(): Read error! in /home/bsn/sites/bsn.ru/public_html/includes/class.photos.php on line 222
[26-Nov-2021 01:41:38 Europe/Moscow] PHP Notice:  getimagesize(): Read error! in /home/bsn/sites/bsn.ru/public_html/includes/class.photos.php on line 554
[26-Nov-2021 01:41:38 Europe/Moscow] PHP Notice:  getimagesize(): Read error! in /home/bsn/sites/bsn.ru/public_html/includes/class.photos.php on line 372
[26-Nov-2021 01:41:38 Europe/Moscow] PHP Notice:  getimagesize(): Read error! in /home/bsn/sites/bsn.ru/public_html/includes/class.photos.php on line 222
[26-Nov-2021 01:41:38 Europe/Moscow] PHP Notice:  getimagesize(): Read error! in /home/bsn/sites/bsn.ru/public_html/includes/class.photos.php on line 554
[26-Nov-2021 01:41:38 Europe/Moscow] PHP Notice:  Only variables should be passed by reference in /home/bsn/sites/bsn.ru/public_html/includes/class.robot.php on line 1256
[26-Nov-2021 01:41:38 Europe/Moscow] PHP Notice:  Only variables should be passed by reference in /home/bsn/sites/bsn.ru/public_html/includes/class.robot.php on line 1256
[26-Nov-2021 01:41:38 Europe/Moscow] PHP Notice:  getimagesize(): Read error! in /home/bsn/sites/bsn.ru/public_html/includes/class.photos.php on line 372
[26-Nov-2021 01:41:38 Europe/Moscow] PHP Notice:  getimagesize(): Read error! in /home/bsn/sites/bsn.ru/public_html/includes/class.photos.php on line 222
[26-Nov-2021 01:41:38 Europe/Moscow] PHP Notice:  getimagesize(): Read error! in /home/bsn/sites/bsn.ru/public_html/includes/class.photos.php on line 554
[26-Nov-2021 01:41:39 Europe/Moscow] PHP Notice:  getimagesize(): Read error! in /home/bsn/sites/bsn.ru/public_html/includes/class.photos.php on line 372
[26-Nov-2021 01:41:39 Europe/Moscow] PHP Notice:  getimagesize(): Read error! in /home/bsn/sites/bsn.ru/public_html/includes/class.photos.php on line 222
[26-Nov-2021 01:41:39 Europe/Moscow] PHP Notice:  getimagesize(): Read error! in /home/bsn/sites/bsn.ru/public_html/includes/class.photos.php on line 554
[26-Nov-2021 01:41:39 Europe/Moscow] PHP Notice:  Only variables should be passed by reference in /home/bsn/sites/bsn.ru/public_html/includes/class.robot.php on line 1256
[26-Nov-2021 01:41:39 Europe/Moscow] PHP Notice:  Only variables should be passed by reference in /home/bsn/sites/bsn.ru/public_html/includes/class.robot.php on line 1256
[26-Nov-2021 01:41:39 Europe/Moscow] PHP Notice:  getimagesize(): Read error! in /home/bsn/sites/bsn.ru/public_html/includes/class.photos.php on line 372
[26-Nov-2021 01:41:39 Europe/Moscow] PHP Notice:  getimagesize(): Read error! in /home/bsn/sites/bsn.ru/public_html/includes/class.photos.php on line 222
[26-Nov-2021 01:41:39 Europe/Moscow] PHP Notice:  getimagesize(): Read error! in /home/bsn/sites/bsn.ru/public_html/includes/class.photos.php on line 554
[26-Nov-2021 01:41:39 Europe/Moscow] PHP Notice:  getimagesize(): Read error! in /home/bsn/sites/bsn.ru/public_html/includes/class.photos.php on line 372
[26-Nov-2021 01:41:39 Europe/Moscow] PHP Notice:  getimagesize(): Read error! in /home/bsn/sites/bsn.ru/public_html/includes/class.photos.php on line 222
[26-Nov-2021 01:41:39 Europe/Moscow] PHP Notice:  getimagesize(): Read error! in /home/bsn/sites/bsn.ru/public_html/includes/class.photos.php on line 554
[26-Nov-2021 01:41:39 Europe/Moscow] PHP Notice:  Only variables should be passed by reference in /home/bsn/sites/bsn.ru/public_html/includes/class.robot.php on line 1256
[26-Nov-2021 01:41:39 Europe/Moscow] PHP Notice:  Only variables should be passed by reference in /home/bsn/sites/bsn.ru/public_html/includes/class.robot.php on line 1256
[26-Nov-2021 01:41:39 Europe/Moscow] PHP Notice:  Undefined variable: suggestion in /home/bsn/sites/bsn.ru/public_html/includes/class.robot.php on line 1077
[26-Nov-2021 01:41:39 Europe/Moscow] PHP Notice:  Undefined variable: suggestion in /home/bsn/sites/bsn.ru/public_html/includes/class.robot.php on line 1078
[26-Nov-2021 01:41:39 Europe/Moscow] PHP Notice:  Only variables should be passed by reference in /home/bsn/sites/bsn.ru/public_html/includes/class.robot.php on line 1256
[26-Nov-2021 01:41:39 Europe/Moscow] PHP Notice:  Only variables should be passed by reference in /home/bsn/sites/bsn.ru/public_html/includes/class.robot.php on line 1256
[26-Nov-2021 01:41:46 Europe/Moscow] PHP Notice:  Undefined variable: nophoto in /home/bsn/sites/bsn.ru/public_html/cron/robot/xml_values_processing.php on line 580
[26-Nov-2021 01:41:46 Europe/Moscow] PHP Notice:  Undefined index: build_sell in /home/bsn/sites/bsn.ru/public_html/cron/robot/xml_values_processing.php on line 609
