[13-Nov-2021 01:41:01 Europe/Moscow] PHP Notice:  Undefined index: id_business_center in /home/bsn/sites/bsn.ru/public_html/includes/class.robot.php on line 2196
[13-Nov-2021 01:41:01 Europe/Moscow] PHP Warning:  deg2rad() expects parameter 1 to be float, string given in /home/bsn/sites/bsn.ru/public_html/includes/class.robot.php on line 1212
[13-Nov-2021 01:41:01 Europe/Moscow] PHP Warning:  A non-numeric value encountered in /home/bsn/sites/bsn.ru/public_html/includes/class.robot.php on line 1216
[13-Nov-2021 01:41:01 Europe/Moscow] PHP Warning:  A non-numeric value encountered in /home/bsn/sites/bsn.ru/public_html/includes/class.robot.php on line 1217
[13-Nov-2021 01:41:01 Europe/Moscow] PHP Warning:  deg2rad() expects parameter 1 to be float, string given in /home/bsn/sites/bsn.ru/public_html/includes/class.robot.php on line 1212
[13-Nov-2021 01:41:01 Europe/Moscow] PHP Warning:  A non-numeric value encountered in /home/bsn/sites/bsn.ru/public_html/includes/class.robot.php on line 1216
[13-Nov-2021 01:41:01 Europe/Moscow] PHP Warning:  A non-numeric value encountered in /home/bsn/sites/bsn.ru/public_html/includes/class.robot.php on line 1217
[13-Nov-2021 01:41:01 Europe/Moscow] PHP Warning:  deg2rad() expects parameter 1 to be float, string given in /home/bsn/sites/bsn.ru/public_html/includes/class.robot.php on line 1212
[13-Nov-2021 01:41:01 Europe/Moscow] PHP Warning:  A non-numeric value encountered in /home/bsn/sites/bsn.ru/public_html/includes/class.robot.php on line 1216
[13-Nov-2021 01:41:01 Europe/Moscow] PHP Warning:  A non-numeric value encountered in /home/bsn/sites/bsn.ru/public_html/includes/class.robot.php on line 1217
[13-Nov-2021 01:41:01 Europe/Moscow] PHP Warning:  deg2rad() expects parameter 1 to be float, string given in /home/bsn/sites/bsn.ru/public_html/includes/class.robot.php on line 1212
[13-Nov-2021 01:41:01 Europe/Moscow] PHP Warning:  A non-numeric value encountered in /home/bsn/sites/bsn.ru/public_html/includes/class.robot.php on line 1216
[13-Nov-2021 01:41:01 Europe/Moscow] PHP Warning:  A non-numeric value encountered in /home/bsn/sites/bsn.ru/public_html/includes/class.robot.php on line 1217
[13-Nov-2021 01:41:01 Europe/Moscow] PHP Warning:  A non-numeric value encountered in /home/bsn/sites/bsn.ru/public_html/includes/class.robot.php on line 1186
[13-Nov-2021 01:41:01 Europe/Moscow] PHP Warning:  A non-numeric value encountered in /home/bsn/sites/bsn.ru/public_html/includes/class.robot.php on line 1187
[13-Nov-2021 01:41:01 Europe/Moscow] PHP Warning:  deg2rad() expects parameter 1 to be float, string given in /home/bsn/sites/bsn.ru/public_html/includes/class.robot.php on line 1189
[13-Nov-2021 01:41:01 Europe/Moscow] PHP Warning:  A non-numeric value encountered in /home/bsn/sites/bsn.ru/public_html/includes/class.robot.php on line 1186
[13-Nov-2021 01:41:01 Europe/Moscow] PHP Warning:  A non-numeric value encountered in /home/bsn/sites/bsn.ru/public_html/includes/class.robot.php on line 1187
[13-Nov-2021 01:41:01 Europe/Moscow] PHP Warning:  deg2rad() expects parameter 1 to be float, string given in /home/bsn/sites/bsn.ru/public_html/includes/class.robot.php on line 1189
[13-Nov-2021 01:41:01 Europe/Moscow] PHP Warning:  A non-numeric value encountered in /home/bsn/sites/bsn.ru/public_html/includes/class.robot.php on line 1186
[13-Nov-2021 01:41:01 Europe/Moscow] PHP Warning:  A non-numeric value encountered in /home/bsn/sites/bsn.ru/public_html/includes/class.robot.php on line 1187
[13-Nov-2021 01:41:01 Europe/Moscow] PHP Warning:  deg2rad() expects parameter 1 to be float, string given in /home/bsn/sites/bsn.ru/public_html/includes/class.robot.php on line 1189
[13-Nov-2021 01:41:01 Europe/Moscow] PHP Notice:  Only variables should be passed by reference in /home/bsn/sites/bsn.ru/public_html/includes/class.robot.php on line 1256
[13-Nov-2021 01:41:07 Europe/Moscow] PHP Notice:  getimagesize(): Read error! in /home/bsn/sites/bsn.ru/public_html/includes/class.photos.php on line 222
[13-Nov-2021 01:41:07 Europe/Moscow] PHP Notice:  getimagesize(): Read error! in /home/bsn/sites/bsn.ru/public_html/includes/class.photos.php on line 554
[13-Nov-2021 01:41:07 Europe/Moscow] PHP Notice:  getimagesize(): Read error! in /home/bsn/sites/bsn.ru/public_html/includes/class.photos.php on line 222
[13-Nov-2021 01:41:07 Europe/Moscow] PHP Notice:  getimagesize(): Read error! in /home/bsn/sites/bsn.ru/public_html/includes/class.photos.php on line 554
[13-Nov-2021 01:41:13 Europe/Moscow] PHP Notice:  Only variables should be passed by reference in /home/bsn/sites/bsn.ru/public_html/includes/class.robot.php on line 1256
[13-Nov-2021 01:41:13 Europe/Moscow] PHP Notice:  Only variables should be passed by reference in /home/bsn/sites/bsn.ru/public_html/includes/class.robot.php on line 1256
[13-Nov-2021 01:41:13 Europe/Moscow] PHP Notice:  Only variables should be passed by reference in /home/bsn/sites/bsn.ru/public_html/includes/class.robot.php on line 1256
[13-Nov-2021 01:41:13 Europe/Moscow] PHP Notice:  Only variables should be passed by reference in /home/bsn/sites/bsn.ru/public_html/includes/class.robot.php on line 1256
[13-Nov-2021 01:41:13 Europe/Moscow] PHP Notice:  Only variables should be passed by reference in /home/bsn/sites/bsn.ru/public_html/includes/class.robot.php on line 1256
[13-Nov-2021 01:41:13 Europe/Moscow] PHP Warning:  deg2rad() expects parameter 1 to be float, string given in /home/bsn/sites/bsn.ru/public_html/includes/class.robot.php on line 1212
[13-Nov-2021 01:41:13 Europe/Moscow] PHP Warning:  A non-numeric value encountered in /home/bsn/sites/bsn.ru/public_html/includes/class.robot.php on line 1216
[13-Nov-2021 01:41:13 Europe/Moscow] PHP Warning:  A non-numeric value encountered in /home/bsn/sites/bsn.ru/public_html/includes/class.robot.php on line 1217
[13-Nov-2021 01:41:13 Europe/Moscow] PHP Warning:  deg2rad() expects parameter 1 to be float, string given in /home/bsn/sites/bsn.ru/public_html/includes/class.robot.php on line 1212
[13-Nov-2021 01:41:13 Europe/Moscow] PHP Warning:  A non-numeric value encountered in /home/bsn/sites/bsn.ru/public_html/includes/class.robot.php on line 1216
[13-Nov-2021 01:41:13 Europe/Moscow] PHP Warning:  A non-numeric value encountered in /home/bsn/sites/bsn.ru/public_html/includes/class.robot.php on line 1217
[13-Nov-2021 01:41:13 Europe/Moscow] PHP Warning:  deg2rad() expects parameter 1 to be float, string given in /home/bsn/sites/bsn.ru/public_html/includes/class.robot.php on line 1212
[13-Nov-2021 01:41:13 Europe/Moscow] PHP Warning:  A non-numeric value encountered in /home/bsn/sites/bsn.ru/public_html/includes/class.robot.php on line 1216
[13-Nov-2021 01:41:13 Europe/Moscow] PHP Warning:  A non-numeric value encountered in /home/bsn/sites/bsn.ru/public_html/includes/class.robot.php on line 1217
[13-Nov-2021 01:41:13 Europe/Moscow] PHP Warning:  deg2rad() expects parameter 1 to be float, string given in /home/bsn/sites/bsn.ru/public_html/includes/class.robot.php on line 1212
[13-Nov-2021 01:41:13 Europe/Moscow] PHP Warning:  A non-numeric value encountered in /home/bsn/sites/bsn.ru/public_html/includes/class.robot.php on line 1216
[13-Nov-2021 01:41:13 Europe/Moscow] PHP Warning:  A non-numeric value encountered in /home/bsn/sites/bsn.ru/public_html/includes/class.robot.php on line 1217
[13-Nov-2021 01:41:13 Europe/Moscow] PHP Warning:  A non-numeric value encountered in /home/bsn/sites/bsn.ru/public_html/includes/class.robot.php on line 1186
[13-Nov-2021 01:41:13 Europe/Moscow] PHP Warning:  A non-numeric value encountered in /home/bsn/sites/bsn.ru/public_html/includes/class.robot.php on line 1187
[13-Nov-2021 01:41:13 Europe/Moscow] PHP Warning:  deg2rad() expects parameter 1 to be float, string given in /home/bsn/sites/bsn.ru/public_html/includes/class.robot.php on line 1189
[13-Nov-2021 01:41:13 Europe/Moscow] PHP Warning:  A non-numeric value encountered in /home/bsn/sites/bsn.ru/public_html/includes/class.robot.php on line 1186
[13-Nov-2021 01:41:13 Europe/Moscow] PHP Warning:  A non-numeric value encountered in /home/bsn/sites/bsn.ru/public_html/includes/class.robot.php on line 1187
[13-Nov-2021 01:41:13 Europe/Moscow] PHP Warning:  deg2rad() expects parameter 1 to be float, string given in /home/bsn/sites/bsn.ru/public_html/includes/class.robot.php on line 1189
[13-Nov-2021 01:41:13 Europe/Moscow] PHP Warning:  A non-numeric value encountered in /home/bsn/sites/bsn.ru/public_html/includes/class.robot.php on line 1186
[13-Nov-2021 01:41:13 Europe/Moscow] PHP Warning:  A non-numeric value encountered in /home/bsn/sites/bsn.ru/public_html/includes/class.robot.php on line 1187
[13-Nov-2021 01:41:13 Europe/Moscow] PHP Warning:  deg2rad() expects parameter 1 to be float, string given in /home/bsn/sites/bsn.ru/public_html/includes/class.robot.php on line 1189
[13-Nov-2021 01:41:13 Europe/Moscow] PHP Notice:  Only variables should be passed by reference in /home/bsn/sites/bsn.ru/public_html/includes/class.robot.php on line 1256
[13-Nov-2021 01:41:13 Europe/Moscow] PHP Notice:  Only variables should be passed by reference in /home/bsn/sites/bsn.ru/public_html/includes/class.robot.php on line 1256
[13-Nov-2021 01:41:13 Europe/Moscow] PHP Notice:  Only variables should be passed by reference in /home/bsn/sites/bsn.ru/public_html/includes/class.robot.php on line 1256
[13-Nov-2021 01:41:13 Europe/Moscow] PHP Notice:  Only variables should be passed by reference in /home/bsn/sites/bsn.ru/public_html/includes/class.robot.php on line 1256
[13-Nov-2021 01:41:13 Europe/Moscow] PHP Notice:  Only variables should be passed by reference in /home/bsn/sites/bsn.ru/public_html/includes/class.robot.php on line 1256
[13-Nov-2021 01:41:17 Europe/Moscow] PHP Notice:  Only variables should be passed by reference in /home/bsn/sites/bsn.ru/public_html/includes/class.robot.php on line 1256
[13-Nov-2021 01:41:36 Europe/Moscow] PHP Notice:  Undefined index: id_business_center in /home/bsn/sites/bsn.ru/public_html/includes/class.robot.php on line 2196
[13-Nov-2021 01:41:36 Europe/Moscow] PHP Notice:  Only variables should be passed by reference in /home/bsn/sites/bsn.ru/public_html/includes/class.robot.php on line 1256
[13-Nov-2021 01:41:40 Europe/Moscow] PHP Notice:  Only variables should be passed by reference in /home/bsn/sites/bsn.ru/public_html/includes/class.robot.php on line 1256
[13-Nov-2021 01:41:40 Europe/Moscow] PHP Notice:  Only variables should be passed by reference in /home/bsn/sites/bsn.ru/public_html/includes/class.robot.php on line 1256
[13-Nov-2021 01:41:40 Europe/Moscow] PHP Notice:  Undefined index: id_business_center in /home/bsn/sites/bsn.ru/public_html/includes/class.robot.php on line 2196
[13-Nov-2021 01:41:40 Europe/Moscow] PHP Notice:  Only variables should be passed by reference in /home/bsn/sites/bsn.ru/public_html/includes/class.robot.php on line 1256
[13-Nov-2021 01:41:40 Europe/Moscow] PHP Notice:  Only variables should be passed by reference in /home/bsn/sites/bsn.ru/public_html/includes/class.robot.php on line 1256
[13-Nov-2021 01:41:40 Europe/Moscow] PHP Notice:  Only variables should be passed by reference in /home/bsn/sites/bsn.ru/public_html/includes/class.robot.php on line 1256
[13-Nov-2021 01:41:40 Europe/Moscow] PHP Notice:  Only variables should be passed by reference in /home/bsn/sites/bsn.ru/public_html/includes/class.robot.php on line 1256
[13-Nov-2021 01:41:40 Europe/Moscow] PHP Notice:  Undefined index: id_business_center in /home/bsn/sites/bsn.ru/public_html/includes/class.robot.php on line 2196
[13-Nov-2021 01:41:40 Europe/Moscow] PHP Notice:  Only variables should be passed by reference in /home/bsn/sites/bsn.ru/public_html/includes/class.robot.php on line 1256
[13-Nov-2021 01:41:40 Europe/Moscow] PHP Notice:  Only variables should be passed by reference in /home/bsn/sites/bsn.ru/public_html/includes/class.robot.php on line 1256
[13-Nov-2021 01:41:40 Europe/Moscow] PHP Notice:  Only variables should be passed by reference in /home/bsn/sites/bsn.ru/public_html/includes/class.robot.php on line 1256
[13-Nov-2021 01:41:41 Europe/Moscow] PHP Notice:  Only variables should be passed by reference in /home/bsn/sites/bsn.ru/public_html/includes/class.robot.php on line 1256
[13-Nov-2021 01:41:41 Europe/Moscow] PHP Notice:  Only variables should be passed by reference in /home/bsn/sites/bsn.ru/public_html/includes/class.robot.php on line 1256
[13-Nov-2021 01:41:41 Europe/Moscow] PHP Notice:  Only variables should be passed by reference in /home/bsn/sites/bsn.ru/public_html/includes/class.robot.php on line 1256
[13-Nov-2021 01:41:41 Europe/Moscow] PHP Notice:  Only variables should be passed by reference in /home/bsn/sites/bsn.ru/public_html/includes/class.robot.php on line 1256
[13-Nov-2021 01:41:41 Europe/Moscow] PHP Notice:  Only variables should be passed by reference in /home/bsn/sites/bsn.ru/public_html/includes/class.robot.php on line 1256
[13-Nov-2021 01:41:41 Europe/Moscow] PHP Notice:  Only variables should be passed by reference in /home/bsn/sites/bsn.ru/public_html/includes/class.robot.php on line 1256
[13-Nov-2021 01:41:41 Europe/Moscow] PHP Notice:  Undefined index: id_business_center in /home/bsn/sites/bsn.ru/public_html/includes/class.robot.php on line 2196
[13-Nov-2021 01:41:41 Europe/Moscow] PHP Notice:  Only variables should be passed by reference in /home/bsn/sites/bsn.ru/public_html/includes/class.robot.php on line 1256
[13-Nov-2021 01:41:44 Europe/Moscow] PHP Notice:  Only variables should be passed by reference in /home/bsn/sites/bsn.ru/public_html/includes/class.robot.php on line 1256
[13-Nov-2021 01:41:44 Europe/Moscow] PHP Notice:  Only variables should be passed by reference in /home/bsn/sites/bsn.ru/public_html/includes/class.robot.php on line 1256
[13-Nov-2021 01:41:44 Europe/Moscow] PHP Notice:  Undefined index: id_business_center in /home/bsn/sites/bsn.ru/public_html/includes/class.robot.php on line 2196
[13-Nov-2021 01:41:44 Europe/Moscow] PHP Notice:  Only variables should be passed by reference in /home/bsn/sites/bsn.ru/public_html/includes/class.robot.php on line 1256
[13-Nov-2021 01:41:44 Europe/Moscow] PHP Notice:  Only variables should be passed by reference in /home/bsn/sites/bsn.ru/public_html/includes/class.robot.php on line 1256
[13-Nov-2021 01:41:44 Europe/Moscow] PHP Notice:  Undefined index: id_business_center in /home/bsn/sites/bsn.ru/public_html/includes/class.robot.php on line 2196
[13-Nov-2021 01:41:44 Europe/Moscow] PHP Notice:  Only variables should be passed by reference in /home/bsn/sites/bsn.ru/public_html/includes/class.robot.php on line 1256
[13-Nov-2021 01:41:44 Europe/Moscow] PHP Notice:  Only variables should be passed by reference in /home/bsn/sites/bsn.ru/public_html/includes/class.robot.php on line 1256
[13-Nov-2021 01:41:44 Europe/Moscow] PHP Notice:  Undefined index: id_business_center in /home/bsn/sites/bsn.ru/public_html/includes/class.robot.php on line 2196
[13-Nov-2021 01:41:44 Europe/Moscow] PHP Notice:  Only variables should be passed by reference in /home/bsn/sites/bsn.ru/public_html/includes/class.robot.php on line 1256
[13-Nov-2021 01:41:45 Europe/Moscow] PHP Notice:  Undefined index: id_business_center in /home/bsn/sites/bsn.ru/public_html/includes/class.robot.php on line 2196
[13-Nov-2021 01:41:45 Europe/Moscow] PHP Notice:  Only variables should be passed by reference in /home/bsn/sites/bsn.ru/public_html/includes/class.robot.php on line 1256
[13-Nov-2021 01:41:45 Europe/Moscow] PHP Notice:  Only variables should be passed by reference in /home/bsn/sites/bsn.ru/public_html/includes/class.robot.php on line 1256
[13-Nov-2021 01:41:45 Europe/Moscow] PHP Notice:  Only variables should be passed by reference in /home/bsn/sites/bsn.ru/public_html/includes/class.robot.php on line 1256
[13-Nov-2021 01:41:45 Europe/Moscow] PHP Notice:  Only variables should be passed by reference in /home/bsn/sites/bsn.ru/public_html/includes/class.robot.php on line 1256
[13-Nov-2021 01:41:45 Europe/Moscow] PHP Notice:  Undefined index: id_business_center in /home/bsn/sites/bsn.ru/public_html/includes/class.robot.php on line 2196
[13-Nov-2021 01:41:45 Europe/Moscow] PHP Notice:  Only variables should be passed by reference in /home/bsn/sites/bsn.ru/public_html/includes/class.robot.php on line 1256
[13-Nov-2021 01:41:45 Europe/Moscow] PHP Notice:  Only variables should be passed by reference in /home/bsn/sites/bsn.ru/public_html/includes/class.robot.php on line 1256
[13-Nov-2021 01:41:45 Europe/Moscow] PHP Notice:  Undefined variable: suggestion in /home/bsn/sites/bsn.ru/public_html/includes/class.robot.php on line 1077
[13-Nov-2021 01:41:45 Europe/Moscow] PHP Notice:  Undefined variable: suggestion in /home/bsn/sites/bsn.ru/public_html/includes/class.robot.php on line 1078
[13-Nov-2021 01:41:45 Europe/Moscow] PHP Notice:  Undefined index: id_business_center in /home/bsn/sites/bsn.ru/public_html/includes/class.robot.php on line 2196
[13-Nov-2021 01:41:45 Europe/Moscow] PHP Notice:  Only variables should be passed by reference in /home/bsn/sites/bsn.ru/public_html/includes/class.robot.php on line 1256
[13-Nov-2021 01:41:45 Europe/Moscow] PHP Notice:  Undefined index: id_business_center in /home/bsn/sites/bsn.ru/public_html/includes/class.robot.php on line 2196
[13-Nov-2021 01:41:45 Europe/Moscow] PHP Notice:  Only variables should be passed by reference in /home/bsn/sites/bsn.ru/public_html/includes/class.robot.php on line 1256
[13-Nov-2021 01:41:45 Europe/Moscow] PHP Notice:  Undefined index: id_business_center in /home/bsn/sites/bsn.ru/public_html/includes/class.robot.php on line 2196
[13-Nov-2021 01:41:45 Europe/Moscow] PHP Notice:  Only variables should be passed by reference in /home/bsn/sites/bsn.ru/public_html/includes/class.robot.php on line 1256
[13-Nov-2021 01:41:45 Europe/Moscow] PHP Notice:  getimagesize(): Read error! in /home/bsn/sites/bsn.ru/public_html/includes/class.photos.php on line 372
[13-Nov-2021 01:41:45 Europe/Moscow] PHP Notice:  getimagesize(): Read error! in /home/bsn/sites/bsn.ru/public_html/includes/class.photos.php on line 222
[13-Nov-2021 01:41:45 Europe/Moscow] PHP Notice:  getimagesize(): Read error! in /home/bsn/sites/bsn.ru/public_html/includes/class.photos.php on line 554
[13-Nov-2021 01:41:45 Europe/Moscow] PHP Notice:  Only variables should be passed by reference in /home/bsn/sites/bsn.ru/public_html/includes/class.robot.php on line 1256
[13-Nov-2021 01:41:45 Europe/Moscow] PHP Notice:  Only variables should be passed by reference in /home/bsn/sites/bsn.ru/public_html/includes/class.robot.php on line 1256
[13-Nov-2021 01:41:46 Europe/Moscow] PHP Notice:  getimagesize(): Read error! in /home/bsn/sites/bsn.ru/public_html/includes/class.photos.php on line 372
[13-Nov-2021 01:41:46 Europe/Moscow] PHP Notice:  getimagesize(): Read error! in /home/bsn/sites/bsn.ru/public_html/includes/class.photos.php on line 222
[13-Nov-2021 01:41:46 Europe/Moscow] PHP Notice:  getimagesize(): Read error! in /home/bsn/sites/bsn.ru/public_html/includes/class.photos.php on line 554
[13-Nov-2021 01:41:46 Europe/Moscow] PHP Notice:  Undefined index: build in /home/bsn/sites/bsn.ru/public_html/cron/robot/xml_values_processing.php on line 524
[13-Nov-2021 01:41:46 Europe/Moscow] PHP Notice:  Only variables should be passed by reference in /home/bsn/sites/bsn.ru/public_html/includes/class.robot.php on line 1256
[13-Nov-2021 01:41:46 Europe/Moscow] PHP Notice:  Undefined index: id_business_center in /home/bsn/sites/bsn.ru/public_html/includes/class.robot.php on line 2196
[13-Nov-2021 01:41:46 Europe/Moscow] PHP Notice:  Only variables should be passed by reference in /home/bsn/sites/bsn.ru/public_html/includes/class.robot.php on line 1256
[13-Nov-2021 01:41:47 Europe/Moscow] PHP Notice:  Only variables should be passed by reference in /home/bsn/sites/bsn.ru/public_html/includes/class.robot.php on line 1256
[13-Nov-2021 01:41:47 Europe/Moscow] PHP Notice:  Only variables should be passed by reference in /home/bsn/sites/bsn.ru/public_html/includes/class.robot.php on line 1256
[13-Nov-2021 01:41:47 Europe/Moscow] PHP Notice:  Only variables should be passed by reference in /home/bsn/sites/bsn.ru/public_html/includes/class.robot.php on line 1256
[13-Nov-2021 01:41:47 Europe/Moscow] PHP Notice:  Only variables should be passed by reference in /home/bsn/sites/bsn.ru/public_html/includes/class.robot.php on line 1256
[13-Nov-2021 01:41:48 Europe/Moscow] PHP Notice:  Only variables should be passed by reference in /home/bsn/sites/bsn.ru/public_html/includes/class.robot.php on line 1256
[13-Nov-2021 01:41:48 Europe/Moscow] PHP Notice:  getimagesize(): Read error! in /home/bsn/sites/bsn.ru/public_html/includes/class.photos.php on line 372
[13-Nov-2021 01:41:48 Europe/Moscow] PHP Notice:  getimagesize(): Read error! in /home/bsn/sites/bsn.ru/public_html/includes/class.photos.php on line 222
[13-Nov-2021 01:41:48 Europe/Moscow] PHP Notice:  getimagesize(): Read error! in /home/bsn/sites/bsn.ru/public_html/includes/class.photos.php on line 554
[13-Nov-2021 01:41:49 Europe/Moscow] PHP Notice:  Only variables should be passed by reference in /home/bsn/sites/bsn.ru/public_html/includes/class.robot.php on line 1256
[13-Nov-2021 01:41:50 Europe/Moscow] PHP Notice:  Only variables should be passed by reference in /home/bsn/sites/bsn.ru/public_html/includes/class.robot.php on line 1256
[13-Nov-2021 01:41:50 Europe/Moscow] PHP Notice:  Only variables should be passed by reference in /home/bsn/sites/bsn.ru/public_html/includes/class.robot.php on line 1256
[13-Nov-2021 01:41:50 Europe/Moscow] PHP Notice:  Only variables should be passed by reference in /home/bsn/sites/bsn.ru/public_html/includes/class.robot.php on line 1256
[13-Nov-2021 01:41:50 Europe/Moscow] PHP Notice:  Only variables should be passed by reference in /home/bsn/sites/bsn.ru/public_html/includes/class.robot.php on line 1256
[13-Nov-2021 01:41:50 Europe/Moscow] PHP Notice:  Undefined index: id_business_center in /home/bsn/sites/bsn.ru/public_html/includes/class.robot.php on line 2196
[13-Nov-2021 01:41:50 Europe/Moscow] PHP Notice:  Only variables should be passed by reference in /home/bsn/sites/bsn.ru/public_html/includes/class.robot.php on line 1256
[13-Nov-2021 01:41:50 Europe/Moscow] PHP Notice:  Undefined index: id_business_center in /home/bsn/sites/bsn.ru/public_html/includes/class.robot.php on line 2196
[13-Nov-2021 01:41:50 Europe/Moscow] PHP Notice:  Only variables should be passed by reference in /home/bsn/sites/bsn.ru/public_html/includes/class.robot.php on line 1256
[13-Nov-2021 01:41:50 Europe/Moscow] PHP Notice:  Only variables should be passed by reference in /home/bsn/sites/bsn.ru/public_html/includes/class.robot.php on line 1256
[13-Nov-2021 01:41:51 Europe/Moscow] PHP Notice:  Only variables should be passed by reference in /home/bsn/sites/bsn.ru/public_html/includes/class.robot.php on line 1256
[13-Nov-2021 01:41:51 Europe/Moscow] PHP Notice:  Only variables should be passed by reference in /home/bsn/sites/bsn.ru/public_html/includes/class.robot.php on line 1256
[13-Nov-2021 01:41:51 Europe/Moscow] PHP Notice:  Only variables should be passed by reference in /home/bsn/sites/bsn.ru/public_html/includes/class.robot.php on line 1256
[13-Nov-2021 01:41:51 Europe/Moscow] PHP Notice:  Only variables should be passed by reference in /home/bsn/sites/bsn.ru/public_html/includes/class.robot.php on line 1256
[13-Nov-2021 01:41:51 Europe/Moscow] PHP Notice:  Only variables should be passed by reference in /home/bsn/sites/bsn.ru/public_html/includes/class.robot.php on line 1256
[13-Nov-2021 01:41:51 Europe/Moscow] PHP Notice:  Only variables should be passed by reference in /home/bsn/sites/bsn.ru/public_html/includes/class.robot.php on line 1256
[13-Nov-2021 01:41:51 Europe/Moscow] PHP Notice:  Only variables should be passed by reference in /home/bsn/sites/bsn.ru/public_html/includes/class.robot.php on line 1256
[13-Nov-2021 01:41:51 Europe/Moscow] PHP Notice:  Only variables should be passed by reference in /home/bsn/sites/bsn.ru/public_html/includes/class.robot.php on line 1256
[13-Nov-2021 01:41:51 Europe/Moscow] PHP Notice:  Only variables should be passed by reference in /home/bsn/sites/bsn.ru/public_html/includes/class.robot.php on line 1256
[13-Nov-2021 01:41:57 Europe/Moscow] PHP Notice:  Only variables should be passed by reference in /home/bsn/sites/bsn.ru/public_html/includes/class.robot.php on line 1256
[13-Nov-2021 01:41:57 Europe/Moscow] PHP Notice:  Only variables should be passed by reference in /home/bsn/sites/bsn.ru/public_html/includes/class.robot.php on line 1256
[13-Nov-2021 01:41:57 Europe/Moscow] PHP Notice:  Only variables should be passed by reference in /home/bsn/sites/bsn.ru/public_html/includes/class.robot.php on line 1256
[13-Nov-2021 01:41:57 Europe/Moscow] PHP Notice:  Only variables should be passed by reference in /home/bsn/sites/bsn.ru/public_html/includes/class.robot.php on line 1256
[13-Nov-2021 01:41:57 Europe/Moscow] PHP Notice:  Only variables should be passed by reference in /home/bsn/sites/bsn.ru/public_html/includes/class.robot.php on line 1256
[13-Nov-2021 01:41:57 Europe/Moscow] PHP Notice:  Only variables should be passed by reference in /home/bsn/sites/bsn.ru/public_html/includes/class.robot.php on line 1256
[13-Nov-2021 01:41:57 Europe/Moscow] PHP Notice:  Only variables should be passed by reference in /home/bsn/sites/bsn.ru/public_html/includes/class.robot.php on line 1256
[13-Nov-2021 01:41:57 Europe/Moscow] PHP Notice:  Only variables should be passed by reference in /home/bsn/sites/bsn.ru/public_html/includes/class.robot.php on line 1256
[13-Nov-2021 01:41:57 Europe/Moscow] PHP Notice:  Only variables should be passed by reference in /home/bsn/sites/bsn.ru/public_html/includes/class.robot.php on line 1256
[13-Nov-2021 01:41:57 Europe/Moscow] PHP Notice:  Only variables should be passed by reference in /home/bsn/sites/bsn.ru/public_html/includes/class.robot.php on line 1256
[13-Nov-2021 01:41:57 Europe/Moscow] PHP Notice:  Only variables should be passed by reference in /home/bsn/sites/bsn.ru/public_html/includes/class.robot.php on line 1256
[13-Nov-2021 01:41:57 Europe/Moscow] PHP Notice:  Only variables should be passed by reference in /home/bsn/sites/bsn.ru/public_html/includes/class.robot.php on line 1256
[13-Nov-2021 01:41:57 Europe/Moscow] PHP Notice:  Only variables should be passed by reference in /home/bsn/sites/bsn.ru/public_html/includes/class.robot.php on line 1256
[13-Nov-2021 01:41:57 Europe/Moscow] PHP Notice:  Only variables should be passed by reference in /home/bsn/sites/bsn.ru/public_html/includes/class.robot.php on line 1256
[13-Nov-2021 01:41:57 Europe/Moscow] PHP Notice:  Only variables should be passed by reference in /home/bsn/sites/bsn.ru/public_html/includes/class.robot.php on line 1256
[13-Nov-2021 01:41:57 Europe/Moscow] PHP Notice:  Only variables should be passed by reference in /home/bsn/sites/bsn.ru/public_html/includes/class.robot.php on line 1256
[13-Nov-2021 01:41:57 Europe/Moscow] PHP Notice:  Only variables should be passed by reference in /home/bsn/sites/bsn.ru/public_html/includes/class.robot.php on line 1256
[13-Nov-2021 01:41:57 Europe/Moscow] PHP Notice:  Only variables should be passed by reference in /home/bsn/sites/bsn.ru/public_html/includes/class.robot.php on line 1256
[13-Nov-2021 01:41:57 Europe/Moscow] PHP Notice:  Only variables should be passed by reference in /home/bsn/sites/bsn.ru/public_html/includes/class.robot.php on line 1256
[13-Nov-2021 01:41:57 Europe/Moscow] PHP Notice:  Only variables should be passed by reference in /home/bsn/sites/bsn.ru/public_html/includes/class.robot.php on line 1256
[13-Nov-2021 01:41:57 Europe/Moscow] PHP Notice:  Only variables should be passed by reference in /home/bsn/sites/bsn.ru/public_html/includes/class.robot.php on line 1256
[13-Nov-2021 01:41:57 Europe/Moscow] PHP Notice:  Only variables should be passed by reference in /home/bsn/sites/bsn.ru/public_html/includes/class.robot.php on line 1256
[13-Nov-2021 01:41:57 Europe/Moscow] PHP Notice:  Only variables should be passed by reference in /home/bsn/sites/bsn.ru/public_html/includes/class.robot.php on line 1256
[13-Nov-2021 01:41:57 Europe/Moscow] PHP Notice:  Only variables should be passed by reference in /home/bsn/sites/bsn.ru/public_html/includes/class.robot.php on line 1256
[13-Nov-2021 01:41:57 Europe/Moscow] PHP Notice:  Only variables should be passed by reference in /home/bsn/sites/bsn.ru/public_html/includes/class.robot.php on line 1256
[13-Nov-2021 01:41:57 Europe/Moscow] PHP Notice:  Only variables should be passed by reference in /home/bsn/sites/bsn.ru/public_html/includes/class.robot.php on line 1256
[13-Nov-2021 01:41:57 Europe/Moscow] PHP Notice:  Only variables should be passed by reference in /home/bsn/sites/bsn.ru/public_html/includes/class.robot.php on line 1256
[13-Nov-2021 01:41:57 Europe/Moscow] PHP Notice:  Only variables should be passed by reference in /home/bsn/sites/bsn.ru/public_html/includes/class.robot.php on line 1256
[13-Nov-2021 01:41:57 Europe/Moscow] PHP Notice:  Only variables should be passed by reference in /home/bsn/sites/bsn.ru/public_html/includes/class.robot.php on line 1256
[13-Nov-2021 01:41:57 Europe/Moscow] PHP Notice:  Only variables should be passed by reference in /home/bsn/sites/bsn.ru/public_html/includes/class.robot.php on line 1256
[13-Nov-2021 01:41:57 Europe/Moscow] PHP Notice:  Only variables should be passed by reference in /home/bsn/sites/bsn.ru/public_html/includes/class.robot.php on line 1256
[13-Nov-2021 01:41:57 Europe/Moscow] PHP Notice:  Only variables should be passed by reference in /home/bsn/sites/bsn.ru/public_html/includes/class.robot.php on line 1256
[13-Nov-2021 01:41:57 Europe/Moscow] PHP Notice:  Only variables should be passed by reference in /home/bsn/sites/bsn.ru/public_html/includes/class.robot.php on line 1256
[13-Nov-2021 01:41:57 Europe/Moscow] PHP Notice:  Only variables should be passed by reference in /home/bsn/sites/bsn.ru/public_html/includes/class.robot.php on line 1256
[13-Nov-2021 01:41:57 Europe/Moscow] PHP Notice:  Only variables should be passed by reference in /home/bsn/sites/bsn.ru/public_html/includes/class.robot.php on line 1256
[13-Nov-2021 01:41:58 Europe/Moscow] PHP Notice:  Only variables should be passed by reference in /home/bsn/sites/bsn.ru/public_html/includes/class.robot.php on line 1256
[13-Nov-2021 01:41:58 Europe/Moscow] PHP Notice:  Only variables should be passed by reference in /home/bsn/sites/bsn.ru/public_html/includes/class.robot.php on line 1256
[13-Nov-2021 01:41:58 Europe/Moscow] PHP Notice:  Only variables should be passed by reference in /home/bsn/sites/bsn.ru/public_html/includes/class.robot.php on line 1256
[13-Nov-2021 01:41:58 Europe/Moscow] PHP Notice:  Only variables should be passed by reference in /home/bsn/sites/bsn.ru/public_html/includes/class.robot.php on line 1256
[13-Nov-2021 01:41:58 Europe/Moscow] PHP Notice:  Only variables should be passed by reference in /home/bsn/sites/bsn.ru/public_html/includes/class.robot.php on line 1256
[13-Nov-2021 01:41:58 Europe/Moscow] PHP Notice:  Only variables should be passed by reference in /home/bsn/sites/bsn.ru/public_html/includes/class.robot.php on line 1256
[13-Nov-2021 01:41:58 Europe/Moscow] PHP Notice:  Only variables should be passed by reference in /home/bsn/sites/bsn.ru/public_html/includes/class.robot.php on line 1256
[13-Nov-2021 01:41:58 Europe/Moscow] PHP Notice:  Only variables should be passed by reference in /home/bsn/sites/bsn.ru/public_html/includes/class.robot.php on line 1256
[13-Nov-2021 01:41:58 Europe/Moscow] PHP Notice:  Only variables should be passed by reference in /home/bsn/sites/bsn.ru/public_html/includes/class.robot.php on line 1256
[13-Nov-2021 01:41:58 Europe/Moscow] PHP Notice:  Only variables should be passed by reference in /home/bsn/sites/bsn.ru/public_html/includes/class.robot.php on line 1256
[13-Nov-2021 01:41:58 Europe/Moscow] PHP Notice:  Only variables should be passed by reference in /home/bsn/sites/bsn.ru/public_html/includes/class.robot.php on line 1256
[13-Nov-2021 01:41:58 Europe/Moscow] PHP Notice:  Only variables should be passed by reference in /home/bsn/sites/bsn.ru/public_html/includes/class.robot.php on line 1256
[13-Nov-2021 01:41:58 Europe/Moscow] PHP Notice:  Only variables should be passed by reference in /home/bsn/sites/bsn.ru/public_html/includes/class.robot.php on line 1256
[13-Nov-2021 01:41:58 Europe/Moscow] PHP Notice:  Only variables should be passed by reference in /home/bsn/sites/bsn.ru/public_html/includes/class.robot.php on line 1256
[13-Nov-2021 01:41:58 Europe/Moscow] PHP Notice:  Only variables should be passed by reference in /home/bsn/sites/bsn.ru/public_html/includes/class.robot.php on line 1256
[13-Nov-2021 01:41:58 Europe/Moscow] PHP Notice:  Only variables should be passed by reference in /home/bsn/sites/bsn.ru/public_html/includes/class.robot.php on line 1256
[13-Nov-2021 01:41:58 Europe/Moscow] PHP Notice:  Only variables should be passed by reference in /home/bsn/sites/bsn.ru/public_html/includes/class.robot.php on line 1256
[13-Nov-2021 01:41:58 Europe/Moscow] PHP Notice:  Only variables should be passed by reference in /home/bsn/sites/bsn.ru/public_html/includes/class.robot.php on line 1256
[13-Nov-2021 01:41:58 Europe/Moscow] PHP Notice:  Only variables should be passed by reference in /home/bsn/sites/bsn.ru/public_html/includes/class.robot.php on line 1256
[13-Nov-2021 01:41:58 Europe/Moscow] PHP Notice:  Only variables should be passed by reference in /home/bsn/sites/bsn.ru/public_html/includes/class.robot.php on line 1256
[13-Nov-2021 01:41:58 Europe/Moscow] PHP Notice:  Only variables should be passed by reference in /home/bsn/sites/bsn.ru/public_html/includes/class.robot.php on line 1256
[13-Nov-2021 01:41:58 Europe/Moscow] PHP Notice:  Only variables should be passed by reference in /home/bsn/sites/bsn.ru/public_html/includes/class.robot.php on line 1256
[13-Nov-2021 01:41:58 Europe/Moscow] PHP Notice:  Only variables should be passed by reference in /home/bsn/sites/bsn.ru/public_html/includes/class.robot.php on line 1256
[13-Nov-2021 01:41:58 Europe/Moscow] PHP Notice:  Only variables should be passed by reference in /home/bsn/sites/bsn.ru/public_html/includes/class.robot.php on line 1256
[13-Nov-2021 01:41:58 Europe/Moscow] PHP Notice:  getimagesize(): Read error! in /home/bsn/sites/bsn.ru/public_html/includes/class.photos.php on line 372
[13-Nov-2021 01:41:58 Europe/Moscow] PHP Notice:  getimagesize(): Read error! in /home/bsn/sites/bsn.ru/public_html/includes/class.photos.php on line 222
[13-Nov-2021 01:41:58 Europe/Moscow] PHP Notice:  getimagesize(): Read error! in /home/bsn/sites/bsn.ru/public_html/includes/class.photos.php on line 554
[13-Nov-2021 01:41:59 Europe/Moscow] PHP Notice:  getimagesize(): Read error! in /home/bsn/sites/bsn.ru/public_html/includes/class.photos.php on line 372
[13-Nov-2021 01:41:59 Europe/Moscow] PHP Notice:  getimagesize(): Read error! in /home/bsn/sites/bsn.ru/public_html/includes/class.photos.php on line 222
[13-Nov-2021 01:41:59 Europe/Moscow] PHP Notice:  getimagesize(): Read error! in /home/bsn/sites/bsn.ru/public_html/includes/class.photos.php on line 554
[13-Nov-2021 01:41:59 Europe/Moscow] PHP Notice:  Only variables should be passed by reference in /home/bsn/sites/bsn.ru/public_html/includes/class.robot.php on line 1256
[13-Nov-2021 01:41:59 Europe/Moscow] PHP Notice:  getimagesize(): Read error! in /home/bsn/sites/bsn.ru/public_html/includes/class.photos.php on line 372
[13-Nov-2021 01:41:59 Europe/Moscow] PHP Notice:  getimagesize(): Read error! in /home/bsn/sites/bsn.ru/public_html/includes/class.photos.php on line 222
[13-Nov-2021 01:41:59 Europe/Moscow] PHP Notice:  getimagesize(): Read error! in /home/bsn/sites/bsn.ru/public_html/includes/class.photos.php on line 554
[13-Nov-2021 01:41:59 Europe/Moscow] PHP Notice:  getimagesize(): Read error! in /home/bsn/sites/bsn.ru/public_html/includes/class.photos.php on line 372
[13-Nov-2021 01:41:59 Europe/Moscow] PHP Notice:  getimagesize(): Read error! in /home/bsn/sites/bsn.ru/public_html/includes/class.photos.php on line 222
[13-Nov-2021 01:41:59 Europe/Moscow] PHP Notice:  getimagesize(): Read error! in /home/bsn/sites/bsn.ru/public_html/includes/class.photos.php on line 554
[13-Nov-2021 01:41:59 Europe/Moscow] PHP Notice:  Only variables should be passed by reference in /home/bsn/sites/bsn.ru/public_html/includes/class.robot.php on line 1256
[13-Nov-2021 01:41:59 Europe/Moscow] PHP Notice:  getimagesize(): Read error! in /home/bsn/sites/bsn.ru/public_html/includes/class.photos.php on line 372
[13-Nov-2021 01:41:59 Europe/Moscow] PHP Notice:  getimagesize(): Read error! in /home/bsn/sites/bsn.ru/public_html/includes/class.photos.php on line 222
[13-Nov-2021 01:41:59 Europe/Moscow] PHP Notice:  getimagesize(): Read error! in /home/bsn/sites/bsn.ru/public_html/includes/class.photos.php on line 554
[13-Nov-2021 01:41:59 Europe/Moscow] PHP Notice:  getimagesize(): Read error! in /home/bsn/sites/bsn.ru/public_html/includes/class.photos.php on line 372
[13-Nov-2021 01:41:59 Europe/Moscow] PHP Notice:  getimagesize(): Read error! in /home/bsn/sites/bsn.ru/public_html/includes/class.photos.php on line 222
[13-Nov-2021 01:41:59 Europe/Moscow] PHP Notice:  getimagesize(): Read error! in /home/bsn/sites/bsn.ru/public_html/includes/class.photos.php on line 554
[13-Nov-2021 01:41:59 Europe/Moscow] PHP Notice:  Only variables should be passed by reference in /home/bsn/sites/bsn.ru/public_html/includes/class.robot.php on line 1256
[13-Nov-2021 01:41:59 Europe/Moscow] PHP Notice:  getimagesize(): Read error! in /home/bsn/sites/bsn.ru/public_html/includes/class.photos.php on line 372
[13-Nov-2021 01:41:59 Europe/Moscow] PHP Notice:  getimagesize(): Read error! in /home/bsn/sites/bsn.ru/public_html/includes/class.photos.php on line 222
[13-Nov-2021 01:41:59 Europe/Moscow] PHP Notice:  getimagesize(): Read error! in /home/bsn/sites/bsn.ru/public_html/includes/class.photos.php on line 554
[13-Nov-2021 01:41:59 Europe/Moscow] PHP Notice:  getimagesize(): Read error! in /home/bsn/sites/bsn.ru/public_html/includes/class.photos.php on line 372
[13-Nov-2021 01:41:59 Europe/Moscow] PHP Notice:  getimagesize(): Read error! in /home/bsn/sites/bsn.ru/public_html/includes/class.photos.php on line 222
[13-Nov-2021 01:41:59 Europe/Moscow] PHP Notice:  getimagesize(): Read error! in /home/bsn/sites/bsn.ru/public_html/includes/class.photos.php on line 554
[13-Nov-2021 01:41:59 Europe/Moscow] PHP Notice:  Only variables should be passed by reference in /home/bsn/sites/bsn.ru/public_html/includes/class.robot.php on line 1256
[13-Nov-2021 01:41:59 Europe/Moscow] PHP Notice:  getimagesize(): Read error! in /home/bsn/sites/bsn.ru/public_html/includes/class.photos.php on line 372
[13-Nov-2021 01:42:00 Europe/Moscow] PHP Notice:  getimagesize(): Read error! in /home/bsn/sites/bsn.ru/public_html/includes/class.photos.php on line 222
[13-Nov-2021 01:42:00 Europe/Moscow] PHP Notice:  getimagesize(): Read error! in /home/bsn/sites/bsn.ru/public_html/includes/class.photos.php on line 554
[13-Nov-2021 01:42:00 Europe/Moscow] PHP Notice:  getimagesize(): Read error! in /home/bsn/sites/bsn.ru/public_html/includes/class.photos.php on line 372
[13-Nov-2021 01:42:00 Europe/Moscow] PHP Notice:  getimagesize(): Read error! in /home/bsn/sites/bsn.ru/public_html/includes/class.photos.php on line 222
[13-Nov-2021 01:42:00 Europe/Moscow] PHP Notice:  getimagesize(): Read error! in /home/bsn/sites/bsn.ru/public_html/includes/class.photos.php on line 554
[13-Nov-2021 01:42:00 Europe/Moscow] PHP Notice:  Only variables should be passed by reference in /home/bsn/sites/bsn.ru/public_html/includes/class.robot.php on line 1256
[13-Nov-2021 01:42:00 Europe/Moscow] PHP Notice:  getimagesize(): Read error! in /home/bsn/sites/bsn.ru/public_html/includes/class.photos.php on line 372
[13-Nov-2021 01:42:00 Europe/Moscow] PHP Notice:  getimagesize(): Read error! in /home/bsn/sites/bsn.ru/public_html/includes/class.photos.php on line 222
[13-Nov-2021 01:42:00 Europe/Moscow] PHP Notice:  getimagesize(): Read error! in /home/bsn/sites/bsn.ru/public_html/includes/class.photos.php on line 554
[13-Nov-2021 01:42:00 Europe/Moscow] PHP Notice:  getimagesize(): Read error! in /home/bsn/sites/bsn.ru/public_html/includes/class.photos.php on line 372
[13-Nov-2021 01:42:00 Europe/Moscow] PHP Notice:  getimagesize(): Read error! in /home/bsn/sites/bsn.ru/public_html/includes/class.photos.php on line 222
[13-Nov-2021 01:42:00 Europe/Moscow] PHP Notice:  getimagesize(): Read error! in /home/bsn/sites/bsn.ru/public_html/includes/class.photos.php on line 554
[13-Nov-2021 01:42:00 Europe/Moscow] PHP Notice:  Only variables should be passed by reference in /home/bsn/sites/bsn.ru/public_html/includes/class.robot.php on line 1256
[13-Nov-2021 01:42:00 Europe/Moscow] PHP Notice:  getimagesize(): Read error! in /home/bsn/sites/bsn.ru/public_html/includes/class.photos.php on line 372
[13-Nov-2021 01:42:00 Europe/Moscow] PHP Notice:  getimagesize(): Read error! in /home/bsn/sites/bsn.ru/public_html/includes/class.photos.php on line 222
[13-Nov-2021 01:42:00 Europe/Moscow] PHP Notice:  getimagesize(): Read error! in /home/bsn/sites/bsn.ru/public_html/includes/class.photos.php on line 554
[13-Nov-2021 01:42:00 Europe/Moscow] PHP Notice:  getimagesize(): Read error! in /home/bsn/sites/bsn.ru/public_html/includes/class.photos.php on line 372
[13-Nov-2021 01:42:00 Europe/Moscow] PHP Notice:  getimagesize(): Read error! in /home/bsn/sites/bsn.ru/public_html/includes/class.photos.php on line 222
[13-Nov-2021 01:42:00 Europe/Moscow] PHP Notice:  getimagesize(): Read error! in /home/bsn/sites/bsn.ru/public_html/includes/class.photos.php on line 554
[13-Nov-2021 01:42:00 Europe/Moscow] PHP Notice:  Only variables should be passed by reference in /home/bsn/sites/bsn.ru/public_html/includes/class.robot.php on line 1256
[13-Nov-2021 01:42:00 Europe/Moscow] PHP Notice:  getimagesize(): Read error! in /home/bsn/sites/bsn.ru/public_html/includes/class.photos.php on line 372
[13-Nov-2021 01:42:00 Europe/Moscow] PHP Notice:  getimagesize(): Read error! in /home/bsn/sites/bsn.ru/public_html/includes/class.photos.php on line 222
[13-Nov-2021 01:42:00 Europe/Moscow] PHP Notice:  getimagesize(): Read error! in /home/bsn/sites/bsn.ru/public_html/includes/class.photos.php on line 554
[13-Nov-2021 01:42:00 Europe/Moscow] PHP Notice:  getimagesize(): Read error! in /home/bsn/sites/bsn.ru/public_html/includes/class.photos.php on line 372
[13-Nov-2021 01:42:00 Europe/Moscow] PHP Notice:  getimagesize(): Read error! in /home/bsn/sites/bsn.ru/public_html/includes/class.photos.php on line 222
[13-Nov-2021 01:42:00 Europe/Moscow] PHP Notice:  getimagesize(): Read error! in /home/bsn/sites/bsn.ru/public_html/includes/class.photos.php on line 554
[13-Nov-2021 01:42:00 Europe/Moscow] PHP Notice:  Only variables should be passed by reference in /home/bsn/sites/bsn.ru/public_html/includes/class.robot.php on line 1256
[13-Nov-2021 01:42:01 Europe/Moscow] PHP Notice:  getimagesize(): Read error! in /home/bsn/sites/bsn.ru/public_html/includes/class.photos.php on line 372
[13-Nov-2021 01:42:01 Europe/Moscow] PHP Notice:  getimagesize(): Read error! in /home/bsn/sites/bsn.ru/public_html/includes/class.photos.php on line 222
[13-Nov-2021 01:42:01 Europe/Moscow] PHP Notice:  getimagesize(): Read error! in /home/bsn/sites/bsn.ru/public_html/includes/class.photos.php on line 554
[13-Nov-2021 01:42:01 Europe/Moscow] PHP Notice:  getimagesize(): Read error! in /home/bsn/sites/bsn.ru/public_html/includes/class.photos.php on line 372
[13-Nov-2021 01:42:01 Europe/Moscow] PHP Notice:  getimagesize(): Read error! in /home/bsn/sites/bsn.ru/public_html/includes/class.photos.php on line 222
[13-Nov-2021 01:42:01 Europe/Moscow] PHP Notice:  getimagesize(): Read error! in /home/bsn/sites/bsn.ru/public_html/includes/class.photos.php on line 554
[13-Nov-2021 01:42:01 Europe/Moscow] PHP Notice:  Only variables should be passed by reference in /home/bsn/sites/bsn.ru/public_html/includes/class.robot.php on line 1256
[13-Nov-2021 01:42:01 Europe/Moscow] PHP Notice:  getimagesize(): Read error! in /home/bsn/sites/bsn.ru/public_html/includes/class.photos.php on line 372
[13-Nov-2021 01:42:01 Europe/Moscow] PHP Notice:  getimagesize(): Read error! in /home/bsn/sites/bsn.ru/public_html/includes/class.photos.php on line 222
[13-Nov-2021 01:42:01 Europe/Moscow] PHP Notice:  getimagesize(): Read error! in /home/bsn/sites/bsn.ru/public_html/includes/class.photos.php on line 554
[13-Nov-2021 01:42:01 Europe/Moscow] PHP Notice:  getimagesize(): Read error! in /home/bsn/sites/bsn.ru/public_html/includes/class.photos.php on line 372
[13-Nov-2021 01:42:01 Europe/Moscow] PHP Notice:  getimagesize(): Read error! in /home/bsn/sites/bsn.ru/public_html/includes/class.photos.php on line 222
[13-Nov-2021 01:42:01 Europe/Moscow] PHP Notice:  getimagesize(): Read error! in /home/bsn/sites/bsn.ru/public_html/includes/class.photos.php on line 554
[13-Nov-2021 01:42:01 Europe/Moscow] PHP Notice:  Only variables should be passed by reference in /home/bsn/sites/bsn.ru/public_html/includes/class.robot.php on line 1256
[13-Nov-2021 01:42:01 Europe/Moscow] PHP Notice:  getimagesize(): Read error! in /home/bsn/sites/bsn.ru/public_html/includes/class.photos.php on line 372
[13-Nov-2021 01:42:01 Europe/Moscow] PHP Notice:  getimagesize(): Read error! in /home/bsn/sites/bsn.ru/public_html/includes/class.photos.php on line 222
[13-Nov-2021 01:42:01 Europe/Moscow] PHP Notice:  getimagesize(): Read error! in /home/bsn/sites/bsn.ru/public_html/includes/class.photos.php on line 554
[13-Nov-2021 01:42:02 Europe/Moscow] PHP Notice:  getimagesize(): Read error! in /home/bsn/sites/bsn.ru/public_html/includes/class.photos.php on line 372
[13-Nov-2021 01:42:02 Europe/Moscow] PHP Notice:  getimagesize(): Read error! in /home/bsn/sites/bsn.ru/public_html/includes/class.photos.php on line 222
[13-Nov-2021 01:42:02 Europe/Moscow] PHP Notice:  getimagesize(): Read error! in /home/bsn/sites/bsn.ru/public_html/includes/class.photos.php on line 554
[13-Nov-2021 01:42:02 Europe/Moscow] PHP Notice:  Only variables should be passed by reference in /home/bsn/sites/bsn.ru/public_html/includes/class.robot.php on line 1256
[13-Nov-2021 01:42:02 Europe/Moscow] PHP Notice:  getimagesize(): Read error! in /home/bsn/sites/bsn.ru/public_html/includes/class.photos.php on line 372
[13-Nov-2021 01:42:02 Europe/Moscow] PHP Notice:  getimagesize(): Read error! in /home/bsn/sites/bsn.ru/public_html/includes/class.photos.php on line 222
[13-Nov-2021 01:42:02 Europe/Moscow] PHP Notice:  getimagesize(): Read error! in /home/bsn/sites/bsn.ru/public_html/includes/class.photos.php on line 554
[13-Nov-2021 01:42:02 Europe/Moscow] PHP Notice:  getimagesize(): Read error! in /home/bsn/sites/bsn.ru/public_html/includes/class.photos.php on line 372
[13-Nov-2021 01:42:02 Europe/Moscow] PHP Notice:  getimagesize(): Read error! in /home/bsn/sites/bsn.ru/public_html/includes/class.photos.php on line 222
[13-Nov-2021 01:42:02 Europe/Moscow] PHP Notice:  getimagesize(): Read error! in /home/bsn/sites/bsn.ru/public_html/includes/class.photos.php on line 554
[13-Nov-2021 01:42:02 Europe/Moscow] PHP Notice:  Only variables should be passed by reference in /home/bsn/sites/bsn.ru/public_html/includes/class.robot.php on line 1256
[13-Nov-2021 01:42:02 Europe/Moscow] PHP Notice:  getimagesize(): Read error! in /home/bsn/sites/bsn.ru/public_html/includes/class.photos.php on line 372
[13-Nov-2021 01:42:02 Europe/Moscow] PHP Notice:  getimagesize(): Read error! in /home/bsn/sites/bsn.ru/public_html/includes/class.photos.php on line 222
[13-Nov-2021 01:42:02 Europe/Moscow] PHP Notice:  getimagesize(): Read error! in /home/bsn/sites/bsn.ru/public_html/includes/class.photos.php on line 554
[13-Nov-2021 01:42:02 Europe/Moscow] PHP Notice:  getimagesize(): Read error! in /home/bsn/sites/bsn.ru/public_html/includes/class.photos.php on line 372
[13-Nov-2021 01:42:02 Europe/Moscow] PHP Notice:  getimagesize(): Read error! in /home/bsn/sites/bsn.ru/public_html/includes/class.photos.php on line 222
[13-Nov-2021 01:42:02 Europe/Moscow] PHP Notice:  getimagesize(): Read error! in /home/bsn/sites/bsn.ru/public_html/includes/class.photos.php on line 554
[13-Nov-2021 01:42:02 Europe/Moscow] PHP Notice:  Only variables should be passed by reference in /home/bsn/sites/bsn.ru/public_html/includes/class.robot.php on line 1256
[13-Nov-2021 01:42:02 Europe/Moscow] PHP Notice:  getimagesize(): Read error! in /home/bsn/sites/bsn.ru/public_html/includes/class.photos.php on line 372
[13-Nov-2021 01:42:02 Europe/Moscow] PHP Notice:  getimagesize(): Read error! in /home/bsn/sites/bsn.ru/public_html/includes/class.photos.php on line 222
[13-Nov-2021 01:42:02 Europe/Moscow] PHP Notice:  getimagesize(): Read error! in /home/bsn/sites/bsn.ru/public_html/includes/class.photos.php on line 554
[13-Nov-2021 01:42:02 Europe/Moscow] PHP Notice:  getimagesize(): Read error! in /home/bsn/sites/bsn.ru/public_html/includes/class.photos.php on line 372
[13-Nov-2021 01:42:02 Europe/Moscow] PHP Notice:  getimagesize(): Read error! in /home/bsn/sites/bsn.ru/public_html/includes/class.photos.php on line 222
[13-Nov-2021 01:42:02 Europe/Moscow] PHP Notice:  getimagesize(): Read error! in /home/bsn/sites/bsn.ru/public_html/includes/class.photos.php on line 554
[13-Nov-2021 01:42:02 Europe/Moscow] PHP Notice:  Only variables should be passed by reference in /home/bsn/sites/bsn.ru/public_html/includes/class.robot.php on line 1256
[13-Nov-2021 01:42:02 Europe/Moscow] PHP Notice:  getimagesize(): Read error! in /home/bsn/sites/bsn.ru/public_html/includes/class.photos.php on line 372
[13-Nov-2021 01:42:02 Europe/Moscow] PHP Notice:  getimagesize(): Read error! in /home/bsn/sites/bsn.ru/public_html/includes/class.photos.php on line 222
[13-Nov-2021 01:42:02 Europe/Moscow] PHP Notice:  getimagesize(): Read error! in /home/bsn/sites/bsn.ru/public_html/includes/class.photos.php on line 554
[13-Nov-2021 01:42:03 Europe/Moscow] PHP Notice:  getimagesize(): Read error! in /home/bsn/sites/bsn.ru/public_html/includes/class.photos.php on line 372
[13-Nov-2021 01:42:03 Europe/Moscow] PHP Notice:  getimagesize(): Read error! in /home/bsn/sites/bsn.ru/public_html/includes/class.photos.php on line 222
[13-Nov-2021 01:42:03 Europe/Moscow] PHP Notice:  getimagesize(): Read error! in /home/bsn/sites/bsn.ru/public_html/includes/class.photos.php on line 554
[13-Nov-2021 01:42:03 Europe/Moscow] PHP Notice:  Only variables should be passed by reference in /home/bsn/sites/bsn.ru/public_html/includes/class.robot.php on line 1256
[13-Nov-2021 01:42:03 Europe/Moscow] PHP Notice:  getimagesize(): Read error! in /home/bsn/sites/bsn.ru/public_html/includes/class.photos.php on line 372
[13-Nov-2021 01:42:03 Europe/Moscow] PHP Notice:  getimagesize(): Read error! in /home/bsn/sites/bsn.ru/public_html/includes/class.photos.php on line 222
[13-Nov-2021 01:42:03 Europe/Moscow] PHP Notice:  getimagesize(): Read error! in /home/bsn/sites/bsn.ru/public_html/includes/class.photos.php on line 554
[13-Nov-2021 01:42:03 Europe/Moscow] PHP Notice:  getimagesize(): Read error! in /home/bsn/sites/bsn.ru/public_html/includes/class.photos.php on line 372
[13-Nov-2021 01:42:03 Europe/Moscow] PHP Notice:  getimagesize(): Read error! in /home/bsn/sites/bsn.ru/public_html/includes/class.photos.php on line 222
[13-Nov-2021 01:42:03 Europe/Moscow] PHP Notice:  getimagesize(): Read error! in /home/bsn/sites/bsn.ru/public_html/includes/class.photos.php on line 554
[13-Nov-2021 01:42:03 Europe/Moscow] PHP Notice:  Only variables should be passed by reference in /home/bsn/sites/bsn.ru/public_html/includes/class.robot.php on line 1256
[13-Nov-2021 01:42:03 Europe/Moscow] PHP Notice:  getimagesize(): Read error! in /home/bsn/sites/bsn.ru/public_html/includes/class.photos.php on line 372
[13-Nov-2021 01:42:03 Europe/Moscow] PHP Notice:  getimagesize(): Read error! in /home/bsn/sites/bsn.ru/public_html/includes/class.photos.php on line 222
[13-Nov-2021 01:42:03 Europe/Moscow] PHP Notice:  getimagesize(): Read error! in /home/bsn/sites/bsn.ru/public_html/includes/class.photos.php on line 554
[13-Nov-2021 01:42:03 Europe/Moscow] PHP Notice:  getimagesize(): Read error! in /home/bsn/sites/bsn.ru/public_html/includes/class.photos.php on line 372
[13-Nov-2021 01:42:03 Europe/Moscow] PHP Notice:  getimagesize(): Read error! in /home/bsn/sites/bsn.ru/public_html/includes/class.photos.php on line 222
[13-Nov-2021 01:42:03 Europe/Moscow] PHP Notice:  getimagesize(): Read error! in /home/bsn/sites/bsn.ru/public_html/includes/class.photos.php on line 554
[13-Nov-2021 01:42:03 Europe/Moscow] PHP Notice:  Only variables should be passed by reference in /home/bsn/sites/bsn.ru/public_html/includes/class.robot.php on line 1256
[13-Nov-2021 01:42:03 Europe/Moscow] PHP Notice:  getimagesize(): Read error! in /home/bsn/sites/bsn.ru/public_html/includes/class.photos.php on line 372
[13-Nov-2021 01:42:03 Europe/Moscow] PHP Notice:  getimagesize(): Read error! in /home/bsn/sites/bsn.ru/public_html/includes/class.photos.php on line 222
[13-Nov-2021 01:42:03 Europe/Moscow] PHP Notice:  getimagesize(): Read error! in /home/bsn/sites/bsn.ru/public_html/includes/class.photos.php on line 554
[13-Nov-2021 01:42:03 Europe/Moscow] PHP Notice:  getimagesize(): Read error! in /home/bsn/sites/bsn.ru/public_html/includes/class.photos.php on line 372
[13-Nov-2021 01:42:03 Europe/Moscow] PHP Notice:  getimagesize(): Read error! in /home/bsn/sites/bsn.ru/public_html/includes/class.photos.php on line 222
[13-Nov-2021 01:42:03 Europe/Moscow] PHP Notice:  getimagesize(): Read error! in /home/bsn/sites/bsn.ru/public_html/includes/class.photos.php on line 554
[13-Nov-2021 01:42:03 Europe/Moscow] PHP Notice:  Only variables should be passed by reference in /home/bsn/sites/bsn.ru/public_html/includes/class.robot.php on line 1256
[13-Nov-2021 01:42:03 Europe/Moscow] PHP Notice:  getimagesize(): Read error! in /home/bsn/sites/bsn.ru/public_html/includes/class.photos.php on line 372
[13-Nov-2021 01:42:03 Europe/Moscow] PHP Notice:  getimagesize(): Read error! in /home/bsn/sites/bsn.ru/public_html/includes/class.photos.php on line 222
[13-Nov-2021 01:42:03 Europe/Moscow] PHP Notice:  getimagesize(): Read error! in /home/bsn/sites/bsn.ru/public_html/includes/class.photos.php on line 554
[13-Nov-2021 01:42:04 Europe/Moscow] PHP Notice:  getimagesize(): Read error! in /home/bsn/sites/bsn.ru/public_html/includes/class.photos.php on line 372
[13-Nov-2021 01:42:04 Europe/Moscow] PHP Notice:  getimagesize(): Read error! in /home/bsn/sites/bsn.ru/public_html/includes/class.photos.php on line 222
[13-Nov-2021 01:42:04 Europe/Moscow] PHP Notice:  getimagesize(): Read error! in /home/bsn/sites/bsn.ru/public_html/includes/class.photos.php on line 554
[13-Nov-2021 01:42:04 Europe/Moscow] PHP Notice:  Only variables should be passed by reference in /home/bsn/sites/bsn.ru/public_html/includes/class.robot.php on line 1256
[13-Nov-2021 01:42:04 Europe/Moscow] PHP Notice:  getimagesize(): Read error! in /home/bsn/sites/bsn.ru/public_html/includes/class.photos.php on line 372
[13-Nov-2021 01:42:04 Europe/Moscow] PHP Notice:  getimagesize(): Read error! in /home/bsn/sites/bsn.ru/public_html/includes/class.photos.php on line 222
[13-Nov-2021 01:42:04 Europe/Moscow] PHP Notice:  getimagesize(): Read error! in /home/bsn/sites/bsn.ru/public_html/includes/class.photos.php on line 554
[13-Nov-2021 01:42:04 Europe/Moscow] PHP Notice:  getimagesize(): Read error! in /home/bsn/sites/bsn.ru/public_html/includes/class.photos.php on line 372
[13-Nov-2021 01:42:04 Europe/Moscow] PHP Notice:  getimagesize(): Read error! in /home/bsn/sites/bsn.ru/public_html/includes/class.photos.php on line 222
[13-Nov-2021 01:42:04 Europe/Moscow] PHP Notice:  getimagesize(): Read error! in /home/bsn/sites/bsn.ru/public_html/includes/class.photos.php on line 554
[13-Nov-2021 01:42:04 Europe/Moscow] PHP Notice:  Only variables should be passed by reference in /home/bsn/sites/bsn.ru/public_html/includes/class.robot.php on line 1256
[13-Nov-2021 01:42:04 Europe/Moscow] PHP Notice:  Only variables should be passed by reference in /home/bsn/sites/bsn.ru/public_html/includes/class.robot.php on line 1256
[13-Nov-2021 01:42:05 Europe/Moscow] PHP Notice:  Undefined variable: nophoto in /home/bsn/sites/bsn.ru/public_html/cron/robot/xml_values_processing.php on line 580
[13-Nov-2021 01:42:05 Europe/Moscow] PHP Notice:  Undefined index: build_sell in /home/bsn/sites/bsn.ru/public_html/cron/robot/xml_values_processing.php on line 609
