Array
(
    [external_id] => Array
        (
        )

    [address] => Array
        (
        )

    [moderation] => Array
        (
            [b776285a] => Array
                (
                    [0] => 
                    [1] => 4
                )

            [9fb97672] => Array
                (
                    [0] => 
                    [1] => 4
                )

            [1f41b35c] => Array
                (
                    [0] => 
                    [1] => 4
                )

            [77518bf7] => Array
                (
                    [0] => 
                    [1] => 4
                )

            [22f8fbc3] => Array
                (
                    [0] => 
                    [1] => 4
                )

            [261219f1] => Array
                (
                    [0] => 
                    [1] => 4
                )

            [2ad1a432] => Array
                (
                    [0] => 
                    [1] => 4
                )

            [e2830d25] => Array
                (
                    [0] => 
                    [1] => 4
                )

            [9f25d7c0] => Array
                (
                    [0] => 
                    [1] => 4
                )

            [e581088d] => Array
                (
                    [0] => 
                    [1] => 4
                )

            [2c662dca] => Array
                (
                    [0] => 
                    [1] => 4
                )

            [26def363] => Array
                (
                    [0] => 
                    [1] => 4
                )

            [8191633f] => Array
                (
                    [0] => 
                    [1] => 4
                )

            [25802455] => Array
                (
                    [0] => 
                    [1] => 4
                )

            [16070ac0] => Array
                (
                    [0] => 
                    [1] => 4
                )

            [8c0f027d] => Array
                (
                    [0] => 
                    [1] => 4
                )

            [3aa84f03] => Array
                (
                    [0] => 
                    [1] => 4
                )

            [9f670827] => Array
                (
                    [0] => 
                    [1] => 4
                )

            [03d0c01f] => Array
                (
                    [0] => 
                    [1] => 4
                )

            [fd77cf00] => Array
                (
                    [0] => 
                    [1] => 4
                )

            [1dbbc20e] => Array
                (
                    [0] => 
                    [1] => 4
                )

            [ae663a63] => Array
                (
                    [0] => 
                    [1] => 4
                )

            [a84c4ba0] => Array
                (
                    [0] => 
                    [1] => 4
                )

            [d1ccfe53] => Array
                (
                    [0] => 
                    [1] => 4
                )

            [52265623] => Array
                (
                    [0] => 
                    [1] => 4
                )

            [3a56017a] => Array
                (
                    [0] => 
                    [1] => 4
                )

            [b73818a2] => Array
                (
                    [0] => 
                    [1] => 4
                )

            [6f28affc] => Array
                (
                    [0] => 
                    [1] => 4
                )

            [75917c8b] => Array
                (
                    [0] => 
                    [1] => 4
                )

            [f1ea37b2] => Array
                (
                    [0] => 
                    [1] => 4
                )

            [b07d9d03] => Array
                (
                    [0] => 
                    [1] => 4
                )

            [0107fc02] => Array
                (
                    [0] => 
                    [1] => 4
                )

            [0a65b678] => Array
                (
                    [0] => 
                    [1] => 4
                )

            [bf99fa14] => Array
                (
                    [0] => 
                    [1] => 4
                )

            [0b6ff2df] => Array
                (
                    [0] => 
                    [1] => 4
                )

            [1067facd] => Array
                (
                    [0] => 
                    [1] => 4
                )

            [3f0e5d51] => Array
                (
                    [0] => 
                    [1] => 4
                )

            [45ac4d66] => Array
                (
                    [0] => 
                    [1] => 4
                )

            [4c014208] => Array
                (
                    [0] => 
                    [1] => 4
                )

            [a9240b8f] => Array
                (
                    [0] => 
                    [1] => 4
                )

            [dc4e3f10] => Array
                (
                    [0] => 
                    [1] => 4
                )

            [751fe34d] => Array
                (
                    [0] => 
                    [1] => 4
                )

            [623b504b] => Array
                (
                    [0] => 
                    [1] => 4
                )

            [513bbcaa] => Array
                (
                    [0] => 
                    [1] => 4
                )

            [f7906bf2] => Array
                (
                    [0] => 
                    [1] => 4
                )

            [9089ec38] => Array
                (
                    [0] => 
                    [1] => 4
                )

            [02e29aa6] => Array
                (
                    [0] => 
                    [1] => 4
                )

            [00b81c23] => Array
                (
                    [0] => 
                    [1] => 4
                )

            [02787d46] => Array
                (
                    [0] => 
                    [1] => 4
                )

            [c7ee2fa9] => Array
                (
                    [0] => 
                    [1] => 4
                )

            [c828895f] => Array
                (
                    [0] => 
                    [1] => 4
                )

            [f45f26ba] => Array
                (
                    [0] => 
                    [1] => 4
                )

            [038a8f02] => Array
                (
                    [0] => 
                    [1] => 4
                )

            [55f7430a] => Array
                (
                    [0] => 
                    [1] => 4
                )

            [5c84de7e] => Array
                (
                    [0] => 
                    [1] => 4
                )

            [af84e06f] => Array
                (
                    [0] => 
                    [1] => 4
                )

            [bd77c4f9] => Array
                (
                    [0] => 
                    [1] => 4
                )

            [5a03ddc8] => Array
                (
                    [0] => 
                    [1] => 4
                )

            [f3d1607d] => Array
                (
                    [0] => 
                    [1] => 4
                )

            [552969fa] => Array
                (
                    [0] => 
                    [1] => 4
                )

            [a8a1197a] => Array
                (
                    [0] => 
                    [1] => 4
                )

            [863da1d9] => Array
                (
                    [0] => 
                    [1] => 4
                )

            [c88678af] => Array
                (
                    [0] => 
                    [1] => 4
                )

            [70ed3052] => Array
                (
                    [0] => 
                    [1] => 4
                )

            [6eef2742] => Array
                (
                    [0] => 
                    [1] => 4
                )

            [f517f97a] => Array
                (
                    [0] => 
                    [1] => 4
                )

            [cfac3c4b] => Array
                (
                    [0] => 
                    [1] => 4
                )

            [658af564] => Array
                (
                    [0] => 
                    [1] => 4
                )

            [40d15d13] => Array
                (
                    [0] => 
                    [1] => 4
                )

            [752c70ff] => Array
                (
                    [0] => 
                    [1] => 4
                )

            [c30172c3] => Array
                (
                    [0] => 
                    [1] => 4
                )

            [cdc84760] => Array
                (
                    [0] => 
                    [1] => 4
                )

            [bae3471f] => Array
                (
                    [0] => 
                    [1] => 4
                )

            [7df581b7] => Array
                (
                    [0] => 
                    [1] => 4
                )

            [a7fa9e9f] => Array
                (
                    [0] => 
                    [1] => 4
                )

            [d5c44d42] => Array
                (
                    [0] => 
                    [1] => 4
                )

            [f4d966c4] => Array
                (
                    [0] => 
                    [1] => 4
                )

            [51d777c3] => Array
                (
                    [0] => 
                    [1] => 4
                )

            [bfb42c3d] => Array
                (
                    [0] => 
                    [1] => 4
                )

            [bbacf695] => Array
                (
                    [0] => 
                    [1] => 4
                )

            [495c3828] => Array
                (
                    [0] => 
                    [1] => 4
                )

            [e9533b53] => Array
                (
                    [0] => 
                    [1] => 4
                )

            [1561003a] => Array
                (
                    [0] => 
                    [1] => 4
                )

            [fa419b9b] => Array
                (
                    [0] => 
                    [1] => 4
                )

            [426dba10] => Array
                (
                    [0] => 
                    [1] => 4
                )

            [6469b5e4] => Array
                (
                    [0] => 
                    [1] => 4
                )

            [f871c73c] => Array
                (
                    [0] => 
                    [1] => 4
                )

            [349a37ec] => Array
                (
                    [0] => 
                    [1] => 4
                )

            [63ff6794] => Array
                (
                    [0] => 
                    [1] => 4
                )

            [4506bf70] => Array
                (
                    [0] => 
                    [1] => 4
                )

            [1d9633ce] => Array
                (
                    [0] => 
                    [1] => 4
                )

            [6c6c56f8] => Array
                (
                    [0] => 
                    [1] => 4
                )

            [45844b87] => Array
                (
                    [0] => 
                    [1] => 4
                )

            [9647aafb] => Array
                (
                    [0] => 
                    [1] => 4
                )

            [13c1ff66] => Array
                (
                    [0] => 
                    [1] => 4
                )

            [ee6a6665] => Array
                (
                    [0] => 
                    [1] => 4
                )

            [24420426] => Array
                (
                    [0] => 
                    [1] => 4
                )

            [9d1d1dc0] => Array
                (
                    [0] => 
                    [1] => 4
                )

            [140a189c] => Array
                (
                    [0] => 
                    [1] => 4
                )

            [9a46214b] => Array
                (
                    [0] => 
                    [1] => 4
                )

            [7d8df45f] => Array
                (
                    [0] => 
                    [1] => 4
                )

            [829d8b01] => Array
                (
                    [0] => 
                    [1] => 4
                )

            [a651a827] => Array
                (
                    [0] => 
                    [1] => 4
                )

            [55fedaa6] => Array
                (
                    [0] => 
                    [1] => 4
                )

            [13626776] => Array
                (
                    [0] => 
                    [1] => 4
                )

            [93ec5551] => Array
                (
                    [0] => 
                    [1] => 4
                )

            [57a9c374] => Array
                (
                    [0] => 
                    [1] => 4
                )

            [6f8833c4] => Array
                (
                    [0] => 
                    [1] => 4
                )

            [23edbe1f] => Array
                (
                    [0] => 
                    [1] => 4
                )

            [12317b36] => Array
                (
                    [0] => 
                    [1] => 4
                )

            [b44781eb] => Array
                (
                    [0] => 
                    [1] => 4
                )

            [eece8dde] => Array
                (
                    [0] => 
                    [1] => 4
                )

            [e234c764] => Array
                (
                    [0] => 
                    [1] => 4
                )

            [8651f1f9] => Array
                (
                    [0] => 
                    [1] => 4
                )

            [b9cb2e23] => Array
                (
                    [0] => 
                    [1] => 4
                )

            [57c53dba] => Array
                (
                    [0] => 
                    [1] => 4
                )

            [5e02caa5] => Array
                (
                    [0] => 
                    [1] => 4
                )

            [7468b828] => Array
                (
                    [0] => 
                    [1] => 4
                )

            [ed34f8b6] => Array
                (
                    [0] => 
                    [1] => 4
                )

            [9bc430ad] => Array
                (
                    [0] => 
                    [1] => 4
                )

            [cdbee9e7] => Array
                (
                    [0] => 
                    [1] => 4
                )

            [35098802] => Array
                (
                    [0] => 
                    [1] => 4
                )

            [ee02c437] => Array
                (
                    [0] => 
                    [1] => 4
                )

            [12998a96] => Array
                (
                    [0] => 
                    [1] => 4
                )

            [ae2b8587] => Array
                (
                    [0] => 
                    [1] => 4
                )

            [18331939] => Array
                (
                    [0] => 
                    [1] => 4
                )

            [a09accad] => Array
                (
                    [0] => 
                    [1] => 4
                )

            [7ef49199] => Array
                (
                    [0] => 
                    [1] => 4
                )

            [21658392] => Array
                (
                    [0] => 
                    [1] => 4
                )

            [b53cbebf] => Array
                (
                    [0] => 
                    [1] => 4
                )

            [a159f167] => Array
                (
                    [0] => 
                    [1] => 4
                )

            [2c1563c6] => Array
                (
                    [0] => 
                    [1] => 4
                )

            [0e2f3ce9] => Array
                (
                    [0] => 
                    [1] => 4
                )

            [280f1abe] => Array
                (
                    [0] => 
                    [1] => 4
                )

            [e2fe72b8] => Array
                (
                    [0] => 
                    [1] => 4
                )

            [1564be15] => Array
                (
                    [0] => 
                    [1] => 4
                )

            [3222fa50] => Array
                (
                    [0] => 
                    [1] => 4
                )

            [eb1a8910] => Array
                (
                    [0] => 
                    [1] => 4
                )

            [038665f4] => Array
                (
                    [0] => 
                    [1] => 4
                )

            [56e093cc] => Array
                (
                    [0] => 
                    [1] => 4
                )

            [f7006554] => Array
                (
                    [0] => 
                    [1] => 4
                )

            [ff2e0153] => Array
                (
                    [0] => 
                    [1] => 4
                )

            [ad086db0] => Array
                (
                    [0] => 
                    [1] => 4
                )

            [ee5a41aa] => Array
                (
                    [0] => 
                    [1] => 4
                )

            [d1e73736] => Array
                (
                    [0] => 
                    [1] => 4
                )

            [8160c2d0] => Array
                (
                    [0] => 
                    [1] => 4
                )

            [e39edd8f] => Array
                (
                    [0] => 
                    [1] => 4
                )

            [d5fcc02c] => Array
                (
                    [0] => 
                    [1] => 4
                )

            [887880a8] => Array
                (
                    [0] => 
                    [1] => 4
                )

            [10b7ea88] => Array
                (
                    [0] => 
                    [1] => 4
                )

            [35f5c57a] => Array
                (
                    [0] => 
                    [1] => 4
                )

            [070f0620] => Array
                (
                    [0] => 
                    [1] => 4
                )

            [861c795a] => Array
                (
                    [0] => 
                    [1] => 4
                )

            [686902b7] => Array
                (
                    [0] => 
                    [1] => 4
                )

            [d0560697] => Array
                (
                    [0] => 
                    [1] => 4
                )

            [e4b906a2] => Array
                (
                    [0] => 
                    [1] => 4
                )

            [f2632ad3] => Array
                (
                    [0] => 
                    [1] => 4
                )

            [636e0806] => Array
                (
                    [0] => 
                    [1] => 4
                )

            [1ad407ee] => Array
                (
                    [0] => 
                    [1] => 4
                )

            [d86de036] => Array
                (
                    [0] => 
                    [1] => 4
                )

            [c73cb1f4] => Array
                (
                    [0] => 
                    [1] => 4
                )

            [79e5d437] => Array
                (
                    [0] => 
                    [1] => 4
                )

            [131b898b] => Array
                (
                    [0] => 
                    [1] => 4
                )

            [8ad7b588] => Array
                (
                    [0] => 
                    [1] => 4
                )

            [f4410504] => Array
                (
                    [0] => 
                    [1] => 4
                )

            [a78e583c] => Array
                (
                    [0] => 
                    [1] => 4
                )

            [0d769ee8] => Array
                (
                    [0] => 
                    [1] => 4
                )

            [5eb31112] => Array
                (
                    [0] => 
                    [1] => 4
                )

            [79d7f9c8] => Array
                (
                    [0] => 
                    [1] => 4
                )

            [1fdf7277] => Array
                (
                    [0] => 
                    [1] => 4
                )

            [c7cb9937] => Array
                (
                    [0] => 
                    [1] => 4
                )

            [594bb1d6] => Array
                (
                    [0] => 
                    [1] => 4
                )

            [fa3624e4] => Array
                (
                    [0] => 
                    [1] => 4
                )

            [26489197] => Array
                (
                    [0] => 
                    [1] => 4
                )

            [09cd7a9a] => Array
                (
                    [0] => 
                    [1] => 4
                )

            [192f81d9] => Array
                (
                    [0] => 
                    [1] => 4
                )

            [1dd404c5] => Array
                (
                    [0] => 
                    [1] => 4
                )

            [6421a683] => Array
                (
                    [0] => 
                    [1] => 4
                )

            [911cf5ef] => Array
                (
                    [0] => 
                    [1] => 4
                )

            [7286bcc0] => Array
                (
                    [0] => 
                    [1] => 4
                )

            [597e6766] => Array
                (
                    [0] => 
                    [1] => 4
                )

            [17e3585a] => Array
                (
                    [0] => 
                    [1] => 4
                )

            [f81a417f] => Array
                (
                    [0] => 
                    [1] => 4
                )

            [7ffb3731] => Array
                (
                    [0] => 
                    [1] => 4
                )

            [e77f5e44] => Array
                (
                    [0] => 
                    [1] => 4
                )

            [0424b39a] => Array
                (
                    [0] => 
                    [1] => 4
                )

            [e16fc7b2] => Array
                (
                    [0] => 
                    [1] => 4
                )

            [713a3496] => Array
                (
                    [0] => 
                    [1] => 4
                )

            [f0b3329c] => Array
                (
                    [0] => 
                    [1] => 4
                )

            [3ef439fd] => Array
                (
                    [0] => 
                    [1] => 4
                )

            [3ac69369] => Array
                (
                    [0] => 
                    [1] => 4
                )

            [86beb88e] => Array
                (
                    [0] => 
                    [1] => 4
                )

            [87577c8d] => Array
                (
                    [0] => 
                    [1] => 4
                )

            [5dcf2e92] => Array
                (
                    [0] => 
                    [1] => 4
                )

            [8dd28c59] => Array
                (
                    [0] => 
                    [1] => 4
                )

            [b83d6532] => Array
                (
                    [0] => 
                    [1] => 4
                )

            [899ed5f5] => Array
                (
                    [0] => 
                    [1] => 4
                )

            [df9770fe] => Array
                (
                    [0] => 
                    [1] => 4
                )

            [7d502d9e] => Array
                (
                    [0] => 
                    [1] => 4
                )

            [131a9768] => Array
                (
                    [0] => 
                    [1] => 4
                )

            [c43fdcef] => Array
                (
                    [0] => 
                    [1] => 4
                )

            [53b473c8] => Array
                (
                    [0] => 
                    [1] => 4
                )

            [72b74744] => Array
                (
                    [0] => 
                    [1] => 4
                )

            [14715074] => Array
                (
                    [0] => 
                    [1] => 4
                )

            [6f74dd03] => Array
                (
                    [0] => 
                    [1] => 4
                )

            [01bbc9ec] => Array
                (
                    [0] => 
                    [1] => 4
                )

            [c3fb637d] => Array
                (
                    [0] => 
                    [1] => 4
                )

            [e1d03a65] => Array
                (
                    [0] => 
                    [1] => 4
                )

            [9813b3f0] => Array
                (
                    [0] => 
                    [1] => 4
                )

            [0c4f385f] => Array
                (
                    [0] => 
                    [1] => 4
                )

            [27537234] => Array
                (
                    [0] => 
                    [1] => 4
                )

            [30cfe7b7] => Array
                (
                    [0] => 
                    [1] => 4
                )

            [c8c11600] => Array
                (
                    [0] => 
                    [1] => 4
                )

            [087e3551] => Array
                (
                    [0] => 
                    [1] => 4
                )

            [d491b83c] => Array
                (
                    [0] => 
                    [1] => 4
                )

            [b219f774] => Array
                (
                    [0] => 
                    [1] => 4
                )

            [4ed4b668] => Array
                (
                    [0] => 
                    [1] => 4
                )

            [8cc0c011] => Array
                (
                    [0] => 
                    [1] => 4
                )

            [ba1bdb88] => Array
                (
                    [0] => 
                    [1] => 4
                )

            [820b748d] => Array
                (
                    [0] => 
                    [1] => 4
                )

            [9a001c27] => Array
                (
                    [0] => 
                    [1] => 4
                )

            [f50d980b] => Array
                (
                    [0] => 
                    [1] => 4
                )

            [afd59078] => Array
                (
                    [0] => 
                    [1] => 4
                )

            [42dacb4f] => Array
                (
                    [0] => 
                    [1] => 4
                )

            [c08c2644] => Array
                (
                    [0] => 
                    [1] => 4
                )

            [a8cdae62] => Array
                (
                    [0] => 
                    [1] => 4
                )

            [75cc736f] => Array
                (
                    [0] => 
                    [1] => 4
                )

            [a4093a58] => Array
                (
                    [0] => 
                    [1] => 4
                )

            [73862eaa] => Array
                (
                    [0] => 
                    [1] => 4
                )

            [2982cde8] => Array
                (
                    [0] => 
                    [1] => 4
                )

            [5b8b92ec] => Array
                (
                    [0] => 
                    [1] => 4
                )

            [c00d8e8a] => Array
                (
                    [0] => 
                    [1] => 4
                )

            [7be393f1] => Array
                (
                    [0] => 
                    [1] => 4
                )

            [45875251] => Array
                (
                    [0] => 
                    [1] => 4
                )

            [146f7b42] => Array
                (
                    [0] => 
                    [1] => 4
                )

            [c44f0a87] => Array
                (
                    [0] => 
                    [1] => 4
                )

            [408231e1] => Array
                (
                    [0] => 
                    [1] => 4
                )

            [13e30555] => Array
                (
                    [0] => 
                    [1] => 4
                )

            [1ffe3a8b] => Array
                (
                    [0] => 
                    [1] => 4
                )

            [4efd7df7] => Array
                (
                    [0] => 
                    [1] => 4
                )

            [a28bd382] => Array
                (
                    [0] => 
                    [1] => 4
                )

            [d40b19b0] => Array
                (
                    [0] => 
                    [1] => 4
                )

            [df60eab3] => Array
                (
                    [0] => 
                    [1] => 4
                )

            [e074e3a9] => Array
                (
                    [0] => 
                    [1] => 4
                )

            [09fb5000] => Array
                (
                    [0] => 
                    [1] => 4
                )

            [2e3d9eae] => Array
                (
                    [0] => 
                    [1] => 4
                )

            [aa8128b8] => Array
                (
                    [0] => 
                    [1] => 4
                )

            [36af074f] => Array
                (
                    [0] => 
                    [1] => 4
                )

            [5dadc64e] => Array
                (
                    [0] => 
                    [1] => 4
                )

            [3559442d] => Array
                (
                    [0] => 
                    [1] => 4
                )

            [f46eed93] => Array
                (
                    [0] => 
                    [1] => 4
                )

            [f797e7f5] => Array
                (
                    [0] => 
                    [1] => 4
                )

            [140056cb] => Array
                (
                    [0] => 
                    [1] => 4
                )

            [8e90d2b5] => Array
                (
                    [0] => 
                    [1] => 4
                )

            [bf017e11] => Array
                (
                    [0] => 
                    [1] => 4
                )

            [b7fe8173] => Array
                (
                    [0] => 
                    [1] => 4
                )

            [bc467218] => Array
                (
                    [0] => 
                    [1] => 4
                )

            [1ae8e938] => Array
                (
                    [0] => 
                    [1] => 4
                )

            [af79eb2d] => Array
                (
                    [0] => 
                    [1] => 4
                )

            [5e68fac8] => Array
                (
                    [0] => 
                    [1] => 4
                )

            [5340cd74] => Array
                (
                    [0] => 
                    [1] => 4
                )

            [1c4a5013] => Array
                (
                    [0] => 
                    [1] => 4
                )

            [c0203fa7] => Array
                (
                    [0] => 
                    [1] => 4
                )

            [b16a8905] => Array
                (
                    [0] => 
                    [1] => 4
                )

            [ab2d3885] => Array
                (
                    [0] => 
                    [1] => 4
                )

            [77ff9d75] => Array
                (
                    [0] => 
                    [1] => 4
                )

            [ea446b71] => Array
                (
                    [0] => 
                    [1] => 4
                )

            [6aa7a4cd] => Array
                (
                    [0] => 
                    [1] => 4
                )

            [54a49a9d] => Array
                (
                    [0] => 
                    [1] => 4
                )

            [6dd23172] => Array
                (
                    [0] => 
                    [1] => 4
                )

            [4fe4c8ec] => Array
                (
                    [0] => 
                    [1] => 4
                )

            [ae75ee96] => Array
                (
                    [0] => 
                    [1] => 4
                )

            [fee62525] => Array
                (
                    [0] => 
                    [1] => 4
                )

            [7d9f4d20] => Array
                (
                    [0] => 
                    [1] => 4
                )

            [71b0501f] => Array
                (
                    [0] => 
                    [1] => 4
                )

            [c36d4c66] => Array
                (
                    [0] => 
                    [1] => 4
                )

            [85fc13bf] => Array
                (
                    [0] => 
                    [1] => 4
                )

            [226b4f18] => Array
                (
                    [0] => 
                    [1] => 4
                )

            [4a28bd4b] => Array
                (
                    [0] => 
                    [1] => 4
                )

            [e7651fd0] => Array
                (
                    [0] => 
                    [1] => 4
                )

            [fc99b4f3] => Array
                (
                    [0] => 
                    [1] => 4
                )

            [ea18e02c] => Array
                (
                    [0] => 
                    [1] => 4
                )

            [e2980d28] => Array
                (
                    [0] => 
                    [1] => 4
                )

            [b05ed7b8] => Array
                (
                    [0] => 
                    [1] => 4
                )

            [281d2692] => Array
                (
                    [0] => 
                    [1] => 4
                )

            [cd8db7b3] => Array
                (
                    [0] => 
                    [1] => 4
                )

            [ca578552] => Array
                (
                    [0] => 
                    [1] => 4
                )

            [75d964c9] => Array
                (
                    [0] => 
                    [1] => 4
                )

            [c2a5ae4a] => Array
                (
                    [0] => 
                    [1] => 4
                )

            [a07ebe85] => Array
                (
                    [0] => 
                    [1] => 4
                )

            [520bddc8] => Array
                (
                    [0] => 
                    [1] => 4
                )

            [7355d0b0] => Array
                (
                    [0] => 
                    [1] => 4
                )

            [1c0590bd] => Array
                (
                    [0] => 
                    [1] => 4
                )

            [c08d1a84] => Array
                (
                    [0] => 
                    [1] => 4
                )

            [25efe1f8] => Array
                (
                    [0] => 
                    [1] => 4
                )

            [0332f042] => Array
                (
                    [0] => 
                    [1] => 4
                )

            [763bfec0] => Array
                (
                    [0] => 
                    [1] => 4
                )

            [52f10e76] => Array
                (
                    [0] => 
                    [1] => 4
                )

            [bb462c7f] => Array
                (
                    [0] => 
                    [1] => 4
                )

            [a57c0768] => Array
                (
                    [0] => 
                    [1] => 4
                )

            [85f01734] => Array
                (
                    [0] => 
                    [1] => 4
                )

            [e2b4a71c] => Array
                (
                    [0] => 
                    [1] => 4
                )

            [904d183b] => Array
                (
                    [0] => 
                    [1] => 4
                )

            [9518e420] => Array
                (
                    [0] => 
                    [1] => 4
                )

            [a121a94b] => Array
                (
                    [0] => 
                    [1] => 4
                )

            [2b112dc1] => Array
                (
                    [0] => 
                    [1] => 4
                )

            [78a6866f] => Array
                (
                    [0] => 
                    [1] => 4
                )

            [cd6b361a] => Array
                (
                    [0] => 
                    [1] => 4
                )

            [78516bc3] => Array
                (
                    [0] => 
                    [1] => 4
                )

            [898f6f44] => Array
                (
                    [0] => 
                    [1] => 4
                )

            [91576c1a] => Array
                (
                    [0] => 
                    [1] => 4
                )

            [ed617c08] => Array
                (
                    [0] => 
                    [1] => 4
                )

            [1309b801] => Array
                (
                    [0] => 
                    [1] => 4
                )

            [22f2cc59] => Array
                (
                    [0] => 
                    [1] => 4
                )

            [bf6686c2] => Array
                (
                    [0] => 
                    [1] => 4
                )

            [6eb87c19] => Array
                (
                    [0] => 
                    [1] => 4
                )

            [68d1cb2c] => Array
                (
                    [0] => 
                    [1] => 4
                )

            [e65dd10c] => Array
                (
                    [0] => 
                    [1] => 4
                )

            [3e8a080a] => Array
                (
                    [0] => 
                    [1] => 4
                )

            [8ce417b4] => Array
                (
                    [0] => 
                    [1] => 4
                )

            [c39cfe69] => Array
                (
                    [0] => 
                    [1] => 4
                )

            [bcac2e68] => Array
                (
                    [0] => 
                    [1] => 4
                )

            [97125eca] => Array
                (
                    [0] => 
                    [1] => 4
                )

            [ecc1848c] => Array
                (
                    [0] => 
                    [1] => 4
                )

            [1bb16b64] => Array
                (
                    [0] => 
                    [1] => 4
                )

            [f9d06e7c] => Array
                (
                    [0] => 
                    [1] => 4
                )

            [e2bcc060] => Array
                (
                    [0] => 
                    [1] => 4
                )

            [22d772ce] => Array
                (
                    [0] => 
                    [1] => 4
                )

            [71759bd7] => Array
                (
                    [0] => 
                    [1] => 4
                )

            [c88c73ec] => Array
                (
                    [0] => 
                    [1] => 4
                )

            [4b5a4f01] => Array
                (
                    [0] => 
                    [1] => 4
                )

            [5602b532] => Array
                (
                    [0] => 
                    [1] => 4
                )

            [715b29ea] => Array
                (
                    [0] => 
                    [1] => 4
                )

            [349b9818] => Array
                (
                    [0] => 
                    [1] => 4
                )

            [2f03c470] => Array
                (
                    [0] => 
                    [1] => 4
                )

            [ab6d70f1] => Array
                (
                    [0] => 
                    [1] => 4
                )

            [d50bd821] => Array
                (
                    [0] => 
                    [1] => 4
                )

            [2e1fa4c9] => Array
                (
                    [0] => 
                    [1] => 4
                )

            [36faa7c9] => Array
                (
                    [0] => 
                    [1] => 4
                )

            [fe072d37] => Array
                (
                    [0] => 
                    [1] => 4
                )

            [c379ca30] => Array
                (
                    [0] => 
                    [1] => 4
                )

            [16d65fa7] => Array
                (
                    [0] => 
                    [1] => 4
                )

            [eae1d95f] => Array
                (
                    [0] => 
                    [1] => 4
                )

            [80a54c3c] => Array
                (
                    [0] => 
                    [1] => 4
                )

            [84df371d] => Array
                (
                    [0] => 
                    [1] => 4
                )

            [65193098] => Array
                (
                    [0] => 
                    [1] => 4
                )

            [a1361342] => Array
                (
                    [0] => 
                    [1] => 4
                )

            [e693b50c] => Array
                (
                    [0] => 
                    [1] => 4
                )

            [0c1b998b] => Array
                (
                    [0] => 
                    [1] => 4
                )

            [5fb7f4b0] => Array
                (
                    [0] => 
                    [1] => 4
                )

            [686cb6fb] => Array
                (
                    [0] => 
                    [1] => 4
                )

            [050a7ba9] => Array
                (
                    [0] => 
                    [1] => 4
                )

            [c92c3abe] => Array
                (
                    [0] => 
                    [1] => 4
                )

            [33a1b458] => Array
                (
                    [0] => 
                    [1] => 4
                )

            [921874b4] => Array
                (
                    [0] => 
                    [1] => 4
                )

            [f1c0ab7d] => Array
                (
                    [0] => 
                    [1] => 4
                )

            [b7003bb2] => Array
                (
                    [0] => 
                    [1] => 4
                )

            [a63059af] => Array
                (
                    [0] => 
                    [1] => 4
                )

            [a472a505] => Array
                (
                    [0] => 
                    [1] => 4
                )

            [0ef5ffd7] => Array
                (
                    [0] => 
                    [1] => 4
                )

            [75122757] => Array
                (
                    [0] => 
                    [1] => 4
                )

            [dfe978a7] => Array
                (
                    [0] => 
                    [1] => 4
                )

            [8d378d36] => Array
                (
                    [0] => 
                    [1] => 4
                )

            [95e6a19d] => Array
                (
                    [0] => 
                    [1] => 4
                )

            [50988a0f] => Array
                (
                    [0] => 
                    [1] => 4
                )

            [a4885f26] => Array
                (
                    [0] => 
                    [1] => 4
                )

            [0a0e31c3] => Array
                (
                    [0] => 
                    [1] => 4
                )

            [98b4c108] => Array
                (
                    [0] => 
                    [1] => 4
                )

            [2ffbb501] => Array
                (
                    [0] => 
                    [1] => 4
                )

            [b20ceb83] => Array
                (
                    [0] => 
                    [1] => 4
                )

            [24f69a0d] => Array
                (
                    [0] => 
                    [1] => 4
                )

            [69b6a7d4] => Array
                (
                    [0] => 
                    [1] => 4
                )

            [764d1e82] => Array
                (
                    [0] => 
                    [1] => 4
                )

            [6b5805cd] => Array
                (
                    [0] => 
                    [1] => 4
                )

            [4ac91de6] => Array
                (
                    [0] => 
                    [1] => 4
                )

            [f0156038] => Array
                (
                    [0] => 
                    [1] => 4
                )

            [0bbac75e] => Array
                (
                    [0] => 
                    [1] => 4
                )

            [ef12cbfa] => Array
                (
                    [0] => 
                    [1] => 4
                )

            [98c28eb1] => Array
                (
                    [0] => 
                    [1] => 4
                )

            [3fbf46c9] => Array
                (
                    [0] => 
                    [1] => 4
                )

            [926e2a1f] => Array
                (
                    [0] => 
                    [1] => 4
                )

            [01504f0b] => Array
                (
                    [0] => 
                    [1] => 4
                )

            [f48e9150] => Array
                (
                    [0] => 
                    [1] => 4
                )

            [4c6c16b2] => Array
                (
                    [0] => 
                    [1] => 4
                )

            [f7851118] => Array
                (
                    [0] => 
                    [1] => 4
                )

            [06a15138] => Array
                (
                    [0] => 
                    [1] => 4
                )

            [3f664b62] => Array
                (
                    [0] => 
                    [1] => 4
                )

            [677a7c05] => Array
                (
                    [0] => 
                    [1] => 4
                )

            [73df63e1] => Array
                (
                    [0] => 
                    [1] => 4
                )

            [0afbb2d0] => Array
                (
                    [0] => 
                    [1] => 4
                )

            [5c76decd] => Array
                (
                    [0] => 
                    [1] => 4
                )

            [a98dd073] => Array
                (
                    [0] => 
                    [1] => 4
                )

            [31279a74] => Array
                (
                    [0] => 
                    [1] => 4
                )

            [55f3f223] => Array
                (
                    [0] => 
                    [1] => 4
                )

            [4bbb25de] => Array
                (
                    [0] => 
                    [1] => 4
                )

            [531d8998] => Array
                (
                    [0] => 
                    [1] => 4
                )

            [13eae56c] => Array
                (
                    [0] => 
                    [1] => 4
                )

            [0b9d7517] => Array
                (
                    [0] => 
                    [1] => 4
                )

            [125f9233] => Array
                (
                    [0] => 
                    [1] => 4
                )

            [8431b713] => Array
                (
                    [0] => 
                    [1] => 4
                )

            [97f6c446] => Array
                (
                    [0] => 
                    [1] => 4
                )

            [5936fbfc] => Array
                (
                    [0] => 
                    [1] => 4
                )

            [3db26d59] => Array
                (
                    [0] => 
                    [1] => 4
                )

            [4fde71a1] => Array
                (
                    [0] => 
                    [1] => 4
                )

            [0b27fe67] => Array
                (
                    [0] => 
                    [1] => 4
                )

            [92e072ce] => Array
                (
                    [0] => 
                    [1] => 4
                )

            [9fd1566e] => Array
                (
                    [0] => 
                    [1] => 4
                )

            [8659ea88] => Array
                (
                    [0] => 
                    [1] => 4
                )

            [90542a1b] => Array
                (
                    [0] => 
                    [1] => 4
                )

            [6444524c] => Array
                (
                    [0] => 
                    [1] => 4
                )

            [1531a8cc] => Array
                (
                    [0] => 
                    [1] => 4
                )

            [e02730f7] => Array
                (
                    [0] => 
                    [1] => 4
                )

            [96bedb66] => Array
                (
                    [0] => 
                    [1] => 4
                )

            [8bc383e5] => Array
                (
                    [0] => 
                    [1] => 4
                )

            [61628476] => Array
                (
                    [0] => 
                    [1] => 4
                )

            [5cc137f4] => Array
                (
                    [0] => 
                    [1] => 4
                )

            [1e994f4e] => Array
                (
                    [0] => 
                    [1] => 4
                )

            [55147fc4] => Array
                (
                    [0] => 
                    [1] => 4
                )

            [56ca4138] => Array
                (
                    [0] => 
                    [1] => 4
                )

            [65a2c20b] => Array
                (
                    [0] => 
                    [1] => 4
                )

            [762974cb] => Array
                (
                    [0] => 
                    [1] => 4
                )

            [c6e2f833] => Array
                (
                    [0] => 
                    [1] => 4
                )

            [c64381cb] => Array
                (
                    [0] => 
                    [1] => 4
                )

            [6a16fa59] => Array
                (
                    [0] => 
                    [1] => 4
                )

            [2608b5b5] => Array
                (
                    [0] => 
                    [1] => 4
                )

            [243ca710] => Array
                (
                    [0] => 
                    [1] => 4
                )

            [63a58f08] => Array
                (
                    [0] => 
                    [1] => 4
                )

            [c4f0ba62] => Array
                (
                    [0] => 
                    [1] => 4
                )

            [381c89ca] => Array
                (
                    [0] => 
                    [1] => 4
                )

            [473c4c0d] => Array
                (
                    [0] => 
                    [1] => 4
                )

            [23ba585c] => Array
                (
                    [0] => 
                    [1] => 4
                )

            [134b6594] => Array
                (
                    [0] => 
                    [1] => 4
                )

            [e5293ad8] => Array
                (
                    [0] => 
                    [1] => 4
                )

            [f0e85ba7] => Array
                (
                    [0] => 
                    [1] => 4
                )

            [7da01a2a] => Array
                (
                    [0] => 
                    [1] => 4
                )

            [26a514e7] => Array
                (
                    [0] => 
                    [1] => 4
                )

            [76a46b5f] => Array
                (
                    [0] => 
                    [1] => 4
                )

            [f82d5415] => Array
                (
                    [0] => 
                    [1] => 4
                )

            [4e2ec49a] => Array
                (
                    [0] => 
                    [1] => 4
                )

            [7a5a992c] => Array
                (
                    [0] => 
                    [1] => 4
                )

            [646c101b] => Array
                (
                    [0] => 
                    [1] => 4
                )

            [5c3b6564] => Array
                (
                    [0] => 
                    [1] => 4
                )

            [d9da6277] => Array
                (
                    [0] => 
                    [1] => 4
                )

            [fa66fa8f] => Array
                (
                    [0] => 
                    [1] => 4
                )

            [fd679fff] => Array
                (
                    [0] => 
                    [1] => 4
                )

            [08bc667f] => Array
                (
                    [0] => 
                    [1] => 4
                )

            [29575ec5] => Array
                (
                    [0] => 
                    [1] => 4
                )

            [7b17cdeb] => Array
                (
                    [0] => 
                    [1] => 4
                )

            [ae28d880] => Array
                (
                    [0] => 
                    [1] => 4
                )

            [29f73c29] => Array
                (
                    [0] => 
                    [1] => 4
                )

            [abf3385f] => Array
                (
                    [0] => 
                    [1] => 4
                )

            [9bc8030a] => Array
                (
                    [0] => 
                    [1] => 4
                )

            [333e9244] => Array
                (
                    [0] => 
                    [1] => 4
                )

            [ff2aa1d1] => Array
                (
                    [0] => 
                    [1] => 4
                )

            [07f2f02e] => Array
                (
                    [0] => 
                    [1] => 4
                )

            [d4d43f57] => Array
                (
                    [0] => 
                    [1] => 4
                )

            [74bcabb7] => Array
                (
                    [0] => 
                    [1] => 4
                )

            [2d2ee9fa] => Array
                (
                    [0] => 
                    [1] => 4
                )

            [7a9aea1d] => Array
                (
                    [0] => 
                    [1] => 4
                )

            [d9b3432d] => Array
                (
                    [0] => 
                    [1] => 4
                )

            [bcfc4a93] => Array
                (
                    [0] => 
                    [1] => 4
                )

            [d6fb0b8c] => Array
                (
                    [0] => 
                    [1] => 4
                )

            [dad15a9a] => Array
                (
                    [0] => 
                    [1] => 4
                )

            [fea5ffd2] => Array
                (
                    [0] => 
                    [1] => 4
                )

            [8fc5414b] => Array
                (
                    [0] => 
                    [1] => 4
                )

            [7549e698] => Array
                (
                    [0] => 
                    [1] => 4
                )

            [c4f93983] => Array
                (
                    [0] => 
                    [1] => 4
                )

            [5f191978] => Array
                (
                    [0] => 
                    [1] => 4
                )

            [f6138848] => Array
                (
                    [0] => 
                    [1] => 4
                )

            [41580a12] => Array
                (
                    [0] => 
                    [1] => 4
                )

            [9b9cf3c1] => Array
                (
                    [0] => 
                    [1] => 4
                )

            [b7a6397d] => Array
                (
                    [0] => 
                    [1] => 4
                )

            [91716a36] => Array
                (
                    [0] => 
                    [1] => 4
                )

            [35f4d4c6] => Array
                (
                    [0] => 
                    [1] => 4
                )

            [c123d3f2] => Array
                (
                    [0] => 
                    [1] => 4
                )

            [b4bd2701] => Array
                (
                    [0] => 
                    [1] => 4
                )

            [912da6ac] => Array
                (
                    [0] => 
                    [1] => 4
                )

            [2a222a63] => Array
                (
                    [0] => 
                    [1] => 4
                )

            [92bcbe25] => Array
                (
                    [0] => 
                    [1] => 4
                )

            [309e7db1] => Array
                (
                    [0] => 
                    [1] => 4
                )

            [a886fe7a] => Array
                (
                    [0] => 
                    [1] => 4
                )

            [56202bd7] => Array
                (
                    [0] => 
                    [1] => 4
                )

            [3807cee4] => Array
                (
                    [0] => 
                    [1] => 4
                )

            [cb28915c] => Array
                (
                    [0] => 
                    [1] => 4
                )

            [eb14f856] => Array
                (
                    [0] => 
                    [1] => 4
                )

            [0885704e] => Array
                (
                    [0] => 
                    [1] => 4
                )

            [60293401] => Array
                (
                    [0] => 
                    [1] => 4
                )

            [becc3338] => Array
                (
                    [0] => 
                    [1] => 4
                )

            [8651090f] => Array
                (
                    [0] => 
                    [1] => 4
                )

            [0569ecd7] => Array
                (
                    [0] => 
                    [1] => 4
                )

            [22ad6ca3] => Array
                (
                    [0] => 
                    [1] => 4
                )

            [b4f52c15] => Array
                (
                    [0] => 
                    [1] => 4
                )

            [ea6dc079] => Array
                (
                    [0] => 
                    [1] => 4
                )

            [cb216617] => Array
                (
                    [0] => 
                    [1] => 4
                )

            [e98639b1] => Array
                (
                    [0] => 
                    [1] => 4
                )

            [f640c9b0] => Array
                (
                    [0] => 
                    [1] => 4
                )

            [83373043] => Array
                (
                    [0] => 
                    [1] => 4
                )

            [4eae3cb0] => Array
                (
                    [0] => 
                    [1] => 4
                )

            [4a489924] => Array
                (
                    [0] => 
                    [1] => 4
                )

            [7c8b795a] => Array
                (
                    [0] => 
                    [1] => 4
                )

            [bba371b5] => Array
                (
                    [0] => 
                    [1] => 4
                )

            [0396daec] => Array
                (
                    [0] => 
                    [1] => 4
                )

            [27602b0a] => Array
                (
                    [0] => 
                    [1] => 4
                )

            [502374a5] => Array
                (
                    [0] => 
                    [1] => 4
                )

            [3b8f638e] => Array
                (
                    [0] => 
                    [1] => 4
                )

            [94eb19a5] => Array
                (
                    [0] => 
                    [1] => 4
                )

            [2fbbd3bc] => Array
                (
                    [0] => 
                    [1] => 4
                )

            [acea6ad5] => Array
                (
                    [0] => 
                    [1] => 4
                )

            [91f66821] => Array
                (
                    [0] => 
                    [1] => 4
                )

            [ddd0395e] => Array
                (
                    [0] => 
                    [1] => 4
                )

            [a2c3cfc0] => Array
                (
                    [0] => 
                    [1] => 4
                )

            [ff436d85] => Array
                (
                    [0] => 
                    [1] => 4
                )

            [8620d63d] => Array
                (
                    [0] => 
                    [1] => 4
                )

            [c4bf6742] => Array
                (
                    [0] => 
                    [1] => 4
                )

            [3c7a54c0] => Array
                (
                    [0] => 
                    [1] => 4
                )

            [ba68b8b3] => Array
                (
                    [0] => 
                    [1] => 4
                )

            [79ab305a] => Array
                (
                    [0] => 
                    [1] => 4
                )

            [02ddf5cb] => Array
                (
                    [0] => 
                    [1] => 4
                )

            [4c647170] => Array
                (
                    [0] => 
                    [1] => 4
                )

            [a536c9c2] => Array
                (
                    [0] => 
                    [1] => 4
                )

            [885b4074] => Array
                (
                    [0] => 
                    [1] => 4
                )

            [7979ac37] => Array
                (
                    [0] => 
                    [1] => 4
                )

            [1ae1adc9] => Array
                (
                    [0] => 
                    [1] => 4
                )

            [19d2be93] => Array
                (
                    [0] => 
                    [1] => 4
                )

            [bcba82a5] => Array
                (
                    [0] => 
                    [1] => 4
                )

            [2fccd81d] => Array
                (
                    [0] => 
                    [1] => 4
                )

            [e75d75fb] => Array
                (
                    [0] => 
                    [1] => 4
                )

            [7a953f73] => Array
                (
                    [0] => 
                    [1] => 4
                )

            [0a5d8fdd] => Array
                (
                    [0] => 
                    [1] => 4
                )

            [8dab4d09] => Array
                (
                    [0] => 
                    [1] => 4
                )

            [1e28d8b7] => Array
                (
                    [0] => 
                    [1] => 4
                )

            [a9ecf90f] => Array
                (
                    [0] => 
                    [1] => 4
                )

            [45260f52] => Array
                (
                    [0] => 
                    [1] => 4
                )

            [65acedac] => Array
                (
                    [0] => 
                    [1] => 4
                )

            [1ca24c24] => Array
                (
                    [0] => 
                    [1] => 4
                )

            [f0fce42b] => Array
                (
                    [0] => 
                    [1] => 4
                )

            [7f8b435b] => Array
                (
                    [0] => 
                    [1] => 4
                )

            [d6df3050] => Array
                (
                    [0] => 
                    [1] => 4
                )

            [a4600e1b] => Array
                (
                    [0] => 
                    [1] => 4
                )

            [dad38dd3] => Array
                (
                    [0] => 
                    [1] => 4
                )

            [b9758114] => Array
                (
                    [0] => 
                    [1] => 4
                )

            [88c41c0a] => Array
                (
                    [0] => 
                    [1] => 4
                )

            [39760f6b] => Array
                (
                    [0] => 
                    [1] => 4
                )

            [28fdd9e2] => Array
                (
                    [0] => 
                    [1] => 4
                )

            [577cf38f] => Array
                (
                    [0] => 
                    [1] => 4
                )

            [5f3c4293] => Array
                (
                    [0] => 
                    [1] => 4
                )

            [80414398] => Array
                (
                    [0] => 
                    [1] => 4
                )

            [36a9b67a] => Array
                (
                    [0] => 
                    [1] => 4
                )

            [004ec193] => Array
                (
                    [0] => 
                    [1] => 4
                )

            [59a74881] => Array
                (
                    [0] => 
                    [1] => 4
                )

            [65c08535] => Array
                (
                    [0] => 
                    [1] => 4
                )

            [c1a8aa66] => Array
                (
                    [0] => 
                    [1] => 4
                )

            [5ef50c7c] => Array
                (
                    [0] => 
                    [1] => 4
                )

            [98da1625] => Array
                (
                    [0] => 
                    [1] => 4
                )

            [cbcdd539] => Array
                (
                    [0] => 
                    [1] => 4
                )

            [a8ddc7f0] => Array
                (
                    [0] => 
                    [1] => 4
                )

            [a669bbcf] => Array
                (
                    [0] => 
                    [1] => 4
                )

            [b3192ffd] => Array
                (
                    [0] => 
                    [1] => 4
                )

            [4845f787] => Array
                (
                    [0] => 
                    [1] => 4
                )

            [28f26e78] => Array
                (
                    [0] => 
                    [1] => 4
                )

            [c8491d9a] => Array
                (
                    [0] => 
                    [1] => 4
                )

            [f70cb9cb] => Array
                (
                    [0] => 
                    [1] => 4
                )

            [1c993c0a] => Array
                (
                    [0] => 
                    [1] => 4
                )

            [face539d] => Array
                (
                    [0] => 
                    [1] => 4
                )

            [fb2df4f2] => Array
                (
                    [0] => 
                    [1] => 4
                )

            [368c6a4a] => Array
                (
                    [0] => 
                    [1] => 4
                )

            [a86d9662] => Array
                (
                    [0] => 
                    [1] => 4
                )

            [8b625468] => Array
                (
                    [0] => 
                    [1] => 4
                )

            [a538c24b] => Array
                (
                    [0] => 
                    [1] => 4
                )

            [8f87c7cf] => Array
                (
                    [0] => 
                    [1] => 4
                )

            [e859ec8e] => Array
                (
                    [0] => 
                    [1] => 4
                )

            [d087bf2e] => Array
                (
                    [0] => 
                    [1] => 4
                )

            [32b4268e] => Array
                (
                    [0] => 
                    [1] => 4
                )

            [f5180cd7] => Array
                (
                    [0] => 
                    [1] => 4
                )

            [90de2bcd] => Array
                (
                    [0] => 
                    [1] => 4
                )

            [ab2d8ae4] => Array
                (
                    [0] => 
                    [1] => 4
                )

            [751d1281] => Array
                (
                    [0] => 
                    [1] => 4
                )

            [804fb297] => Array
                (
                    [0] => 
                    [1] => 4
                )

            [edaec0dd] => Array
                (
                    [0] => 
                    [1] => 4
                )

            [beae612f] => Array
                (
                    [0] => 
                    [1] => 4
                )

            [42a70795] => Array
                (
                    [0] => 
                    [1] => 4
                )

            [f28345d8] => Array
                (
                    [0] => 
                    [1] => 4
                )

            [9cca48e8] => Array
                (
                    [0] => 
                    [1] => 4
                )

            [ac1868a7] => Array
                (
                    [0] => 
                    [1] => 4
                )

            [dce9275f] => Array
                (
                    [0] => 
                    [1] => 4
                )

            [102d9593] => Array
                (
                    [0] => 
                    [1] => 4
                )

            [f9c844b3] => Array
                (
                    [0] => 
                    [1] => 4
                )

            [11d96fad] => Array
                (
                    [0] => 
                    [1] => 4
                )

            [03421b13] => Array
                (
                    [0] => 
                    [1] => 4
                )

            [47c0b885] => Array
                (
                    [0] => 
                    [1] => 4
                )

            [cc95035b] => Array
                (
                    [0] => 
                    [1] => 4
                )

            [6b6d3c2a] => Array
                (
                    [0] => 
                    [1] => 4
                )

            [73697236] => Array
                (
                    [0] => 
                    [1] => 4
                )

            [8be21cb7] => Array
                (
                    [0] => 
                    [1] => 4
                )

            [58268866] => Array
                (
                    [0] => 
                    [1] => 4
                )

            [675a49f9] => Array
                (
                    [0] => 
                    [1] => 4
                )

            [28786e57] => Array
                (
                    [0] => 
                    [1] => 4
                )

            [1a46f562] => Array
                (
                    [0] => 
                    [1] => 4
                )

            [2599db43] => Array
                (
                    [0] => 
                    [1] => 4
                )

            [fcdff90b] => Array
                (
                    [0] => 
                    [1] => 4
                )

            [fe636c46] => Array
                (
                    [0] => 
                    [1] => 4
                )

            [861ecd2f] => Array
                (
                    [0] => 
                    [1] => 4
                )

            [04276723] => Array
                (
                    [0] => 
                    [1] => 4
                )

            [9acf4103] => Array
                (
                    [0] => 
                    [1] => 4
                )

            [f279a723] => Array
                (
                    [0] => 
                    [1] => 4
                )

            [a188159d] => Array
                (
                    [0] => 
                    [1] => 4
                )

            [5f2d8ac9] => Array
                (
                    [0] => 
                    [1] => 4
                )

            [28b44e93] => Array
                (
                    [0] => 
                    [1] => 4
                )

            [7fa1de79] => Array
                (
                    [0] => 
                    [1] => 4
                )

            [13270cf8] => Array
                (
                    [0] => 
                    [1] => 4
                )

            [8a9045cd] => Array
                (
                    [0] => 
                    [1] => 4
                )

            [f9843a45] => Array
                (
                    [0] => 
                    [1] => 4
                )

            [3d68846e] => Array
                (
                    [0] => 
                    [1] => 4
                )

            [1eff4a10] => Array
                (
                    [0] => 
                    [1] => 4
                )

            [945086d7] => Array
                (
                    [0] => 
                    [1] => 4
                )

            [fa27179a] => Array
                (
                    [0] => 
                    [1] => 4
                )

            [549db378] => Array
                (
                    [0] => 
                    [1] => 4
                )

            [41a01b71] => Array
                (
                    [0] => 
                    [1] => 4
                )

            [3117b176] => Array
                (
                    [0] => 
                    [1] => 4
                )

            [4d7ba133] => Array
                (
                    [0] => 
                    [1] => 4
                )

            [27c106b4] => Array
                (
                    [0] => 
                    [1] => 4
                )

            [f2935b97] => Array
                (
                    [0] => 
                    [1] => 4
                )

            [270fddb1] => Array
                (
                    [0] => 
                    [1] => 4
                )

            [6e3ff2eb] => Array
                (
                    [0] => 
                    [1] => 4
                )

            [56ca9121] => Array
                (
                    [0] => 
                    [1] => 4
                )

            [123efaa0] => Array
                (
                    [0] => 
                    [1] => 4
                )

            [d0bc8df2] => Array
                (
                    [0] => 
                    [1] => 4
                )

            [fbd5eafa] => Array
                (
                    [0] => 
                    [1] => 4
                )

            [99670596] => Array
                (
                    [0] => 
                    [1] => 4
                )

            [d2363f0d] => Array
                (
                    [0] => 
                    [1] => 4
                )

            [9fc356e9] => Array
                (
                    [0] => 
                    [1] => 4
                )

            [35107b7d] => Array
                (
                    [0] => 
                    [1] => 4
                )

            [7afc701b] => Array
                (
                    [0] => 
                    [1] => 4
                )

            [03e70dce] => Array
                (
                    [0] => 
                    [1] => 4
                )

            [c4fc2f74] => Array
                (
                    [0] => 
                    [1] => 4
                )

            [da30f9c6] => Array
                (
                    [0] => 
                    [1] => 4
                )

            [531467ed] => Array
                (
                    [0] => 
                    [1] => 4
                )

            [da60e8f8] => Array
                (
                    [0] => 
                    [1] => 4
                )

            [89fee475] => Array
                (
                    [0] => 
                    [1] => 4
                )

            [6766f407] => Array
                (
                    [0] => 
                    [1] => 4
                )

            [ae1f645b] => Array
                (
                    [0] => 
                    [1] => 4
                )

            [7a0b719f] => Array
                (
                    [0] => 
                    [1] => 4
                )

            [c3368961] => Array
                (
                    [0] => 
                    [1] => 4
                )

            [0dccad5d] => Array
                (
                    [0] => 
                    [1] => 4
                )

            [f8ae02e0] => Array
                (
                    [0] => 
                    [1] => 4
                )

            [2dde2717] => Array
                (
                    [0] => 
                    [1] => 4
                )

            [801a0f95] => Array
                (
                    [0] => 
                    [1] => 4
                )

            [251a89f2] => Array
                (
                    [0] => 
                    [1] => 4
                )

            [d23e6634] => Array
                (
                    [0] => 
                    [1] => 4
                )

            [209e0fa4] => Array
                (
                    [0] => 
                    [1] => 4
                )

            [1ef386bf] => Array
                (
                    [0] => 
                    [1] => 4
                )

            [976e5ba0] => Array
                (
                    [0] => 
                    [1] => 4
                )

            [cebd0910] => Array
                (
                    [0] => 
                    [1] => 4
                )

            [4c999375] => Array
                (
                    [0] => 
                    [1] => 4
                )

            [d51dc18e] => Array
                (
                    [0] => 
                    [1] => 4
                )

            [1ce7f897] => Array
                (
                    [0] => 
                    [1] => 4
                )

            [e371e7b5] => Array
                (
                    [0] => 
                    [1] => 4
                )

            [7be0a84a] => Array
                (
                    [0] => 
                    [1] => 4
                )

            [49f1c5e3] => Array
                (
                    [0] => 
                    [1] => 4
                )

            [cb0ae90e] => Array
                (
                    [0] => 
                    [1] => 4
                )

            [163de064] => Array
                (
                    [0] => 
                    [1] => 4
                )

            [b2d7076a] => Array
                (
                    [0] => 
                    [1] => 4
                )

            [d5170dc7] => Array
                (
                    [0] => 
                    [1] => 4
                )

            [377bbb4e] => Array
                (
                    [0] => 
                    [1] => 4
                )

            [21b013ec] => Array
                (
                    [0] => 
                    [1] => 4
                )

            [55cedd47] => Array
                (
                    [0] => 
                    [1] => 4
                )

            [05b0c53b] => Array
                (
                    [0] => 
                    [1] => 4
                )

            [aa0bbd80] => Array
                (
                    [0] => 
                    [1] => 4
                )

            [8b043637] => Array
                (
                    [0] => 
                    [1] => 4
                )

            [14eb7ed5] => Array
                (
                    [0] => 
                    [1] => 4
                )

            [b9a78ca4] => Array
                (
                    [0] => 
                    [1] => 4
                )

            [34f9c9c4] => Array
                (
                    [0] => 
                    [1] => 4
                )

            [3ecfa27a] => Array
                (
                    [0] => 
                    [1] => 4
                )

            [1843438c] => Array
                (
                    [0] => 
                    [1] => 4
                )

            [53394388] => Array
                (
                    [0] => 
                    [1] => 4
                )

            [523d4685] => Array
                (
                    [0] => 
                    [1] => 4
                )

            [88f52a8f] => Array
                (
                    [0] => 
                    [1] => 4
                )

            [0e89ef06] => Array
                (
                    [0] => 
                    [1] => 4
                )

            [52c411f7] => Array
                (
                    [0] => 
                    [1] => 4
                )

            [3d9e5c9b] => Array
                (
                    [0] => 
                    [1] => 4
                )

            [1be7c7f1] => Array
                (
                    [0] => 
                    [1] => 4
                )

            [7ba49246] => Array
                (
                    [0] => 
                    [1] => 4
                )

            [37864a43] => Array
                (
                    [0] => 
                    [1] => 4
                )

            [897bca16] => Array
                (
                    [0] => 
                    [1] => 4
                )

            [607475a8] => Array
                (
                    [0] => 
                    [1] => 4
                )

            [f8b9ee42] => Array
                (
                    [0] => 
                    [1] => 4
                )

            [ae96ebb0] => Array
                (
                    [0] => 
                    [1] => 4
                )

            [9c012ddc] => Array
                (
                    [0] => 
                    [1] => 4
                )

            [a387e689] => Array
                (
                    [0] => 
                    [1] => 4
                )

            [ad54dee0] => Array
                (
                    [0] => 
                    [1] => 4
                )

            [74ccb7d3] => Array
                (
                    [0] => 
                    [1] => 4
                )

            [f53e0f75] => Array
                (
                    [0] => 
                    [1] => 4
                )

            [205e0da2] => Array
                (
                    [0] => 
                    [1] => 4
                )

            [5f60fc8f] => Array
                (
                    [0] => 
                    [1] => 4
                )

            [efeca7c6] => Array
                (
                    [0] => 
                    [1] => 4
                )

            [1b6fa147] => Array
                (
                    [0] => 
                    [1] => 4
                )

            [d906cdab] => Array
                (
                    [0] => 
                    [1] => 4
                )

            [2faad205] => Array
                (
                    [0] => 
                    [1] => 4
                )

            [d5ed8cec] => Array
                (
                    [0] => 
                    [1] => 4
                )

            [ca4d3776] => Array
                (
                    [0] => 
                    [1] => 4
                )

            [1bdc0c3a] => Array
                (
                    [0] => 
                    [1] => 4
                )

            [9be82aa7] => Array
                (
                    [0] => 
                    [1] => 4
                )

            [2f007084] => Array
                (
                    [0] => 
                    [1] => 4
                )

            [93a77095] => Array
                (
                    [0] => 
                    [1] => 4
                )

            [7899c7e7] => Array
                (
                    [0] => 
                    [1] => 4
                )

            [5313a8b0] => Array
                (
                    [0] => 
                    [1] => 4
                )

            [79de80f1] => Array
                (
                    [0] => 
                    [1] => 4
                )

            [342ea775] => Array
                (
                    [0] => 
                    [1] => 4
                )

            [ce7f318f] => Array
                (
                    [0] => 
                    [1] => 4
                )

            [dd0a1a29] => Array
                (
                    [0] => 
                    [1] => 4
                )

            [178966c5] => Array
                (
                    [0] => 
                    [1] => 4
                )

            [37e1a2c0] => Array
                (
                    [0] => 
                    [1] => 4
                )

            [b37a67f8] => Array
                (
                    [0] => 
                    [1] => 4
                )

            [24d89643] => Array
                (
                    [0] => 
                    [1] => 4
                )

            [41eed6d8] => Array
                (
                    [0] => 
                    [1] => 4
                )

            [d605bd05] => Array
                (
                    [0] => 
                    [1] => 4
                )

            [4f4883dd] => Array
                (
                    [0] => 
                    [1] => 4
                )

            [a990d2e2] => Array
                (
                    [0] => 
                    [1] => 4
                )

            [1ce97f87] => Array
                (
                    [0] => 
                    [1] => 4
                )

            [756893ef] => Array
                (
                    [0] => 
                    [1] => 4
                )

            [da4a5709] => Array
                (
                    [0] => 
                    [1] => 4
                )

            [611e696f] => Array
                (
                    [0] => 
                    [1] => 4
                )

            [bc1a3e93] => Array
                (
                    [0] => 
                    [1] => 4
                )

            [168e5d1a] => Array
                (
                    [0] => 
                    [1] => 4
                )

            [790dd347] => Array
                (
                    [0] => 
                    [1] => 4
                )

            [94e6707c] => Array
                (
                    [0] => 
                    [1] => 4
                )

            [a1515827] => Array
                (
                    [0] => 
                    [1] => 4
                )

            [e8e6a586] => Array
                (
                    [0] => 
                    [1] => 4
                )

            [0e9fa2b6] => Array
                (
                    [0] => 
                    [1] => 4
                )

            [a787e15a] => Array
                (
                    [0] => 
                    [1] => 4
                )

            [8c796ed1] => Array
                (
                    [0] => 
                    [1] => 4
                )

            [aa69b4c1] => Array
                (
                    [0] => 
                    [1] => 4
                )

            [b1db2a7a] => Array
                (
                    [0] => 
                    [1] => 4
                )

            [8a82ced4] => Array
                (
                    [0] => 
                    [1] => 4
                )

            [9b4a20a9] => Array
                (
                    [0] => 
                    [1] => 4
                )

            [69e53da7] => Array
                (
                    [0] => 
                    [1] => 4
                )

            [4c190fb2] => Array
                (
                    [0] => 
                    [1] => 4
                )

            [a632eb17] => Array
                (
                    [0] => 
                    [1] => 4
                )

            [5129acea] => Array
                (
                    [0] => 
                    [1] => 4
                )

            [50b12bdc] => Array
                (
                    [0] => 
                    [1] => 4
                )

            [533b28f1] => Array
                (
                    [0] => 
                    [1] => 4
                )

            [7a8b002d] => Array
                (
                    [0] => 
                    [1] => 4
                )

            [c8653e3e] => Array
                (
                    [0] => 
                    [1] => 4
                )

            [516eb1eb] => Array
                (
                    [0] => 
                    [1] => 4
                )

            [d7c796f4] => Array
                (
                    [0] => 
                    [1] => 4
                )

            [6842e5b9] => Array
                (
                    [0] => 
                    [1] => 4
                )

            [00fdc61e] => Array
                (
                    [0] => 
                    [1] => 4
                )

            [51e431e2] => Array
                (
                    [0] => 
                    [1] => 4
                )

            [beb2e398] => Array
                (
                    [0] => 
                    [1] => 4
                )

            [7b2eccf4] => Array
                (
                    [0] => 
                    [1] => 4
                )

            [335a4a3a] => Array
                (
                    [0] => 
                    [1] => 4
                )

            [86e44e63] => Array
                (
                    [0] => 
                    [1] => 4
                )

            [ce764aa6] => Array
                (
                    [0] => 
                    [1] => 4
                )

            [b0dfc357] => Array
                (
                    [0] => 
                    [1] => 4
                )

            [97f6eb3a] => Array
                (
                    [0] => 
                    [1] => 4
                )

            [87b2480c] => Array
                (
                    [0] => 
                    [1] => 4
                )

            [d5fa5491] => Array
                (
                    [0] => 
                    [1] => 4
                )

            [ab96a333] => Array
                (
                    [0] => 
                    [1] => 4
                )

            [d8910c38] => Array
                (
                    [0] => 
                    [1] => 4
                )

            [fcf82cd3] => Array
                (
                    [0] => 
                    [1] => 4
                )

            [6f6aa1a1] => Array
                (
                    [0] => 
                    [1] => 4
                )

            [d96d35a4] => Array
                (
                    [0] => 
                    [1] => 4
                )

            [ac29724f] => Array
                (
                    [0] => 
                    [1] => 4
                )

            [a324ae1e] => Array
                (
                    [0] => 
                    [1] => 4
                )

            [f89c000d] => Array
                (
                    [0] => 
                    [1] => 4
                )

            [38104cec] => Array
                (
                    [0] => 
                    [1] => 4
                )

            [8a6b6703] => Array
                (
                    [0] => 
                    [1] => 4
                )

            [c4f8d1cc] => Array
                (
                    [0] => 
                    [1] => 4
                )

            [b3708cce] => Array
                (
                    [0] => 
                    [1] => 4
                )

            [bff9f535] => Array
                (
                    [0] => 
                    [1] => 4
                )

            [0d02fdfb] => Array
                (
                    [0] => 
                    [1] => 4
                )

            [ccee00c1] => Array
                (
                    [0] => 
                    [1] => 4
                )

            [52f9d473] => Array
                (
                    [0] => 
                    [1] => 4
                )

        )

    [estate_type] => Array
        (
        )

    [img] => Array
        (
        )

    [rooms] => Array
        (
        )

    [rooms_square] => Array
        (
        )

)
