[08-Apr-2020 01:41:01 Europe/Moscow] PHP Notice:  Undefined variable: a_level in /home/bsn/sites/bsn.ru/public_html/includes/class.robot.php on line 694
[08-Apr-2020 01:41:01 Europe/Moscow] PHP Notice:  Undefined variable: a_level in /home/bsn/sites/bsn.ru/public_html/includes/class.robot.php on line 694
[08-Apr-2020 01:41:01 Europe/Moscow] PHP Notice:  Array to string conversion in /home/bsn/sites/bsn.ru/public_html/includes/class.robot.php on line 533
[08-Apr-2020 01:41:01 Europe/Moscow] PHP Notice:  Undefined variable: district in /home/bsn/sites/bsn.ru/public_html/includes/class.robot.php on line 1151
[08-Apr-2020 01:41:01 Europe/Moscow] PHP Notice:  Undefined variable: district in /home/bsn/sites/bsn.ru/public_html/includes/class.robot.php on line 1151
[08-Apr-2020 01:41:01 Europe/Moscow] PHP Notice:  Undefined index: HTTP_USER_AGENT in /home/bsn/sites/bsn.ru/public_html/includes/class.db.mysqli.php on line 103
[08-Apr-2020 01:41:01 Europe/Moscow] PHP Notice:  Undefined index: district in /home/bsn/sites/bsn.ru/public_html/includes/class.robot.php on line 4026
[08-Apr-2020 01:41:01 Europe/Moscow] PHP Notice:  Undefined index: district in /home/bsn/sites/bsn.ru/public_html/includes/class.robot.php on line 4026
[08-Apr-2020 01:41:01 Europe/Moscow] PHP Notice:  Undefined index: district in /home/bsn/sites/bsn.ru/public_html/includes/class.robot.php on line 4026
[08-Apr-2020 01:41:01 Europe/Moscow] PHP Notice:  Undefined index: district in /home/bsn/sites/bsn.ru/public_html/includes/class.robot.php on line 4026
[08-Apr-2020 01:41:01 Europe/Moscow] PHP Notice:  Undefined index: district in /home/bsn/sites/bsn.ru/public_html/includes/class.robot.php on line 4026
[08-Apr-2020 01:41:01 Europe/Moscow] PHP Notice:  Undefined index: district in /home/bsn/sites/bsn.ru/public_html/includes/class.robot.php on line 4026
[08-Apr-2020 01:41:01 Europe/Moscow] PHP Notice:  Undefined index: district in /home/bsn/sites/bsn.ru/public_html/includes/class.robot.php on line 4026
[08-Apr-2020 01:41:01 Europe/Moscow] PHP Notice:  Undefined index: district in /home/bsn/sites/bsn.ru/public_html/includes/class.robot.php on line 4026
[08-Apr-2020 01:41:02 Europe/Moscow] PHP Notice:  Undefined variable: a_level in /home/bsn/sites/bsn.ru/public_html/includes/class.robot.php on line 694
[08-Apr-2020 01:41:02 Europe/Moscow] PHP Notice:  Undefined variable: a_level in /home/bsn/sites/bsn.ru/public_html/includes/class.robot.php on line 694
[08-Apr-2020 01:41:02 Europe/Moscow] PHP Notice:  Undefined variable: a_level in /home/bsn/sites/bsn.ru/public_html/includes/class.robot.php on line 694
[08-Apr-2020 01:41:02 Europe/Moscow] PHP Notice:  Undefined variable: a_level in /home/bsn/sites/bsn.ru/public_html/includes/class.robot.php on line 694
[08-Apr-2020 01:41:02 Europe/Moscow] PHP Notice:  Undefined variable: a_level in /home/bsn/sites/bsn.ru/public_html/includes/class.robot.php on line 694
[08-Apr-2020 01:41:02 Europe/Moscow] PHP Notice:  Undefined variable: a_level in /home/bsn/sites/bsn.ru/public_html/includes/class.robot.php on line 694
[08-Apr-2020 01:41:02 Europe/Moscow] PHP Notice:  Undefined variable: a_level in /home/bsn/sites/bsn.ru/public_html/includes/class.robot.php on line 694
[08-Apr-2020 01:41:02 Europe/Moscow] PHP Notice:  Undefined index: district in /home/bsn/sites/bsn.ru/public_html/includes/class.robot.php on line 4026
[08-Apr-2020 01:41:02 Europe/Moscow] PHP Notice:  Undefined index: district in /home/bsn/sites/bsn.ru/public_html/includes/class.robot.php on line 4026
[08-Apr-2020 01:41:02 Europe/Moscow] PHP Notice:  Undefined index: district in /home/bsn/sites/bsn.ru/public_html/includes/class.robot.php on line 4026
[08-Apr-2020 01:41:02 Europe/Moscow] PHP Notice:  Undefined index: district in /home/bsn/sites/bsn.ru/public_html/includes/class.robot.php on line 4026
[08-Apr-2020 01:41:02 Europe/Moscow] PHP Notice:  Undefined index: district in /home/bsn/sites/bsn.ru/public_html/includes/class.robot.php on line 4026
[08-Apr-2020 01:41:02 Europe/Moscow] PHP Notice:  Undefined index: district in /home/bsn/sites/bsn.ru/public_html/includes/class.robot.php on line 4026
[08-Apr-2020 01:41:02 Europe/Moscow] PHP Notice:  Undefined index: district in /home/bsn/sites/bsn.ru/public_html/includes/class.robot.php on line 4026
[08-Apr-2020 01:41:03 Europe/Moscow] PHP Notice:  Undefined index: district in /home/bsn/sites/bsn.ru/public_html/includes/class.robot.php on line 4026
[08-Apr-2020 01:41:03 Europe/Moscow] PHP Notice:  Undefined index: district in /home/bsn/sites/bsn.ru/public_html/includes/class.robot.php on line 4026
[08-Apr-2020 01:41:03 Europe/Moscow] PHP Notice:  Undefined index: district in /home/bsn/sites/bsn.ru/public_html/includes/class.robot.php on line 4026
[08-Apr-2020 01:41:03 Europe/Moscow] PHP Notice:  Undefined index: district in /home/bsn/sites/bsn.ru/public_html/includes/class.robot.php on line 4026
[08-Apr-2020 01:41:03 Europe/Moscow] PHP Notice:  Undefined index: district in /home/bsn/sites/bsn.ru/public_html/includes/class.robot.php on line 4026
[08-Apr-2020 01:41:03 Europe/Moscow] PHP Notice:  Undefined index: district in /home/bsn/sites/bsn.ru/public_html/includes/class.robot.php on line 4026
[08-Apr-2020 01:41:03 Europe/Moscow] PHP Notice:  Undefined index: district in /home/bsn/sites/bsn.ru/public_html/includes/class.robot.php on line 4026
[08-Apr-2020 01:41:03 Europe/Moscow] PHP Notice:  Undefined index: district in /home/bsn/sites/bsn.ru/public_html/includes/class.robot.php on line 4026
[08-Apr-2020 01:41:03 Europe/Moscow] PHP Notice:  Undefined index: district in /home/bsn/sites/bsn.ru/public_html/includes/class.robot.php on line 4026
[08-Apr-2020 01:41:03 Europe/Moscow] PHP Notice:  Undefined index: district in /home/bsn/sites/bsn.ru/public_html/includes/class.robot.php on line 4026
[08-Apr-2020 01:41:03 Europe/Moscow] PHP Notice:  Undefined index: district in /home/bsn/sites/bsn.ru/public_html/includes/class.robot.php on line 4026
[08-Apr-2020 01:41:03 Europe/Moscow] PHP Notice:  Undefined index: district in /home/bsn/sites/bsn.ru/public_html/includes/class.robot.php on line 4026
[08-Apr-2020 01:41:03 Europe/Moscow] PHP Notice:  Undefined variable: a_level in /home/bsn/sites/bsn.ru/public_html/includes/class.robot.php on line 694
[08-Apr-2020 01:41:03 Europe/Moscow] PHP Notice:  Undefined index: district in /home/bsn/sites/bsn.ru/public_html/includes/class.robot.php on line 4026
[08-Apr-2020 01:41:03 Europe/Moscow] PHP Notice:  Undefined index: district in /home/bsn/sites/bsn.ru/public_html/includes/class.robot.php on line 4026
[08-Apr-2020 01:41:04 Europe/Moscow] PHP Notice:  Undefined index: district in /home/bsn/sites/bsn.ru/public_html/includes/class.robot.php on line 4026
[08-Apr-2020 01:41:04 Europe/Moscow] PHP Notice:  Undefined index: district in /home/bsn/sites/bsn.ru/public_html/includes/class.robot.php on line 4026
[08-Apr-2020 01:41:04 Europe/Moscow] PHP Notice:  Undefined index: district in /home/bsn/sites/bsn.ru/public_html/includes/class.robot.php on line 4026
[08-Apr-2020 01:41:04 Europe/Moscow] PHP Notice:  Undefined index: district in /home/bsn/sites/bsn.ru/public_html/includes/class.robot.php on line 4026
[08-Apr-2020 01:41:04 Europe/Moscow] PHP Notice:  Undefined index: district in /home/bsn/sites/bsn.ru/public_html/includes/class.robot.php on line 4026
[08-Apr-2020 01:41:04 Europe/Moscow] PHP Notice:  Undefined index: district in /home/bsn/sites/bsn.ru/public_html/includes/class.robot.php on line 4026
[08-Apr-2020 01:41:04 Europe/Moscow] PHP Notice:  Undefined index: district in /home/bsn/sites/bsn.ru/public_html/includes/class.robot.php on line 4026
[08-Apr-2020 01:41:04 Europe/Moscow] PHP Notice:  Undefined index: district in /home/bsn/sites/bsn.ru/public_html/includes/class.robot.php on line 4026
[08-Apr-2020 01:41:04 Europe/Moscow] PHP Notice:  Undefined index: district in /home/bsn/sites/bsn.ru/public_html/includes/class.robot.php on line 4026
[08-Apr-2020 01:41:04 Europe/Moscow] PHP Notice:  Undefined index: district in /home/bsn/sites/bsn.ru/public_html/includes/class.robot.php on line 4026
[08-Apr-2020 01:41:04 Europe/Moscow] PHP Notice:  Undefined index: district in /home/bsn/sites/bsn.ru/public_html/includes/class.robot.php on line 4026
[08-Apr-2020 01:41:04 Europe/Moscow] PHP Notice:  Undefined index: district in /home/bsn/sites/bsn.ru/public_html/includes/class.robot.php on line 4026
[08-Apr-2020 01:41:04 Europe/Moscow] PHP Notice:  Undefined index: district in /home/bsn/sites/bsn.ru/public_html/includes/class.robot.php on line 4026
[08-Apr-2020 01:41:04 Europe/Moscow] PHP Notice:  Undefined index: district in /home/bsn/sites/bsn.ru/public_html/includes/class.robot.php on line 4026
[08-Apr-2020 01:41:05 Europe/Moscow] PHP Notice:  Undefined index: district in /home/bsn/sites/bsn.ru/public_html/includes/class.robot.php on line 4026
[08-Apr-2020 01:41:05 Europe/Moscow] PHP Notice:  Undefined index: district in /home/bsn/sites/bsn.ru/public_html/includes/class.robot.php on line 4026
[08-Apr-2020 01:41:05 Europe/Moscow] PHP Notice:  Undefined index: district in /home/bsn/sites/bsn.ru/public_html/includes/class.robot.php on line 4026
[08-Apr-2020 01:41:05 Europe/Moscow] PHP Notice:  Undefined index: district in /home/bsn/sites/bsn.ru/public_html/includes/class.robot.php on line 4026
[08-Apr-2020 01:41:05 Europe/Moscow] PHP Notice:  Undefined index: district in /home/bsn/sites/bsn.ru/public_html/includes/class.robot.php on line 4026
[08-Apr-2020 01:41:05 Europe/Moscow] PHP Notice:  Undefined index: district in /home/bsn/sites/bsn.ru/public_html/includes/class.robot.php on line 4026
[08-Apr-2020 01:41:05 Europe/Moscow] PHP Notice:  Undefined variable: nophoto in /home/bsn/sites/bsn.ru/public_html/cron/robot/xml_values_processing.php on line 579
[08-Apr-2020 01:41:05 Europe/Moscow] PHP Notice:  Undefined index: build_sell in /home/bsn/sites/bsn.ru/public_html/cron/robot/xml_values_processing.php on line 608
[08-Apr-2020 01:41:05 Europe/Moscow] PHP Notice:  Undefined index: build in /home/bsn/sites/bsn.ru/public_html/cron/robot/xml_values_processing.php on line 612
