[15-Nov-2016 21:01:02 UTC] PHP Notice:  ob_clean(): failed to delete buffer. No buffer to delete in /home/bsn/sites/bsn.ru/public_html/cron/daily_stats/daemons/agencies_tarif_ending_notify.php on line 91
[16-Nov-2016 21:01:01 UTC] PHP Notice:  ob_clean(): failed to delete buffer. No buffer to delete in /home/bsn/sites/bsn.ru/public_html/cron/daily_stats/daemons/agencies_tarif_ending_notify.php on line 91
[17-Nov-2016 21:01:02 UTC] PHP Notice:  ob_clean(): failed to delete buffer. No buffer to delete in /home/bsn/sites/bsn.ru/public_html/cron/daily_stats/daemons/agencies_tarif_ending_notify.php on line 91
[18-Nov-2016 21:01:02 UTC] PHP Notice:  ob_clean(): failed to delete buffer. No buffer to delete in /home/bsn/sites/bsn.ru/public_html/cron/daily_stats/daemons/agencies_tarif_ending_notify.php on line 91
[19-Nov-2016 21:01:01 UTC] PHP Notice:  ob_clean(): failed to delete buffer. No buffer to delete in /home/bsn/sites/bsn.ru/public_html/cron/daily_stats/daemons/agencies_tarif_ending_notify.php on line 91
[20-Nov-2016 21:01:02 UTC] PHP Notice:  ob_clean(): failed to delete buffer. No buffer to delete in /home/bsn/sites/bsn.ru/public_html/cron/daily_stats/daemons/agencies_tarif_ending_notify.php on line 91
[21-Nov-2016 21:01:01 UTC] PHP Notice:  ob_clean(): failed to delete buffer. No buffer to delete in /home/bsn/sites/bsn.ru/public_html/cron/daily_stats/daemons/agencies_tarif_ending_notify.php on line 91
[22-Nov-2016 21:01:01 UTC] PHP Notice:  ob_clean(): failed to delete buffer. No buffer to delete in /home/bsn/sites/bsn.ru/public_html/cron/daily_stats/daemons/agencies_tarif_ending_notify.php on line 91
[23-Nov-2016 21:01:02 UTC] PHP Notice:  ob_clean(): failed to delete buffer. No buffer to delete in /home/bsn/sites/bsn.ru/public_html/cron/daily_stats/daemons/agencies_tarif_ending_notify.php on line 91
[24-Nov-2016 21:01:03 UTC] PHP Notice:  ob_clean(): failed to delete buffer. No buffer to delete in /home/bsn/sites/bsn.ru/public_html/cron/daily_stats/daemons/agencies_tarif_ending_notify.php on line 91
[25-Nov-2016 21:01:01 UTC] PHP Notice:  ob_clean(): failed to delete buffer. No buffer to delete in /home/bsn/sites/bsn.ru/public_html/cron/daily_stats/daemons/agencies_tarif_ending_notify.php on line 91
[26-Nov-2016 21:01:01 UTC] PHP Notice:  ob_clean(): failed to delete buffer. No buffer to delete in /home/bsn/sites/bsn.ru/public_html/cron/daily_stats/daemons/agencies_tarif_ending_notify.php on line 91
[27-Nov-2016 21:01:01 UTC] PHP Notice:  ob_clean(): failed to delete buffer. No buffer to delete in /home/bsn/sites/bsn.ru/public_html/cron/daily_stats/daemons/agencies_tarif_ending_notify.php on line 91
[28-Nov-2016 21:01:01 UTC] PHP Notice:  ob_clean(): failed to delete buffer. No buffer to delete in /home/bsn/sites/bsn.ru/public_html/cron/daily_stats/daemons/agencies_tarif_ending_notify.php on line 91
[29-Nov-2016 21:01:01 UTC] PHP Notice:  ob_clean(): failed to delete buffer. No buffer to delete in /home/bsn/sites/bsn.ru/public_html/cron/daily_stats/daemons/agencies_tarif_ending_notify.php on line 91
[30-Nov-2016 21:01:03 UTC] PHP Notice:  ob_clean(): failed to delete buffer. No buffer to delete in /home/bsn/sites/bsn.ru/public_html/cron/daily_stats/daemons/agencies_tarif_ending_notify.php on line 91
[02-Dec-2016 07:54:16 UTC] PHP Notice:  ob_clean(): failed to delete buffer. No buffer to delete in /home/bsn/sites/bsn.ru/public_html/cron/daily_stats/daemons/agencies_tarif_ending_notify.php on line 91
[02-Dec-2016 08:01:32 UTC] PHP Notice:  ob_clean(): failed to delete buffer. No buffer to delete in /home/bsn/sites/bsn.ru/public_html/cron/daily_stats/daemons/agencies_tarif_ending_notify.php on line 91
[02-Dec-2016 21:01:01 UTC] PHP Notice:  ob_clean(): failed to delete buffer. No buffer to delete in /home/bsn/sites/bsn.ru/public_html/cron/daily_stats/daemons/agencies_tarif_ending_notify.php on line 91
[03-Dec-2016 21:01:02 UTC] PHP Notice:  ob_clean(): failed to delete buffer. No buffer to delete in /home/bsn/sites/bsn.ru/public_html/cron/daily_stats/daemons/agencies_tarif_ending_notify.php on line 91
[04-Dec-2016 21:01:03 UTC] PHP Notice:  ob_clean(): failed to delete buffer. No buffer to delete in /home/bsn/sites/bsn.ru/public_html/cron/daily_stats/daemons/agencies_tarif_ending_notify.php on line 91
[05-Dec-2016 21:01:01 UTC] PHP Notice:  ob_clean(): failed to delete buffer. No buffer to delete in /home/bsn/sites/bsn.ru/public_html/cron/daily_stats/daemons/agencies_tarif_ending_notify.php on line 91
[06-Dec-2016 21:01:02 UTC] PHP Notice:  ob_clean(): failed to delete buffer. No buffer to delete in /home/bsn/sites/bsn.ru/public_html/cron/daily_stats/daemons/agencies_tarif_ending_notify.php on line 91
[07-Dec-2016 21:01:01 UTC] PHP Notice:  ob_clean(): failed to delete buffer. No buffer to delete in /home/bsn/sites/bsn.ru/public_html/cron/daily_stats/daemons/agencies_tarif_ending_notify.php on line 91
[08-Dec-2016 21:01:01 UTC] PHP Notice:  ob_clean(): failed to delete buffer. No buffer to delete in /home/bsn/sites/bsn.ru/public_html/cron/daily_stats/daemons/agencies_tarif_ending_notify.php on line 91
[09-Dec-2016 21:01:01 UTC] PHP Notice:  ob_clean(): failed to delete buffer. No buffer to delete in /home/bsn/sites/bsn.ru/public_html/cron/daily_stats/daemons/agencies_tarif_ending_notify.php on line 91
[10-Dec-2016 21:01:02 UTC] PHP Notice:  ob_clean(): failed to delete buffer. No buffer to delete in /home/bsn/sites/bsn.ru/public_html/cron/daily_stats/daemons/agencies_tarif_ending_notify.php on line 91
[11-Dec-2016 21:01:02 UTC] PHP Notice:  ob_clean(): failed to delete buffer. No buffer to delete in /home/bsn/sites/bsn.ru/public_html/cron/daily_stats/daemons/agencies_tarif_ending_notify.php on line 91
[12-Dec-2016 21:01:02 UTC] PHP Notice:  ob_clean(): failed to delete buffer. No buffer to delete in /home/bsn/sites/bsn.ru/public_html/cron/daily_stats/daemons/agencies_tarif_ending_notify.php on line 91
[13-Dec-2016 21:01:01 UTC] PHP Notice:  ob_clean(): failed to delete buffer. No buffer to delete in /home/bsn/sites/bsn.ru/public_html/cron/daily_stats/daemons/agencies_tarif_ending_notify.php on line 91
[14-Dec-2016 21:01:01 UTC] PHP Notice:  ob_clean(): failed to delete buffer. No buffer to delete in /home/bsn/sites/bsn.ru/public_html/cron/daily_stats/daemons/agencies_tarif_ending_notify.php on line 91
[15-Dec-2016 21:01:02 UTC] PHP Notice:  ob_clean(): failed to delete buffer. No buffer to delete in /home/bsn/sites/bsn.ru/public_html/cron/daily_stats/daemons/agencies_tarif_ending_notify.php on line 91
[16-Dec-2016 21:01:01 UTC] PHP Notice:  ob_clean(): failed to delete buffer. No buffer to delete in /home/bsn/sites/bsn.ru/public_html/cron/daily_stats/daemons/agencies_tarif_ending_notify.php on line 91
[17-Dec-2016 21:01:01 UTC] PHP Notice:  ob_clean(): failed to delete buffer. No buffer to delete in /home/bsn/sites/bsn.ru/public_html/cron/daily_stats/daemons/agencies_tarif_ending_notify.php on line 91
[18-Dec-2016 21:01:01 UTC] PHP Notice:  ob_clean(): failed to delete buffer. No buffer to delete in /home/bsn/sites/bsn.ru/public_html/cron/daily_stats/daemons/agencies_tarif_ending_notify.php on line 91
[19-Dec-2016 21:01:01 UTC] PHP Notice:  ob_clean(): failed to delete buffer. No buffer to delete in /home/bsn/sites/bsn.ru/public_html/cron/daily_stats/daemons/agencies_tarif_ending_notify.php on line 91
[20-Dec-2016 21:01:01 UTC] PHP Notice:  ob_clean(): failed to delete buffer. No buffer to delete in /home/bsn/sites/bsn.ru/public_html/cron/daily_stats/daemons/agencies_tarif_ending_notify.php on line 91
[21-Dec-2016 21:01:01 UTC] PHP Notice:  ob_clean(): failed to delete buffer. No buffer to delete in /home/bsn/sites/bsn.ru/public_html/cron/daily_stats/daemons/agencies_tarif_ending_notify.php on line 91
[22-Dec-2016 21:01:01 UTC] PHP Notice:  ob_clean(): failed to delete buffer. No buffer to delete in /home/bsn/sites/bsn.ru/public_html/cron/daily_stats/daemons/agencies_tarif_ending_notify.php on line 91
[23-Dec-2016 21:01:01 UTC] PHP Notice:  ob_clean(): failed to delete buffer. No buffer to delete in /home/bsn/sites/bsn.ru/public_html/cron/daily_stats/daemons/agencies_tarif_ending_notify.php on line 91
[24-Dec-2016 21:01:01 UTC] PHP Notice:  ob_clean(): failed to delete buffer. No buffer to delete in /home/bsn/sites/bsn.ru/public_html/cron/daily_stats/daemons/agencies_tarif_ending_notify.php on line 91
[25-Dec-2016 21:01:02 UTC] PHP Notice:  ob_clean(): failed to delete buffer. No buffer to delete in /home/bsn/sites/bsn.ru/public_html/cron/daily_stats/daemons/agencies_tarif_ending_notify.php on line 91
[26-Dec-2016 21:01:01 UTC] PHP Notice:  ob_clean(): failed to delete buffer. No buffer to delete in /home/bsn/sites/bsn.ru/public_html/cron/daily_stats/daemons/agencies_tarif_ending_notify.php on line 91
[27-Dec-2016 21:01:02 UTC] PHP Notice:  ob_clean(): failed to delete buffer. No buffer to delete in /home/bsn/sites/bsn.ru/public_html/cron/daily_stats/daemons/agencies_tarif_ending_notify.php on line 91
[28-Dec-2016 21:01:01 UTC] PHP Notice:  ob_clean(): failed to delete buffer. No buffer to delete in /home/bsn/sites/bsn.ru/public_html/cron/daily_stats/daemons/agencies_tarif_ending_notify.php on line 91
[29-Dec-2016 21:01:01 UTC] PHP Notice:  ob_clean(): failed to delete buffer. No buffer to delete in /home/bsn/sites/bsn.ru/public_html/cron/daily_stats/daemons/agencies_tarif_ending_notify.php on line 91
[30-Dec-2016 21:01:01 UTC] PHP Notice:  ob_clean(): failed to delete buffer. No buffer to delete in /home/bsn/sites/bsn.ru/public_html/cron/daily_stats/daemons/agencies_tarif_ending_notify.php on line 91
[31-Dec-2016 21:01:01 UTC] PHP Notice:  ob_clean(): failed to delete buffer. No buffer to delete in /home/bsn/sites/bsn.ru/public_html/cron/daily_stats/daemons/agencies_tarif_ending_notify.php on line 91
[01-Jan-2017 21:01:02 UTC] PHP Notice:  ob_clean(): failed to delete buffer. No buffer to delete in /home/bsn/sites/bsn.ru/public_html/cron/daily_stats/daemons/agencies_tarif_ending_notify.php on line 91
[02-Jan-2017 21:01:01 UTC] PHP Notice:  ob_clean(): failed to delete buffer. No buffer to delete in /home/bsn/sites/bsn.ru/public_html/cron/daily_stats/daemons/agencies_tarif_ending_notify.php on line 91
[03-Jan-2017 21:01:01 UTC] PHP Notice:  ob_clean(): failed to delete buffer. No buffer to delete in /home/bsn/sites/bsn.ru/public_html/cron/daily_stats/daemons/agencies_tarif_ending_notify.php on line 91
[04-Jan-2017 21:01:01 UTC] PHP Notice:  ob_clean(): failed to delete buffer. No buffer to delete in /home/bsn/sites/bsn.ru/public_html/cron/daily_stats/daemons/agencies_tarif_ending_notify.php on line 91
[05-Jan-2017 21:01:01 UTC] PHP Notice:  ob_clean(): failed to delete buffer. No buffer to delete in /home/bsn/sites/bsn.ru/public_html/cron/daily_stats/daemons/agencies_tarif_ending_notify.php on line 91
[06-Jan-2017 21:01:01 UTC] PHP Notice:  ob_clean(): failed to delete buffer. No buffer to delete in /home/bsn/sites/bsn.ru/public_html/cron/daily_stats/daemons/agencies_tarif_ending_notify.php on line 91
[07-Jan-2017 21:01:01 UTC] PHP Notice:  ob_clean(): failed to delete buffer. No buffer to delete in /home/bsn/sites/bsn.ru/public_html/cron/daily_stats/daemons/agencies_tarif_ending_notify.php on line 91
[08-Jan-2017 21:01:01 UTC] PHP Notice:  ob_clean(): failed to delete buffer. No buffer to delete in /home/bsn/sites/bsn.ru/public_html/cron/daily_stats/daemons/agencies_tarif_ending_notify.php on line 91
[09-Jan-2017 21:01:01 UTC] PHP Notice:  ob_clean(): failed to delete buffer. No buffer to delete in /home/bsn/sites/bsn.ru/public_html/cron/daily_stats/daemons/agencies_tarif_ending_notify.php on line 91
[10-Jan-2017 21:01:02 UTC] PHP Notice:  ob_clean(): failed to delete buffer. No buffer to delete in /home/bsn/sites/bsn.ru/public_html/cron/daily_stats/daemons/agencies_tarif_ending_notify.php on line 91
[11-Jan-2017 21:01:02 UTC] PHP Notice:  ob_clean(): failed to delete buffer. No buffer to delete in /home/bsn/sites/bsn.ru/public_html/cron/daily_stats/daemons/agencies_tarif_ending_notify.php on line 91
[12-Jan-2017 21:01:01 UTC] PHP Notice:  ob_clean(): failed to delete buffer. No buffer to delete in /home/bsn/sites/bsn.ru/public_html/cron/daily_stats/daemons/agencies_tarif_ending_notify.php on line 91
[13-Jan-2017 21:01:01 UTC] PHP Notice:  ob_clean(): failed to delete buffer. No buffer to delete in /home/bsn/sites/bsn.ru/public_html/cron/daily_stats/daemons/agencies_tarif_ending_notify.php on line 91
[14-Jan-2017 21:01:01 UTC] PHP Notice:  ob_clean(): failed to delete buffer. No buffer to delete in /home/bsn/sites/bsn.ru/public_html/cron/daily_stats/daemons/agencies_tarif_ending_notify.php on line 91
[15-Jan-2017 21:01:02 UTC] PHP Notice:  ob_clean(): failed to delete buffer. No buffer to delete in /home/bsn/sites/bsn.ru/public_html/cron/daily_stats/daemons/agencies_tarif_ending_notify.php on line 91
[16-Jan-2017 21:01:01 UTC] PHP Notice:  ob_clean(): failed to delete buffer. No buffer to delete in /home/bsn/sites/bsn.ru/public_html/cron/daily_stats/daemons/agencies_tarif_ending_notify.php on line 91
[17-Jan-2017 21:01:01 UTC] PHP Notice:  ob_clean(): failed to delete buffer. No buffer to delete in /home/bsn/sites/bsn.ru/public_html/cron/daily_stats/daemons/agencies_tarif_ending_notify.php on line 91
[18-Jan-2017 21:01:01 UTC] PHP Notice:  ob_clean(): failed to delete buffer. No buffer to delete in /home/bsn/sites/bsn.ru/public_html/cron/daily_stats/daemons/agencies_tarif_ending_notify.php on line 91
[19-Jan-2017 21:01:01 UTC] PHP Notice:  ob_clean(): failed to delete buffer. No buffer to delete in /home/bsn/sites/bsn.ru/public_html/cron/daily_stats/daemons/agencies_tarif_ending_notify.php on line 91
[20-Jan-2017 21:01:02 UTC] PHP Notice:  ob_clean(): failed to delete buffer. No buffer to delete in /home/bsn/sites/bsn.ru/public_html/cron/daily_stats/daemons/agencies_tarif_ending_notify.php on line 91
[21-Jan-2017 21:01:01 UTC] PHP Notice:  ob_clean(): failed to delete buffer. No buffer to delete in /home/bsn/sites/bsn.ru/public_html/cron/daily_stats/daemons/agencies_tarif_ending_notify.php on line 91
[22-Jan-2017 21:01:01 UTC] PHP Notice:  ob_clean(): failed to delete buffer. No buffer to delete in /home/bsn/sites/bsn.ru/public_html/cron/daily_stats/daemons/agencies_tarif_ending_notify.php on line 91
[23-Jan-2017 21:01:01 UTC] PHP Notice:  ob_clean(): failed to delete buffer. No buffer to delete in /home/bsn/sites/bsn.ru/public_html/cron/daily_stats/daemons/agencies_tarif_ending_notify.php on line 91
[24-Jan-2017 21:01:03 UTC] PHP Notice:  ob_clean(): failed to delete buffer. No buffer to delete in /home/bsn/sites/bsn.ru/public_html/cron/daily_stats/daemons/agencies_tarif_ending_notify.php on line 91
[25-Jan-2017 21:01:01 UTC] PHP Notice:  ob_clean(): failed to delete buffer. No buffer to delete in /home/bsn/sites/bsn.ru/public_html/cron/daily_stats/daemons/agencies_tarif_ending_notify.php on line 91
[26-Jan-2017 21:01:01 UTC] PHP Notice:  ob_clean(): failed to delete buffer. No buffer to delete in /home/bsn/sites/bsn.ru/public_html/cron/daily_stats/daemons/agencies_tarif_ending_notify.php on line 91
[27-Jan-2017 21:01:02 UTC] PHP Notice:  ob_clean(): failed to delete buffer. No buffer to delete in /home/bsn/sites/bsn.ru/public_html/cron/daily_stats/daemons/agencies_tarif_ending_notify.php on line 91
[28-Jan-2017 21:01:01 UTC] PHP Notice:  ob_clean(): failed to delete buffer. No buffer to delete in /home/bsn/sites/bsn.ru/public_html/cron/daily_stats/daemons/agencies_tarif_ending_notify.php on line 91
[29-Jan-2017 21:01:01 UTC] PHP Notice:  ob_clean(): failed to delete buffer. No buffer to delete in /home/bsn/sites/bsn.ru/public_html/cron/daily_stats/daemons/agencies_tarif_ending_notify.php on line 91
[31-Jan-2017 00:01:01 Europe/Moscow] PHP Notice:  ob_clean(): failed to delete buffer. No buffer to delete in /home/bsn/sites/bsn.ru/public_html/cron/daily_stats/daemons/agencies_tarif_ending_notify.php on line 91
[01-Feb-2017 00:01:01 Europe/Moscow] PHP Notice:  ob_clean(): failed to delete buffer. No buffer to delete in /home/bsn/sites/bsn.ru/public_html/cron/daily_stats/daemons/agencies_tarif_ending_notify.php on line 91
[02-Feb-2017 00:01:02 Europe/Moscow] PHP Notice:  ob_clean(): failed to delete buffer. No buffer to delete in /home/bsn/sites/bsn.ru/public_html/cron/daily_stats/daemons/agencies_tarif_ending_notify.php on line 91
[03-Feb-2017 00:01:02 Europe/Moscow] PHP Notice:  ob_clean(): failed to delete buffer. No buffer to delete in /home/bsn/sites/bsn.ru/public_html/cron/daily_stats/daemons/agencies_tarif_ending_notify.php on line 91
[04-Feb-2017 00:01:01 Europe/Moscow] PHP Notice:  ob_clean(): failed to delete buffer. No buffer to delete in /home/bsn/sites/bsn.ru/public_html/cron/daily_stats/daemons/agencies_tarif_ending_notify.php on line 91
[05-Feb-2017 00:01:02 Europe/Moscow] PHP Notice:  ob_clean(): failed to delete buffer. No buffer to delete in /home/bsn/sites/bsn.ru/public_html/cron/daily_stats/daemons/agencies_tarif_ending_notify.php on line 91
[06-Feb-2017 00:01:02 Europe/Moscow] PHP Notice:  ob_clean(): failed to delete buffer. No buffer to delete in /home/bsn/sites/bsn.ru/public_html/cron/daily_stats/daemons/agencies_tarif_ending_notify.php on line 91
[07-Feb-2017 00:01:01 Europe/Moscow] PHP Notice:  ob_clean(): failed to delete buffer. No buffer to delete in /home/bsn/sites/bsn.ru/public_html/cron/daily_stats/daemons/agencies_tarif_ending_notify.php on line 91
[08-Feb-2017 00:01:01 Europe/Moscow] PHP Notice:  ob_clean(): failed to delete buffer. No buffer to delete in /home/bsn/sites/bsn.ru/public_html/cron/daily_stats/daemons/agencies_tarif_ending_notify.php on line 91
[09-Feb-2017 00:01:01 Europe/Moscow] PHP Notice:  ob_clean(): failed to delete buffer. No buffer to delete in /home/bsn/sites/bsn.ru/public_html/cron/daily_stats/daemons/agencies_tarif_ending_notify.php on line 91
[10-Feb-2017 00:01:01 Europe/Moscow] PHP Notice:  ob_clean(): failed to delete buffer. No buffer to delete in /home/bsn/sites/bsn.ru/public_html/cron/daily_stats/daemons/agencies_tarif_ending_notify.php on line 91
[11-Feb-2017 00:01:02 Europe/Moscow] PHP Notice:  ob_clean(): failed to delete buffer. No buffer to delete in /home/bsn/sites/bsn.ru/public_html/cron/daily_stats/daemons/agencies_tarif_ending_notify.php on line 91
[12-Feb-2017 00:01:02 Europe/Moscow] PHP Notice:  ob_clean(): failed to delete buffer. No buffer to delete in /home/bsn/sites/bsn.ru/public_html/cron/daily_stats/daemons/agencies_tarif_ending_notify.php on line 91
[13-Feb-2017 00:01:02 Europe/Moscow] PHP Notice:  ob_clean(): failed to delete buffer. No buffer to delete in /home/bsn/sites/bsn.ru/public_html/cron/daily_stats/daemons/agencies_tarif_ending_notify.php on line 91
[14-Feb-2017 00:01:01 Europe/Moscow] PHP Notice:  ob_clean(): failed to delete buffer. No buffer to delete in /home/bsn/sites/bsn.ru/public_html/cron/daily_stats/daemons/agencies_tarif_ending_notify.php on line 91
[15-Feb-2017 00:01:01 Europe/Moscow] PHP Notice:  ob_clean(): failed to delete buffer. No buffer to delete in /home/bsn/sites/bsn.ru/public_html/cron/daily_stats/daemons/agencies_tarif_ending_notify.php on line 91
[16-Feb-2017 00:01:01 Europe/Moscow] PHP Notice:  ob_clean(): failed to delete buffer. No buffer to delete in /home/bsn/sites/bsn.ru/public_html/cron/daily_stats/daemons/agencies_tarif_ending_notify.php on line 91
[17-Feb-2017 00:01:01 Europe/Moscow] PHP Notice:  ob_clean(): failed to delete buffer. No buffer to delete in /home/bsn/sites/bsn.ru/public_html/cron/daily_stats/daemons/agencies_tarif_ending_notify.php on line 91
[18-Feb-2017 00:01:02 Europe/Moscow] PHP Notice:  ob_clean(): failed to delete buffer. No buffer to delete in /home/bsn/sites/bsn.ru/public_html/cron/daily_stats/daemons/agencies_tarif_ending_notify.php on line 91
[19-Feb-2017 00:01:01 Europe/Moscow] PHP Notice:  ob_clean(): failed to delete buffer. No buffer to delete in /home/bsn/sites/bsn.ru/public_html/cron/daily_stats/daemons/agencies_tarif_ending_notify.php on line 91
[20-Feb-2017 00:01:01 Europe/Moscow] PHP Notice:  ob_clean(): failed to delete buffer. No buffer to delete in /home/bsn/sites/bsn.ru/public_html/cron/daily_stats/daemons/agencies_tarif_ending_notify.php on line 91
[21-Feb-2017 00:01:01 Europe/Moscow] PHP Notice:  ob_clean(): failed to delete buffer. No buffer to delete in /home/bsn/sites/bsn.ru/public_html/cron/daily_stats/daemons/agencies_tarif_ending_notify.php on line 91
[22-Feb-2017 00:01:01 Europe/Moscow] PHP Notice:  ob_clean(): failed to delete buffer. No buffer to delete in /home/bsn/sites/bsn.ru/public_html/cron/daily_stats/daemons/agencies_tarif_ending_notify.php on line 91
[23-Feb-2017 00:01:01 Europe/Moscow] PHP Notice:  ob_clean(): failed to delete buffer. No buffer to delete in /home/bsn/sites/bsn.ru/public_html/cron/daily_stats/daemons/agencies_tarif_ending_notify.php on line 91
[24-Feb-2017 00:01:01 Europe/Moscow] PHP Notice:  ob_clean(): failed to delete buffer. No buffer to delete in /home/bsn/sites/bsn.ru/public_html/cron/daily_stats/daemons/agencies_tarif_ending_notify.php on line 91
[25-Feb-2017 00:01:01 Europe/Moscow] PHP Notice:  ob_clean(): failed to delete buffer. No buffer to delete in /home/bsn/sites/bsn.ru/public_html/cron/daily_stats/daemons/agencies_tarif_ending_notify.php on line 91
[26-Feb-2017 00:01:01 Europe/Moscow] PHP Notice:  ob_clean(): failed to delete buffer. No buffer to delete in /home/bsn/sites/bsn.ru/public_html/cron/daily_stats/daemons/agencies_tarif_ending_notify.php on line 91
[27-Feb-2017 00:01:02 Europe/Moscow] PHP Notice:  ob_clean(): failed to delete buffer. No buffer to delete in /home/bsn/sites/bsn.ru/public_html/cron/daily_stats/daemons/agencies_tarif_ending_notify.php on line 91
[28-Feb-2017 00:01:01 Europe/Moscow] PHP Notice:  ob_clean(): failed to delete buffer. No buffer to delete in /home/bsn/sites/bsn.ru/public_html/cron/daily_stats/daemons/agencies_tarif_ending_notify.php on line 91
[01-Mar-2017 00:01:01 Europe/Moscow] PHP Notice:  ob_clean(): failed to delete buffer. No buffer to delete in /home/bsn/sites/bsn.ru/public_html/cron/daily_stats/daemons/agencies_tarif_ending_notify.php on line 91
[02-Mar-2017 00:01:01 Europe/Moscow] PHP Notice:  ob_clean(): failed to delete buffer. No buffer to delete in /home/bsn/sites/bsn.ru/public_html/cron/daily_stats/daemons/agencies_tarif_ending_notify.php on line 91
[03-Mar-2017 00:01:01 Europe/Moscow] PHP Notice:  ob_clean(): failed to delete buffer. No buffer to delete in /home/bsn/sites/bsn.ru/public_html/cron/daily_stats/daemons/agencies_tarif_ending_notify.php on line 91
[04-Mar-2017 00:01:01 Europe/Moscow] PHP Notice:  ob_clean(): failed to delete buffer. No buffer to delete in /home/bsn/sites/bsn.ru/public_html/cron/daily_stats/daemons/agencies_tarif_ending_notify.php on line 91
[05-Mar-2017 00:01:02 Europe/Moscow] PHP Notice:  ob_clean(): failed to delete buffer. No buffer to delete in /home/bsn/sites/bsn.ru/public_html/cron/daily_stats/daemons/agencies_tarif_ending_notify.php on line 91
[06-Mar-2017 00:01:02 Europe/Moscow] PHP Notice:  ob_clean(): failed to delete buffer. No buffer to delete in /home/bsn/sites/bsn.ru/public_html/cron/daily_stats/daemons/agencies_tarif_ending_notify.php on line 91
[07-Mar-2017 00:01:01 Europe/Moscow] PHP Notice:  ob_clean(): failed to delete buffer. No buffer to delete in /home/bsn/sites/bsn.ru/public_html/cron/daily_stats/daemons/agencies_tarif_ending_notify.php on line 91
[08-Mar-2017 00:01:01 Europe/Moscow] PHP Notice:  ob_clean(): failed to delete buffer. No buffer to delete in /home/bsn/sites/bsn.ru/public_html/cron/daily_stats/daemons/agencies_tarif_ending_notify.php on line 91
[09-Mar-2017 00:01:01 Europe/Moscow] PHP Notice:  ob_clean(): failed to delete buffer. No buffer to delete in /home/bsn/sites/bsn.ru/public_html/cron/daily_stats/daemons/agencies_tarif_ending_notify.php on line 91
[10-Mar-2017 00:01:01 Europe/Moscow] PHP Notice:  ob_clean(): failed to delete buffer. No buffer to delete in /home/bsn/sites/bsn.ru/public_html/cron/daily_stats/daemons/agencies_tarif_ending_notify.php on line 91
[11-Mar-2017 00:01:02 Europe/Moscow] PHP Notice:  ob_clean(): failed to delete buffer. No buffer to delete in /home/bsn/sites/bsn.ru/public_html/cron/daily_stats/daemons/agencies_tarif_ending_notify.php on line 91
[12-Mar-2017 00:01:01 Europe/Moscow] PHP Notice:  ob_clean(): failed to delete buffer. No buffer to delete in /home/bsn/sites/bsn.ru/public_html/cron/daily_stats/daemons/agencies_tarif_ending_notify.php on line 91
[13-Mar-2017 00:01:01 Europe/Moscow] PHP Notice:  ob_clean(): failed to delete buffer. No buffer to delete in /home/bsn/sites/bsn.ru/public_html/cron/daily_stats/daemons/agencies_tarif_ending_notify.php on line 91
[14-Mar-2017 00:01:01 Europe/Moscow] PHP Notice:  ob_clean(): failed to delete buffer. No buffer to delete in /home/bsn/sites/bsn.ru/public_html/cron/daily_stats/daemons/agencies_tarif_ending_notify.php on line 91
[15-Mar-2017 00:01:02 Europe/Moscow] PHP Notice:  ob_clean(): failed to delete buffer. No buffer to delete in /home/bsn/sites/bsn.ru/public_html/cron/daily_stats/daemons/agencies_tarif_ending_notify.php on line 91
[16-Mar-2017 00:01:02 Europe/Moscow] PHP Notice:  ob_clean(): failed to delete buffer. No buffer to delete in /home/bsn/sites/bsn.ru/public_html/cron/daily_stats/daemons/agencies_tarif_ending_notify.php on line 91
[17-Mar-2017 00:01:01 Europe/Moscow] PHP Notice:  ob_clean(): failed to delete buffer. No buffer to delete in /home/bsn/sites/bsn.ru/public_html/cron/daily_stats/daemons/agencies_tarif_ending_notify.php on line 91
[18-Mar-2017 00:01:01 Europe/Moscow] PHP Notice:  ob_clean(): failed to delete buffer. No buffer to delete in /home/bsn/sites/bsn.ru/public_html/cron/daily_stats/daemons/agencies_tarif_ending_notify.php on line 91
[19-Mar-2017 00:01:01 Europe/Moscow] PHP Notice:  ob_clean(): failed to delete buffer. No buffer to delete in /home/bsn/sites/bsn.ru/public_html/cron/daily_stats/daemons/agencies_tarif_ending_notify.php on line 91
[20-Mar-2017 00:01:02 Europe/Moscow] PHP Notice:  ob_clean(): failed to delete buffer. No buffer to delete in /home/bsn/sites/bsn.ru/public_html/cron/daily_stats/daemons/agencies_tarif_ending_notify.php on line 91
[21-Mar-2017 00:01:02 Europe/Moscow] PHP Notice:  ob_clean(): failed to delete buffer. No buffer to delete in /home/bsn/sites/bsn.ru/public_html/cron/daily_stats/daemons/agencies_tarif_ending_notify.php on line 91
[22-Mar-2017 00:01:01 Europe/Moscow] PHP Notice:  ob_clean(): failed to delete buffer. No buffer to delete in /home/bsn/sites/bsn.ru/public_html/cron/daily_stats/daemons/agencies_tarif_ending_notify.php on line 91
[23-Mar-2017 00:01:01 Europe/Moscow] PHP Notice:  ob_clean(): failed to delete buffer. No buffer to delete in /home/bsn/sites/bsn.ru/public_html/cron/daily_stats/daemons/agencies_tarif_ending_notify.php on line 91
[24-Mar-2017 00:01:01 Europe/Moscow] PHP Notice:  ob_clean(): failed to delete buffer. No buffer to delete in /home/bsn/sites/bsn.ru/public_html/cron/daily_stats/daemons/agencies_tarif_ending_notify.php on line 91
[25-Mar-2017 00:01:02 Europe/Moscow] PHP Notice:  ob_clean(): failed to delete buffer. No buffer to delete in /home/bsn/sites/bsn.ru/public_html/cron/daily_stats/daemons/agencies_tarif_ending_notify.php on line 91
[26-Mar-2017 00:01:01 Europe/Moscow] PHP Notice:  ob_clean(): failed to delete buffer. No buffer to delete in /home/bsn/sites/bsn.ru/public_html/cron/daily_stats/daemons/agencies_tarif_ending_notify.php on line 91
[27-Mar-2017 00:01:01 Europe/Moscow] PHP Notice:  ob_clean(): failed to delete buffer. No buffer to delete in /home/bsn/sites/bsn.ru/public_html/cron/daily_stats/daemons/agencies_tarif_ending_notify.php on line 91
[28-Mar-2017 00:01:01 Europe/Moscow] PHP Notice:  ob_clean(): failed to delete buffer. No buffer to delete in /home/bsn/sites/bsn.ru/public_html/cron/daily_stats/daemons/agencies_tarif_ending_notify.php on line 91
[29-Mar-2017 00:01:02 Europe/Moscow] PHP Notice:  ob_clean(): failed to delete buffer. No buffer to delete in /home/bsn/sites/bsn.ru/public_html/cron/daily_stats/daemons/agencies_tarif_ending_notify.php on line 91
[30-Mar-2017 00:01:01 Europe/Moscow] PHP Notice:  ob_clean(): failed to delete buffer. No buffer to delete in /home/bsn/sites/bsn.ru/public_html/cron/daily_stats/daemons/agencies_tarif_ending_notify.php on line 91
[31-Mar-2017 00:01:01 Europe/Moscow] PHP Notice:  ob_clean(): failed to delete buffer. No buffer to delete in /home/bsn/sites/bsn.ru/public_html/cron/daily_stats/daemons/agencies_tarif_ending_notify.php on line 91
[01-Apr-2017 00:01:02 Europe/Moscow] PHP Notice:  ob_clean(): failed to delete buffer. No buffer to delete in /home/bsn/sites/bsn.ru/public_html/cron/daily_stats/daemons/agencies_tarif_ending_notify.php on line 91
[02-Apr-2017 00:01:01 Europe/Moscow] PHP Notice:  ob_clean(): failed to delete buffer. No buffer to delete in /home/bsn/sites/bsn.ru/public_html/cron/daily_stats/daemons/agencies_tarif_ending_notify.php on line 91
[03-Apr-2017 00:01:01 Europe/Moscow] PHP Notice:  ob_clean(): failed to delete buffer. No buffer to delete in /home/bsn/sites/bsn.ru/public_html/cron/daily_stats/daemons/agencies_tarif_ending_notify.php on line 91
[04-Apr-2017 00:01:01 Europe/Moscow] PHP Notice:  ob_clean(): failed to delete buffer. No buffer to delete in /home/bsn/sites/bsn.ru/public_html/cron/daily_stats/daemons/agencies_tarif_ending_notify.php on line 91
[05-Apr-2017 00:01:01 Europe/Moscow] PHP Notice:  ob_clean(): failed to delete buffer. No buffer to delete in /home/bsn/sites/bsn.ru/public_html/cron/daily_stats/daemons/agencies_tarif_ending_notify.php on line 91
[06-Apr-2017 00:01:01 Europe/Moscow] PHP Notice:  ob_clean(): failed to delete buffer. No buffer to delete in /home/bsn/sites/bsn.ru/public_html/cron/daily_stats/daemons/agencies_tarif_ending_notify.php on line 91
[07-Apr-2017 00:01:02 Europe/Moscow] PHP Notice:  ob_clean(): failed to delete buffer. No buffer to delete in /home/bsn/sites/bsn.ru/public_html/cron/daily_stats/daemons/agencies_tarif_ending_notify.php on line 91
[08-Apr-2017 00:01:01 Europe/Moscow] PHP Notice:  ob_clean(): failed to delete buffer. No buffer to delete in /home/bsn/sites/bsn.ru/public_html/cron/daily_stats/daemons/agencies_tarif_ending_notify.php on line 91
[09-Apr-2017 00:01:01 Europe/Moscow] PHP Notice:  ob_clean(): failed to delete buffer. No buffer to delete in /home/bsn/sites/bsn.ru/public_html/cron/daily_stats/daemons/agencies_tarif_ending_notify.php on line 91
[10-Apr-2017 00:01:01 Europe/Moscow] PHP Notice:  ob_clean(): failed to delete buffer. No buffer to delete in /home/bsn/sites/bsn.ru/public_html/cron/daily_stats/daemons/agencies_tarif_ending_notify.php on line 91
[11-Apr-2017 00:01:02 Europe/Moscow] PHP Notice:  ob_clean(): failed to delete buffer. No buffer to delete in /home/bsn/sites/bsn.ru/public_html/cron/daily_stats/daemons/agencies_tarif_ending_notify.php on line 91
[12-Apr-2017 00:01:02 Europe/Moscow] PHP Notice:  ob_clean(): failed to delete buffer. No buffer to delete in /home/bsn/sites/bsn.ru/public_html/cron/daily_stats/daemons/agencies_tarif_ending_notify.php on line 91
[13-Apr-2017 00:01:01 Europe/Moscow] PHP Notice:  ob_clean(): failed to delete buffer. No buffer to delete in /home/bsn/sites/bsn.ru/public_html/cron/daily_stats/daemons/agencies_tarif_ending_notify.php on line 91
[14-Apr-2017 00:01:01 Europe/Moscow] PHP Notice:  ob_clean(): failed to delete buffer. No buffer to delete in /home/bsn/sites/bsn.ru/public_html/cron/daily_stats/daemons/agencies_tarif_ending_notify.php on line 91
[15-Apr-2017 00:01:02 Europe/Moscow] PHP Notice:  ob_clean(): failed to delete buffer. No buffer to delete in /home/bsn/sites/bsn.ru/public_html/cron/daily_stats/daemons/agencies_tarif_ending_notify.php on line 91
[16-Apr-2017 00:01:01 Europe/Moscow] PHP Notice:  ob_clean(): failed to delete buffer. No buffer to delete in /home/bsn/sites/bsn.ru/public_html/cron/daily_stats/daemons/agencies_tarif_ending_notify.php on line 91
[17-Apr-2017 00:01:02 Europe/Moscow] PHP Notice:  ob_clean(): failed to delete buffer. No buffer to delete in /home/bsn/sites/bsn.ru/public_html/cron/daily_stats/daemons/agencies_tarif_ending_notify.php on line 91
[18-Apr-2017 00:01:02 Europe/Moscow] PHP Notice:  ob_clean(): failed to delete buffer. No buffer to delete in /home/bsn/sites/bsn.ru/public_html/cron/daily_stats/daemons/agencies_tarif_ending_notify.php on line 91
[19-Apr-2017 00:01:01 Europe/Moscow] PHP Notice:  ob_clean(): failed to delete buffer. No buffer to delete in /home/bsn/sites/bsn.ru/public_html/cron/daily_stats/daemons/agencies_tarif_ending_notify.php on line 91
[20-Apr-2017 00:01:01 Europe/Moscow] PHP Notice:  ob_clean(): failed to delete buffer. No buffer to delete in /home/bsn/sites/bsn.ru/public_html/cron/daily_stats/daemons/agencies_tarif_ending_notify.php on line 91
[21-Apr-2017 00:01:02 Europe/Moscow] PHP Notice:  ob_clean(): failed to delete buffer. No buffer to delete in /home/bsn/sites/bsn.ru/public_html/cron/daily_stats/daemons/agencies_tarif_ending_notify.php on line 91
[22-Apr-2017 00:01:01 Europe/Moscow] PHP Notice:  ob_clean(): failed to delete buffer. No buffer to delete in /home/bsn/sites/bsn.ru/public_html/cron/daily_stats/daemons/agencies_tarif_ending_notify.php on line 91
[23-Apr-2017 00:01:01 Europe/Moscow] PHP Notice:  ob_clean(): failed to delete buffer. No buffer to delete in /home/bsn/sites/bsn.ru/public_html/cron/daily_stats/daemons/agencies_tarif_ending_notify.php on line 91
[24-Apr-2017 00:01:02 Europe/Moscow] PHP Notice:  ob_clean(): failed to delete buffer. No buffer to delete in /home/bsn/sites/bsn.ru/public_html/cron/daily_stats/daemons/agencies_tarif_ending_notify.php on line 91
[25-Apr-2017 00:01:01 Europe/Moscow] PHP Notice:  ob_clean(): failed to delete buffer. No buffer to delete in /home/bsn/sites/bsn.ru/public_html/cron/daily_stats/daemons/agencies_tarif_ending_notify.php on line 91
[26-Apr-2017 00:01:01 Europe/Moscow] PHP Notice:  ob_clean(): failed to delete buffer. No buffer to delete in /home/bsn/sites/bsn.ru/public_html/cron/daily_stats/daemons/agencies_tarif_ending_notify.php on line 91
[27-Apr-2017 00:01:01 Europe/Moscow] PHP Notice:  ob_clean(): failed to delete buffer. No buffer to delete in /home/bsn/sites/bsn.ru/public_html/cron/daily_stats/daemons/agencies_tarif_ending_notify.php on line 91
[28-Apr-2017 00:01:01 Europe/Moscow] PHP Notice:  ob_clean(): failed to delete buffer. No buffer to delete in /home/bsn/sites/bsn.ru/public_html/cron/daily_stats/daemons/agencies_tarif_ending_notify.php on line 91
[29-Apr-2017 00:01:01 Europe/Moscow] PHP Notice:  ob_clean(): failed to delete buffer. No buffer to delete in /home/bsn/sites/bsn.ru/public_html/cron/daily_stats/daemons/agencies_tarif_ending_notify.php on line 91
[30-Apr-2017 00:01:01 Europe/Moscow] PHP Notice:  ob_clean(): failed to delete buffer. No buffer to delete in /home/bsn/sites/bsn.ru/public_html/cron/daily_stats/daemons/agencies_tarif_ending_notify.php on line 91
[01-May-2017 00:01:01 Europe/Moscow] PHP Notice:  ob_clean(): failed to delete buffer. No buffer to delete in /home/bsn/sites/bsn.ru/public_html/cron/daily_stats/daemons/agencies_tarif_ending_notify.php on line 91
[02-May-2017 00:01:01 Europe/Moscow] PHP Notice:  ob_clean(): failed to delete buffer. No buffer to delete in /home/bsn/sites/bsn.ru/public_html/cron/daily_stats/daemons/agencies_tarif_ending_notify.php on line 91
[03-May-2017 00:01:01 Europe/Moscow] PHP Notice:  ob_clean(): failed to delete buffer. No buffer to delete in /home/bsn/sites/bsn.ru/public_html/cron/daily_stats/daemons/agencies_tarif_ending_notify.php on line 91
[04-May-2017 00:01:02 Europe/Moscow] PHP Notice:  ob_clean(): failed to delete buffer. No buffer to delete in /home/bsn/sites/bsn.ru/public_html/cron/daily_stats/daemons/agencies_tarif_ending_notify.php on line 91
[05-May-2017 00:01:02 Europe/Moscow] PHP Notice:  ob_clean(): failed to delete buffer. No buffer to delete in /home/bsn/sites/bsn.ru/public_html/cron/daily_stats/daemons/agencies_tarif_ending_notify.php on line 91
[06-May-2017 00:01:01 Europe/Moscow] PHP Notice:  ob_clean(): failed to delete buffer. No buffer to delete in /home/bsn/sites/bsn.ru/public_html/cron/daily_stats/daemons/agencies_tarif_ending_notify.php on line 91
[07-May-2017 00:01:01 Europe/Moscow] PHP Notice:  ob_clean(): failed to delete buffer. No buffer to delete in /home/bsn/sites/bsn.ru/public_html/cron/daily_stats/daemons/agencies_tarif_ending_notify.php on line 91
[08-May-2017 00:01:02 Europe/Moscow] PHP Notice:  ob_clean(): failed to delete buffer. No buffer to delete in /home/bsn/sites/bsn.ru/public_html/cron/daily_stats/daemons/agencies_tarif_ending_notify.php on line 91
[09-May-2017 00:01:01 Europe/Moscow] PHP Notice:  ob_clean(): failed to delete buffer. No buffer to delete in /home/bsn/sites/bsn.ru/public_html/cron/daily_stats/daemons/agencies_tarif_ending_notify.php on line 91
[10-May-2017 00:01:02 Europe/Moscow] PHP Notice:  ob_clean(): failed to delete buffer. No buffer to delete in /home/bsn/sites/bsn.ru/public_html/cron/daily_stats/daemons/agencies_tarif_ending_notify.php on line 91
[11-May-2017 00:01:03 Europe/Moscow] PHP Notice:  ob_clean(): failed to delete buffer. No buffer to delete in /home/bsn/sites/bsn.ru/public_html/cron/daily_stats/daemons/agencies_tarif_ending_notify.php on line 91
[12-May-2017 00:01:01 Europe/Moscow] PHP Notice:  Use of undefined constant TEST_MODE - assumed 'TEST_MODE' in /home/bsn/sites/bsn.ru/public_html/includes/phpmailer/class.phpmailer.php on line 408
[12-May-2017 00:01:01 Europe/Moscow] PHP Notice:  Use of undefined constant TEST_MODE - assumed 'TEST_MODE' in /home/bsn/sites/bsn.ru/public_html/includes/phpmailer/class.phpmailer.php on line 408
[12-May-2017 00:01:01 Europe/Moscow] PHP Notice:  Use of undefined constant TEST_MODE - assumed 'TEST_MODE' in /home/bsn/sites/bsn.ru/public_html/includes/phpmailer/class.phpmailer.php on line 408
[12-May-2017 00:01:01 Europe/Moscow] PHP Notice:  Use of undefined constant TEST_MODE - assumed 'TEST_MODE' in /home/bsn/sites/bsn.ru/public_html/includes/phpmailer/class.phpmailer.php on line 408
[12-May-2017 00:01:01 Europe/Moscow] PHP Notice:  ob_clean(): failed to delete buffer. No buffer to delete in /home/bsn/sites/bsn.ru/public_html/cron/daily_stats/daemons/agencies_tarif_ending_notify.php on line 91
[13-May-2017 00:01:01 Europe/Moscow] PHP Notice:  ob_clean(): failed to delete buffer. No buffer to delete in /home/bsn/sites/bsn.ru/public_html/cron/daily_stats/daemons/agencies_tarif_ending_notify.php on line 91
[14-May-2017 00:01:01 Europe/Moscow] PHP Notice:  Use of undefined constant TEST_MODE - assumed 'TEST_MODE' in /home/bsn/sites/bsn.ru/public_html/includes/phpmailer/class.phpmailer.php on line 408
[14-May-2017 00:01:01 Europe/Moscow] PHP Notice:  Use of undefined constant TEST_MODE - assumed 'TEST_MODE' in /home/bsn/sites/bsn.ru/public_html/includes/phpmailer/class.phpmailer.php on line 408
[14-May-2017 00:01:02 Europe/Moscow] PHP Notice:  Use of undefined constant TEST_MODE - assumed 'TEST_MODE' in /home/bsn/sites/bsn.ru/public_html/includes/phpmailer/class.phpmailer.php on line 408
[14-May-2017 00:01:02 Europe/Moscow] PHP Notice:  Use of undefined constant TEST_MODE - assumed 'TEST_MODE' in /home/bsn/sites/bsn.ru/public_html/includes/phpmailer/class.phpmailer.php on line 408
[14-May-2017 00:01:02 Europe/Moscow] PHP Notice:  Use of undefined constant TEST_MODE - assumed 'TEST_MODE' in /home/bsn/sites/bsn.ru/public_html/includes/phpmailer/class.phpmailer.php on line 408
[14-May-2017 00:01:02 Europe/Moscow] PHP Notice:  Use of undefined constant TEST_MODE - assumed 'TEST_MODE' in /home/bsn/sites/bsn.ru/public_html/includes/phpmailer/class.phpmailer.php on line 408
[14-May-2017 00:01:02 Europe/Moscow] PHP Notice:  Use of undefined constant TEST_MODE - assumed 'TEST_MODE' in /home/bsn/sites/bsn.ru/public_html/includes/phpmailer/class.phpmailer.php on line 408
[14-May-2017 00:01:02 Europe/Moscow] PHP Notice:  Use of undefined constant TEST_MODE - assumed 'TEST_MODE' in /home/bsn/sites/bsn.ru/public_html/includes/phpmailer/class.phpmailer.php on line 408
[14-May-2017 00:01:02 Europe/Moscow] PHP Notice:  ob_clean(): failed to delete buffer. No buffer to delete in /home/bsn/sites/bsn.ru/public_html/cron/daily_stats/daemons/agencies_tarif_ending_notify.php on line 91
[15-May-2017 00:01:01 Europe/Moscow] PHP Notice:  Use of undefined constant TEST_MODE - assumed 'TEST_MODE' in /home/bsn/sites/bsn.ru/public_html/includes/phpmailer/class.phpmailer.php on line 408
[15-May-2017 00:01:01 Europe/Moscow] PHP Notice:  Use of undefined constant TEST_MODE - assumed 'TEST_MODE' in /home/bsn/sites/bsn.ru/public_html/includes/phpmailer/class.phpmailer.php on line 408
[15-May-2017 00:01:03 Europe/Moscow] PHP Notice:  Use of undefined constant TEST_MODE - assumed 'TEST_MODE' in /home/bsn/sites/bsn.ru/public_html/includes/phpmailer/class.phpmailer.php on line 408
[15-May-2017 00:01:03 Europe/Moscow] PHP Notice:  Use of undefined constant TEST_MODE - assumed 'TEST_MODE' in /home/bsn/sites/bsn.ru/public_html/includes/phpmailer/class.phpmailer.php on line 408
[15-May-2017 00:01:03 Europe/Moscow] PHP Notice:  ob_clean(): failed to delete buffer. No buffer to delete in /home/bsn/sites/bsn.ru/public_html/cron/daily_stats/daemons/agencies_tarif_ending_notify.php on line 91
[16-May-2017 00:01:02 Europe/Moscow] PHP Notice:  ob_clean(): failed to delete buffer. No buffer to delete in /home/bsn/sites/bsn.ru/public_html/cron/daily_stats/daemons/agencies_tarif_ending_notify.php on line 91
[17-May-2017 00:01:01 Europe/Moscow] PHP Notice:  Use of undefined constant TEST_MODE - assumed 'TEST_MODE' in /home/bsn/sites/bsn.ru/public_html/includes/phpmailer/class.phpmailer.php on line 408
[17-May-2017 00:01:01 Europe/Moscow] PHP Notice:  Use of undefined constant TEST_MODE - assumed 'TEST_MODE' in /home/bsn/sites/bsn.ru/public_html/includes/phpmailer/class.phpmailer.php on line 408
[17-May-2017 00:01:02 Europe/Moscow] PHP Notice:  Use of undefined constant TEST_MODE - assumed 'TEST_MODE' in /home/bsn/sites/bsn.ru/public_html/includes/phpmailer/class.phpmailer.php on line 408
[17-May-2017 00:01:02 Europe/Moscow] PHP Notice:  ob_clean(): failed to delete buffer. No buffer to delete in /home/bsn/sites/bsn.ru/public_html/cron/daily_stats/daemons/agencies_tarif_ending_notify.php on line 91
[18-May-2017 00:01:02 Europe/Moscow] PHP Notice:  ob_clean(): failed to delete buffer. No buffer to delete in /home/bsn/sites/bsn.ru/public_html/cron/daily_stats/daemons/agencies_tarif_ending_notify.php on line 91
[19-May-2017 00:01:01 Europe/Moscow] PHP Notice:  ob_clean(): failed to delete buffer. No buffer to delete in /home/bsn/sites/bsn.ru/public_html/cron/daily_stats/daemons/agencies_tarif_ending_notify.php on line 91
[20-May-2017 00:01:01 Europe/Moscow] PHP Notice:  ob_clean(): failed to delete buffer. No buffer to delete in /home/bsn/sites/bsn.ru/public_html/cron/daily_stats/daemons/agencies_tarif_ending_notify.php on line 91
[21-May-2017 00:01:01 Europe/Moscow] PHP Notice:  Use of undefined constant TEST_MODE - assumed 'TEST_MODE' in /home/bsn/sites/bsn.ru/public_html/includes/phpmailer/class.phpmailer.php on line 408
[21-May-2017 00:01:02 Europe/Moscow] PHP Notice:  Use of undefined constant TEST_MODE - assumed 'TEST_MODE' in /home/bsn/sites/bsn.ru/public_html/includes/phpmailer/class.phpmailer.php on line 408
[21-May-2017 00:01:02 Europe/Moscow] PHP Notice:  Use of undefined constant TEST_MODE - assumed 'TEST_MODE' in /home/bsn/sites/bsn.ru/public_html/includes/phpmailer/class.phpmailer.php on line 408
[21-May-2017 00:01:02 Europe/Moscow] PHP Notice:  Use of undefined constant TEST_MODE - assumed 'TEST_MODE' in /home/bsn/sites/bsn.ru/public_html/includes/phpmailer/class.phpmailer.php on line 408
[21-May-2017 00:01:03 Europe/Moscow] PHP Notice:  ob_clean(): failed to delete buffer. No buffer to delete in /home/bsn/sites/bsn.ru/public_html/cron/daily_stats/daemons/agencies_tarif_ending_notify.php on line 91
[22-May-2017 00:01:01 Europe/Moscow] PHP Notice:  ob_clean(): failed to delete buffer. No buffer to delete in /home/bsn/sites/bsn.ru/public_html/cron/daily_stats/daemons/agencies_tarif_ending_notify.php on line 91
[23-May-2017 00:01:01 Europe/Moscow] PHP Notice:  ob_clean(): failed to delete buffer. No buffer to delete in /home/bsn/sites/bsn.ru/public_html/cron/daily_stats/daemons/agencies_tarif_ending_notify.php on line 91
[24-May-2017 00:01:01 Europe/Moscow] PHP Notice:  Use of undefined constant TEST_MODE - assumed 'TEST_MODE' in /home/bsn/sites/bsn.ru/public_html/includes/phpmailer/class.phpmailer.php on line 408
[24-May-2017 00:01:01 Europe/Moscow] PHP Notice:  Use of undefined constant TEST_MODE - assumed 'TEST_MODE' in /home/bsn/sites/bsn.ru/public_html/includes/phpmailer/class.phpmailer.php on line 408
[24-May-2017 00:01:02 Europe/Moscow] PHP Notice:  Use of undefined constant TEST_MODE - assumed 'TEST_MODE' in /home/bsn/sites/bsn.ru/public_html/includes/phpmailer/class.phpmailer.php on line 408
[24-May-2017 00:01:02 Europe/Moscow] PHP Notice:  Use of undefined constant TEST_MODE - assumed 'TEST_MODE' in /home/bsn/sites/bsn.ru/public_html/includes/phpmailer/class.phpmailer.php on line 408
[24-May-2017 00:01:02 Europe/Moscow] PHP Notice:  ob_clean(): failed to delete buffer. No buffer to delete in /home/bsn/sites/bsn.ru/public_html/cron/daily_stats/daemons/agencies_tarif_ending_notify.php on line 91
[25-May-2017 00:01:01 Europe/Moscow] PHP Notice:  ob_clean(): failed to delete buffer. No buffer to delete in /home/bsn/sites/bsn.ru/public_html/cron/daily_stats/daemons/agencies_tarif_ending_notify.php on line 91
[26-May-2017 00:01:01 Europe/Moscow] PHP Notice:  ob_clean(): failed to delete buffer. No buffer to delete in /home/bsn/sites/bsn.ru/public_html/cron/daily_stats/daemons/agencies_tarif_ending_notify.php on line 91
[27-May-2017 00:01:01 Europe/Moscow] PHP Notice:  ob_clean(): failed to delete buffer. No buffer to delete in /home/bsn/sites/bsn.ru/public_html/cron/daily_stats/daemons/agencies_tarif_ending_notify.php on line 91
[28-May-2017 00:01:01 Europe/Moscow] PHP Notice:  ob_clean(): failed to delete buffer. No buffer to delete in /home/bsn/sites/bsn.ru/public_html/cron/daily_stats/daemons/agencies_tarif_ending_notify.php on line 91
[29-May-2017 00:01:01 Europe/Moscow] PHP Notice:  ob_clean(): failed to delete buffer. No buffer to delete in /home/bsn/sites/bsn.ru/public_html/cron/daily_stats/daemons/agencies_tarif_ending_notify.php on line 91
[30-May-2017 00:01:01 Europe/Moscow] PHP Notice:  ob_clean(): failed to delete buffer. No buffer to delete in /home/bsn/sites/bsn.ru/public_html/cron/daily_stats/daemons/agencies_tarif_ending_notify.php on line 91
[31-May-2017 00:01:01 Europe/Moscow] PHP Notice:  ob_clean(): failed to delete buffer. No buffer to delete in /home/bsn/sites/bsn.ru/public_html/cron/daily_stats/daemons/agencies_tarif_ending_notify.php on line 91
[01-Jun-2017 00:01:01 Europe/Moscow] PHP Notice:  Use of undefined constant TEST_MODE - assumed 'TEST_MODE' in /home/bsn/sites/bsn.ru/public_html/includes/phpmailer/class.phpmailer.php on line 408
[01-Jun-2017 00:01:01 Europe/Moscow] PHP Notice:  Use of undefined constant TEST_MODE - assumed 'TEST_MODE' in /home/bsn/sites/bsn.ru/public_html/includes/phpmailer/class.phpmailer.php on line 408
[01-Jun-2017 00:01:02 Europe/Moscow] PHP Notice:  Use of undefined constant TEST_MODE - assumed 'TEST_MODE' in /home/bsn/sites/bsn.ru/public_html/includes/phpmailer/class.phpmailer.php on line 408
[01-Jun-2017 00:01:02 Europe/Moscow] PHP Notice:  Use of undefined constant TEST_MODE - assumed 'TEST_MODE' in /home/bsn/sites/bsn.ru/public_html/includes/phpmailer/class.phpmailer.php on line 408
[01-Jun-2017 00:01:02 Europe/Moscow] PHP Notice:  ob_clean(): failed to delete buffer. No buffer to delete in /home/bsn/sites/bsn.ru/public_html/cron/daily_stats/daemons/agencies_tarif_ending_notify.php on line 91
[02-Jun-2017 00:01:01 Europe/Moscow] PHP Notice:  ob_clean(): failed to delete buffer. No buffer to delete in /home/bsn/sites/bsn.ru/public_html/cron/daily_stats/daemons/agencies_tarif_ending_notify.php on line 91
[03-Jun-2017 00:01:01 Europe/Moscow] PHP Notice:  ob_clean(): failed to delete buffer. No buffer to delete in /home/bsn/sites/bsn.ru/public_html/cron/daily_stats/daemons/agencies_tarif_ending_notify.php on line 91
[04-Jun-2017 00:01:02 Europe/Moscow] PHP Notice:  Use of undefined constant TEST_MODE - assumed 'TEST_MODE' in /home/bsn/sites/bsn.ru/public_html/includes/phpmailer/class.phpmailer.php on line 408
[04-Jun-2017 00:01:02 Europe/Moscow] PHP Notice:  Use of undefined constant TEST_MODE - assumed 'TEST_MODE' in /home/bsn/sites/bsn.ru/public_html/includes/phpmailer/class.phpmailer.php on line 408
[04-Jun-2017 00:01:02 Europe/Moscow] PHP Notice:  Use of undefined constant TEST_MODE - assumed 'TEST_MODE' in /home/bsn/sites/bsn.ru/public_html/includes/phpmailer/class.phpmailer.php on line 408
[04-Jun-2017 00:01:02 Europe/Moscow] PHP Notice:  Use of undefined constant TEST_MODE - assumed 'TEST_MODE' in /home/bsn/sites/bsn.ru/public_html/includes/phpmailer/class.phpmailer.php on line 408
[04-Jun-2017 00:01:02 Europe/Moscow] PHP Notice:  ob_clean(): failed to delete buffer. No buffer to delete in /home/bsn/sites/bsn.ru/public_html/cron/daily_stats/daemons/agencies_tarif_ending_notify.php on line 91
[05-Jun-2017 00:01:01 Europe/Moscow] PHP Notice:  ob_clean(): failed to delete buffer. No buffer to delete in /home/bsn/sites/bsn.ru/public_html/cron/daily_stats/daemons/agencies_tarif_ending_notify.php on line 91
[06-Jun-2017 00:01:01 Europe/Moscow] PHP Notice:  ob_clean(): failed to delete buffer. No buffer to delete in /home/bsn/sites/bsn.ru/public_html/cron/daily_stats/daemons/agencies_tarif_ending_notify.php on line 91
[07-Jun-2017 00:01:01 Europe/Moscow] PHP Notice:  ob_clean(): failed to delete buffer. No buffer to delete in /home/bsn/sites/bsn.ru/public_html/cron/daily_stats/daemons/agencies_tarif_ending_notify.php on line 91
[08-Jun-2017 00:01:02 Europe/Moscow] PHP Notice:  Use of undefined constant TEST_MODE - assumed 'TEST_MODE' in /home/bsn/sites/bsn.ru/public_html/includes/phpmailer/class.phpmailer.php on line 408
[08-Jun-2017 00:01:02 Europe/Moscow] PHP Notice:  Use of undefined constant TEST_MODE - assumed 'TEST_MODE' in /home/bsn/sites/bsn.ru/public_html/includes/phpmailer/class.phpmailer.php on line 408
[08-Jun-2017 00:01:02 Europe/Moscow] PHP Notice:  Use of undefined constant TEST_MODE - assumed 'TEST_MODE' in /home/bsn/sites/bsn.ru/public_html/includes/phpmailer/class.phpmailer.php on line 408
[08-Jun-2017 00:01:02 Europe/Moscow] PHP Notice:  Use of undefined constant TEST_MODE - assumed 'TEST_MODE' in /home/bsn/sites/bsn.ru/public_html/includes/phpmailer/class.phpmailer.php on line 408
[08-Jun-2017 00:01:02 Europe/Moscow] PHP Notice:  Use of undefined constant TEST_MODE - assumed 'TEST_MODE' in /home/bsn/sites/bsn.ru/public_html/includes/phpmailer/class.phpmailer.php on line 408
[08-Jun-2017 00:01:02 Europe/Moscow] PHP Notice:  Use of undefined constant TEST_MODE - assumed 'TEST_MODE' in /home/bsn/sites/bsn.ru/public_html/includes/phpmailer/class.phpmailer.php on line 408
[08-Jun-2017 00:01:02 Europe/Moscow] PHP Notice:  Use of undefined constant TEST_MODE - assumed 'TEST_MODE' in /home/bsn/sites/bsn.ru/public_html/includes/phpmailer/class.phpmailer.php on line 408
[08-Jun-2017 00:01:02 Europe/Moscow] PHP Notice:  Use of undefined constant TEST_MODE - assumed 'TEST_MODE' in /home/bsn/sites/bsn.ru/public_html/includes/phpmailer/class.phpmailer.php on line 408
[08-Jun-2017 00:01:02 Europe/Moscow] PHP Notice:  Use of undefined constant TEST_MODE - assumed 'TEST_MODE' in /home/bsn/sites/bsn.ru/public_html/includes/phpmailer/class.phpmailer.php on line 408
[08-Jun-2017 00:01:02 Europe/Moscow] PHP Notice:  Use of undefined constant TEST_MODE - assumed 'TEST_MODE' in /home/bsn/sites/bsn.ru/public_html/includes/phpmailer/class.phpmailer.php on line 408
[08-Jun-2017 00:01:02 Europe/Moscow] PHP Notice:  Use of undefined constant TEST_MODE - assumed 'TEST_MODE' in /home/bsn/sites/bsn.ru/public_html/includes/phpmailer/class.phpmailer.php on line 408
[08-Jun-2017 00:01:02 Europe/Moscow] PHP Notice:  Use of undefined constant TEST_MODE - assumed 'TEST_MODE' in /home/bsn/sites/bsn.ru/public_html/includes/phpmailer/class.phpmailer.php on line 408
[08-Jun-2017 00:01:03 Europe/Moscow] PHP Notice:  ob_clean(): failed to delete buffer. No buffer to delete in /home/bsn/sites/bsn.ru/public_html/cron/daily_stats/daemons/agencies_tarif_ending_notify.php on line 91
[09-Jun-2017 00:01:01 Europe/Moscow] PHP Notice:  ob_clean(): failed to delete buffer. No buffer to delete in /home/bsn/sites/bsn.ru/public_html/cron/daily_stats/daemons/agencies_tarif_ending_notify.php on line 91
[10-Jun-2017 00:01:02 Europe/Moscow] PHP Notice:  ob_clean(): failed to delete buffer. No buffer to delete in /home/bsn/sites/bsn.ru/public_html/cron/daily_stats/daemons/agencies_tarif_ending_notify.php on line 91
[11-Jun-2017 00:01:01 Europe/Moscow] PHP Notice:  ob_clean(): failed to delete buffer. No buffer to delete in /home/bsn/sites/bsn.ru/public_html/cron/daily_stats/daemons/agencies_tarif_ending_notify.php on line 91
[12-Jun-2017 00:01:02 Europe/Moscow] PHP Notice:  ob_clean(): failed to delete buffer. No buffer to delete in /home/bsn/sites/bsn.ru/public_html/cron/daily_stats/daemons/agencies_tarif_ending_notify.php on line 91
[13-Jun-2017 00:01:01 Europe/Moscow] PHP Notice:  ob_clean(): failed to delete buffer. No buffer to delete in /home/bsn/sites/bsn.ru/public_html/cron/daily_stats/daemons/agencies_tarif_ending_notify.php on line 91
[14-Jun-2017 00:01:01 Europe/Moscow] PHP Notice:  ob_clean(): failed to delete buffer. No buffer to delete in /home/bsn/sites/bsn.ru/public_html/cron/daily_stats/daemons/agencies_tarif_ending_notify.php on line 91
[15-Jun-2017 00:01:04 Europe/Moscow] PHP Notice:  ob_clean(): failed to delete buffer. No buffer to delete in /home/bsn/sites/bsn.ru/public_html/cron/daily_stats/daemons/agencies_tarif_ending_notify.php on line 91
[16-Jun-2017 00:01:01 Europe/Moscow] PHP Notice:  ob_clean(): failed to delete buffer. No buffer to delete in /home/bsn/sites/bsn.ru/public_html/cron/daily_stats/daemons/agencies_tarif_ending_notify.php on line 91
[17-Jun-2017 00:01:02 Europe/Moscow] PHP Notice:  ob_clean(): failed to delete buffer. No buffer to delete in /home/bsn/sites/bsn.ru/public_html/cron/daily_stats/daemons/agencies_tarif_ending_notify.php on line 91
[18-Jun-2017 00:01:01 Europe/Moscow] PHP Notice:  ob_clean(): failed to delete buffer. No buffer to delete in /home/bsn/sites/bsn.ru/public_html/cron/daily_stats/daemons/agencies_tarif_ending_notify.php on line 91
[19-Jun-2017 00:01:01 Europe/Moscow] PHP Notice:  ob_clean(): failed to delete buffer. No buffer to delete in /home/bsn/sites/bsn.ru/public_html/cron/daily_stats/daemons/agencies_tarif_ending_notify.php on line 91
[20-Jun-2017 00:01:01 Europe/Moscow] PHP Notice:  ob_clean(): failed to delete buffer. No buffer to delete in /home/bsn/sites/bsn.ru/public_html/cron/daily_stats/daemons/agencies_tarif_ending_notify.php on line 91
[21-Jun-2017 00:01:01 Europe/Moscow] PHP Notice:  ob_clean(): failed to delete buffer. No buffer to delete in /home/bsn/sites/bsn.ru/public_html/cron/daily_stats/daemons/agencies_tarif_ending_notify.php on line 91
[22-Jun-2017 00:01:01 Europe/Moscow] PHP Notice:  ob_clean(): failed to delete buffer. No buffer to delete in /home/bsn/sites/bsn.ru/public_html/cron/daily_stats/daemons/agencies_tarif_ending_notify.php on line 91
[23-Jun-2017 00:01:02 Europe/Moscow] PHP Notice:  ob_clean(): failed to delete buffer. No buffer to delete in /home/bsn/sites/bsn.ru/public_html/cron/daily_stats/daemons/agencies_tarif_ending_notify.php on line 91
[24-Jun-2017 00:01:02 Europe/Moscow] PHP Notice:  ob_clean(): failed to delete buffer. No buffer to delete in /home/bsn/sites/bsn.ru/public_html/cron/daily_stats/daemons/agencies_tarif_ending_notify.php on line 91
[25-Jun-2017 00:01:01 Europe/Moscow] PHP Notice:  ob_clean(): failed to delete buffer. No buffer to delete in /home/bsn/sites/bsn.ru/public_html/cron/daily_stats/daemons/agencies_tarif_ending_notify.php on line 91
[26-Jun-2017 00:01:01 Europe/Moscow] PHP Notice:  ob_clean(): failed to delete buffer. No buffer to delete in /home/bsn/sites/bsn.ru/public_html/cron/daily_stats/daemons/agencies_tarif_ending_notify.php on line 91
[27-Jun-2017 00:01:01 Europe/Moscow] PHP Notice:  ob_clean(): failed to delete buffer. No buffer to delete in /home/bsn/sites/bsn.ru/public_html/cron/daily_stats/daemons/agencies_tarif_ending_notify.php on line 91
[28-Jun-2017 00:01:01 Europe/Moscow] PHP Notice:  ob_clean(): failed to delete buffer. No buffer to delete in /home/bsn/sites/bsn.ru/public_html/cron/daily_stats/daemons/agencies_tarif_ending_notify.php on line 91
[29-Jun-2017 00:01:01 Europe/Moscow] PHP Notice:  ob_clean(): failed to delete buffer. No buffer to delete in /home/bsn/sites/bsn.ru/public_html/cron/daily_stats/daemons/agencies_tarif_ending_notify.php on line 91
[30-Jun-2017 00:01:02 Europe/Moscow] PHP Notice:  ob_clean(): failed to delete buffer. No buffer to delete in /home/bsn/sites/bsn.ru/public_html/cron/daily_stats/daemons/agencies_tarif_ending_notify.php on line 91
[01-Jul-2017 00:01:01 Europe/Moscow] PHP Notice:  ob_clean(): failed to delete buffer. No buffer to delete in /home/bsn/sites/bsn.ru/public_html/cron/daily_stats/daemons/agencies_tarif_ending_notify.php on line 91
[02-Jul-2017 00:01:01 Europe/Moscow] PHP Notice:  ob_clean(): failed to delete buffer. No buffer to delete in /home/bsn/sites/bsn.ru/public_html/cron/daily_stats/daemons/agencies_tarif_ending_notify.php on line 91
[03-Jul-2017 00:01:01 Europe/Moscow] PHP Notice:  ob_clean(): failed to delete buffer. No buffer to delete in /home/bsn/sites/bsn.ru/public_html/cron/daily_stats/daemons/agencies_tarif_ending_notify.php on line 91
[04-Jul-2017 00:01:02 Europe/Moscow] PHP Notice:  ob_clean(): failed to delete buffer. No buffer to delete in /home/bsn/sites/bsn.ru/public_html/cron/daily_stats/daemons/agencies_tarif_ending_notify.php on line 91
[05-Jul-2017 00:01:01 Europe/Moscow] PHP Notice:  ob_clean(): failed to delete buffer. No buffer to delete in /home/bsn/sites/bsn.ru/public_html/cron/daily_stats/daemons/agencies_tarif_ending_notify.php on line 91
[06-Jul-2017 00:01:01 Europe/Moscow] PHP Notice:  ob_clean(): failed to delete buffer. No buffer to delete in /home/bsn/sites/bsn.ru/public_html/cron/daily_stats/daemons/agencies_tarif_ending_notify.php on line 91
[07-Jul-2017 00:01:02 Europe/Moscow] PHP Notice:  ob_clean(): failed to delete buffer. No buffer to delete in /home/bsn/sites/bsn.ru/public_html/cron/daily_stats/daemons/agencies_tarif_ending_notify.php on line 91
[08-Jul-2017 00:01:03 Europe/Moscow] PHP Notice:  ob_clean(): failed to delete buffer. No buffer to delete in /home/bsn/sites/bsn.ru/public_html/cron/daily_stats/daemons/agencies_tarif_ending_notify.php on line 91
[09-Jul-2017 00:01:01 Europe/Moscow] PHP Notice:  ob_clean(): failed to delete buffer. No buffer to delete in /home/bsn/sites/bsn.ru/public_html/cron/daily_stats/daemons/agencies_tarif_ending_notify.php on line 91
[10-Jul-2017 00:01:03 Europe/Moscow] PHP Notice:  ob_clean(): failed to delete buffer. No buffer to delete in /home/bsn/sites/bsn.ru/public_html/cron/daily_stats/daemons/agencies_tarif_ending_notify.php on line 91
[11-Jul-2017 00:01:03 Europe/Moscow] PHP Notice:  ob_clean(): failed to delete buffer. No buffer to delete in /home/bsn/sites/bsn.ru/public_html/cron/daily_stats/daemons/agencies_tarif_ending_notify.php on line 91
[12-Jul-2017 00:01:02 Europe/Moscow] PHP Notice:  ob_clean(): failed to delete buffer. No buffer to delete in /home/bsn/sites/bsn.ru/public_html/cron/daily_stats/daemons/agencies_tarif_ending_notify.php on line 91
[13-Jul-2017 00:01:02 Europe/Moscow] PHP Notice:  ob_clean(): failed to delete buffer. No buffer to delete in /home/bsn/sites/bsn.ru/public_html/cron/daily_stats/daemons/agencies_tarif_ending_notify.php on line 91
[14-Jul-2017 00:01:01 Europe/Moscow] PHP Notice:  ob_clean(): failed to delete buffer. No buffer to delete in /home/bsn/sites/bsn.ru/public_html/cron/daily_stats/daemons/agencies_tarif_ending_notify.php on line 91
[15-Jul-2017 00:01:02 Europe/Moscow] PHP Notice:  ob_clean(): failed to delete buffer. No buffer to delete in /home/bsn/sites/bsn.ru/public_html/cron/daily_stats/daemons/agencies_tarif_ending_notify.php on line 91
[16-Jul-2017 00:01:02 Europe/Moscow] PHP Notice:  ob_clean(): failed to delete buffer. No buffer to delete in /home/bsn/sites/bsn.ru/public_html/cron/daily_stats/daemons/agencies_tarif_ending_notify.php on line 91
[17-Jul-2017 00:01:02 Europe/Moscow] PHP Notice:  ob_clean(): failed to delete buffer. No buffer to delete in /home/bsn/sites/bsn.ru/public_html/cron/daily_stats/daemons/agencies_tarif_ending_notify.php on line 91
[18-Jul-2017 00:01:02 Europe/Moscow] PHP Notice:  ob_clean(): failed to delete buffer. No buffer to delete in /home/bsn/sites/bsn.ru/public_html/cron/daily_stats/daemons/agencies_tarif_ending_notify.php on line 91
[19-Jul-2017 00:01:01 Europe/Moscow] PHP Notice:  ob_clean(): failed to delete buffer. No buffer to delete in /home/bsn/sites/bsn.ru/public_html/cron/daily_stats/daemons/agencies_tarif_ending_notify.php on line 91
[20-Jul-2017 00:01:02 Europe/Moscow] PHP Notice:  ob_clean(): failed to delete buffer. No buffer to delete in /home/bsn/sites/bsn.ru/public_html/cron/daily_stats/daemons/agencies_tarif_ending_notify.php on line 91
[21-Jul-2017 00:01:01 Europe/Moscow] PHP Notice:  ob_clean(): failed to delete buffer. No buffer to delete in /home/bsn/sites/bsn.ru/public_html/cron/daily_stats/daemons/agencies_tarif_ending_notify.php on line 91
[22-Jul-2017 00:01:01 Europe/Moscow] PHP Notice:  ob_clean(): failed to delete buffer. No buffer to delete in /home/bsn/sites/bsn.ru/public_html/cron/daily_stats/daemons/agencies_tarif_ending_notify.php on line 91
[23-Jul-2017 00:01:03 Europe/Moscow] PHP Notice:  ob_clean(): failed to delete buffer. No buffer to delete in /home/bsn/sites/bsn.ru/public_html/cron/daily_stats/daemons/agencies_tarif_ending_notify.php on line 91
[24-Jul-2017 00:01:02 Europe/Moscow] PHP Notice:  ob_clean(): failed to delete buffer. No buffer to delete in /home/bsn/sites/bsn.ru/public_html/cron/daily_stats/daemons/agencies_tarif_ending_notify.php on line 91
[25-Jul-2017 00:01:01 Europe/Moscow] PHP Notice:  ob_clean(): failed to delete buffer. No buffer to delete in /home/bsn/sites/bsn.ru/public_html/cron/daily_stats/daemons/agencies_tarif_ending_notify.php on line 91
[26-Jul-2017 00:01:01 Europe/Moscow] PHP Notice:  ob_clean(): failed to delete buffer. No buffer to delete in /home/bsn/sites/bsn.ru/public_html/cron/daily_stats/daemons/agencies_tarif_ending_notify.php on line 91
[27-Jul-2017 00:01:01 Europe/Moscow] PHP Notice:  ob_clean(): failed to delete buffer. No buffer to delete in /home/bsn/sites/bsn.ru/public_html/cron/daily_stats/daemons/agencies_tarif_ending_notify.php on line 91
[28-Jul-2017 00:01:02 Europe/Moscow] PHP Notice:  ob_clean(): failed to delete buffer. No buffer to delete in /home/bsn/sites/bsn.ru/public_html/cron/daily_stats/daemons/agencies_tarif_ending_notify.php on line 91
[29-Jul-2017 00:01:01 Europe/Moscow] PHP Notice:  ob_clean(): failed to delete buffer. No buffer to delete in /home/bsn/sites/bsn.ru/public_html/cron/daily_stats/daemons/agencies_tarif_ending_notify.php on line 91
[30-Jul-2017 00:01:01 Europe/Moscow] PHP Notice:  ob_clean(): failed to delete buffer. No buffer to delete in /home/bsn/sites/bsn.ru/public_html/cron/daily_stats/daemons/agencies_tarif_ending_notify.php on line 91
[31-Jul-2017 00:01:01 Europe/Moscow] PHP Notice:  ob_clean(): failed to delete buffer. No buffer to delete in /home/bsn/sites/bsn.ru/public_html/cron/daily_stats/daemons/agencies_tarif_ending_notify.php on line 91
[01-Aug-2017 00:01:02 Europe/Moscow] PHP Notice:  ob_clean(): failed to delete buffer. No buffer to delete in /home/bsn/sites/bsn.ru/public_html/cron/daily_stats/daemons/agencies_tarif_ending_notify.php on line 91
[02-Aug-2017 00:01:02 Europe/Moscow] PHP Notice:  ob_clean(): failed to delete buffer. No buffer to delete in /home/bsn/sites/bsn.ru/public_html/cron/daily_stats/daemons/agencies_tarif_ending_notify.php on line 91
[03-Aug-2017 00:01:01 Europe/Moscow] PHP Notice:  ob_clean(): failed to delete buffer. No buffer to delete in /home/bsn/sites/bsn.ru/public_html/cron/daily_stats/daemons/agencies_tarif_ending_notify.php on line 91
[04-Aug-2017 00:01:02 Europe/Moscow] PHP Notice:  ob_clean(): failed to delete buffer. No buffer to delete in /home/bsn/sites/bsn.ru/public_html/cron/daily_stats/daemons/agencies_tarif_ending_notify.php on line 91
[05-Aug-2017 00:01:01 Europe/Moscow] PHP Notice:  ob_clean(): failed to delete buffer. No buffer to delete in /home/bsn/sites/bsn.ru/public_html/cron/daily_stats/daemons/agencies_tarif_ending_notify.php on line 91
[06-Aug-2017 00:01:01 Europe/Moscow] PHP Notice:  ob_clean(): failed to delete buffer. No buffer to delete in /home/bsn/sites/bsn.ru/public_html/cron/daily_stats/daemons/agencies_tarif_ending_notify.php on line 91
[07-Aug-2017 00:01:01 Europe/Moscow] PHP Notice:  ob_clean(): failed to delete buffer. No buffer to delete in /home/bsn/sites/bsn.ru/public_html/cron/daily_stats/daemons/agencies_tarif_ending_notify.php on line 91
[08-Aug-2017 00:01:02 Europe/Moscow] PHP Notice:  ob_clean(): failed to delete buffer. No buffer to delete in /home/bsn/sites/bsn.ru/public_html/cron/daily_stats/daemons/agencies_tarif_ending_notify.php on line 91
[09-Aug-2017 00:01:01 Europe/Moscow] PHP Notice:  ob_clean(): failed to delete buffer. No buffer to delete in /home/bsn/sites/bsn.ru/public_html/cron/daily_stats/daemons/agencies_tarif_ending_notify.php on line 91
[10-Aug-2017 00:01:01 Europe/Moscow] PHP Notice:  ob_clean(): failed to delete buffer. No buffer to delete in /home/bsn/sites/bsn.ru/public_html/cron/daily_stats/daemons/agencies_tarif_ending_notify.php on line 91
[11-Aug-2017 00:01:02 Europe/Moscow] PHP Notice:  ob_clean(): failed to delete buffer. No buffer to delete in /home/bsn/sites/bsn.ru/public_html/cron/daily_stats/daemons/agencies_tarif_ending_notify.php on line 91
[12-Aug-2017 00:01:02 Europe/Moscow] PHP Notice:  ob_clean(): failed to delete buffer. No buffer to delete in /home/bsn/sites/bsn.ru/public_html/cron/daily_stats/daemons/agencies_tarif_ending_notify.php on line 91
[13-Aug-2017 00:01:02 Europe/Moscow] PHP Notice:  ob_clean(): failed to delete buffer. No buffer to delete in /home/bsn/sites/bsn.ru/public_html/cron/daily_stats/daemons/agencies_tarif_ending_notify.php on line 91
[14-Aug-2017 00:01:01 Europe/Moscow] PHP Notice:  ob_clean(): failed to delete buffer. No buffer to delete in /home/bsn/sites/bsn.ru/public_html/cron/daily_stats/daemons/agencies_tarif_ending_notify.php on line 91
