[15-Nov-2016 21:01:02 UTC] PHP Notice:  ob_clean(): failed to delete buffer. No buffer to delete in /home/bsn/sites/bsn.ru/public_html/cron/daily_stats/daemons/banners.php on line 51
[16-Nov-2016 21:01:02 UTC] PHP Notice:  ob_clean(): failed to delete buffer. No buffer to delete in /home/bsn/sites/bsn.ru/public_html/cron/daily_stats/daemons/banners.php on line 51
[17-Nov-2016 21:01:03 UTC] PHP Notice:  ob_clean(): failed to delete buffer. No buffer to delete in /home/bsn/sites/bsn.ru/public_html/cron/daily_stats/daemons/banners.php on line 51
[18-Nov-2016 21:01:02 UTC] PHP Notice:  ob_clean(): failed to delete buffer. No buffer to delete in /home/bsn/sites/bsn.ru/public_html/cron/daily_stats/daemons/banners.php on line 51
[19-Nov-2016 21:01:01 UTC] PHP Notice:  ob_clean(): failed to delete buffer. No buffer to delete in /home/bsn/sites/bsn.ru/public_html/cron/daily_stats/daemons/banners.php on line 51
[20-Nov-2016 21:01:02 UTC] PHP Notice:  ob_clean(): failed to delete buffer. No buffer to delete in /home/bsn/sites/bsn.ru/public_html/cron/daily_stats/daemons/banners.php on line 51
[21-Nov-2016 21:01:02 UTC] PHP Notice:  ob_clean(): failed to delete buffer. No buffer to delete in /home/bsn/sites/bsn.ru/public_html/cron/daily_stats/daemons/banners.php on line 51
[22-Nov-2016 21:01:03 UTC] PHP Notice:  ob_clean(): failed to delete buffer. No buffer to delete in /home/bsn/sites/bsn.ru/public_html/cron/daily_stats/daemons/banners.php on line 51
[23-Nov-2016 21:01:03 UTC] PHP Notice:  ob_clean(): failed to delete buffer. No buffer to delete in /home/bsn/sites/bsn.ru/public_html/cron/daily_stats/daemons/banners.php on line 51
[24-Nov-2016 21:01:02 UTC] PHP Notice:  ob_clean(): failed to delete buffer. No buffer to delete in /home/bsn/sites/bsn.ru/public_html/cron/daily_stats/daemons/banners.php on line 51
[25-Nov-2016 21:01:02 UTC] PHP Notice:  ob_clean(): failed to delete buffer. No buffer to delete in /home/bsn/sites/bsn.ru/public_html/cron/daily_stats/daemons/banners.php on line 51
[26-Nov-2016 21:01:02 UTC] PHP Notice:  ob_clean(): failed to delete buffer. No buffer to delete in /home/bsn/sites/bsn.ru/public_html/cron/daily_stats/daemons/banners.php on line 51
[27-Nov-2016 21:01:04 UTC] PHP Notice:  ob_clean(): failed to delete buffer. No buffer to delete in /home/bsn/sites/bsn.ru/public_html/cron/daily_stats/daemons/banners.php on line 51
[28-Nov-2016 21:01:02 UTC] PHP Notice:  ob_clean(): failed to delete buffer. No buffer to delete in /home/bsn/sites/bsn.ru/public_html/cron/daily_stats/daemons/banners.php on line 51
[29-Nov-2016 21:01:04 UTC] PHP Notice:  ob_clean(): failed to delete buffer. No buffer to delete in /home/bsn/sites/bsn.ru/public_html/cron/daily_stats/daemons/banners.php on line 51
[30-Nov-2016 21:01:03 UTC] PHP Notice:  ob_clean(): failed to delete buffer. No buffer to delete in /home/bsn/sites/bsn.ru/public_html/cron/daily_stats/daemons/banners.php on line 51
[02-Dec-2016 07:54:17 UTC] PHP Notice:  ob_clean(): failed to delete buffer. No buffer to delete in /home/bsn/sites/bsn.ru/public_html/cron/daily_stats/daemons/banners.php on line 51
[02-Dec-2016 08:01:32 UTC] PHP Notice:  ob_clean(): failed to delete buffer. No buffer to delete in /home/bsn/sites/bsn.ru/public_html/cron/daily_stats/daemons/banners.php on line 51
[02-Dec-2016 21:01:02 UTC] PHP Notice:  ob_clean(): failed to delete buffer. No buffer to delete in /home/bsn/sites/bsn.ru/public_html/cron/daily_stats/daemons/banners.php on line 51
[03-Dec-2016 21:01:03 UTC] PHP Notice:  ob_clean(): failed to delete buffer. No buffer to delete in /home/bsn/sites/bsn.ru/public_html/cron/daily_stats/daemons/banners.php on line 51
[04-Dec-2016 21:01:04 UTC] PHP Notice:  ob_clean(): failed to delete buffer. No buffer to delete in /home/bsn/sites/bsn.ru/public_html/cron/daily_stats/daemons/banners.php on line 51
[05-Dec-2016 21:01:01 UTC] PHP Notice:  ob_clean(): failed to delete buffer. No buffer to delete in /home/bsn/sites/bsn.ru/public_html/cron/daily_stats/daemons/banners.php on line 51
[06-Dec-2016 21:01:02 UTC] PHP Notice:  ob_clean(): failed to delete buffer. No buffer to delete in /home/bsn/sites/bsn.ru/public_html/cron/daily_stats/daemons/banners.php on line 51
[07-Dec-2016 21:01:04 UTC] PHP Notice:  ob_clean(): failed to delete buffer. No buffer to delete in /home/bsn/sites/bsn.ru/public_html/cron/daily_stats/daemons/banners.php on line 51
[08-Dec-2016 21:01:02 UTC] PHP Notice:  ob_clean(): failed to delete buffer. No buffer to delete in /home/bsn/sites/bsn.ru/public_html/cron/daily_stats/daemons/banners.php on line 51
[09-Dec-2016 21:01:01 UTC] PHP Notice:  ob_clean(): failed to delete buffer. No buffer to delete in /home/bsn/sites/bsn.ru/public_html/cron/daily_stats/daemons/banners.php on line 51
[10-Dec-2016 21:01:02 UTC] PHP Notice:  ob_clean(): failed to delete buffer. No buffer to delete in /home/bsn/sites/bsn.ru/public_html/cron/daily_stats/daemons/banners.php on line 51
[11-Dec-2016 21:01:02 UTC] PHP Notice:  ob_clean(): failed to delete buffer. No buffer to delete in /home/bsn/sites/bsn.ru/public_html/cron/daily_stats/daemons/banners.php on line 51
[12-Dec-2016 21:01:02 UTC] PHP Notice:  ob_clean(): failed to delete buffer. No buffer to delete in /home/bsn/sites/bsn.ru/public_html/cron/daily_stats/daemons/banners.php on line 59
[13-Dec-2016 21:01:02 UTC] PHP Notice:  ob_clean(): failed to delete buffer. No buffer to delete in /home/bsn/sites/bsn.ru/public_html/cron/daily_stats/daemons/banners.php on line 59
[14-Dec-2016 21:01:01 UTC] PHP Notice:  ob_clean(): failed to delete buffer. No buffer to delete in /home/bsn/sites/bsn.ru/public_html/cron/daily_stats/daemons/banners.php on line 59
[15-Dec-2016 21:01:02 UTC] PHP Notice:  ob_clean(): failed to delete buffer. No buffer to delete in /home/bsn/sites/bsn.ru/public_html/cron/daily_stats/daemons/banners.php on line 59
[16-Dec-2016 21:01:02 UTC] PHP Notice:  ob_clean(): failed to delete buffer. No buffer to delete in /home/bsn/sites/bsn.ru/public_html/cron/daily_stats/daemons/banners.php on line 59
[17-Dec-2016 21:01:01 UTC] PHP Notice:  ob_clean(): failed to delete buffer. No buffer to delete in /home/bsn/sites/bsn.ru/public_html/cron/daily_stats/daemons/banners.php on line 59
[18-Dec-2016 21:01:01 UTC] PHP Notice:  ob_clean(): failed to delete buffer. No buffer to delete in /home/bsn/sites/bsn.ru/public_html/cron/daily_stats/daemons/banners.php on line 59
[19-Dec-2016 21:01:01 UTC] PHP Notice:  ob_clean(): failed to delete buffer. No buffer to delete in /home/bsn/sites/bsn.ru/public_html/cron/daily_stats/daemons/banners.php on line 59
[20-Dec-2016 21:01:01 UTC] PHP Notice:  ob_clean(): failed to delete buffer. No buffer to delete in /home/bsn/sites/bsn.ru/public_html/cron/daily_stats/daemons/banners.php on line 59
[21-Dec-2016 21:01:02 UTC] PHP Notice:  ob_clean(): failed to delete buffer. No buffer to delete in /home/bsn/sites/bsn.ru/public_html/cron/daily_stats/daemons/banners.php on line 59
[22-Dec-2016 21:01:01 UTC] PHP Notice:  ob_clean(): failed to delete buffer. No buffer to delete in /home/bsn/sites/bsn.ru/public_html/cron/daily_stats/daemons/banners.php on line 59
[23-Dec-2016 21:01:01 UTC] PHP Notice:  ob_clean(): failed to delete buffer. No buffer to delete in /home/bsn/sites/bsn.ru/public_html/cron/daily_stats/daemons/banners.php on line 59
[24-Dec-2016 21:01:01 UTC] PHP Notice:  ob_clean(): failed to delete buffer. No buffer to delete in /home/bsn/sites/bsn.ru/public_html/cron/daily_stats/daemons/banners.php on line 59
[25-Dec-2016 21:01:02 UTC] PHP Notice:  ob_clean(): failed to delete buffer. No buffer to delete in /home/bsn/sites/bsn.ru/public_html/cron/daily_stats/daemons/banners.php on line 59
[26-Dec-2016 21:01:01 UTC] PHP Notice:  ob_clean(): failed to delete buffer. No buffer to delete in /home/bsn/sites/bsn.ru/public_html/cron/daily_stats/daemons/banners.php on line 59
[27-Dec-2016 21:01:02 UTC] PHP Notice:  ob_clean(): failed to delete buffer. No buffer to delete in /home/bsn/sites/bsn.ru/public_html/cron/daily_stats/daemons/banners.php on line 59
[28-Dec-2016 21:01:01 UTC] PHP Notice:  ob_clean(): failed to delete buffer. No buffer to delete in /home/bsn/sites/bsn.ru/public_html/cron/daily_stats/daemons/banners.php on line 59
[29-Dec-2016 21:01:02 UTC] PHP Notice:  ob_clean(): failed to delete buffer. No buffer to delete in /home/bsn/sites/bsn.ru/public_html/cron/daily_stats/daemons/banners.php on line 59
[30-Dec-2016 21:01:02 UTC] PHP Notice:  ob_clean(): failed to delete buffer. No buffer to delete in /home/bsn/sites/bsn.ru/public_html/cron/daily_stats/daemons/banners.php on line 59
[31-Dec-2016 21:01:01 UTC] PHP Notice:  ob_clean(): failed to delete buffer. No buffer to delete in /home/bsn/sites/bsn.ru/public_html/cron/daily_stats/daemons/banners.php on line 59
[01-Jan-2017 21:01:02 UTC] PHP Notice:  ob_clean(): failed to delete buffer. No buffer to delete in /home/bsn/sites/bsn.ru/public_html/cron/daily_stats/daemons/banners.php on line 59
[02-Jan-2017 21:01:01 UTC] PHP Notice:  ob_clean(): failed to delete buffer. No buffer to delete in /home/bsn/sites/bsn.ru/public_html/cron/daily_stats/daemons/banners.php on line 59
[03-Jan-2017 21:01:01 UTC] PHP Notice:  ob_clean(): failed to delete buffer. No buffer to delete in /home/bsn/sites/bsn.ru/public_html/cron/daily_stats/daemons/banners.php on line 59
[04-Jan-2017 21:01:02 UTC] PHP Notice:  ob_clean(): failed to delete buffer. No buffer to delete in /home/bsn/sites/bsn.ru/public_html/cron/daily_stats/daemons/banners.php on line 59
[05-Jan-2017 21:01:01 UTC] PHP Notice:  ob_clean(): failed to delete buffer. No buffer to delete in /home/bsn/sites/bsn.ru/public_html/cron/daily_stats/daemons/banners.php on line 59
[06-Jan-2017 21:01:01 UTC] PHP Notice:  ob_clean(): failed to delete buffer. No buffer to delete in /home/bsn/sites/bsn.ru/public_html/cron/daily_stats/daemons/banners.php on line 59
[07-Jan-2017 21:01:02 UTC] PHP Notice:  ob_clean(): failed to delete buffer. No buffer to delete in /home/bsn/sites/bsn.ru/public_html/cron/daily_stats/daemons/banners.php on line 59
[08-Jan-2017 21:01:01 UTC] PHP Notice:  ob_clean(): failed to delete buffer. No buffer to delete in /home/bsn/sites/bsn.ru/public_html/cron/daily_stats/daemons/banners.php on line 59
[09-Jan-2017 21:01:01 UTC] PHP Notice:  ob_clean(): failed to delete buffer. No buffer to delete in /home/bsn/sites/bsn.ru/public_html/cron/daily_stats/daemons/banners.php on line 59
[10-Jan-2017 21:01:01 UTC] PHP Notice:  ob_clean(): failed to delete buffer. No buffer to delete in /home/bsn/sites/bsn.ru/public_html/cron/daily_stats/daemons/banners.php on line 59
[11-Jan-2017 21:01:02 UTC] PHP Notice:  ob_clean(): failed to delete buffer. No buffer to delete in /home/bsn/sites/bsn.ru/public_html/cron/daily_stats/daemons/banners.php on line 59
[12-Jan-2017 21:01:01 UTC] PHP Notice:  ob_clean(): failed to delete buffer. No buffer to delete in /home/bsn/sites/bsn.ru/public_html/cron/daily_stats/daemons/banners.php on line 59
[13-Jan-2017 21:01:01 UTC] PHP Notice:  ob_clean(): failed to delete buffer. No buffer to delete in /home/bsn/sites/bsn.ru/public_html/cron/daily_stats/daemons/banners.php on line 59
[14-Jan-2017 21:01:01 UTC] PHP Notice:  ob_clean(): failed to delete buffer. No buffer to delete in /home/bsn/sites/bsn.ru/public_html/cron/daily_stats/daemons/banners.php on line 59
[15-Jan-2017 21:01:01 UTC] PHP Notice:  ob_clean(): failed to delete buffer. No buffer to delete in /home/bsn/sites/bsn.ru/public_html/cron/daily_stats/daemons/banners.php on line 59
[16-Jan-2017 21:01:01 UTC] PHP Notice:  ob_clean(): failed to delete buffer. No buffer to delete in /home/bsn/sites/bsn.ru/public_html/cron/daily_stats/daemons/banners.php on line 59
[17-Jan-2017 21:01:01 UTC] PHP Notice:  ob_clean(): failed to delete buffer. No buffer to delete in /home/bsn/sites/bsn.ru/public_html/cron/daily_stats/daemons/banners.php on line 59
[18-Jan-2017 21:01:01 UTC] PHP Notice:  ob_clean(): failed to delete buffer. No buffer to delete in /home/bsn/sites/bsn.ru/public_html/cron/daily_stats/daemons/banners.php on line 59
[19-Jan-2017 21:01:02 UTC] PHP Notice:  ob_clean(): failed to delete buffer. No buffer to delete in /home/bsn/sites/bsn.ru/public_html/cron/daily_stats/daemons/banners.php on line 59
[20-Jan-2017 21:01:02 UTC] PHP Notice:  ob_clean(): failed to delete buffer. No buffer to delete in /home/bsn/sites/bsn.ru/public_html/cron/daily_stats/daemons/banners.php on line 59
[21-Jan-2017 21:01:01 UTC] PHP Notice:  ob_clean(): failed to delete buffer. No buffer to delete in /home/bsn/sites/bsn.ru/public_html/cron/daily_stats/daemons/banners.php on line 59
[22-Jan-2017 21:01:01 UTC] PHP Notice:  ob_clean(): failed to delete buffer. No buffer to delete in /home/bsn/sites/bsn.ru/public_html/cron/daily_stats/daemons/banners.php on line 59
[23-Jan-2017 21:01:01 UTC] PHP Notice:  ob_clean(): failed to delete buffer. No buffer to delete in /home/bsn/sites/bsn.ru/public_html/cron/daily_stats/daemons/banners.php on line 59
[24-Jan-2017 21:01:02 UTC] PHP Notice:  ob_clean(): failed to delete buffer. No buffer to delete in /home/bsn/sites/bsn.ru/public_html/cron/daily_stats/daemons/banners.php on line 59
[25-Jan-2017 21:01:01 UTC] PHP Notice:  ob_clean(): failed to delete buffer. No buffer to delete in /home/bsn/sites/bsn.ru/public_html/cron/daily_stats/daemons/banners.php on line 59
[26-Jan-2017 21:01:02 UTC] PHP Notice:  ob_clean(): failed to delete buffer. No buffer to delete in /home/bsn/sites/bsn.ru/public_html/cron/daily_stats/daemons/banners.php on line 59
[27-Jan-2017 21:01:02 UTC] PHP Notice:  ob_clean(): failed to delete buffer. No buffer to delete in /home/bsn/sites/bsn.ru/public_html/cron/daily_stats/daemons/banners.php on line 59
[28-Jan-2017 21:01:01 UTC] PHP Notice:  ob_clean(): failed to delete buffer. No buffer to delete in /home/bsn/sites/bsn.ru/public_html/cron/daily_stats/daemons/banners.php on line 59
[29-Jan-2017 21:01:02 UTC] PHP Notice:  ob_clean(): failed to delete buffer. No buffer to delete in /home/bsn/sites/bsn.ru/public_html/cron/daily_stats/daemons/banners.php on line 59
[31-Jan-2017 00:01:02 Europe/Moscow] PHP Notice:  ob_clean(): failed to delete buffer. No buffer to delete in /home/bsn/sites/bsn.ru/public_html/cron/daily_stats/daemons/banners.php on line 59
[01-Feb-2017 00:01:01 Europe/Moscow] PHP Notice:  ob_clean(): failed to delete buffer. No buffer to delete in /home/bsn/sites/bsn.ru/public_html/cron/daily_stats/daemons/banners.php on line 59
[02-Feb-2017 00:01:02 Europe/Moscow] PHP Notice:  ob_clean(): failed to delete buffer. No buffer to delete in /home/bsn/sites/bsn.ru/public_html/cron/daily_stats/daemons/banners.php on line 59
[03-Feb-2017 00:01:02 Europe/Moscow] PHP Notice:  ob_clean(): failed to delete buffer. No buffer to delete in /home/bsn/sites/bsn.ru/public_html/cron/daily_stats/daemons/banners.php on line 59
[04-Feb-2017 00:01:01 Europe/Moscow] PHP Notice:  ob_clean(): failed to delete buffer. No buffer to delete in /home/bsn/sites/bsn.ru/public_html/cron/daily_stats/daemons/banners.php on line 59
[05-Feb-2017 00:01:02 Europe/Moscow] PHP Notice:  ob_clean(): failed to delete buffer. No buffer to delete in /home/bsn/sites/bsn.ru/public_html/cron/daily_stats/daemons/banners.php on line 59
[06-Feb-2017 00:01:02 Europe/Moscow] PHP Notice:  ob_clean(): failed to delete buffer. No buffer to delete in /home/bsn/sites/bsn.ru/public_html/cron/daily_stats/daemons/banners.php on line 59
[07-Feb-2017 00:01:01 Europe/Moscow] PHP Notice:  ob_clean(): failed to delete buffer. No buffer to delete in /home/bsn/sites/bsn.ru/public_html/cron/daily_stats/daemons/banners.php on line 59
[08-Feb-2017 00:01:01 Europe/Moscow] PHP Notice:  ob_clean(): failed to delete buffer. No buffer to delete in /home/bsn/sites/bsn.ru/public_html/cron/daily_stats/daemons/banners.php on line 59
[09-Feb-2017 00:01:01 Europe/Moscow] PHP Notice:  ob_clean(): failed to delete buffer. No buffer to delete in /home/bsn/sites/bsn.ru/public_html/cron/daily_stats/daemons/banners.php on line 59
[10-Feb-2017 00:01:01 Europe/Moscow] PHP Notice:  ob_clean(): failed to delete buffer. No buffer to delete in /home/bsn/sites/bsn.ru/public_html/cron/daily_stats/daemons/banners.php on line 59
[11-Feb-2017 00:01:01 Europe/Moscow] PHP Notice:  ob_clean(): failed to delete buffer. No buffer to delete in /home/bsn/sites/bsn.ru/public_html/cron/daily_stats/daemons/banners.php on line 59
[12-Feb-2017 00:01:01 Europe/Moscow] PHP Notice:  ob_clean(): failed to delete buffer. No buffer to delete in /home/bsn/sites/bsn.ru/public_html/cron/daily_stats/daemons/banners.php on line 59
[13-Feb-2017 00:01:02 Europe/Moscow] PHP Notice:  ob_clean(): failed to delete buffer. No buffer to delete in /home/bsn/sites/bsn.ru/public_html/cron/daily_stats/daemons/banners.php on line 59
[14-Feb-2017 00:01:01 Europe/Moscow] PHP Notice:  ob_clean(): failed to delete buffer. No buffer to delete in /home/bsn/sites/bsn.ru/public_html/cron/daily_stats/daemons/banners.php on line 59
[15-Feb-2017 00:01:01 Europe/Moscow] PHP Notice:  ob_clean(): failed to delete buffer. No buffer to delete in /home/bsn/sites/bsn.ru/public_html/cron/daily_stats/daemons/banners.php on line 59
[16-Feb-2017 00:01:01 Europe/Moscow] PHP Notice:  ob_clean(): failed to delete buffer. No buffer to delete in /home/bsn/sites/bsn.ru/public_html/cron/daily_stats/daemons/banners.php on line 59
[17-Feb-2017 00:01:01 Europe/Moscow] PHP Notice:  ob_clean(): failed to delete buffer. No buffer to delete in /home/bsn/sites/bsn.ru/public_html/cron/daily_stats/daemons/banners.php on line 59
[18-Feb-2017 00:01:02 Europe/Moscow] PHP Notice:  ob_clean(): failed to delete buffer. No buffer to delete in /home/bsn/sites/bsn.ru/public_html/cron/daily_stats/daemons/banners.php on line 59
[19-Feb-2017 00:01:01 Europe/Moscow] PHP Notice:  ob_clean(): failed to delete buffer. No buffer to delete in /home/bsn/sites/bsn.ru/public_html/cron/daily_stats/daemons/banners.php on line 59
[20-Feb-2017 00:01:01 Europe/Moscow] PHP Notice:  ob_clean(): failed to delete buffer. No buffer to delete in /home/bsn/sites/bsn.ru/public_html/cron/daily_stats/daemons/banners.php on line 59
[21-Feb-2017 00:01:01 Europe/Moscow] PHP Notice:  ob_clean(): failed to delete buffer. No buffer to delete in /home/bsn/sites/bsn.ru/public_html/cron/daily_stats/daemons/banners.php on line 59
[22-Feb-2017 00:01:01 Europe/Moscow] PHP Notice:  ob_clean(): failed to delete buffer. No buffer to delete in /home/bsn/sites/bsn.ru/public_html/cron/daily_stats/daemons/banners.php on line 59
[23-Feb-2017 00:01:01 Europe/Moscow] PHP Notice:  ob_clean(): failed to delete buffer. No buffer to delete in /home/bsn/sites/bsn.ru/public_html/cron/daily_stats/daemons/banners.php on line 59
[24-Feb-2017 00:01:01 Europe/Moscow] PHP Notice:  ob_clean(): failed to delete buffer. No buffer to delete in /home/bsn/sites/bsn.ru/public_html/cron/daily_stats/daemons/banners.php on line 59
[25-Feb-2017 00:01:01 Europe/Moscow] PHP Notice:  ob_clean(): failed to delete buffer. No buffer to delete in /home/bsn/sites/bsn.ru/public_html/cron/daily_stats/daemons/banners.php on line 59
[26-Feb-2017 00:01:01 Europe/Moscow] PHP Notice:  ob_clean(): failed to delete buffer. No buffer to delete in /home/bsn/sites/bsn.ru/public_html/cron/daily_stats/daemons/banners.php on line 59
[27-Feb-2017 00:01:02 Europe/Moscow] PHP Notice:  ob_clean(): failed to delete buffer. No buffer to delete in /home/bsn/sites/bsn.ru/public_html/cron/daily_stats/daemons/banners.php on line 59
[28-Feb-2017 00:01:01 Europe/Moscow] PHP Notice:  ob_clean(): failed to delete buffer. No buffer to delete in /home/bsn/sites/bsn.ru/public_html/cron/daily_stats/daemons/banners.php on line 59
[01-Mar-2017 00:01:01 Europe/Moscow] PHP Notice:  ob_clean(): failed to delete buffer. No buffer to delete in /home/bsn/sites/bsn.ru/public_html/cron/daily_stats/daemons/banners.php on line 59
[02-Mar-2017 00:01:01 Europe/Moscow] PHP Notice:  ob_clean(): failed to delete buffer. No buffer to delete in /home/bsn/sites/bsn.ru/public_html/cron/daily_stats/daemons/banners.php on line 59
[03-Mar-2017 00:01:01 Europe/Moscow] PHP Notice:  ob_clean(): failed to delete buffer. No buffer to delete in /home/bsn/sites/bsn.ru/public_html/cron/daily_stats/daemons/banners.php on line 59
[04-Mar-2017 00:01:01 Europe/Moscow] PHP Notice:  ob_clean(): failed to delete buffer. No buffer to delete in /home/bsn/sites/bsn.ru/public_html/cron/daily_stats/daemons/banners.php on line 59
[05-Mar-2017 00:01:02 Europe/Moscow] PHP Notice:  ob_clean(): failed to delete buffer. No buffer to delete in /home/bsn/sites/bsn.ru/public_html/cron/daily_stats/daemons/banners.php on line 59
[06-Mar-2017 00:01:02 Europe/Moscow] PHP Notice:  ob_clean(): failed to delete buffer. No buffer to delete in /home/bsn/sites/bsn.ru/public_html/cron/daily_stats/daemons/banners.php on line 59
[07-Mar-2017 00:01:01 Europe/Moscow] PHP Notice:  ob_clean(): failed to delete buffer. No buffer to delete in /home/bsn/sites/bsn.ru/public_html/cron/daily_stats/daemons/banners.php on line 59
[08-Mar-2017 00:01:01 Europe/Moscow] PHP Notice:  ob_clean(): failed to delete buffer. No buffer to delete in /home/bsn/sites/bsn.ru/public_html/cron/daily_stats/daemons/banners.php on line 59
[09-Mar-2017 00:01:01 Europe/Moscow] PHP Notice:  ob_clean(): failed to delete buffer. No buffer to delete in /home/bsn/sites/bsn.ru/public_html/cron/daily_stats/daemons/banners.php on line 59
[10-Mar-2017 00:01:01 Europe/Moscow] PHP Notice:  ob_clean(): failed to delete buffer. No buffer to delete in /home/bsn/sites/bsn.ru/public_html/cron/daily_stats/daemons/banners.php on line 59
[11-Mar-2017 00:01:01 Europe/Moscow] PHP Notice:  ob_clean(): failed to delete buffer. No buffer to delete in /home/bsn/sites/bsn.ru/public_html/cron/daily_stats/daemons/banners.php on line 59
[12-Mar-2017 00:01:01 Europe/Moscow] PHP Notice:  ob_clean(): failed to delete buffer. No buffer to delete in /home/bsn/sites/bsn.ru/public_html/cron/daily_stats/daemons/banners.php on line 59
[13-Mar-2017 00:01:01 Europe/Moscow] PHP Notice:  ob_clean(): failed to delete buffer. No buffer to delete in /home/bsn/sites/bsn.ru/public_html/cron/daily_stats/daemons/banners.php on line 59
[14-Mar-2017 00:01:01 Europe/Moscow] PHP Notice:  ob_clean(): failed to delete buffer. No buffer to delete in /home/bsn/sites/bsn.ru/public_html/cron/daily_stats/daemons/banners.php on line 59
[15-Mar-2017 00:01:02 Europe/Moscow] PHP Notice:  ob_clean(): failed to delete buffer. No buffer to delete in /home/bsn/sites/bsn.ru/public_html/cron/daily_stats/daemons/banners.php on line 59
[16-Mar-2017 00:01:01 Europe/Moscow] PHP Notice:  ob_clean(): failed to delete buffer. No buffer to delete in /home/bsn/sites/bsn.ru/public_html/cron/daily_stats/daemons/banners.php on line 59
[17-Mar-2017 00:01:01 Europe/Moscow] PHP Notice:  ob_clean(): failed to delete buffer. No buffer to delete in /home/bsn/sites/bsn.ru/public_html/cron/daily_stats/daemons/banners.php on line 59
[18-Mar-2017 00:01:01 Europe/Moscow] PHP Notice:  ob_clean(): failed to delete buffer. No buffer to delete in /home/bsn/sites/bsn.ru/public_html/cron/daily_stats/daemons/banners.php on line 59
[19-Mar-2017 00:01:01 Europe/Moscow] PHP Notice:  ob_clean(): failed to delete buffer. No buffer to delete in /home/bsn/sites/bsn.ru/public_html/cron/daily_stats/daemons/banners.php on line 59
[20-Mar-2017 00:01:02 Europe/Moscow] PHP Notice:  ob_clean(): failed to delete buffer. No buffer to delete in /home/bsn/sites/bsn.ru/public_html/cron/daily_stats/daemons/banners.php on line 59
[21-Mar-2017 00:01:02 Europe/Moscow] PHP Notice:  ob_clean(): failed to delete buffer. No buffer to delete in /home/bsn/sites/bsn.ru/public_html/cron/daily_stats/daemons/banners.php on line 59
[22-Mar-2017 00:01:01 Europe/Moscow] PHP Notice:  ob_clean(): failed to delete buffer. No buffer to delete in /home/bsn/sites/bsn.ru/public_html/cron/daily_stats/daemons/banners.php on line 59
[23-Mar-2017 00:01:01 Europe/Moscow] PHP Notice:  ob_clean(): failed to delete buffer. No buffer to delete in /home/bsn/sites/bsn.ru/public_html/cron/daily_stats/daemons/banners.php on line 59
[24-Mar-2017 00:01:01 Europe/Moscow] PHP Notice:  ob_clean(): failed to delete buffer. No buffer to delete in /home/bsn/sites/bsn.ru/public_html/cron/daily_stats/daemons/banners.php on line 59
[25-Mar-2017 00:01:02 Europe/Moscow] PHP Notice:  ob_clean(): failed to delete buffer. No buffer to delete in /home/bsn/sites/bsn.ru/public_html/cron/daily_stats/daemons/banners.php on line 59
[26-Mar-2017 00:01:01 Europe/Moscow] PHP Notice:  ob_clean(): failed to delete buffer. No buffer to delete in /home/bsn/sites/bsn.ru/public_html/cron/daily_stats/daemons/banners.php on line 59
[27-Mar-2017 00:01:01 Europe/Moscow] PHP Notice:  ob_clean(): failed to delete buffer. No buffer to delete in /home/bsn/sites/bsn.ru/public_html/cron/daily_stats/daemons/banners.php on line 59
[28-Mar-2017 00:01:01 Europe/Moscow] PHP Notice:  ob_clean(): failed to delete buffer. No buffer to delete in /home/bsn/sites/bsn.ru/public_html/cron/daily_stats/daemons/banners.php on line 59
[29-Mar-2017 00:01:02 Europe/Moscow] PHP Notice:  ob_clean(): failed to delete buffer. No buffer to delete in /home/bsn/sites/bsn.ru/public_html/cron/daily_stats/daemons/banners.php on line 59
[30-Mar-2017 00:01:01 Europe/Moscow] PHP Notice:  ob_clean(): failed to delete buffer. No buffer to delete in /home/bsn/sites/bsn.ru/public_html/cron/daily_stats/daemons/banners.php on line 59
[31-Mar-2017 00:01:01 Europe/Moscow] PHP Notice:  ob_clean(): failed to delete buffer. No buffer to delete in /home/bsn/sites/bsn.ru/public_html/cron/daily_stats/daemons/banners.php on line 59
[01-Apr-2017 00:01:02 Europe/Moscow] PHP Notice:  ob_clean(): failed to delete buffer. No buffer to delete in /home/bsn/sites/bsn.ru/public_html/cron/daily_stats/daemons/banners.php on line 59
[02-Apr-2017 00:01:01 Europe/Moscow] PHP Notice:  ob_clean(): failed to delete buffer. No buffer to delete in /home/bsn/sites/bsn.ru/public_html/cron/daily_stats/daemons/banners.php on line 59
[03-Apr-2017 00:01:01 Europe/Moscow] PHP Notice:  ob_clean(): failed to delete buffer. No buffer to delete in /home/bsn/sites/bsn.ru/public_html/cron/daily_stats/daemons/banners.php on line 59
[04-Apr-2017 00:01:01 Europe/Moscow] PHP Notice:  ob_clean(): failed to delete buffer. No buffer to delete in /home/bsn/sites/bsn.ru/public_html/cron/daily_stats/daemons/banners.php on line 59
[05-Apr-2017 00:01:01 Europe/Moscow] PHP Notice:  ob_clean(): failed to delete buffer. No buffer to delete in /home/bsn/sites/bsn.ru/public_html/cron/daily_stats/daemons/banners.php on line 59
[06-Apr-2017 00:01:01 Europe/Moscow] PHP Notice:  ob_clean(): failed to delete buffer. No buffer to delete in /home/bsn/sites/bsn.ru/public_html/cron/daily_stats/daemons/banners.php on line 59
[07-Apr-2017 00:01:02 Europe/Moscow] PHP Notice:  ob_clean(): failed to delete buffer. No buffer to delete in /home/bsn/sites/bsn.ru/public_html/cron/daily_stats/daemons/banners.php on line 59
[08-Apr-2017 00:01:01 Europe/Moscow] PHP Notice:  ob_clean(): failed to delete buffer. No buffer to delete in /home/bsn/sites/bsn.ru/public_html/cron/daily_stats/daemons/banners.php on line 59
[09-Apr-2017 00:01:01 Europe/Moscow] PHP Notice:  ob_clean(): failed to delete buffer. No buffer to delete in /home/bsn/sites/bsn.ru/public_html/cron/daily_stats/daemons/banners.php on line 59
[10-Apr-2017 00:01:01 Europe/Moscow] PHP Notice:  ob_clean(): failed to delete buffer. No buffer to delete in /home/bsn/sites/bsn.ru/public_html/cron/daily_stats/daemons/banners.php on line 59
[11-Apr-2017 00:01:01 Europe/Moscow] PHP Notice:  ob_clean(): failed to delete buffer. No buffer to delete in /home/bsn/sites/bsn.ru/public_html/cron/daily_stats/daemons/banners.php on line 59
[12-Apr-2017 00:01:02 Europe/Moscow] PHP Notice:  ob_clean(): failed to delete buffer. No buffer to delete in /home/bsn/sites/bsn.ru/public_html/cron/daily_stats/daemons/banners.php on line 59
[13-Apr-2017 00:01:01 Europe/Moscow] PHP Notice:  ob_clean(): failed to delete buffer. No buffer to delete in /home/bsn/sites/bsn.ru/public_html/cron/daily_stats/daemons/banners.php on line 59
[14-Apr-2017 00:01:01 Europe/Moscow] PHP Notice:  ob_clean(): failed to delete buffer. No buffer to delete in /home/bsn/sites/bsn.ru/public_html/cron/daily_stats/daemons/banners.php on line 59
[15-Apr-2017 00:01:02 Europe/Moscow] PHP Notice:  ob_clean(): failed to delete buffer. No buffer to delete in /home/bsn/sites/bsn.ru/public_html/cron/daily_stats/daemons/banners.php on line 59
[16-Apr-2017 00:01:01 Europe/Moscow] PHP Notice:  ob_clean(): failed to delete buffer. No buffer to delete in /home/bsn/sites/bsn.ru/public_html/cron/daily_stats/daemons/banners.php on line 59
[17-Apr-2017 00:01:01 Europe/Moscow] PHP Notice:  ob_clean(): failed to delete buffer. No buffer to delete in /home/bsn/sites/bsn.ru/public_html/cron/daily_stats/daemons/banners.php on line 59
[18-Apr-2017 00:01:02 Europe/Moscow] PHP Notice:  ob_clean(): failed to delete buffer. No buffer to delete in /home/bsn/sites/bsn.ru/public_html/cron/daily_stats/daemons/banners.php on line 59
[19-Apr-2017 00:01:01 Europe/Moscow] PHP Notice:  ob_clean(): failed to delete buffer. No buffer to delete in /home/bsn/sites/bsn.ru/public_html/cron/daily_stats/daemons/banners.php on line 59
[20-Apr-2017 00:01:01 Europe/Moscow] PHP Notice:  ob_clean(): failed to delete buffer. No buffer to delete in /home/bsn/sites/bsn.ru/public_html/cron/daily_stats/daemons/banners.php on line 59
[21-Apr-2017 00:01:01 Europe/Moscow] PHP Notice:  ob_clean(): failed to delete buffer. No buffer to delete in /home/bsn/sites/bsn.ru/public_html/cron/daily_stats/daemons/banners.php on line 59
[22-Apr-2017 00:01:01 Europe/Moscow] PHP Notice:  ob_clean(): failed to delete buffer. No buffer to delete in /home/bsn/sites/bsn.ru/public_html/cron/daily_stats/daemons/banners.php on line 59
[23-Apr-2017 00:01:01 Europe/Moscow] PHP Notice:  ob_clean(): failed to delete buffer. No buffer to delete in /home/bsn/sites/bsn.ru/public_html/cron/daily_stats/daemons/banners.php on line 59
[24-Apr-2017 00:01:02 Europe/Moscow] PHP Notice:  ob_clean(): failed to delete buffer. No buffer to delete in /home/bsn/sites/bsn.ru/public_html/cron/daily_stats/daemons/banners.php on line 59
[25-Apr-2017 00:01:01 Europe/Moscow] PHP Notice:  ob_clean(): failed to delete buffer. No buffer to delete in /home/bsn/sites/bsn.ru/public_html/cron/daily_stats/daemons/banners.php on line 59
[26-Apr-2017 00:01:01 Europe/Moscow] PHP Notice:  ob_clean(): failed to delete buffer. No buffer to delete in /home/bsn/sites/bsn.ru/public_html/cron/daily_stats/daemons/banners.php on line 59
[27-Apr-2017 00:01:01 Europe/Moscow] PHP Notice:  ob_clean(): failed to delete buffer. No buffer to delete in /home/bsn/sites/bsn.ru/public_html/cron/daily_stats/daemons/banners.php on line 59
[28-Apr-2017 00:01:01 Europe/Moscow] PHP Notice:  ob_clean(): failed to delete buffer. No buffer to delete in /home/bsn/sites/bsn.ru/public_html/cron/daily_stats/daemons/banners.php on line 59
[29-Apr-2017 00:01:01 Europe/Moscow] PHP Notice:  ob_clean(): failed to delete buffer. No buffer to delete in /home/bsn/sites/bsn.ru/public_html/cron/daily_stats/daemons/banners.php on line 59
[30-Apr-2017 00:01:01 Europe/Moscow] PHP Notice:  ob_clean(): failed to delete buffer. No buffer to delete in /home/bsn/sites/bsn.ru/public_html/cron/daily_stats/daemons/banners.php on line 59
[01-May-2017 00:01:01 Europe/Moscow] PHP Notice:  ob_clean(): failed to delete buffer. No buffer to delete in /home/bsn/sites/bsn.ru/public_html/cron/daily_stats/daemons/banners.php on line 59
[02-May-2017 00:01:01 Europe/Moscow] PHP Notice:  ob_clean(): failed to delete buffer. No buffer to delete in /home/bsn/sites/bsn.ru/public_html/cron/daily_stats/daemons/banners.php on line 59
[03-May-2017 00:01:01 Europe/Moscow] PHP Notice:  ob_clean(): failed to delete buffer. No buffer to delete in /home/bsn/sites/bsn.ru/public_html/cron/daily_stats/daemons/banners.php on line 59
[04-May-2017 00:01:01 Europe/Moscow] PHP Notice:  ob_clean(): failed to delete buffer. No buffer to delete in /home/bsn/sites/bsn.ru/public_html/cron/daily_stats/daemons/banners.php on line 59
[05-May-2017 00:01:02 Europe/Moscow] PHP Notice:  ob_clean(): failed to delete buffer. No buffer to delete in /home/bsn/sites/bsn.ru/public_html/cron/daily_stats/daemons/banners.php on line 59
[06-May-2017 00:01:01 Europe/Moscow] PHP Notice:  ob_clean(): failed to delete buffer. No buffer to delete in /home/bsn/sites/bsn.ru/public_html/cron/daily_stats/daemons/banners.php on line 59
[07-May-2017 00:01:01 Europe/Moscow] PHP Notice:  ob_clean(): failed to delete buffer. No buffer to delete in /home/bsn/sites/bsn.ru/public_html/cron/daily_stats/daemons/banners.php on line 59
[08-May-2017 00:01:01 Europe/Moscow] PHP Notice:  ob_clean(): failed to delete buffer. No buffer to delete in /home/bsn/sites/bsn.ru/public_html/cron/daily_stats/daemons/banners.php on line 59
[09-May-2017 00:01:01 Europe/Moscow] PHP Notice:  ob_clean(): failed to delete buffer. No buffer to delete in /home/bsn/sites/bsn.ru/public_html/cron/daily_stats/daemons/banners.php on line 59
[10-May-2017 00:01:01 Europe/Moscow] PHP Notice:  ob_clean(): failed to delete buffer. No buffer to delete in /home/bsn/sites/bsn.ru/public_html/cron/daily_stats/daemons/banners.php on line 59
[11-May-2017 00:01:02 Europe/Moscow] PHP Notice:  ob_clean(): failed to delete buffer. No buffer to delete in /home/bsn/sites/bsn.ru/public_html/cron/daily_stats/daemons/banners.php on line 59
[12-May-2017 00:01:01 Europe/Moscow] PHP Notice:  ob_clean(): failed to delete buffer. No buffer to delete in /home/bsn/sites/bsn.ru/public_html/cron/daily_stats/daemons/banners.php on line 59
[13-May-2017 00:01:01 Europe/Moscow] PHP Notice:  ob_clean(): failed to delete buffer. No buffer to delete in /home/bsn/sites/bsn.ru/public_html/cron/daily_stats/daemons/banners.php on line 59
[14-May-2017 00:01:01 Europe/Moscow] PHP Notice:  ob_clean(): failed to delete buffer. No buffer to delete in /home/bsn/sites/bsn.ru/public_html/cron/daily_stats/daemons/banners.php on line 59
[15-May-2017 00:01:01 Europe/Moscow] PHP Notice:  ob_clean(): failed to delete buffer. No buffer to delete in /home/bsn/sites/bsn.ru/public_html/cron/daily_stats/daemons/banners.php on line 59
[16-May-2017 00:01:02 Europe/Moscow] PHP Notice:  ob_clean(): failed to delete buffer. No buffer to delete in /home/bsn/sites/bsn.ru/public_html/cron/daily_stats/daemons/banners.php on line 59
[17-May-2017 00:01:01 Europe/Moscow] PHP Notice:  ob_clean(): failed to delete buffer. No buffer to delete in /home/bsn/sites/bsn.ru/public_html/cron/daily_stats/daemons/banners.php on line 59
[18-May-2017 00:01:01 Europe/Moscow] PHP Notice:  ob_clean(): failed to delete buffer. No buffer to delete in /home/bsn/sites/bsn.ru/public_html/cron/daily_stats/daemons/banners.php on line 59
[19-May-2017 00:01:01 Europe/Moscow] PHP Notice:  ob_clean(): failed to delete buffer. No buffer to delete in /home/bsn/sites/bsn.ru/public_html/cron/daily_stats/daemons/banners.php on line 59
[20-May-2017 00:01:01 Europe/Moscow] PHP Notice:  ob_clean(): failed to delete buffer. No buffer to delete in /home/bsn/sites/bsn.ru/public_html/cron/daily_stats/daemons/banners.php on line 59
[21-May-2017 00:01:02 Europe/Moscow] PHP Notice:  ob_clean(): failed to delete buffer. No buffer to delete in /home/bsn/sites/bsn.ru/public_html/cron/daily_stats/daemons/banners.php on line 59
[22-May-2017 00:01:01 Europe/Moscow] PHP Notice:  ob_clean(): failed to delete buffer. No buffer to delete in /home/bsn/sites/bsn.ru/public_html/cron/daily_stats/daemons/banners.php on line 59
[23-May-2017 00:01:01 Europe/Moscow] PHP Notice:  ob_clean(): failed to delete buffer. No buffer to delete in /home/bsn/sites/bsn.ru/public_html/cron/daily_stats/daemons/banners.php on line 59
[24-May-2017 00:01:01 Europe/Moscow] PHP Notice:  ob_clean(): failed to delete buffer. No buffer to delete in /home/bsn/sites/bsn.ru/public_html/cron/daily_stats/daemons/banners.php on line 59
[25-May-2017 00:01:02 Europe/Moscow] PHP Notice:  ob_clean(): failed to delete buffer. No buffer to delete in /home/bsn/sites/bsn.ru/public_html/cron/daily_stats/daemons/banners.php on line 59
[26-May-2017 00:01:01 Europe/Moscow] PHP Notice:  ob_clean(): failed to delete buffer. No buffer to delete in /home/bsn/sites/bsn.ru/public_html/cron/daily_stats/daemons/banners.php on line 59
[27-May-2017 00:01:01 Europe/Moscow] PHP Notice:  ob_clean(): failed to delete buffer. No buffer to delete in /home/bsn/sites/bsn.ru/public_html/cron/daily_stats/daemons/banners.php on line 59
[28-May-2017 00:01:01 Europe/Moscow] PHP Notice:  ob_clean(): failed to delete buffer. No buffer to delete in /home/bsn/sites/bsn.ru/public_html/cron/daily_stats/daemons/banners.php on line 59
[29-May-2017 00:01:01 Europe/Moscow] PHP Notice:  ob_clean(): failed to delete buffer. No buffer to delete in /home/bsn/sites/bsn.ru/public_html/cron/daily_stats/daemons/banners.php on line 59
[30-May-2017 00:01:01 Europe/Moscow] PHP Notice:  ob_clean(): failed to delete buffer. No buffer to delete in /home/bsn/sites/bsn.ru/public_html/cron/daily_stats/daemons/banners.php on line 59
[31-May-2017 00:01:01 Europe/Moscow] PHP Notice:  ob_clean(): failed to delete buffer. No buffer to delete in /home/bsn/sites/bsn.ru/public_html/cron/daily_stats/daemons/banners.php on line 59
[01-Jun-2017 00:01:01 Europe/Moscow] PHP Notice:  ob_clean(): failed to delete buffer. No buffer to delete in /home/bsn/sites/bsn.ru/public_html/cron/daily_stats/daemons/banners.php on line 59
[02-Jun-2017 00:01:01 Europe/Moscow] PHP Notice:  ob_clean(): failed to delete buffer. No buffer to delete in /home/bsn/sites/bsn.ru/public_html/cron/daily_stats/daemons/banners.php on line 59
[03-Jun-2017 00:01:01 Europe/Moscow] PHP Notice:  ob_clean(): failed to delete buffer. No buffer to delete in /home/bsn/sites/bsn.ru/public_html/cron/daily_stats/daemons/banners.php on line 59
[04-Jun-2017 00:01:02 Europe/Moscow] PHP Notice:  ob_clean(): failed to delete buffer. No buffer to delete in /home/bsn/sites/bsn.ru/public_html/cron/daily_stats/daemons/banners.php on line 59
[05-Jun-2017 00:01:01 Europe/Moscow] PHP Notice:  ob_clean(): failed to delete buffer. No buffer to delete in /home/bsn/sites/bsn.ru/public_html/cron/daily_stats/daemons/banners.php on line 59
[06-Jun-2017 00:01:01 Europe/Moscow] PHP Notice:  ob_clean(): failed to delete buffer. No buffer to delete in /home/bsn/sites/bsn.ru/public_html/cron/daily_stats/daemons/banners.php on line 59
[07-Jun-2017 00:01:01 Europe/Moscow] PHP Notice:  ob_clean(): failed to delete buffer. No buffer to delete in /home/bsn/sites/bsn.ru/public_html/cron/daily_stats/daemons/banners.php on line 59
[08-Jun-2017 00:01:02 Europe/Moscow] PHP Notice:  ob_clean(): failed to delete buffer. No buffer to delete in /home/bsn/sites/bsn.ru/public_html/cron/daily_stats/daemons/banners.php on line 59
[09-Jun-2017 00:01:01 Europe/Moscow] PHP Notice:  ob_clean(): failed to delete buffer. No buffer to delete in /home/bsn/sites/bsn.ru/public_html/cron/daily_stats/daemons/banners.php on line 59
[10-Jun-2017 00:01:01 Europe/Moscow] PHP Notice:  ob_clean(): failed to delete buffer. No buffer to delete in /home/bsn/sites/bsn.ru/public_html/cron/daily_stats/daemons/banners.php on line 59
[11-Jun-2017 00:01:01 Europe/Moscow] PHP Notice:  ob_clean(): failed to delete buffer. No buffer to delete in /home/bsn/sites/bsn.ru/public_html/cron/daily_stats/daemons/banners.php on line 59
[12-Jun-2017 00:01:01 Europe/Moscow] PHP Notice:  ob_clean(): failed to delete buffer. No buffer to delete in /home/bsn/sites/bsn.ru/public_html/cron/daily_stats/daemons/banners.php on line 59
[13-Jun-2017 00:01:01 Europe/Moscow] PHP Notice:  ob_clean(): failed to delete buffer. No buffer to delete in /home/bsn/sites/bsn.ru/public_html/cron/daily_stats/daemons/banners.php on line 59
[14-Jun-2017 00:01:01 Europe/Moscow] PHP Notice:  ob_clean(): failed to delete buffer. No buffer to delete in /home/bsn/sites/bsn.ru/public_html/cron/daily_stats/daemons/banners.php on line 59
[15-Jun-2017 00:01:01 Europe/Moscow] PHP Notice:  ob_clean(): failed to delete buffer. No buffer to delete in /home/bsn/sites/bsn.ru/public_html/cron/daily_stats/daemons/banners.php on line 59
[16-Jun-2017 00:01:01 Europe/Moscow] PHP Notice:  ob_clean(): failed to delete buffer. No buffer to delete in /home/bsn/sites/bsn.ru/public_html/cron/daily_stats/daemons/banners.php on line 59
[17-Jun-2017 00:01:02 Europe/Moscow] PHP Notice:  ob_clean(): failed to delete buffer. No buffer to delete in /home/bsn/sites/bsn.ru/public_html/cron/daily_stats/daemons/banners.php on line 59
[18-Jun-2017 00:01:01 Europe/Moscow] PHP Notice:  ob_clean(): failed to delete buffer. No buffer to delete in /home/bsn/sites/bsn.ru/public_html/cron/daily_stats/daemons/banners.php on line 59
[19-Jun-2017 00:01:01 Europe/Moscow] PHP Notice:  ob_clean(): failed to delete buffer. No buffer to delete in /home/bsn/sites/bsn.ru/public_html/cron/daily_stats/daemons/banners.php on line 59
[20-Jun-2017 00:01:01 Europe/Moscow] PHP Notice:  ob_clean(): failed to delete buffer. No buffer to delete in /home/bsn/sites/bsn.ru/public_html/cron/daily_stats/daemons/banners.php on line 59
[21-Jun-2017 00:01:01 Europe/Moscow] PHP Notice:  ob_clean(): failed to delete buffer. No buffer to delete in /home/bsn/sites/bsn.ru/public_html/cron/daily_stats/daemons/banners.php on line 59
[22-Jun-2017 00:01:01 Europe/Moscow] PHP Notice:  ob_clean(): failed to delete buffer. No buffer to delete in /home/bsn/sites/bsn.ru/public_html/cron/daily_stats/daemons/banners.php on line 59
[23-Jun-2017 00:01:01 Europe/Moscow] PHP Notice:  ob_clean(): failed to delete buffer. No buffer to delete in /home/bsn/sites/bsn.ru/public_html/cron/daily_stats/daemons/banners.php on line 59
[24-Jun-2017 00:01:02 Europe/Moscow] PHP Notice:  ob_clean(): failed to delete buffer. No buffer to delete in /home/bsn/sites/bsn.ru/public_html/cron/daily_stats/daemons/banners.php on line 59
[25-Jun-2017 00:01:01 Europe/Moscow] PHP Notice:  ob_clean(): failed to delete buffer. No buffer to delete in /home/bsn/sites/bsn.ru/public_html/cron/daily_stats/daemons/banners.php on line 59
[26-Jun-2017 00:01:01 Europe/Moscow] PHP Notice:  ob_clean(): failed to delete buffer. No buffer to delete in /home/bsn/sites/bsn.ru/public_html/cron/daily_stats/daemons/banners.php on line 59
[27-Jun-2017 00:01:01 Europe/Moscow] PHP Notice:  ob_clean(): failed to delete buffer. No buffer to delete in /home/bsn/sites/bsn.ru/public_html/cron/daily_stats/daemons/banners.php on line 59
[28-Jun-2017 00:01:01 Europe/Moscow] PHP Notice:  ob_clean(): failed to delete buffer. No buffer to delete in /home/bsn/sites/bsn.ru/public_html/cron/daily_stats/daemons/banners.php on line 59
[29-Jun-2017 00:01:01 Europe/Moscow] PHP Notice:  ob_clean(): failed to delete buffer. No buffer to delete in /home/bsn/sites/bsn.ru/public_html/cron/daily_stats/daemons/banners.php on line 59
[30-Jun-2017 00:01:02 Europe/Moscow] PHP Notice:  ob_clean(): failed to delete buffer. No buffer to delete in /home/bsn/sites/bsn.ru/public_html/cron/daily_stats/daemons/banners.php on line 59
[01-Jul-2017 00:01:01 Europe/Moscow] PHP Notice:  ob_clean(): failed to delete buffer. No buffer to delete in /home/bsn/sites/bsn.ru/public_html/cron/daily_stats/daemons/banners.php on line 59
[02-Jul-2017 00:01:01 Europe/Moscow] PHP Notice:  ob_clean(): failed to delete buffer. No buffer to delete in /home/bsn/sites/bsn.ru/public_html/cron/daily_stats/daemons/banners.php on line 59
[03-Jul-2017 00:01:01 Europe/Moscow] PHP Notice:  ob_clean(): failed to delete buffer. No buffer to delete in /home/bsn/sites/bsn.ru/public_html/cron/daily_stats/daemons/banners.php on line 59
[04-Jul-2017 00:01:01 Europe/Moscow] PHP Notice:  ob_clean(): failed to delete buffer. No buffer to delete in /home/bsn/sites/bsn.ru/public_html/cron/daily_stats/daemons/banners.php on line 59
[05-Jul-2017 00:01:01 Europe/Moscow] PHP Notice:  Undefined variable: db in /home/bsn/sites/bsn.ru/public_html/cron/daily_stats/daemons/banners.php on line 34
[05-Jul-2017 00:01:01 Europe/Moscow] PHP Fatal error:  Uncaught Error: Call to a member function query() on null in /home/bsn/sites/bsn.ru/public_html/cron/daily_stats/daemons/banners.php:34
Stack trace:
#0 /home/bsn/sites/bsn.ru/public_html/includes/class.daemon.php(122): include()
#1 /home/bsn/sites/bsn.ru/public_html/includes/class.daemons.manager.php(105): Daemon->run()
#2 /home/bsn/sites/bsn.ru/public_html/cron/stats_daemons_manager.php(39): DaemonsManager->run()
#3 {main}
  thrown in /home/bsn/sites/bsn.ru/public_html/cron/daily_stats/daemons/banners.php on line 34
[12-Jul-2017 00:01:02 Europe/Moscow] PHP Notice:  Undefined variable: db in /home/bsn/sites/bsn.ru/public_html/cron/daily_stats/daemons/banners.php on line 56
[12-Jul-2017 00:01:02 Europe/Moscow] PHP Fatal error:  Uncaught Error: Call to a member function query() on null in /home/bsn/sites/bsn.ru/public_html/cron/daily_stats/daemons/banners.php:56
Stack trace:
#0 /home/bsn/sites/bsn.ru/public_html/includes/class.daemon.php(122): include()
#1 /home/bsn/sites/bsn.ru/public_html/includes/class.daemons.manager.php(105): Daemon->run()
#2 /home/bsn/sites/bsn.ru/public_html/cron/stats_daemons_manager.php(39): DaemonsManager->run()
#3 {main}
  thrown in /home/bsn/sites/bsn.ru/public_html/cron/daily_stats/daemons/banners.php on line 56
[13-Jul-2017 10:23:26 Europe/Moscow] PHP Notice:  ob_clean(): failed to delete buffer. No buffer to delete in /home/bsn/sites/bsn.ru/public_html/cron/daily_stats/daemons/banners.php on line 104
[13-Jul-2017 10:23:26 Europe/Moscow] PHP Fatal error:  Uncaught Error: Using $this when not in object context in /home/bsn/sites/bsn.ru/public_html/cron/daily_stats/daemons/banners.php:105
Stack trace:
#0 {main}
  thrown in /home/bsn/sites/bsn.ru/public_html/cron/daily_stats/daemons/banners.php on line 105
[14-Jul-2017 11:28:14 Europe/Moscow] PHP Notice:  Undefined variable: db in /home/bsn/sites/bsn.ru/public_html/cron/daily_stats/daemons/banners.php on line 51
[14-Jul-2017 11:28:14 Europe/Moscow] PHP Fatal error:  Uncaught Error: Call to a member function query() on null in /home/bsn/sites/bsn.ru/public_html/cron/daily_stats/daemons/banners.php:51
Stack trace:
#0 {main}
  thrown in /home/bsn/sites/bsn.ru/public_html/cron/daily_stats/daemons/banners.php on line 51
[14-Jul-2017 11:45:45 Europe/Moscow] PHP Notice:  Undefined variable: db in /home/bsn/sites/bsn.ru/public_html/cron/daily_stats/daemons/banners.php on line 51
[14-Jul-2017 11:45:45 Europe/Moscow] PHP Fatal error:  Uncaught Error: Call to a member function query() on null in /home/bsn/sites/bsn.ru/public_html/cron/daily_stats/daemons/banners.php:51
Stack trace:
#0 {main}
  thrown in /home/bsn/sites/bsn.ru/public_html/cron/daily_stats/daemons/banners.php on line 51
[14-Jul-2017 11:47:39 Europe/Moscow] PHP Notice:  ob_clean(): failed to delete buffer. No buffer to delete in /home/bsn/sites/bsn.ru/public_html/cron/daily_stats/daemons/banners.php on line 102
[14-Jul-2017 11:47:39 Europe/Moscow] PHP Notice:  Undefined variable: getActionInfo in /home/bsn/sites/bsn.ru/public_html/cron/daily_stats/daemons/banners.php on line 103
[14-Jul-2017 11:47:39 Europe/Moscow] PHP Fatal error:  Uncaught Error: Function name must be a string in /home/bsn/sites/bsn.ru/public_html/cron/daily_stats/daemons/banners.php:103
Stack trace:
#0 {main}
  thrown in /home/bsn/sites/bsn.ru/public_html/cron/daily_stats/daemons/banners.php on line 103
[15-Jul-2017 00:01:01 Europe/Moscow] PHP Notice:  ob_clean(): failed to delete buffer. No buffer to delete in /home/bsn/sites/bsn.ru/public_html/cron/daily_stats/daemons/banners.php on line 59
[16-Jul-2017 00:01:02 Europe/Moscow] PHP Notice:  ob_clean(): failed to delete buffer. No buffer to delete in /home/bsn/sites/bsn.ru/public_html/cron/daily_stats/daemons/banners.php on line 59
[17-Jul-2017 00:01:01 Europe/Moscow] PHP Notice:  ob_clean(): failed to delete buffer. No buffer to delete in /home/bsn/sites/bsn.ru/public_html/cron/daily_stats/daemons/banners.php on line 59
[18-Jul-2017 00:01:01 Europe/Moscow] PHP Notice:  ob_clean(): failed to delete buffer. No buffer to delete in /home/bsn/sites/bsn.ru/public_html/cron/daily_stats/daemons/banners.php on line 59
[19-Jul-2017 00:01:01 Europe/Moscow] PHP Notice:  ob_clean(): failed to delete buffer. No buffer to delete in /home/bsn/sites/bsn.ru/public_html/cron/daily_stats/daemons/banners.php on line 59
[20-Jul-2017 00:01:01 Europe/Moscow] PHP Notice:  ob_clean(): failed to delete buffer. No buffer to delete in /home/bsn/sites/bsn.ru/public_html/cron/daily_stats/daemons/banners.php on line 59
[21-Jul-2017 00:01:01 Europe/Moscow] PHP Notice:  ob_clean(): failed to delete buffer. No buffer to delete in /home/bsn/sites/bsn.ru/public_html/cron/daily_stats/daemons/banners.php on line 59
[22-Jul-2017 00:01:01 Europe/Moscow] PHP Notice:  ob_clean(): failed to delete buffer. No buffer to delete in /home/bsn/sites/bsn.ru/public_html/cron/daily_stats/daemons/banners.php on line 59
[23-Jul-2017 00:01:02 Europe/Moscow] PHP Notice:  ob_clean(): failed to delete buffer. No buffer to delete in /home/bsn/sites/bsn.ru/public_html/cron/daily_stats/daemons/banners.php on line 59
[24-Jul-2017 00:01:02 Europe/Moscow] PHP Notice:  ob_clean(): failed to delete buffer. No buffer to delete in /home/bsn/sites/bsn.ru/public_html/cron/daily_stats/daemons/banners.php on line 59
[25-Jul-2017 00:01:01 Europe/Moscow] PHP Notice:  ob_clean(): failed to delete buffer. No buffer to delete in /home/bsn/sites/bsn.ru/public_html/cron/daily_stats/daemons/banners.php on line 59
[26-Jul-2017 00:01:01 Europe/Moscow] PHP Notice:  ob_clean(): failed to delete buffer. No buffer to delete in /home/bsn/sites/bsn.ru/public_html/cron/daily_stats/daemons/banners.php on line 59
[27-Jul-2017 00:01:01 Europe/Moscow] PHP Notice:  ob_clean(): failed to delete buffer. No buffer to delete in /home/bsn/sites/bsn.ru/public_html/cron/daily_stats/daemons/banners.php on line 59
[28-Jul-2017 00:01:02 Europe/Moscow] PHP Notice:  ob_clean(): failed to delete buffer. No buffer to delete in /home/bsn/sites/bsn.ru/public_html/cron/daily_stats/daemons/banners.php on line 59
[29-Jul-2017 00:01:01 Europe/Moscow] PHP Notice:  ob_clean(): failed to delete buffer. No buffer to delete in /home/bsn/sites/bsn.ru/public_html/cron/daily_stats/daemons/banners.php on line 59
[30-Jul-2017 00:01:01 Europe/Moscow] PHP Notice:  ob_clean(): failed to delete buffer. No buffer to delete in /home/bsn/sites/bsn.ru/public_html/cron/daily_stats/daemons/banners.php on line 59
[31-Jul-2017 00:01:01 Europe/Moscow] PHP Notice:  ob_clean(): failed to delete buffer. No buffer to delete in /home/bsn/sites/bsn.ru/public_html/cron/daily_stats/daemons/banners.php on line 59
[01-Aug-2017 00:01:02 Europe/Moscow] PHP Notice:  ob_clean(): failed to delete buffer. No buffer to delete in /home/bsn/sites/bsn.ru/public_html/cron/daily_stats/daemons/banners.php on line 59
[02-Aug-2017 00:01:01 Europe/Moscow] PHP Notice:  ob_clean(): failed to delete buffer. No buffer to delete in /home/bsn/sites/bsn.ru/public_html/cron/daily_stats/daemons/banners.php on line 59
[03-Aug-2017 00:01:01 Europe/Moscow] PHP Notice:  ob_clean(): failed to delete buffer. No buffer to delete in /home/bsn/sites/bsn.ru/public_html/cron/daily_stats/daemons/banners.php on line 59
[04-Aug-2017 00:01:01 Europe/Moscow] PHP Notice:  ob_clean(): failed to delete buffer. No buffer to delete in /home/bsn/sites/bsn.ru/public_html/cron/daily_stats/daemons/banners.php on line 59
[05-Aug-2017 00:01:01 Europe/Moscow] PHP Notice:  ob_clean(): failed to delete buffer. No buffer to delete in /home/bsn/sites/bsn.ru/public_html/cron/daily_stats/daemons/banners.php on line 59
[06-Aug-2017 00:01:01 Europe/Moscow] PHP Notice:  ob_clean(): failed to delete buffer. No buffer to delete in /home/bsn/sites/bsn.ru/public_html/cron/daily_stats/daemons/banners.php on line 59
[07-Aug-2017 00:01:01 Europe/Moscow] PHP Notice:  ob_clean(): failed to delete buffer. No buffer to delete in /home/bsn/sites/bsn.ru/public_html/cron/daily_stats/daemons/banners.php on line 59
[08-Aug-2017 00:01:01 Europe/Moscow] PHP Notice:  ob_clean(): failed to delete buffer. No buffer to delete in /home/bsn/sites/bsn.ru/public_html/cron/daily_stats/daemons/banners.php on line 59
[09-Aug-2017 00:01:01 Europe/Moscow] PHP Notice:  ob_clean(): failed to delete buffer. No buffer to delete in /home/bsn/sites/bsn.ru/public_html/cron/daily_stats/daemons/banners.php on line 59
[10-Aug-2017 00:01:01 Europe/Moscow] PHP Notice:  ob_clean(): failed to delete buffer. No buffer to delete in /home/bsn/sites/bsn.ru/public_html/cron/daily_stats/daemons/banners.php on line 59
[11-Aug-2017 00:01:01 Europe/Moscow] PHP Notice:  ob_clean(): failed to delete buffer. No buffer to delete in /home/bsn/sites/bsn.ru/public_html/cron/daily_stats/daemons/banners.php on line 59
[12-Aug-2017 00:01:02 Europe/Moscow] PHP Notice:  ob_clean(): failed to delete buffer. No buffer to delete in /home/bsn/sites/bsn.ru/public_html/cron/daily_stats/daemons/banners.php on line 59
[13-Aug-2017 00:01:02 Europe/Moscow] PHP Notice:  ob_clean(): failed to delete buffer. No buffer to delete in /home/bsn/sites/bsn.ru/public_html/cron/daily_stats/daemons/banners.php on line 59
[14-Aug-2017 00:01:01 Europe/Moscow] PHP Notice:  ob_clean(): failed to delete buffer. No buffer to delete in /home/bsn/sites/bsn.ru/public_html/cron/daily_stats/daemons/banners.php on line 59
[15-Aug-2017 00:01:02 Europe/Moscow] PHP Notice:  ob_clean(): failed to delete buffer. No buffer to delete in /home/bsn/sites/bsn.ru/public_html/cron/daily_stats/daemons/banners.php on line 59
[16-Aug-2017 00:01:01 Europe/Moscow] PHP Notice:  ob_clean(): failed to delete buffer. No buffer to delete in /home/bsn/sites/bsn.ru/public_html/cron/daily_stats/daemons/banners.php on line 59
[17-Aug-2017 00:01:01 Europe/Moscow] PHP Notice:  ob_clean(): failed to delete buffer. No buffer to delete in /home/bsn/sites/bsn.ru/public_html/cron/daily_stats/daemons/banners.php on line 59
[18-Aug-2017 00:01:01 Europe/Moscow] PHP Notice:  ob_clean(): failed to delete buffer. No buffer to delete in /home/bsn/sites/bsn.ru/public_html/cron/daily_stats/daemons/banners.php on line 59
[19-Aug-2017 00:01:01 Europe/Moscow] PHP Notice:  ob_clean(): failed to delete buffer. No buffer to delete in /home/bsn/sites/bsn.ru/public_html/cron/daily_stats/daemons/banners.php on line 59
[20-Aug-2017 00:01:01 Europe/Moscow] PHP Notice:  ob_clean(): failed to delete buffer. No buffer to delete in /home/bsn/sites/bsn.ru/public_html/cron/daily_stats/daemons/banners.php on line 59
[21-Aug-2017 00:01:01 Europe/Moscow] PHP Notice:  ob_clean(): failed to delete buffer. No buffer to delete in /home/bsn/sites/bsn.ru/public_html/cron/daily_stats/daemons/banners.php on line 59
[22-Aug-2017 00:01:01 Europe/Moscow] PHP Notice:  ob_clean(): failed to delete buffer. No buffer to delete in /home/bsn/sites/bsn.ru/public_html/cron/daily_stats/daemons/banners.php on line 59
[23-Aug-2017 00:01:01 Europe/Moscow] PHP Notice:  ob_clean(): failed to delete buffer. No buffer to delete in /home/bsn/sites/bsn.ru/public_html/cron/daily_stats/daemons/banners.php on line 59
[24-Aug-2017 00:01:02 Europe/Moscow] PHP Notice:  ob_clean(): failed to delete buffer. No buffer to delete in /home/bsn/sites/bsn.ru/public_html/cron/daily_stats/daemons/banners.php on line 59
[25-Aug-2017 00:01:01 Europe/Moscow] PHP Notice:  ob_clean(): failed to delete buffer. No buffer to delete in /home/bsn/sites/bsn.ru/public_html/cron/daily_stats/daemons/banners.php on line 59
[26-Aug-2017 00:01:01 Europe/Moscow] PHP Notice:  ob_clean(): failed to delete buffer. No buffer to delete in /home/bsn/sites/bsn.ru/public_html/cron/daily_stats/daemons/banners.php on line 59
[27-Aug-2017 00:01:01 Europe/Moscow] PHP Notice:  ob_clean(): failed to delete buffer. No buffer to delete in /home/bsn/sites/bsn.ru/public_html/cron/daily_stats/daemons/banners.php on line 59
[28-Aug-2017 00:01:01 Europe/Moscow] PHP Notice:  ob_clean(): failed to delete buffer. No buffer to delete in /home/bsn/sites/bsn.ru/public_html/cron/daily_stats/daemons/banners.php on line 59
[29-Aug-2017 00:01:01 Europe/Moscow] PHP Notice:  ob_clean(): failed to delete buffer. No buffer to delete in /home/bsn/sites/bsn.ru/public_html/cron/daily_stats/daemons/banners.php on line 59
[30-Aug-2017 00:01:02 Europe/Moscow] PHP Notice:  ob_clean(): failed to delete buffer. No buffer to delete in /home/bsn/sites/bsn.ru/public_html/cron/daily_stats/daemons/banners.php on line 59
[31-Aug-2017 00:01:01 Europe/Moscow] PHP Notice:  ob_clean(): failed to delete buffer. No buffer to delete in /home/bsn/sites/bsn.ru/public_html/cron/daily_stats/daemons/banners.php on line 59
[01-Sep-2017 00:01:01 Europe/Moscow] PHP Notice:  ob_clean(): failed to delete buffer. No buffer to delete in /home/bsn/sites/bsn.ru/public_html/cron/daily_stats/daemons/banners.php on line 59
[02-Sep-2017 00:01:02 Europe/Moscow] PHP Notice:  ob_clean(): failed to delete buffer. No buffer to delete in /home/bsn/sites/bsn.ru/public_html/cron/daily_stats/daemons/banners.php on line 59
[03-Sep-2017 00:01:01 Europe/Moscow] PHP Notice:  ob_clean(): failed to delete buffer. No buffer to delete in /home/bsn/sites/bsn.ru/public_html/cron/daily_stats/daemons/banners.php on line 59
[04-Sep-2017 00:01:01 Europe/Moscow] PHP Notice:  ob_clean(): failed to delete buffer. No buffer to delete in /home/bsn/sites/bsn.ru/public_html/cron/daily_stats/daemons/banners.php on line 59
[05-Sep-2017 00:01:01 Europe/Moscow] PHP Notice:  ob_clean(): failed to delete buffer. No buffer to delete in /home/bsn/sites/bsn.ru/public_html/cron/daily_stats/daemons/banners.php on line 59
[06-Sep-2017 00:01:02 Europe/Moscow] PHP Notice:  ob_clean(): failed to delete buffer. No buffer to delete in /home/bsn/sites/bsn.ru/public_html/cron/daily_stats/daemons/banners.php on line 59
[07-Sep-2017 00:01:02 Europe/Moscow] PHP Notice:  ob_clean(): failed to delete buffer. No buffer to delete in /home/bsn/sites/bsn.ru/public_html/cron/daily_stats/daemons/banners.php on line 59
[08-Sep-2017 00:01:01 Europe/Moscow] PHP Notice:  ob_clean(): failed to delete buffer. No buffer to delete in /home/bsn/sites/bsn.ru/public_html/cron/daily_stats/daemons/banners.php on line 59
[09-Sep-2017 00:01:01 Europe/Moscow] PHP Notice:  ob_clean(): failed to delete buffer. No buffer to delete in /home/bsn/sites/bsn.ru/public_html/cron/daily_stats/daemons/banners.php on line 59
[10-Sep-2017 00:01:01 Europe/Moscow] PHP Notice:  ob_clean(): failed to delete buffer. No buffer to delete in /home/bsn/sites/bsn.ru/public_html/cron/daily_stats/daemons/banners.php on line 59
[11-Sep-2017 00:01:01 Europe/Moscow] PHP Notice:  ob_clean(): failed to delete buffer. No buffer to delete in /home/bsn/sites/bsn.ru/public_html/cron/daily_stats/daemons/banners.php on line 59
[12-Sep-2017 00:01:01 Europe/Moscow] PHP Notice:  ob_clean(): failed to delete buffer. No buffer to delete in /home/bsn/sites/bsn.ru/public_html/cron/daily_stats/daemons/banners.php on line 59
[13-Sep-2017 00:01:01 Europe/Moscow] PHP Notice:  ob_clean(): failed to delete buffer. No buffer to delete in /home/bsn/sites/bsn.ru/public_html/cron/daily_stats/daemons/banners.php on line 59
[14-Sep-2017 00:01:01 Europe/Moscow] PHP Notice:  ob_clean(): failed to delete buffer. No buffer to delete in /home/bsn/sites/bsn.ru/public_html/cron/daily_stats/daemons/banners.php on line 59
[15-Sep-2017 00:01:01 Europe/Moscow] PHP Notice:  ob_clean(): failed to delete buffer. No buffer to delete in /home/bsn/sites/bsn.ru/public_html/cron/daily_stats/daemons/banners.php on line 59
[16-Sep-2017 00:01:01 Europe/Moscow] PHP Notice:  ob_clean(): failed to delete buffer. No buffer to delete in /home/bsn/sites/bsn.ru/public_html/cron/daily_stats/daemons/banners.php on line 59
[17-Sep-2017 00:01:01 Europe/Moscow] PHP Notice:  ob_clean(): failed to delete buffer. No buffer to delete in /home/bsn/sites/bsn.ru/public_html/cron/daily_stats/daemons/banners.php on line 59
[18-Sep-2017 00:01:02 Europe/Moscow] PHP Notice:  ob_clean(): failed to delete buffer. No buffer to delete in /home/bsn/sites/bsn.ru/public_html/cron/daily_stats/daemons/banners.php on line 59
[19-Sep-2017 00:01:01 Europe/Moscow] PHP Notice:  ob_clean(): failed to delete buffer. No buffer to delete in /home/bsn/sites/bsn.ru/public_html/cron/daily_stats/daemons/banners.php on line 59
[20-Sep-2017 00:01:01 Europe/Moscow] PHP Notice:  ob_clean(): failed to delete buffer. No buffer to delete in /home/bsn/sites/bsn.ru/public_html/cron/daily_stats/daemons/banners.php on line 59
[21-Sep-2017 00:01:01 Europe/Moscow] PHP Notice:  ob_clean(): failed to delete buffer. No buffer to delete in /home/bsn/sites/bsn.ru/public_html/cron/daily_stats/daemons/banners.php on line 59
[22-Sep-2017 00:01:01 Europe/Moscow] PHP Notice:  ob_clean(): failed to delete buffer. No buffer to delete in /home/bsn/sites/bsn.ru/public_html/cron/daily_stats/daemons/banners.php on line 59
[23-Sep-2017 00:01:01 Europe/Moscow] PHP Notice:  ob_clean(): failed to delete buffer. No buffer to delete in /home/bsn/sites/bsn.ru/public_html/cron/daily_stats/daemons/banners.php on line 59
[24-Sep-2017 00:01:01 Europe/Moscow] PHP Notice:  ob_clean(): failed to delete buffer. No buffer to delete in /home/bsn/sites/bsn.ru/public_html/cron/daily_stats/daemons/banners.php on line 59
[25-Sep-2017 00:01:01 Europe/Moscow] PHP Notice:  ob_clean(): failed to delete buffer. No buffer to delete in /home/bsn/sites/bsn.ru/public_html/cron/daily_stats/daemons/banners.php on line 59
[26-Sep-2017 00:01:01 Europe/Moscow] PHP Notice:  ob_clean(): failed to delete buffer. No buffer to delete in /home/bsn/sites/bsn.ru/public_html/cron/daily_stats/daemons/banners.php on line 59
[27-Sep-2017 00:01:01 Europe/Moscow] PHP Notice:  ob_clean(): failed to delete buffer. No buffer to delete in /home/bsn/sites/bsn.ru/public_html/cron/daily_stats/daemons/banners.php on line 59
[28-Sep-2017 00:01:01 Europe/Moscow] PHP Notice:  ob_clean(): failed to delete buffer. No buffer to delete in /home/bsn/sites/bsn.ru/public_html/cron/daily_stats/daemons/banners.php on line 59
[29-Sep-2017 00:01:03 Europe/Moscow] PHP Notice:  ob_clean(): failed to delete buffer. No buffer to delete in /home/bsn/sites/bsn.ru/public_html/cron/daily_stats/daemons/banners.php on line 59
[30-Sep-2017 00:01:02 Europe/Moscow] PHP Notice:  ob_clean(): failed to delete buffer. No buffer to delete in /home/bsn/sites/bsn.ru/public_html/cron/daily_stats/daemons/banners.php on line 59
[01-Oct-2017 00:01:02 Europe/Moscow] PHP Notice:  ob_clean(): failed to delete buffer. No buffer to delete in /home/bsn/sites/bsn.ru/public_html/cron/daily_stats/daemons/banners.php on line 59
[02-Oct-2017 00:01:01 Europe/Moscow] PHP Notice:  ob_clean(): failed to delete buffer. No buffer to delete in /home/bsn/sites/bsn.ru/public_html/cron/daily_stats/daemons/banners.php on line 59
[03-Oct-2017 00:01:01 Europe/Moscow] PHP Notice:  ob_clean(): failed to delete buffer. No buffer to delete in /home/bsn/sites/bsn.ru/public_html/cron/daily_stats/daemons/banners.php on line 59
[04-Oct-2017 00:01:01 Europe/Moscow] PHP Notice:  ob_clean(): failed to delete buffer. No buffer to delete in /home/bsn/sites/bsn.ru/public_html/cron/daily_stats/daemons/banners.php on line 59
[05-Oct-2017 00:01:01 Europe/Moscow] PHP Notice:  ob_clean(): failed to delete buffer. No buffer to delete in /home/bsn/sites/bsn.ru/public_html/cron/daily_stats/daemons/banners.php on line 59
[06-Oct-2017 00:01:02 Europe/Moscow] PHP Notice:  ob_clean(): failed to delete buffer. No buffer to delete in /home/bsn/sites/bsn.ru/public_html/cron/daily_stats/daemons/banners.php on line 59
[07-Oct-2017 00:01:02 Europe/Moscow] PHP Notice:  ob_clean(): failed to delete buffer. No buffer to delete in /home/bsn/sites/bsn.ru/public_html/cron/daily_stats/daemons/banners.php on line 59
[08-Oct-2017 00:01:01 Europe/Moscow] PHP Notice:  ob_clean(): failed to delete buffer. No buffer to delete in /home/bsn/sites/bsn.ru/public_html/cron/daily_stats/daemons/banners.php on line 59
[09-Oct-2017 00:01:01 Europe/Moscow] PHP Notice:  ob_clean(): failed to delete buffer. No buffer to delete in /home/bsn/sites/bsn.ru/public_html/cron/daily_stats/daemons/banners.php on line 59
[10-Oct-2017 00:01:01 Europe/Moscow] PHP Notice:  ob_clean(): failed to delete buffer. No buffer to delete in /home/bsn/sites/bsn.ru/public_html/cron/daily_stats/daemons/banners.php on line 59
[11-Oct-2017 00:01:01 Europe/Moscow] PHP Notice:  ob_clean(): failed to delete buffer. No buffer to delete in /home/bsn/sites/bsn.ru/public_html/cron/daily_stats/daemons/banners.php on line 59
[12-Oct-2017 00:01:02 Europe/Moscow] PHP Notice:  ob_clean(): failed to delete buffer. No buffer to delete in /home/bsn/sites/bsn.ru/public_html/cron/daily_stats/daemons/banners.php on line 59
[13-Oct-2017 00:01:01 Europe/Moscow] PHP Notice:  ob_clean(): failed to delete buffer. No buffer to delete in /home/bsn/sites/bsn.ru/public_html/cron/daily_stats/daemons/banners.php on line 59
[14-Oct-2017 00:01:01 Europe/Moscow] PHP Notice:  ob_clean(): failed to delete buffer. No buffer to delete in /home/bsn/sites/bsn.ru/public_html/cron/daily_stats/daemons/banners.php on line 59
[15-Oct-2017 00:01:01 Europe/Moscow] PHP Notice:  ob_clean(): failed to delete buffer. No buffer to delete in /home/bsn/sites/bsn.ru/public_html/cron/daily_stats/daemons/banners.php on line 59
[16-Oct-2017 00:01:02 Europe/Moscow] PHP Notice:  ob_clean(): failed to delete buffer. No buffer to delete in /home/bsn/sites/bsn.ru/public_html/cron/daily_stats/daemons/banners.php on line 59
[17-Oct-2017 00:01:01 Europe/Moscow] PHP Notice:  ob_clean(): failed to delete buffer. No buffer to delete in /home/bsn/sites/bsn.ru/public_html/cron/daily_stats/daemons/banners.php on line 59
[18-Oct-2017 00:01:01 Europe/Moscow] PHP Notice:  ob_clean(): failed to delete buffer. No buffer to delete in /home/bsn/sites/bsn.ru/public_html/cron/daily_stats/daemons/banners.php on line 59
[19-Oct-2017 00:01:02 Europe/Moscow] PHP Notice:  ob_clean(): failed to delete buffer. No buffer to delete in /home/bsn/sites/bsn.ru/public_html/cron/daily_stats/daemons/banners.php on line 59
[20-Oct-2017 00:01:02 Europe/Moscow] PHP Notice:  ob_clean(): failed to delete buffer. No buffer to delete in /home/bsn/sites/bsn.ru/public_html/cron/daily_stats/daemons/banners.php on line 59
[21-Oct-2017 00:01:02 Europe/Moscow] PHP Notice:  ob_clean(): failed to delete buffer. No buffer to delete in /home/bsn/sites/bsn.ru/public_html/cron/daily_stats/daemons/banners.php on line 59
[22-Oct-2017 00:01:01 Europe/Moscow] PHP Notice:  ob_clean(): failed to delete buffer. No buffer to delete in /home/bsn/sites/bsn.ru/public_html/cron/daily_stats/daemons/banners.php on line 59
[23-Oct-2017 00:01:01 Europe/Moscow] PHP Notice:  ob_clean(): failed to delete buffer. No buffer to delete in /home/bsn/sites/bsn.ru/public_html/cron/daily_stats/daemons/banners.php on line 59
[24-Oct-2017 00:01:01 Europe/Moscow] PHP Notice:  ob_clean(): failed to delete buffer. No buffer to delete in /home/bsn/sites/bsn.ru/public_html/cron/daily_stats/daemons/banners.php on line 59
[25-Oct-2017 00:01:01 Europe/Moscow] PHP Notice:  ob_clean(): failed to delete buffer. No buffer to delete in /home/bsn/sites/bsn.ru/public_html/cron/daily_stats/daemons/banners.php on line 59
[26-Oct-2017 00:01:02 Europe/Moscow] PHP Notice:  ob_clean(): failed to delete buffer. No buffer to delete in /home/bsn/sites/bsn.ru/public_html/cron/daily_stats/daemons/banners.php on line 59
[27-Oct-2017 00:01:02 Europe/Moscow] PHP Notice:  ob_clean(): failed to delete buffer. No buffer to delete in /home/bsn/sites/bsn.ru/public_html/cron/daily_stats/daemons/banners.php on line 59
[28-Oct-2017 00:01:02 Europe/Moscow] PHP Notice:  ob_clean(): failed to delete buffer. No buffer to delete in /home/bsn/sites/bsn.ru/public_html/cron/daily_stats/daemons/banners.php on line 59
[29-Oct-2017 00:01:02 Europe/Moscow] PHP Notice:  ob_clean(): failed to delete buffer. No buffer to delete in /home/bsn/sites/bsn.ru/public_html/cron/daily_stats/daemons/banners.php on line 59
[30-Oct-2017 00:01:02 Europe/Moscow] PHP Notice:  ob_clean(): failed to delete buffer. No buffer to delete in /home/bsn/sites/bsn.ru/public_html/cron/daily_stats/daemons/banners.php on line 59
[31-Oct-2017 00:01:01 Europe/Moscow] PHP Notice:  ob_clean(): failed to delete buffer. No buffer to delete in /home/bsn/sites/bsn.ru/public_html/cron/daily_stats/daemons/banners.php on line 59
[01-Nov-2017 00:01:01 Europe/Moscow] PHP Notice:  ob_clean(): failed to delete buffer. No buffer to delete in /home/bsn/sites/bsn.ru/public_html/cron/daily_stats/daemons/banners.php on line 59
[02-Nov-2017 00:01:01 Europe/Moscow] PHP Notice:  ob_clean(): failed to delete buffer. No buffer to delete in /home/bsn/sites/bsn.ru/public_html/cron/daily_stats/daemons/banners.php on line 59
[03-Nov-2017 00:01:02 Europe/Moscow] PHP Notice:  ob_clean(): failed to delete buffer. No buffer to delete in /home/bsn/sites/bsn.ru/public_html/cron/daily_stats/daemons/banners.php on line 59
[04-Nov-2017 00:01:01 Europe/Moscow] PHP Notice:  ob_clean(): failed to delete buffer. No buffer to delete in /home/bsn/sites/bsn.ru/public_html/cron/daily_stats/daemons/banners.php on line 59
[05-Nov-2017 00:01:01 Europe/Moscow] PHP Notice:  ob_clean(): failed to delete buffer. No buffer to delete in /home/bsn/sites/bsn.ru/public_html/cron/daily_stats/daemons/banners.php on line 59
[06-Nov-2017 00:01:02 Europe/Moscow] PHP Notice:  ob_clean(): failed to delete buffer. No buffer to delete in /home/bsn/sites/bsn.ru/public_html/cron/daily_stats/daemons/banners.php on line 59
[07-Nov-2017 00:01:02 Europe/Moscow] PHP Notice:  ob_clean(): failed to delete buffer. No buffer to delete in /home/bsn/sites/bsn.ru/public_html/cron/daily_stats/daemons/banners.php on line 59
[08-Nov-2017 00:01:02 Europe/Moscow] PHP Notice:  ob_clean(): failed to delete buffer. No buffer to delete in /home/bsn/sites/bsn.ru/public_html/cron/daily_stats/daemons/banners.php on line 59
[09-Nov-2017 00:01:02 Europe/Moscow] PHP Notice:  ob_clean(): failed to delete buffer. No buffer to delete in /home/bsn/sites/bsn.ru/public_html/cron/daily_stats/daemons/banners.php on line 59
[10-Nov-2017 00:01:01 Europe/Moscow] PHP Notice:  ob_clean(): failed to delete buffer. No buffer to delete in /home/bsn/sites/bsn.ru/public_html/cron/daily_stats/daemons/banners.php on line 59
[11-Nov-2017 00:01:01 Europe/Moscow] PHP Notice:  ob_clean(): failed to delete buffer. No buffer to delete in /home/bsn/sites/bsn.ru/public_html/cron/daily_stats/daemons/banners.php on line 59
[12-Nov-2017 00:01:02 Europe/Moscow] PHP Notice:  ob_clean(): failed to delete buffer. No buffer to delete in /home/bsn/sites/bsn.ru/public_html/cron/daily_stats/daemons/banners.php on line 59
[13-Nov-2017 00:01:01 Europe/Moscow] PHP Notice:  ob_clean(): failed to delete buffer. No buffer to delete in /home/bsn/sites/bsn.ru/public_html/cron/daily_stats/daemons/banners.php on line 59
[14-Nov-2017 00:01:04 Europe/Moscow] PHP Notice:  ob_clean(): failed to delete buffer. No buffer to delete in /home/bsn/sites/bsn.ru/public_html/cron/daily_stats/daemons/banners.php on line 59
[15-Nov-2017 00:01:02 Europe/Moscow] PHP Notice:  ob_clean(): failed to delete buffer. No buffer to delete in /home/bsn/sites/bsn.ru/public_html/cron/daily_stats/daemons/banners.php on line 59
[16-Nov-2017 00:01:01 Europe/Moscow] PHP Notice:  ob_clean(): failed to delete buffer. No buffer to delete in /home/bsn/sites/bsn.ru/public_html/cron/daily_stats/daemons/banners.php on line 59
[17-Nov-2017 00:01:02 Europe/Moscow] PHP Notice:  ob_clean(): failed to delete buffer. No buffer to delete in /home/bsn/sites/bsn.ru/public_html/cron/daily_stats/daemons/banners.php on line 59
[18-Nov-2017 00:01:02 Europe/Moscow] PHP Notice:  ob_clean(): failed to delete buffer. No buffer to delete in /home/bsn/sites/bsn.ru/public_html/cron/daily_stats/daemons/banners.php on line 59
[19-Nov-2017 00:01:02 Europe/Moscow] PHP Notice:  ob_clean(): failed to delete buffer. No buffer to delete in /home/bsn/sites/bsn.ru/public_html/cron/daily_stats/daemons/banners.php on line 59
[20-Nov-2017 00:01:01 Europe/Moscow] PHP Notice:  ob_clean(): failed to delete buffer. No buffer to delete in /home/bsn/sites/bsn.ru/public_html/cron/daily_stats/daemons/banners.php on line 59
[21-Nov-2017 00:01:02 Europe/Moscow] PHP Notice:  ob_clean(): failed to delete buffer. No buffer to delete in /home/bsn/sites/bsn.ru/public_html/cron/daily_stats/daemons/banners.php on line 59
[22-Nov-2017 00:01:02 Europe/Moscow] PHP Notice:  ob_clean(): failed to delete buffer. No buffer to delete in /home/bsn/sites/bsn.ru/public_html/cron/daily_stats/daemons/banners.php on line 59
[23-Nov-2017 00:01:02 Europe/Moscow] PHP Notice:  ob_clean(): failed to delete buffer. No buffer to delete in /home/bsn/sites/bsn.ru/public_html/cron/daily_stats/daemons/banners.php on line 59
[24-Nov-2017 00:01:02 Europe/Moscow] PHP Notice:  ob_clean(): failed to delete buffer. No buffer to delete in /home/bsn/sites/bsn.ru/public_html/cron/daily_stats/daemons/banners.php on line 59
[25-Nov-2017 00:01:01 Europe/Moscow] PHP Notice:  ob_clean(): failed to delete buffer. No buffer to delete in /home/bsn/sites/bsn.ru/public_html/cron/daily_stats/daemons/banners.php on line 59
[26-Nov-2017 00:01:02 Europe/Moscow] PHP Notice:  ob_clean(): failed to delete buffer. No buffer to delete in /home/bsn/sites/bsn.ru/public_html/cron/daily_stats/daemons/banners.php on line 59
[27-Nov-2017 00:01:02 Europe/Moscow] PHP Notice:  ob_clean(): failed to delete buffer. No buffer to delete in /home/bsn/sites/bsn.ru/public_html/cron/daily_stats/daemons/banners.php on line 59
[28-Nov-2017 00:01:03 Europe/Moscow] PHP Notice:  ob_clean(): failed to delete buffer. No buffer to delete in /home/bsn/sites/bsn.ru/public_html/cron/daily_stats/daemons/banners.php on line 59
[29-Nov-2017 00:01:03 Europe/Moscow] PHP Notice:  ob_clean(): failed to delete buffer. No buffer to delete in /home/bsn/sites/bsn.ru/public_html/cron/daily_stats/daemons/banners.php on line 59
[30-Nov-2017 00:01:02 Europe/Moscow] PHP Notice:  ob_clean(): failed to delete buffer. No buffer to delete in /home/bsn/sites/bsn.ru/public_html/cron/daily_stats/daemons/banners.php on line 59
[01-Dec-2017 00:01:02 Europe/Moscow] PHP Notice:  ob_clean(): failed to delete buffer. No buffer to delete in /home/bsn/sites/bsn.ru/public_html/cron/daily_stats/daemons/banners.php on line 59
[02-Dec-2017 00:01:02 Europe/Moscow] PHP Notice:  ob_clean(): failed to delete buffer. No buffer to delete in /home/bsn/sites/bsn.ru/public_html/cron/daily_stats/daemons/banners.php on line 59
[03-Dec-2017 00:01:02 Europe/Moscow] PHP Notice:  ob_clean(): failed to delete buffer. No buffer to delete in /home/bsn/sites/bsn.ru/public_html/cron/daily_stats/daemons/banners.php on line 59
[04-Dec-2017 00:01:02 Europe/Moscow] PHP Notice:  ob_clean(): failed to delete buffer. No buffer to delete in /home/bsn/sites/bsn.ru/public_html/cron/daily_stats/daemons/banners.php on line 59
[05-Dec-2017 00:01:06 Europe/Moscow] PHP Notice:  ob_clean(): failed to delete buffer. No buffer to delete in /home/bsn/sites/bsn.ru/public_html/cron/daily_stats/daemons/banners.php on line 59
[06-Dec-2017 00:01:02 Europe/Moscow] PHP Notice:  ob_clean(): failed to delete buffer. No buffer to delete in /home/bsn/sites/bsn.ru/public_html/cron/daily_stats/daemons/banners.php on line 59
[07-Dec-2017 00:01:02 Europe/Moscow] PHP Notice:  ob_clean(): failed to delete buffer. No buffer to delete in /home/bsn/sites/bsn.ru/public_html/cron/daily_stats/daemons/banners.php on line 59
[08-Dec-2017 00:01:03 Europe/Moscow] PHP Notice:  ob_clean(): failed to delete buffer. No buffer to delete in /home/bsn/sites/bsn.ru/public_html/cron/daily_stats/daemons/banners.php on line 59
[09-Dec-2017 00:01:02 Europe/Moscow] PHP Notice:  ob_clean(): failed to delete buffer. No buffer to delete in /home/bsn/sites/bsn.ru/public_html/cron/daily_stats/daemons/banners.php on line 59
[10-Dec-2017 00:01:02 Europe/Moscow] PHP Notice:  ob_clean(): failed to delete buffer. No buffer to delete in /home/bsn/sites/bsn.ru/public_html/cron/daily_stats/daemons/banners.php on line 59
[11-Dec-2017 00:01:01 Europe/Moscow] PHP Notice:  ob_clean(): failed to delete buffer. No buffer to delete in /home/bsn/sites/bsn.ru/public_html/cron/daily_stats/daemons/banners.php on line 59
[12-Dec-2017 00:01:01 Europe/Moscow] PHP Notice:  ob_clean(): failed to delete buffer. No buffer to delete in /home/bsn/sites/bsn.ru/public_html/cron/daily_stats/daemons/banners.php on line 59
[13-Dec-2017 00:01:02 Europe/Moscow] PHP Notice:  ob_clean(): failed to delete buffer. No buffer to delete in /home/bsn/sites/bsn.ru/public_html/cron/daily_stats/daemons/banners.php on line 59
[14-Dec-2017 00:01:02 Europe/Moscow] PHP Notice:  ob_clean(): failed to delete buffer. No buffer to delete in /home/bsn/sites/bsn.ru/public_html/cron/daily_stats/daemons/banners.php on line 59
[15-Dec-2017 00:01:01 Europe/Moscow] PHP Notice:  ob_clean(): failed to delete buffer. No buffer to delete in /home/bsn/sites/bsn.ru/public_html/cron/daily_stats/daemons/banners.php on line 59
[16-Dec-2017 00:01:01 Europe/Moscow] PHP Notice:  ob_clean(): failed to delete buffer. No buffer to delete in /home/bsn/sites/bsn.ru/public_html/cron/daily_stats/daemons/banners.php on line 59
[17-Dec-2017 00:01:02 Europe/Moscow] PHP Notice:  ob_clean(): failed to delete buffer. No buffer to delete in /home/bsn/sites/bsn.ru/public_html/cron/daily_stats/daemons/banners.php on line 59
[18-Dec-2017 00:01:01 Europe/Moscow] PHP Notice:  ob_clean(): failed to delete buffer. No buffer to delete in /home/bsn/sites/bsn.ru/public_html/cron/daily_stats/daemons/banners.php on line 59
[19-Dec-2017 00:01:01 Europe/Moscow] PHP Notice:  ob_clean(): failed to delete buffer. No buffer to delete in /home/bsn/sites/bsn.ru/public_html/cron/daily_stats/daemons/banners.php on line 59
[20-Dec-2017 00:01:01 Europe/Moscow] PHP Notice:  ob_clean(): failed to delete buffer. No buffer to delete in /home/bsn/sites/bsn.ru/public_html/cron/daily_stats/daemons/banners.php on line 59
[21-Dec-2017 00:01:01 Europe/Moscow] PHP Notice:  ob_clean(): failed to delete buffer. No buffer to delete in /home/bsn/sites/bsn.ru/public_html/cron/daily_stats/daemons/banners.php on line 59
[22-Dec-2017 00:01:02 Europe/Moscow] PHP Notice:  ob_clean(): failed to delete buffer. No buffer to delete in /home/bsn/sites/bsn.ru/public_html/cron/daily_stats/daemons/banners.php on line 59
[23-Dec-2017 00:01:02 Europe/Moscow] PHP Notice:  ob_clean(): failed to delete buffer. No buffer to delete in /home/bsn/sites/bsn.ru/public_html/cron/daily_stats/daemons/banners.php on line 59
[24-Dec-2017 00:01:01 Europe/Moscow] PHP Notice:  ob_clean(): failed to delete buffer. No buffer to delete in /home/bsn/sites/bsn.ru/public_html/cron/daily_stats/daemons/banners.php on line 59
[25-Dec-2017 00:01:02 Europe/Moscow] PHP Notice:  ob_clean(): failed to delete buffer. No buffer to delete in /home/bsn/sites/bsn.ru/public_html/cron/daily_stats/daemons/banners.php on line 59
[26-Dec-2017 00:01:02 Europe/Moscow] PHP Notice:  ob_clean(): failed to delete buffer. No buffer to delete in /home/bsn/sites/bsn.ru/public_html/cron/daily_stats/daemons/banners.php on line 59
[27-Dec-2017 00:01:02 Europe/Moscow] PHP Notice:  ob_clean(): failed to delete buffer. No buffer to delete in /home/bsn/sites/bsn.ru/public_html/cron/daily_stats/daemons/banners.php on line 59
[28-Dec-2017 00:01:02 Europe/Moscow] PHP Notice:  ob_clean(): failed to delete buffer. No buffer to delete in /home/bsn/sites/bsn.ru/public_html/cron/daily_stats/daemons/banners.php on line 59
[29-Dec-2017 00:01:02 Europe/Moscow] PHP Notice:  ob_clean(): failed to delete buffer. No buffer to delete in /home/bsn/sites/bsn.ru/public_html/cron/daily_stats/daemons/banners.php on line 59
[30-Dec-2017 00:01:01 Europe/Moscow] PHP Notice:  ob_clean(): failed to delete buffer. No buffer to delete in /home/bsn/sites/bsn.ru/public_html/cron/daily_stats/daemons/banners.php on line 59
[31-Dec-2017 00:01:02 Europe/Moscow] PHP Notice:  ob_clean(): failed to delete buffer. No buffer to delete in /home/bsn/sites/bsn.ru/public_html/cron/daily_stats/daemons/banners.php on line 59
[01-Jan-2018 00:01:01 Europe/Moscow] PHP Notice:  ob_clean(): failed to delete buffer. No buffer to delete in /home/bsn/sites/bsn.ru/public_html/cron/daily_stats/daemons/banners.php on line 59
[02-Jan-2018 00:01:02 Europe/Moscow] PHP Notice:  ob_clean(): failed to delete buffer. No buffer to delete in /home/bsn/sites/bsn.ru/public_html/cron/daily_stats/daemons/banners.php on line 59
[03-Jan-2018 00:01:02 Europe/Moscow] PHP Notice:  ob_clean(): failed to delete buffer. No buffer to delete in /home/bsn/sites/bsn.ru/public_html/cron/daily_stats/daemons/banners.php on line 59
[04-Jan-2018 00:01:01 Europe/Moscow] PHP Notice:  ob_clean(): failed to delete buffer. No buffer to delete in /home/bsn/sites/bsn.ru/public_html/cron/daily_stats/daemons/banners.php on line 59
[05-Jan-2018 00:01:02 Europe/Moscow] PHP Notice:  ob_clean(): failed to delete buffer. No buffer to delete in /home/bsn/sites/bsn.ru/public_html/cron/daily_stats/daemons/banners.php on line 59
[06-Jan-2018 00:01:01 Europe/Moscow] PHP Notice:  ob_clean(): failed to delete buffer. No buffer to delete in /home/bsn/sites/bsn.ru/public_html/cron/daily_stats/daemons/banners.php on line 59
[07-Jan-2018 00:01:01 Europe/Moscow] PHP Notice:  ob_clean(): failed to delete buffer. No buffer to delete in /home/bsn/sites/bsn.ru/public_html/cron/daily_stats/daemons/banners.php on line 59
[08-Jan-2018 00:01:01 Europe/Moscow] PHP Notice:  ob_clean(): failed to delete buffer. No buffer to delete in /home/bsn/sites/bsn.ru/public_html/cron/daily_stats/daemons/banners.php on line 59
[09-Jan-2018 00:01:01 Europe/Moscow] PHP Notice:  ob_clean(): failed to delete buffer. No buffer to delete in /home/bsn/sites/bsn.ru/public_html/cron/daily_stats/daemons/banners.php on line 59
[10-Jan-2018 00:01:01 Europe/Moscow] PHP Notice:  ob_clean(): failed to delete buffer. No buffer to delete in /home/bsn/sites/bsn.ru/public_html/cron/daily_stats/daemons/banners.php on line 59
[11-Jan-2018 00:01:01 Europe/Moscow] PHP Notice:  ob_clean(): failed to delete buffer. No buffer to delete in /home/bsn/sites/bsn.ru/public_html/cron/daily_stats/daemons/banners.php on line 59
[12-Jan-2018 00:01:02 Europe/Moscow] PHP Notice:  ob_clean(): failed to delete buffer. No buffer to delete in /home/bsn/sites/bsn.ru/public_html/cron/daily_stats/daemons/banners.php on line 59
[13-Jan-2018 00:01:02 Europe/Moscow] PHP Notice:  ob_clean(): failed to delete buffer. No buffer to delete in /home/bsn/sites/bsn.ru/public_html/cron/daily_stats/daemons/banners.php on line 59
[14-Jan-2018 00:01:02 Europe/Moscow] PHP Notice:  ob_clean(): failed to delete buffer. No buffer to delete in /home/bsn/sites/bsn.ru/public_html/cron/daily_stats/daemons/banners.php on line 59
[15-Jan-2018 00:01:01 Europe/Moscow] PHP Notice:  ob_clean(): failed to delete buffer. No buffer to delete in /home/bsn/sites/bsn.ru/public_html/cron/daily_stats/daemons/banners.php on line 59
[16-Jan-2018 00:01:03 Europe/Moscow] PHP Notice:  ob_clean(): failed to delete buffer. No buffer to delete in /home/bsn/sites/bsn.ru/public_html/cron/daily_stats/daemons/banners.php on line 59
[17-Jan-2018 00:01:02 Europe/Moscow] PHP Notice:  ob_clean(): failed to delete buffer. No buffer to delete in /home/bsn/sites/bsn.ru/public_html/cron/daily_stats/daemons/banners.php on line 59
[18-Jan-2018 00:01:03 Europe/Moscow] PHP Notice:  ob_clean(): failed to delete buffer. No buffer to delete in /home/bsn/sites/bsn.ru/public_html/cron/daily_stats/daemons/banners.php on line 59
[19-Jan-2018 00:01:04 Europe/Moscow] PHP Notice:  ob_clean(): failed to delete buffer. No buffer to delete in /home/bsn/sites/bsn.ru/public_html/cron/daily_stats/daemons/banners.php on line 59
[20-Jan-2018 00:01:02 Europe/Moscow] PHP Notice:  ob_clean(): failed to delete buffer. No buffer to delete in /home/bsn/sites/bsn.ru/public_html/cron/daily_stats/daemons/banners.php on line 59
[21-Jan-2018 00:01:01 Europe/Moscow] PHP Notice:  ob_clean(): failed to delete buffer. No buffer to delete in /home/bsn/sites/bsn.ru/public_html/cron/daily_stats/daemons/banners.php on line 59
[22-Jan-2018 00:01:02 Europe/Moscow] PHP Notice:  ob_clean(): failed to delete buffer. No buffer to delete in /home/bsn/sites/bsn.ru/public_html/cron/daily_stats/daemons/banners.php on line 59
[23-Jan-2018 00:01:02 Europe/Moscow] PHP Notice:  ob_clean(): failed to delete buffer. No buffer to delete in /home/bsn/sites/bsn.ru/public_html/cron/daily_stats/daemons/banners.php on line 59
[24-Jan-2018 00:01:02 Europe/Moscow] PHP Notice:  ob_clean(): failed to delete buffer. No buffer to delete in /home/bsn/sites/bsn.ru/public_html/cron/daily_stats/daemons/banners.php on line 59
[27-Apr-2019 00:01:01 Europe/Moscow] PHP Notice:  ob_clean(): failed to delete buffer. No buffer to delete in /home/bsn/sites/bsn.ru/public_html/cron/daily_stats/daemons/banners.php on line 59
[28-Apr-2019 00:01:01 Europe/Moscow] PHP Notice:  ob_clean(): failed to delete buffer. No buffer to delete in /home/bsn/sites/bsn.ru/public_html/cron/daily_stats/daemons/banners.php on line 59
[29-Apr-2019 00:01:01 Europe/Moscow] PHP Notice:  ob_clean(): failed to delete buffer. No buffer to delete in /home/bsn/sites/bsn.ru/public_html/cron/daily_stats/daemons/banners.php on line 59
[30-Apr-2019 00:01:01 Europe/Moscow] PHP Notice:  ob_clean(): failed to delete buffer. No buffer to delete in /home/bsn/sites/bsn.ru/public_html/cron/daily_stats/daemons/banners.php on line 59
[01-May-2019 00:01:02 Europe/Moscow] PHP Notice:  ob_clean(): failed to delete buffer. No buffer to delete in /home/bsn/sites/bsn.ru/public_html/cron/daily_stats/daemons/banners.php on line 59
[02-May-2019 00:01:01 Europe/Moscow] PHP Notice:  ob_clean(): failed to delete buffer. No buffer to delete in /home/bsn/sites/bsn.ru/public_html/cron/daily_stats/daemons/banners.php on line 59
[03-May-2019 00:01:01 Europe/Moscow] PHP Notice:  ob_clean(): failed to delete buffer. No buffer to delete in /home/bsn/sites/bsn.ru/public_html/cron/daily_stats/daemons/banners.php on line 59
[04-May-2019 00:01:01 Europe/Moscow] PHP Notice:  ob_clean(): failed to delete buffer. No buffer to delete in /home/bsn/sites/bsn.ru/public_html/cron/daily_stats/daemons/banners.php on line 59
[05-May-2019 00:01:01 Europe/Moscow] PHP Notice:  ob_clean(): failed to delete buffer. No buffer to delete in /home/bsn/sites/bsn.ru/public_html/cron/daily_stats/daemons/banners.php on line 59
[06-May-2019 00:01:01 Europe/Moscow] PHP Notice:  ob_clean(): failed to delete buffer. No buffer to delete in /home/bsn/sites/bsn.ru/public_html/cron/daily_stats/daemons/banners.php on line 59
[07-May-2019 00:01:01 Europe/Moscow] PHP Notice:  ob_clean(): failed to delete buffer. No buffer to delete in /home/bsn/sites/bsn.ru/public_html/cron/daily_stats/daemons/banners.php on line 59
[08-May-2019 00:01:01 Europe/Moscow] PHP Notice:  ob_clean(): failed to delete buffer. No buffer to delete in /home/bsn/sites/bsn.ru/public_html/cron/daily_stats/daemons/banners.php on line 59
[09-May-2019 00:01:01 Europe/Moscow] PHP Notice:  ob_clean(): failed to delete buffer. No buffer to delete in /home/bsn/sites/bsn.ru/public_html/cron/daily_stats/daemons/banners.php on line 59
[10-May-2019 00:01:01 Europe/Moscow] PHP Notice:  ob_clean(): failed to delete buffer. No buffer to delete in /home/bsn/sites/bsn.ru/public_html/cron/daily_stats/daemons/banners.php on line 59
[11-May-2019 00:01:01 Europe/Moscow] PHP Notice:  ob_clean(): failed to delete buffer. No buffer to delete in /home/bsn/sites/bsn.ru/public_html/cron/daily_stats/daemons/banners.php on line 59
[12-May-2019 00:01:01 Europe/Moscow] PHP Notice:  ob_clean(): failed to delete buffer. No buffer to delete in /home/bsn/sites/bsn.ru/public_html/cron/daily_stats/daemons/banners.php on line 59
[13-May-2019 00:01:01 Europe/Moscow] PHP Notice:  ob_clean(): failed to delete buffer. No buffer to delete in /home/bsn/sites/bsn.ru/public_html/cron/daily_stats/daemons/banners.php on line 59
