[19-Sep-2016 09:35:49 UTC] PHP Notice:  ob_clean(): failed to delete buffer. No buffer to delete in /home/bsn/sites/bsn.ru/public_html/cron/daily_stats/daemons/phone_clicks.php on line 29
[19-Sep-2016 09:50:46 UTC] PHP Notice:  ob_clean(): failed to delete buffer. No buffer to delete in /home/bsn/sites/bsn.ru/public_html/cron/daily_stats/daemons/phone_clicks.php on line 29
[19-Sep-2016 22:20:17 UTC] PHP Notice:  ob_clean(): failed to delete buffer. No buffer to delete in /home/bsn/sites/bsn.ru/public_html/cron/daily_stats/daemons/new_manager_click_limit.php on line 28
[19-Sep-2016 22:20:18 UTC] PHP Notice:  ob_clean(): failed to delete buffer. No buffer to delete in /home/bsn/sites/bsn.ru/public_html/cron/daily_stats/daemons/phone_clicks.php on line 27
[19-Sep-2016 22:20:18 UTC] PHP Notice:  ob_clean(): failed to delete buffer. No buffer to delete in /home/bsn/sites/bsn.ru/public_html/cron/daily_stats/daemons/promotions.php on line 33
[19-Sep-2016 22:20:18 UTC] PHP Notice:  ob_clean(): failed to delete buffer. No buffer to delete in /home/bsn/sites/bsn.ru/public_html/cron/daily_stats/daemons/news_parsed_actualize.php on line 26
[19-Sep-2016 22:20:18 UTC] PHP Notice:  ob_clean(): failed to delete buffer. No buffer to delete in /home/bsn/sites/bsn.ru/public_html/cron/daily_stats/daemons/applications_actualizing.php on line 26
[19-Sep-2016 22:20:19 UTC] PHP Notice:  ob_clean(): failed to delete buffer. No buffer to delete in /home/bsn/sites/bsn.ru/public_html/cron/daily_stats/daemons/manager_on_duty.php on line 36
[19-Sep-2016 22:20:19 UTC] PHP Notice:  ob_clean(): failed to delete buffer. No buffer to delete in /home/bsn/sites/bsn.ru/public_html/cron/daily_stats/daemons/services.php on line 33
[19-Sep-2016 22:20:19 UTC] PHP Notice:  ob_clean(): failed to delete buffer. No buffer to delete in /home/bsn/sites/bsn.ru/public_html/cron/daily_stats/daemons/estate_complexes.php on line 27
[19-Sep-2016 22:20:19 UTC] PHP Notice:  ob_clean(): failed to delete buffer. No buffer to delete in /home/bsn/sites/bsn.ru/public_html/cron/daily_stats/daemons/textline.php on line 33
[19-Sep-2016 22:20:19 UTC] PHP Notice:  ob_clean(): failed to delete buffer. No buffer to delete in /home/bsn/sites/bsn.ru/public_html/cron/daily_stats/daemons/spec_offers.php on line 33
[19-Sep-2016 22:20:19 UTC] PHP Notice:  ob_clean(): failed to delete buffer. No buffer to delete in /home/bsn/sites/bsn.ru/public_html/cron/daily_stats/daemons/markers.php on line 28
[19-Sep-2016 22:20:19 UTC] PHP Notice:  ob_clean(): failed to delete buffer. No buffer to delete in /home/bsn/sites/bsn.ru/public_html/cron/daily_stats/daemons/banners.php on line 51
[19-Sep-2016 22:20:19 UTC] PHP Notice:  ob_clean(): failed to delete buffer. No buffer to delete in /home/bsn/sites/bsn.ru/public_html/cron/daily_stats/daemons/subscribe_users.php on line 39
[19-Sep-2016 22:20:19 UTC] PHP Notice:  ob_clean(): failed to delete buffer. No buffer to delete in /home/bsn/sites/bsn.ru/public_html/cron/daily_stats/daemons/user_tariffs.php on line 126
[19-Sep-2016 22:20:19 UTC] PHP Notice:  ob_clean(): failed to delete buffer. No buffer to delete in /home/bsn/sites/bsn.ru/public_html/cron/daily_stats/daemons/context.php on line 89
[19-Sep-2016 22:20:20 UTC] PHP Notice:  ob_clean(): failed to delete buffer. No buffer to delete in /home/bsn/sites/bsn.ru/public_html/cron/daily_stats/daemons/ip_stats.php on line 29
[19-Sep-2016 22:20:21 UTC] PHP Notice:  ob_clean(): failed to delete buffer. No buffer to delete in /home/bsn/sites/bsn.ru/public_html/cron/daily_stats/daemons/crawlers.php on line 49
[19-Sep-2016 22:20:30 UTC] PHP Notice:  ob_clean(): failed to delete buffer. No buffer to delete in /home/bsn/sites/bsn.ru/public_html/cron/daily_stats/daemons/spec_offers_actualizing.php on line 25
[19-Sep-2016 22:20:30 UTC] PHP Notice:  ob_clean(): failed to delete buffer. No buffer to delete in /home/bsn/sites/bsn.ru/public_html/cron/daily_stats/daemons/estate_complexes_actualizing.php on line 44
[19-Sep-2016 22:20:31 UTC] PHP Notice:  ob_clean(): failed to delete buffer. No buffer to delete in /home/bsn/sites/bsn.ru/public_html/cron/daily_stats/daemons/banners_actualizing.php on line 45
[19-Sep-2016 22:20:31 UTC] PHP Notice:  ob_clean(): failed to delete buffer. No buffer to delete in /home/bsn/sites/bsn.ru/public_html/cron/daily_stats/daemons/tgb_avg.php on line 44
[19-Sep-2016 22:20:49 UTC] PHP Notice:  ob_clean(): failed to delete buffer. No buffer to delete in /home/bsn/sites/bsn.ru/public_html/cron/daily_stats/daemons/estate_views_shows_search.php on line 55
[19-Sep-2016 22:20:55 UTC] PHP Notice:  ob_clean(): failed to delete buffer. No buffer to delete in /home/bsn/sites/bsn.ru/public_html/cron/daily_stats/daemons/everyday_lk_stats.php on line 113
[19-Sep-2016 22:21:00 UTC] PHP Notice:  ob_clean(): failed to delete buffer. No buffer to delete in /home/bsn/sites/bsn.ru/public_html/cron/daily_stats/daemons/clean_archive.php on line 41
[19-Sep-2016 22:21:06 UTC] PHP Notice:  ob_clean(): failed to delete buffer. No buffer to delete in /home/bsn/sites/bsn.ru/public_html/cron/daily_stats/daemons/send_ending.php on line 24
[19-Sep-2016 22:21:10 UTC] PHP Notice:  ob_clean(): failed to delete buffer. No buffer to delete in /home/bsn/sites/bsn.ru/public_html/cron/daily_stats/daemons/estate_actualizing.php on line 50
[19-Sep-2016 22:21:12 UTC] PHP Notice:  Undefined index: build in /home/bsn/sites/bsn.ru/public_html/cron/daily_stats/daemons/advert_agencies.php on line 113
[19-Sep-2016 22:21:12 UTC] PHP Notice:  Undefined index: build_promo in /home/bsn/sites/bsn.ru/public_html/cron/daily_stats/daemons/advert_agencies.php on line 114
[19-Sep-2016 22:21:12 UTC] PHP Notice:  Undefined index: build_premium in /home/bsn/sites/bsn.ru/public_html/cron/daily_stats/daemons/advert_agencies.php on line 115
[19-Sep-2016 22:21:12 UTC] PHP Notice:  Undefined index: build_vip in /home/bsn/sites/bsn.ru/public_html/cron/daily_stats/daemons/advert_agencies.php on line 116
[19-Sep-2016 22:21:12 UTC] PHP Notice:  ob_clean(): failed to delete buffer. No buffer to delete in /home/bsn/sites/bsn.ru/public_html/cron/daily_stats/daemons/advert_agencies.php on line 141
[19-Sep-2016 22:23:54 UTC] PHP Notice:  ob_clean(): failed to delete buffer. No buffer to delete in /home/bsn/sites/bsn.ru/public_html/cron/daily_stats/daemons/agencies_tarif_ending_notify.php on line 90
[21-Sep-2016 07:23:09 UTC] PHP Fatal error:  Class 'Template' not found in /home/bsn/sites/bsn.ru/public_html/cron/daily_stats/daemons/agencies_tarif_ending_notify.php on line 52
[21-Sep-2016 07:25:05 UTC] PHP Warning:  require_once(/includes/class.template.php): failed to open stream: Нет такого файла или каталога in /home/bsn/sites/bsn.ru/public_html/cron/daily_stats/daemons/agencies_tarif_ending_notify.php on line 52
[21-Sep-2016 07:25:05 UTC] PHP Fatal error:  require_once(): Failed opening required '/includes/class.template.php' (include_path='.:/usr/share/php:/usr/share/pear') in /home/bsn/sites/bsn.ru/public_html/cron/daily_stats/daemons/agencies_tarif_ending_notify.php on line 52
[21-Sep-2016 07:26:08 UTC] PHP Notice:  ob_clean(): failed to delete buffer. No buffer to delete in /home/bsn/sites/bsn.ru/public_html/cron/daily_stats/daemons/agencies_tarif_ending_notify.php on line 91
[22-Sep-2016 07:11:42 UTC] PHP Notice:  ob_clean(): failed to delete buffer. No buffer to delete in /home/bsn/sites/bsn.ru/public_html/cron/daily_stats/daemons/phone_clicks.php on line 27
[22-Sep-2016 07:11:42 UTC] PHP Notice:  ob_clean(): failed to delete buffer. No buffer to delete in /home/bsn/sites/bsn.ru/public_html/cron/daily_stats/daemons/new_manager_click_limit.php on line 28
[22-Sep-2016 07:11:42 UTC] PHP Notice:  ob_clean(): failed to delete buffer. No buffer to delete in /home/bsn/sites/bsn.ru/public_html/cron/daily_stats/daemons/agencies_tarif_ending_notify.php on line 91
[22-Sep-2016 07:11:42 UTC] PHP Notice:  ob_clean(): failed to delete buffer. No buffer to delete in /home/bsn/sites/bsn.ru/public_html/cron/daily_stats/daemons/promotions.php on line 33
[22-Sep-2016 07:11:42 UTC] PHP Notice:  ob_clean(): failed to delete buffer. No buffer to delete in /home/bsn/sites/bsn.ru/public_html/cron/daily_stats/daemons/manager_on_duty.php on line 36
[22-Sep-2016 07:11:42 UTC] PHP Notice:  ob_clean(): failed to delete buffer. No buffer to delete in /home/bsn/sites/bsn.ru/public_html/cron/daily_stats/daemons/news_parsed_actualize.php on line 26
[22-Sep-2016 07:11:42 UTC] PHP Notice:  ob_clean(): failed to delete buffer. No buffer to delete in /home/bsn/sites/bsn.ru/public_html/cron/daily_stats/daemons/applications_actualizing.php on line 26
[22-Sep-2016 07:11:42 UTC] PHP Notice:  ob_clean(): failed to delete buffer. No buffer to delete in /home/bsn/sites/bsn.ru/public_html/cron/daily_stats/daemons/services.php on line 33
[22-Sep-2016 07:11:42 UTC] PHP Notice:  ob_clean(): failed to delete buffer. No buffer to delete in /home/bsn/sites/bsn.ru/public_html/cron/daily_stats/daemons/subscribe_users.php on line 39
[22-Sep-2016 07:11:42 UTC] PHP Notice:  ob_clean(): failed to delete buffer. No buffer to delete in /home/bsn/sites/bsn.ru/public_html/cron/daily_stats/daemons/spec_offers.php on line 33
[22-Sep-2016 07:11:42 UTC] PHP Notice:  ob_clean(): failed to delete buffer. No buffer to delete in /home/bsn/sites/bsn.ru/public_html/cron/daily_stats/daemons/markers.php on line 28
[22-Sep-2016 07:11:42 UTC] PHP Notice:  ob_clean(): failed to delete buffer. No buffer to delete in /home/bsn/sites/bsn.ru/public_html/cron/daily_stats/daemons/banners.php on line 51
[22-Sep-2016 07:11:42 UTC] PHP Notice:  ob_clean(): failed to delete buffer. No buffer to delete in /home/bsn/sites/bsn.ru/public_html/cron/daily_stats/daemons/user_tariffs.php on line 126
[22-Sep-2016 07:11:42 UTC] PHP Notice:  ob_clean(): failed to delete buffer. No buffer to delete in /home/bsn/sites/bsn.ru/public_html/cron/daily_stats/daemons/context.php on line 89
[22-Sep-2016 07:11:42 UTC] PHP Notice:  ob_clean(): failed to delete buffer. No buffer to delete in /home/bsn/sites/bsn.ru/public_html/cron/daily_stats/daemons/textline.php on line 33
[22-Sep-2016 07:11:42 UTC] PHP Notice:  ob_clean(): failed to delete buffer. No buffer to delete in /home/bsn/sites/bsn.ru/public_html/cron/daily_stats/daemons/estate_complexes.php on line 27
[22-Sep-2016 07:11:43 UTC] PHP Notice:  ob_clean(): failed to delete buffer. No buffer to delete in /home/bsn/sites/bsn.ru/public_html/cron/daily_stats/daemons/ip_stats.php on line 29
[22-Sep-2016 07:11:43 UTC] PHP Notice:  ob_clean(): failed to delete buffer. No buffer to delete in /home/bsn/sites/bsn.ru/public_html/cron/daily_stats/daemons/crawlers.php on line 49
[22-Sep-2016 07:11:47 UTC] PHP Notice:  ob_clean(): failed to delete buffer. No buffer to delete in /home/bsn/sites/bsn.ru/public_html/cron/daily_stats/daemons/estate_complexes_actualizing.php on line 44
[22-Sep-2016 07:11:47 UTC] PHP Notice:  ob_clean(): failed to delete buffer. No buffer to delete in /home/bsn/sites/bsn.ru/public_html/cron/daily_stats/daemons/banners_actualizing.php on line 45
[22-Sep-2016 07:11:47 UTC] PHP Notice:  ob_clean(): failed to delete buffer. No buffer to delete in /home/bsn/sites/bsn.ru/public_html/cron/daily_stats/daemons/spec_offers_actualizing.php on line 25
[22-Sep-2016 07:11:47 UTC] PHP Notice:  ob_clean(): failed to delete buffer. No buffer to delete in /home/bsn/sites/bsn.ru/public_html/cron/daily_stats/daemons/tgb_avg.php on line 44
[22-Sep-2016 07:11:51 UTC] PHP Notice:  ob_clean(): failed to delete buffer. No buffer to delete in /home/bsn/sites/bsn.ru/public_html/cron/daily_stats/daemons/estate_views_shows_search.php on line 55
[22-Sep-2016 07:11:54 UTC] PHP Notice:  ob_clean(): failed to delete buffer. No buffer to delete in /home/bsn/sites/bsn.ru/public_html/cron/daily_stats/daemons/clean_archive.php on line 41
[22-Sep-2016 07:11:54 UTC] PHP Notice:  ob_clean(): failed to delete buffer. No buffer to delete in /home/bsn/sites/bsn.ru/public_html/cron/daily_stats/daemons/everyday_lk_stats.php on line 113
[22-Sep-2016 07:11:57 UTC] PHP Notice:  Undefined index: link in /home/bsn/sites/bsn.ru/public_html/cron/mailers/send_ending_stats.php on line 346
[22-Sep-2016 07:11:57 UTC] PHP Notice:  Undefined index: link in /home/bsn/sites/bsn.ru/public_html/cron/mailers/send_ending_stats.php on line 346
[22-Sep-2016 07:11:58 UTC] PHP Notice:  Undefined index: link in /home/bsn/sites/bsn.ru/public_html/cron/mailers/send_ending_stats.php on line 346
[22-Sep-2016 07:11:58 UTC] PHP Notice:  Undefined index: link in /home/bsn/sites/bsn.ru/public_html/cron/mailers/send_ending_stats.php on line 346
[22-Sep-2016 07:11:58 UTC] PHP Notice:  Undefined index: link in /home/bsn/sites/bsn.ru/public_html/cron/mailers/send_ending_stats.php on line 346
[22-Sep-2016 07:11:58 UTC] PHP Notice:  Undefined index: link in /home/bsn/sites/bsn.ru/public_html/cron/mailers/send_ending_stats.php on line 346
[22-Sep-2016 07:11:58 UTC] PHP Notice:  Undefined index: link in /home/bsn/sites/bsn.ru/public_html/cron/mailers/send_ending_stats.php on line 346
[22-Sep-2016 07:11:58 UTC] PHP Notice:  Undefined index: link in /home/bsn/sites/bsn.ru/public_html/cron/mailers/send_ending_stats.php on line 346
[22-Sep-2016 07:11:59 UTC] PHP Notice:  Undefined index: link in /home/bsn/sites/bsn.ru/public_html/cron/mailers/send_ending_stats.php on line 346
[22-Sep-2016 07:11:59 UTC] PHP Notice:  Undefined index: link in /home/bsn/sites/bsn.ru/public_html/cron/mailers/send_ending_stats.php on line 346
[22-Sep-2016 07:11:59 UTC] PHP Notice:  Undefined index: link in /home/bsn/sites/bsn.ru/public_html/cron/mailers/send_ending_stats.php on line 346
[22-Sep-2016 07:11:59 UTC] PHP Notice:  Undefined index: link in /home/bsn/sites/bsn.ru/public_html/cron/mailers/send_ending_stats.php on line 346
[22-Sep-2016 07:11:59 UTC] PHP Notice:  Undefined index: link in /home/bsn/sites/bsn.ru/public_html/cron/mailers/send_ending_stats.php on line 346
[22-Sep-2016 07:11:59 UTC] PHP Notice:  Undefined index: link in /home/bsn/sites/bsn.ru/public_html/cron/mailers/send_ending_stats.php on line 346
[22-Sep-2016 07:11:59 UTC] PHP Notice:  Undefined index: link in /home/bsn/sites/bsn.ru/public_html/cron/mailers/send_ending_stats.php on line 346
[22-Sep-2016 07:12:00 UTC] PHP Notice:  Undefined index: link in /home/bsn/sites/bsn.ru/public_html/cron/mailers/send_ending_stats.php on line 346
[22-Sep-2016 07:12:00 UTC] PHP Notice:  Undefined index: link in /home/bsn/sites/bsn.ru/public_html/cron/mailers/send_ending_stats.php on line 346
[22-Sep-2016 07:12:00 UTC] PHP Notice:  Undefined index: link in /home/bsn/sites/bsn.ru/public_html/cron/mailers/send_ending_stats.php on line 346
[22-Sep-2016 07:12:00 UTC] PHP Notice:  Undefined index: link in /home/bsn/sites/bsn.ru/public_html/cron/mailers/send_ending_stats.php on line 346
[22-Sep-2016 07:12:00 UTC] PHP Notice:  Undefined index: link in /home/bsn/sites/bsn.ru/public_html/cron/mailers/send_ending_stats.php on line 346
[22-Sep-2016 07:12:00 UTC] PHP Notice:  Undefined index: link in /home/bsn/sites/bsn.ru/public_html/cron/mailers/send_ending_stats.php on line 346
[22-Sep-2016 07:12:00 UTC] PHP Notice:  Undefined index: link in /home/bsn/sites/bsn.ru/public_html/cron/mailers/send_ending_stats.php on line 346
[22-Sep-2016 07:12:00 UTC] PHP Notice:  ob_clean(): failed to delete buffer. No buffer to delete in /home/bsn/sites/bsn.ru/public_html/cron/daily_stats/daemons/send_ending.php on line 24
[22-Sep-2016 07:12:02 UTC] PHP Notice:  Use of undefined constant DEBUG_MODE - assumed 'DEBUG_MODE' in /home/bsn/sites/bsn.ru/public_html/includes/class.db.mysqli.php on line 85
[22-Sep-2016 07:12:03 UTC] PHP Notice:  ob_clean(): failed to delete buffer. No buffer to delete in /home/bsn/sites/bsn.ru/public_html/cron/daily_stats/daemons/estate_actualizing.php on line 53
[22-Sep-2016 07:12:05 UTC] PHP Notice:  Undefined index: build in /home/bsn/sites/bsn.ru/public_html/cron/daily_stats/daemons/advert_agencies.php on line 113
[22-Sep-2016 07:12:05 UTC] PHP Notice:  Undefined index: build_promo in /home/bsn/sites/bsn.ru/public_html/cron/daily_stats/daemons/advert_agencies.php on line 114
[22-Sep-2016 07:12:05 UTC] PHP Notice:  Undefined index: build_premium in /home/bsn/sites/bsn.ru/public_html/cron/daily_stats/daemons/advert_agencies.php on line 115
[22-Sep-2016 07:12:05 UTC] PHP Notice:  Undefined index: build_vip in /home/bsn/sites/bsn.ru/public_html/cron/daily_stats/daemons/advert_agencies.php on line 116
[22-Sep-2016 07:12:05 UTC] PHP Notice:  ob_clean(): failed to delete buffer. No buffer to delete in /home/bsn/sites/bsn.ru/public_html/cron/daily_stats/daemons/advert_agencies.php on line 141
[26-Sep-2016 07:53:04 UTC] PHP Notice:  ob_clean(): failed to delete buffer. No buffer to delete in /home/bsn/sites/bsn.ru/public_html/cron/daily_stats/daemons/user_tariffs.php on line 126
[26-Sep-2016 07:53:30 UTC] PHP Notice:  ob_clean(): failed to delete buffer. No buffer to delete in /home/bsn/sites/bsn.ru/public_html/cron/daily_stats/daemons/clean_archive.php on line 41
[26-Sep-2016 07:53:30 UTC] PHP Notice:  ob_clean(): failed to delete buffer. No buffer to delete in /home/bsn/sites/bsn.ru/public_html/cron/daily_stats/daemons/everyday_lk_stats.php on line 113
[26-Sep-2016 07:53:34 UTC] PHP Notice:  Undefined index: link in /home/bsn/sites/bsn.ru/public_html/cron/mailers/send_ending_stats.php on line 346
[26-Sep-2016 07:53:34 UTC] PHP Notice:  Undefined index: link in /home/bsn/sites/bsn.ru/public_html/cron/mailers/send_ending_stats.php on line 346
[26-Sep-2016 07:53:34 UTC] PHP Notice:  Undefined index: link in /home/bsn/sites/bsn.ru/public_html/cron/mailers/send_ending_stats.php on line 346
[26-Sep-2016 07:53:34 UTC] PHP Notice:  Undefined index: link in /home/bsn/sites/bsn.ru/public_html/cron/mailers/send_ending_stats.php on line 346
[26-Sep-2016 07:53:34 UTC] PHP Notice:  Undefined index: link in /home/bsn/sites/bsn.ru/public_html/cron/mailers/send_ending_stats.php on line 346
[26-Sep-2016 07:53:34 UTC] PHP Notice:  Undefined index: link in /home/bsn/sites/bsn.ru/public_html/cron/mailers/send_ending_stats.php on line 346
[26-Sep-2016 07:53:35 UTC] PHP Notice:  Undefined index: link in /home/bsn/sites/bsn.ru/public_html/cron/mailers/send_ending_stats.php on line 346
[26-Sep-2016 07:53:35 UTC] PHP Notice:  Undefined index: link in /home/bsn/sites/bsn.ru/public_html/cron/mailers/send_ending_stats.php on line 346
[26-Sep-2016 07:53:35 UTC] PHP Notice:  Undefined index: link in /home/bsn/sites/bsn.ru/public_html/cron/mailers/send_ending_stats.php on line 346
[26-Sep-2016 07:53:35 UTC] PHP Notice:  Undefined index: link in /home/bsn/sites/bsn.ru/public_html/cron/mailers/send_ending_stats.php on line 346
[26-Sep-2016 07:53:35 UTC] PHP Notice:  Undefined index: link in /home/bsn/sites/bsn.ru/public_html/cron/mailers/send_ending_stats.php on line 346
[26-Sep-2016 07:53:35 UTC] PHP Notice:  Undefined index: link in /home/bsn/sites/bsn.ru/public_html/cron/mailers/send_ending_stats.php on line 346
[26-Sep-2016 07:53:36 UTC] PHP Notice:  Undefined index: link in /home/bsn/sites/bsn.ru/public_html/cron/mailers/send_ending_stats.php on line 346
[26-Sep-2016 07:53:36 UTC] PHP Notice:  Undefined index: link in /home/bsn/sites/bsn.ru/public_html/cron/mailers/send_ending_stats.php on line 346
[26-Sep-2016 07:53:36 UTC] PHP Notice:  Undefined index: link in /home/bsn/sites/bsn.ru/public_html/cron/mailers/send_ending_stats.php on line 346
[26-Sep-2016 07:53:36 UTC] PHP Notice:  Undefined index: link in /home/bsn/sites/bsn.ru/public_html/cron/mailers/send_ending_stats.php on line 346
[26-Sep-2016 07:53:36 UTC] PHP Notice:  Undefined index: link in /home/bsn/sites/bsn.ru/public_html/cron/mailers/send_ending_stats.php on line 346
[26-Sep-2016 07:53:36 UTC] PHP Notice:  Undefined index: link in /home/bsn/sites/bsn.ru/public_html/cron/mailers/send_ending_stats.php on line 346
[26-Sep-2016 07:53:36 UTC] PHP Notice:  Undefined index: link in /home/bsn/sites/bsn.ru/public_html/cron/mailers/send_ending_stats.php on line 346
[26-Sep-2016 07:53:37 UTC] PHP Notice:  Undefined index: link in /home/bsn/sites/bsn.ru/public_html/cron/mailers/send_ending_stats.php on line 346
[26-Sep-2016 07:53:37 UTC] PHP Notice:  Undefined index: link in /home/bsn/sites/bsn.ru/public_html/cron/mailers/send_ending_stats.php on line 346
[26-Sep-2016 07:53:37 UTC] PHP Notice:  Undefined index: link in /home/bsn/sites/bsn.ru/public_html/cron/mailers/send_ending_stats.php on line 346
[26-Sep-2016 07:53:37 UTC] PHP Notice:  Undefined index: link in /home/bsn/sites/bsn.ru/public_html/cron/mailers/send_ending_stats.php on line 346
[26-Sep-2016 07:53:37 UTC] PHP Notice:  Undefined index: link in /home/bsn/sites/bsn.ru/public_html/cron/mailers/send_ending_stats.php on line 346
[26-Sep-2016 07:53:38 UTC] PHP Notice:  Undefined index: link in /home/bsn/sites/bsn.ru/public_html/cron/mailers/send_ending_stats.php on line 346
[26-Sep-2016 07:53:38 UTC] PHP Notice:  Undefined index: link in /home/bsn/sites/bsn.ru/public_html/cron/mailers/send_ending_stats.php on line 346
[26-Sep-2016 07:53:38 UTC] PHP Notice:  Undefined index: link in /home/bsn/sites/bsn.ru/public_html/cron/mailers/send_ending_stats.php on line 346
[26-Sep-2016 07:53:38 UTC] PHP Notice:  Undefined index: link in /home/bsn/sites/bsn.ru/public_html/cron/mailers/send_ending_stats.php on line 346
[26-Sep-2016 07:53:38 UTC] PHP Notice:  Undefined index: link in /home/bsn/sites/bsn.ru/public_html/cron/mailers/send_ending_stats.php on line 346
[26-Sep-2016 07:53:39 UTC] PHP Notice:  Undefined index: link in /home/bsn/sites/bsn.ru/public_html/cron/mailers/send_ending_stats.php on line 346
[26-Sep-2016 07:53:39 UTC] PHP Notice:  Undefined index: link in /home/bsn/sites/bsn.ru/public_html/cron/mailers/send_ending_stats.php on line 346
[26-Sep-2016 07:53:39 UTC] PHP Notice:  Undefined index: link in /home/bsn/sites/bsn.ru/public_html/cron/mailers/send_ending_stats.php on line 346
[26-Sep-2016 07:53:39 UTC] PHP Notice:  Undefined index: link in /home/bsn/sites/bsn.ru/public_html/cron/mailers/send_ending_stats.php on line 346
[26-Sep-2016 07:53:39 UTC] PHP Notice:  Undefined index: link in /home/bsn/sites/bsn.ru/public_html/cron/mailers/send_ending_stats.php on line 346
[26-Sep-2016 07:53:39 UTC] PHP Notice:  Undefined index: link in /home/bsn/sites/bsn.ru/public_html/cron/mailers/send_ending_stats.php on line 346
[26-Sep-2016 07:53:39 UTC] PHP Notice:  Undefined index: link in /home/bsn/sites/bsn.ru/public_html/cron/mailers/send_ending_stats.php on line 346
[26-Sep-2016 07:53:40 UTC] PHP Notice:  Undefined index: link in /home/bsn/sites/bsn.ru/public_html/cron/mailers/send_ending_stats.php on line 346
[26-Sep-2016 07:53:40 UTC] PHP Notice:  Undefined index: link in /home/bsn/sites/bsn.ru/public_html/cron/mailers/send_ending_stats.php on line 346
[26-Sep-2016 07:53:40 UTC] PHP Notice:  Undefined index: link in /home/bsn/sites/bsn.ru/public_html/cron/mailers/send_ending_stats.php on line 346
[26-Sep-2016 07:53:40 UTC] PHP Notice:  Undefined index: link in /home/bsn/sites/bsn.ru/public_html/cron/mailers/send_ending_stats.php on line 346
[26-Sep-2016 07:53:40 UTC] PHP Notice:  Undefined index: link in /home/bsn/sites/bsn.ru/public_html/cron/mailers/send_ending_stats.php on line 346
[26-Sep-2016 07:53:40 UTC] PHP Notice:  Undefined index: link in /home/bsn/sites/bsn.ru/public_html/cron/mailers/send_ending_stats.php on line 346
[26-Sep-2016 07:53:41 UTC] PHP Notice:  Undefined index: link in /home/bsn/sites/bsn.ru/public_html/cron/mailers/send_ending_stats.php on line 346
[26-Sep-2016 07:53:41 UTC] PHP Notice:  Undefined index: link in /home/bsn/sites/bsn.ru/public_html/cron/mailers/send_ending_stats.php on line 346
[26-Sep-2016 07:53:41 UTC] PHP Notice:  Undefined index: link in /home/bsn/sites/bsn.ru/public_html/cron/mailers/send_ending_stats.php on line 346
[26-Sep-2016 07:53:41 UTC] PHP Notice:  Undefined index: link in /home/bsn/sites/bsn.ru/public_html/cron/mailers/send_ending_stats.php on line 346
[26-Sep-2016 07:53:41 UTC] PHP Notice:  Undefined index: link in /home/bsn/sites/bsn.ru/public_html/cron/mailers/send_ending_stats.php on line 346
[26-Sep-2016 07:53:41 UTC] PHP Notice:  Undefined index: build in /home/bsn/sites/bsn.ru/public_html/cron/daily_stats/daemons/advert_agencies.php on line 113
[26-Sep-2016 07:53:41 UTC] PHP Notice:  Undefined index: build_promo in /home/bsn/sites/bsn.ru/public_html/cron/daily_stats/daemons/advert_agencies.php on line 114
[26-Sep-2016 07:53:41 UTC] PHP Notice:  Undefined index: build_premium in /home/bsn/sites/bsn.ru/public_html/cron/daily_stats/daemons/advert_agencies.php on line 115
[26-Sep-2016 07:53:41 UTC] PHP Notice:  Undefined index: build_vip in /home/bsn/sites/bsn.ru/public_html/cron/daily_stats/daemons/advert_agencies.php on line 116
[26-Sep-2016 07:53:41 UTC] PHP Notice:  ob_clean(): failed to delete buffer. No buffer to delete in /home/bsn/sites/bsn.ru/public_html/cron/daily_stats/daemons/advert_agencies.php on line 141
[26-Sep-2016 07:53:42 UTC] PHP Notice:  Undefined index: link in /home/bsn/sites/bsn.ru/public_html/cron/mailers/send_ending_stats.php on line 346
[26-Sep-2016 07:53:42 UTC] PHP Notice:  ob_clean(): failed to delete buffer. No buffer to delete in /home/bsn/sites/bsn.ru/public_html/cron/daily_stats/daemons/send_ending.php on line 24
[26-Sep-2016 07:53:45 UTC] PHP Notice:  ob_clean(): failed to delete buffer. No buffer to delete in /home/bsn/sites/bsn.ru/public_html/cron/daily_stats/daemons/estate_actualizing.php on line 53
[29-Sep-2016 10:22:26 UTC] PHP Notice:  ob_clean(): failed to delete buffer. No buffer to delete in /home/bsn/sites/bsn.ru/public_html/cron/daily_stats/daemons/user_tariffs.php on line 126
[29-Sep-2016 10:23:21 UTC] PHP Notice:  ob_clean(): failed to delete buffer. No buffer to delete in /home/bsn/sites/bsn.ru/public_html/cron/daily_stats/daemons/everyday_lk_stats.php on line 113
[29-Sep-2016 10:23:45 UTC] PHP Notice:  ob_clean(): failed to delete buffer. No buffer to delete in /home/bsn/sites/bsn.ru/public_html/cron/daily_stats/daemons/clean_archive.php on line 41
[29-Sep-2016 10:23:49 UTC] PHP Notice:  Undefined index: link in /home/bsn/sites/bsn.ru/public_html/cron/mailers/send_ending_stats.php on line 346
[29-Sep-2016 10:23:49 UTC] PHP Notice:  Undefined index: link in /home/bsn/sites/bsn.ru/public_html/cron/mailers/send_ending_stats.php on line 346
[29-Sep-2016 10:23:49 UTC] PHP Notice:  Undefined index: link in /home/bsn/sites/bsn.ru/public_html/cron/mailers/send_ending_stats.php on line 346
[29-Sep-2016 10:23:49 UTC] PHP Notice:  Undefined index: link in /home/bsn/sites/bsn.ru/public_html/cron/mailers/send_ending_stats.php on line 346
[29-Sep-2016 10:23:49 UTC] PHP Notice:  Undefined index: link in /home/bsn/sites/bsn.ru/public_html/cron/mailers/send_ending_stats.php on line 346
[29-Sep-2016 10:23:50 UTC] PHP Notice:  Undefined index: link in /home/bsn/sites/bsn.ru/public_html/cron/mailers/send_ending_stats.php on line 346
[29-Sep-2016 10:23:50 UTC] PHP Notice:  Undefined index: link in /home/bsn/sites/bsn.ru/public_html/cron/mailers/send_ending_stats.php on line 346
[29-Sep-2016 10:23:51 UTC] PHP Notice:  Undefined index: link in /home/bsn/sites/bsn.ru/public_html/cron/mailers/send_ending_stats.php on line 346
[29-Sep-2016 10:23:51 UTC] PHP Notice:  Undefined index: link in /home/bsn/sites/bsn.ru/public_html/cron/mailers/send_ending_stats.php on line 346
[29-Sep-2016 10:23:51 UTC] PHP Notice:  Undefined index: link in /home/bsn/sites/bsn.ru/public_html/cron/mailers/send_ending_stats.php on line 346
[29-Sep-2016 10:23:51 UTC] PHP Notice:  Undefined index: link in /home/bsn/sites/bsn.ru/public_html/cron/mailers/send_ending_stats.php on line 346
[29-Sep-2016 10:23:51 UTC] PHP Notice:  Undefined index: link in /home/bsn/sites/bsn.ru/public_html/cron/mailers/send_ending_stats.php on line 346
[29-Sep-2016 10:23:51 UTC] PHP Notice:  Undefined index: link in /home/bsn/sites/bsn.ru/public_html/cron/mailers/send_ending_stats.php on line 346
[29-Sep-2016 10:23:52 UTC] PHP Notice:  Undefined index: link in /home/bsn/sites/bsn.ru/public_html/cron/mailers/send_ending_stats.php on line 346
[29-Sep-2016 10:23:52 UTC] PHP Notice:  Undefined index: link in /home/bsn/sites/bsn.ru/public_html/cron/mailers/send_ending_stats.php on line 346
[29-Sep-2016 10:23:52 UTC] PHP Notice:  Undefined index: link in /home/bsn/sites/bsn.ru/public_html/cron/mailers/send_ending_stats.php on line 346
[29-Sep-2016 10:23:52 UTC] PHP Notice:  Undefined index: link in /home/bsn/sites/bsn.ru/public_html/cron/mailers/send_ending_stats.php on line 346
[29-Sep-2016 10:23:52 UTC] PHP Notice:  Undefined index: link in /home/bsn/sites/bsn.ru/public_html/cron/mailers/send_ending_stats.php on line 346
[29-Sep-2016 10:23:52 UTC] PHP Notice:  Undefined index: link in /home/bsn/sites/bsn.ru/public_html/cron/mailers/send_ending_stats.php on line 346
[29-Sep-2016 10:23:53 UTC] PHP Notice:  Undefined index: link in /home/bsn/sites/bsn.ru/public_html/cron/mailers/send_ending_stats.php on line 346
[29-Sep-2016 10:23:53 UTC] PHP Notice:  Undefined index: link in /home/bsn/sites/bsn.ru/public_html/cron/mailers/send_ending_stats.php on line 346
[29-Sep-2016 10:23:53 UTC] PHP Notice:  ob_clean(): failed to delete buffer. No buffer to delete in /home/bsn/sites/bsn.ru/public_html/cron/daily_stats/daemons/send_ending.php on line 24
[29-Sep-2016 10:23:56 UTC] PHP Notice:  ob_clean(): failed to delete buffer. No buffer to delete in /home/bsn/sites/bsn.ru/public_html/cron/daily_stats/daemons/estate_actualizing.php on line 53
[29-Sep-2016 10:25:43 UTC] PHP Notice:  Undefined index: build in /home/bsn/sites/bsn.ru/public_html/cron/daily_stats/daemons/advert_agencies.php on line 113
[29-Sep-2016 10:25:43 UTC] PHP Notice:  Undefined index: build_promo in /home/bsn/sites/bsn.ru/public_html/cron/daily_stats/daemons/advert_agencies.php on line 114
[29-Sep-2016 10:25:43 UTC] PHP Notice:  Undefined index: build_premium in /home/bsn/sites/bsn.ru/public_html/cron/daily_stats/daemons/advert_agencies.php on line 115
[29-Sep-2016 10:25:43 UTC] PHP Notice:  Undefined index: build_vip in /home/bsn/sites/bsn.ru/public_html/cron/daily_stats/daemons/advert_agencies.php on line 116
[29-Sep-2016 10:25:43 UTC] PHP Notice:  ob_clean(): failed to delete buffer. No buffer to delete in /home/bsn/sites/bsn.ru/public_html/cron/daily_stats/daemons/advert_agencies.php on line 141
[13-Oct-2016 07:10:38 UTC] PHP Notice:  ob_clean(): failed to delete buffer. No buffer to delete in /home/bsn/sites/bsn.ru/public_html/cron/daily_stats/daemons/phone_clicks.php on line 27
[13-Oct-2016 07:10:38 UTC] PHP Notice:  ob_clean(): failed to delete buffer. No buffer to delete in /home/bsn/sites/bsn.ru/public_html/cron/daily_stats/daemons/new_manager_click_limit.php on line 28
[13-Oct-2016 07:10:38 UTC] PHP Notice:  ob_clean(): failed to delete buffer. No buffer to delete in /home/bsn/sites/bsn.ru/public_html/cron/daily_stats/daemons/applications_actualizing.php on line 26
[13-Oct-2016 07:10:38 UTC] PHP Notice:  ob_clean(): failed to delete buffer. No buffer to delete in /home/bsn/sites/bsn.ru/public_html/cron/daily_stats/daemons/promotions.php on line 33
[13-Oct-2016 07:10:38 UTC] PHP Notice:  ob_clean(): failed to delete buffer. No buffer to delete in /home/bsn/sites/bsn.ru/public_html/cron/daily_stats/daemons/manager_on_duty.php on line 36
[13-Oct-2016 07:10:38 UTC] PHP Notice:  ob_clean(): failed to delete buffer. No buffer to delete in /home/bsn/sites/bsn.ru/public_html/cron/daily_stats/daemons/news_parsed_actualize.php on line 26
[13-Oct-2016 07:10:38 UTC] PHP Notice:  ob_clean(): failed to delete buffer. No buffer to delete in /home/bsn/sites/bsn.ru/public_html/cron/daily_stats/daemons/services.php on line 33
[13-Oct-2016 07:10:38 UTC] PHP Notice:  ob_clean(): failed to delete buffer. No buffer to delete in /home/bsn/sites/bsn.ru/public_html/cron/daily_stats/daemons/subscribe_users.php on line 39
[13-Oct-2016 07:10:38 UTC] PHP Notice:  ob_clean(): failed to delete buffer. No buffer to delete in /home/bsn/sites/bsn.ru/public_html/cron/daily_stats/daemons/user_tariffs.php on line 126
[13-Oct-2016 07:10:38 UTC] PHP Notice:  ob_clean(): failed to delete buffer. No buffer to delete in /home/bsn/sites/bsn.ru/public_html/cron/daily_stats/daemons/markers.php on line 28
[13-Oct-2016 07:10:38 UTC] PHP Notice:  ob_clean(): failed to delete buffer. No buffer to delete in /home/bsn/sites/bsn.ru/public_html/cron/daily_stats/daemons/agencies_tarif_ending_notify.php on line 91
[13-Oct-2016 07:10:38 UTC] PHP Notice:  ob_clean(): failed to delete buffer. No buffer to delete in /home/bsn/sites/bsn.ru/public_html/cron/daily_stats/daemons/textline.php on line 33
[13-Oct-2016 07:10:38 UTC] PHP Notice:  ob_clean(): failed to delete buffer. No buffer to delete in /home/bsn/sites/bsn.ru/public_html/cron/daily_stats/daemons/banners.php on line 51
[13-Oct-2016 07:10:38 UTC] PHP Notice:  ob_clean(): failed to delete buffer. No buffer to delete in /home/bsn/sites/bsn.ru/public_html/cron/daily_stats/daemons/estate_complexes.php on line 27
[13-Oct-2016 07:10:38 UTC] PHP Notice:  ob_clean(): failed to delete buffer. No buffer to delete in /home/bsn/sites/bsn.ru/public_html/cron/daily_stats/daemons/spec_offers.php on line 33
[13-Oct-2016 07:10:38 UTC] PHP Notice:  ob_clean(): failed to delete buffer. No buffer to delete in /home/bsn/sites/bsn.ru/public_html/cron/daily_stats/daemons/context.php on line 89
[13-Oct-2016 07:10:39 UTC] PHP Notice:  ob_clean(): failed to delete buffer. No buffer to delete in /home/bsn/sites/bsn.ru/public_html/cron/daily_stats/daemons/ip_stats.php on line 29
[13-Oct-2016 07:10:40 UTC] PHP Notice:  ob_clean(): failed to delete buffer. No buffer to delete in /home/bsn/sites/bsn.ru/public_html/cron/daily_stats/daemons/crawlers.php on line 49
[13-Oct-2016 07:10:43 UTC] PHP Notice:  ob_clean(): failed to delete buffer. No buffer to delete in /home/bsn/sites/bsn.ru/public_html/cron/daily_stats/daemons/banners_actualizing.php on line 45
[13-Oct-2016 07:10:43 UTC] PHP Notice:  ob_clean(): failed to delete buffer. No buffer to delete in /home/bsn/sites/bsn.ru/public_html/cron/daily_stats/daemons/estate_complexes_actualizing.php on line 44
[13-Oct-2016 07:10:43 UTC] PHP Notice:  ob_clean(): failed to delete buffer. No buffer to delete in /home/bsn/sites/bsn.ru/public_html/cron/daily_stats/daemons/spec_offers_actualizing.php on line 25
[13-Oct-2016 07:10:43 UTC] PHP Notice:  ob_clean(): failed to delete buffer. No buffer to delete in /home/bsn/sites/bsn.ru/public_html/cron/daily_stats/daemons/tgb_avg.php on line 44
[13-Oct-2016 07:10:49 UTC] PHP Notice:  ob_clean(): failed to delete buffer. No buffer to delete in /home/bsn/sites/bsn.ru/public_html/cron/daily_stats/daemons/estate_views_shows_search.php on line 55
[13-Oct-2016 07:10:54 UTC] PHP Notice:  ob_clean(): failed to delete buffer. No buffer to delete in /home/bsn/sites/bsn.ru/public_html/cron/daily_stats/daemons/everyday_lk_stats.php on line 113
[13-Oct-2016 07:11:44 UTC] PHP Notice:  ob_clean(): failed to delete buffer. No buffer to delete in /home/bsn/sites/bsn.ru/public_html/cron/daily_stats/daemons/clean_archive.php on line 41
[13-Oct-2016 07:11:48 UTC] PHP Notice:  Undefined index: link in /home/bsn/sites/bsn.ru/public_html/cron/mailers/send_ending_stats.php on line 346
[13-Oct-2016 07:11:48 UTC] PHP Notice:  Undefined index: link in /home/bsn/sites/bsn.ru/public_html/cron/mailers/send_ending_stats.php on line 346
[13-Oct-2016 07:11:49 UTC] PHP Notice:  Undefined index: link in /home/bsn/sites/bsn.ru/public_html/cron/mailers/send_ending_stats.php on line 346
[13-Oct-2016 07:11:49 UTC] PHP Notice:  Undefined index: link in /home/bsn/sites/bsn.ru/public_html/cron/mailers/send_ending_stats.php on line 346
[13-Oct-2016 07:11:49 UTC] PHP Notice:  Undefined index: link in /home/bsn/sites/bsn.ru/public_html/cron/mailers/send_ending_stats.php on line 346
[13-Oct-2016 07:11:49 UTC] PHP Notice:  Undefined index: link in /home/bsn/sites/bsn.ru/public_html/cron/mailers/send_ending_stats.php on line 346
[13-Oct-2016 07:11:49 UTC] PHP Notice:  Undefined index: link in /home/bsn/sites/bsn.ru/public_html/cron/mailers/send_ending_stats.php on line 346
[13-Oct-2016 07:11:50 UTC] PHP Notice:  Undefined index: link in /home/bsn/sites/bsn.ru/public_html/cron/mailers/send_ending_stats.php on line 346
[13-Oct-2016 07:11:50 UTC] PHP Notice:  Undefined index: link in /home/bsn/sites/bsn.ru/public_html/cron/mailers/send_ending_stats.php on line 346
[13-Oct-2016 07:11:50 UTC] PHP Notice:  Undefined index: link in /home/bsn/sites/bsn.ru/public_html/cron/mailers/send_ending_stats.php on line 346
[13-Oct-2016 07:11:50 UTC] PHP Notice:  Undefined index: link in /home/bsn/sites/bsn.ru/public_html/cron/mailers/send_ending_stats.php on line 346
[13-Oct-2016 07:11:50 UTC] PHP Notice:  Undefined index: link in /home/bsn/sites/bsn.ru/public_html/cron/mailers/send_ending_stats.php on line 346
[13-Oct-2016 07:11:50 UTC] PHP Notice:  Undefined index: link in /home/bsn/sites/bsn.ru/public_html/cron/mailers/send_ending_stats.php on line 346
[13-Oct-2016 07:11:50 UTC] PHP Notice:  Undefined index: link in /home/bsn/sites/bsn.ru/public_html/cron/mailers/send_ending_stats.php on line 346
[13-Oct-2016 07:11:51 UTC] PHP Notice:  Undefined index: link in /home/bsn/sites/bsn.ru/public_html/cron/mailers/send_ending_stats.php on line 346
[13-Oct-2016 07:11:51 UTC] PHP Notice:  Undefined index: link in /home/bsn/sites/bsn.ru/public_html/cron/mailers/send_ending_stats.php on line 346
[13-Oct-2016 07:11:51 UTC] PHP Notice:  Undefined index: link in /home/bsn/sites/bsn.ru/public_html/cron/mailers/send_ending_stats.php on line 346
[13-Oct-2016 07:11:51 UTC] PHP Notice:  Undefined index: link in /home/bsn/sites/bsn.ru/public_html/cron/mailers/send_ending_stats.php on line 346
[13-Oct-2016 07:11:51 UTC] PHP Notice:  Undefined index: link in /home/bsn/sites/bsn.ru/public_html/cron/mailers/send_ending_stats.php on line 346
[13-Oct-2016 07:11:51 UTC] PHP Notice:  Undefined index: link in /home/bsn/sites/bsn.ru/public_html/cron/mailers/send_ending_stats.php on line 346
[13-Oct-2016 07:11:51 UTC] PHP Notice:  Undefined index: link in /home/bsn/sites/bsn.ru/public_html/cron/mailers/send_ending_stats.php on line 346
[13-Oct-2016 07:11:52 UTC] PHP Notice:  Undefined index: link in /home/bsn/sites/bsn.ru/public_html/cron/mailers/send_ending_stats.php on line 346
[13-Oct-2016 07:11:52 UTC] PHP Notice:  Undefined index: link in /home/bsn/sites/bsn.ru/public_html/cron/mailers/send_ending_stats.php on line 346
[13-Oct-2016 07:11:52 UTC] PHP Notice:  Undefined index: link in /home/bsn/sites/bsn.ru/public_html/cron/mailers/send_ending_stats.php on line 346
[13-Oct-2016 07:11:52 UTC] PHP Notice:  Undefined index: link in /home/bsn/sites/bsn.ru/public_html/cron/mailers/send_ending_stats.php on line 346
[13-Oct-2016 07:11:52 UTC] PHP Notice:  Undefined index: link in /home/bsn/sites/bsn.ru/public_html/cron/mailers/send_ending_stats.php on line 346
[13-Oct-2016 07:11:52 UTC] PHP Notice:  Undefined index: link in /home/bsn/sites/bsn.ru/public_html/cron/mailers/send_ending_stats.php on line 346
[13-Oct-2016 07:11:53 UTC] PHP Notice:  Undefined index: link in /home/bsn/sites/bsn.ru/public_html/cron/mailers/send_ending_stats.php on line 346
[13-Oct-2016 07:11:53 UTC] PHP Notice:  Undefined index: link in /home/bsn/sites/bsn.ru/public_html/cron/mailers/send_ending_stats.php on line 346
[13-Oct-2016 07:11:53 UTC] PHP Notice:  Undefined index: link in /home/bsn/sites/bsn.ru/public_html/cron/mailers/send_ending_stats.php on line 346
[13-Oct-2016 07:11:53 UTC] PHP Notice:  Undefined index: link in /home/bsn/sites/bsn.ru/public_html/cron/mailers/send_ending_stats.php on line 346
[13-Oct-2016 07:11:53 UTC] PHP Notice:  Undefined index: link in /home/bsn/sites/bsn.ru/public_html/cron/mailers/send_ending_stats.php on line 346
[13-Oct-2016 07:11:53 UTC] PHP Notice:  Undefined index: link in /home/bsn/sites/bsn.ru/public_html/cron/mailers/send_ending_stats.php on line 346
[13-Oct-2016 07:11:54 UTC] PHP Notice:  Undefined index: link in /home/bsn/sites/bsn.ru/public_html/cron/mailers/send_ending_stats.php on line 346
[13-Oct-2016 07:11:54 UTC] PHP Notice:  Undefined index: link in /home/bsn/sites/bsn.ru/public_html/cron/mailers/send_ending_stats.php on line 346
[13-Oct-2016 07:11:54 UTC] PHP Notice:  ob_clean(): failed to delete buffer. No buffer to delete in /home/bsn/sites/bsn.ru/public_html/cron/daily_stats/daemons/send_ending.php on line 24
[13-Oct-2016 07:11:55 UTC] PHP Notice:  Undefined index: build in /home/bsn/sites/bsn.ru/public_html/cron/daily_stats/daemons/advert_agencies.php on line 113
[13-Oct-2016 07:11:55 UTC] PHP Notice:  Undefined index: build_promo in /home/bsn/sites/bsn.ru/public_html/cron/daily_stats/daemons/advert_agencies.php on line 114
[13-Oct-2016 07:11:55 UTC] PHP Notice:  Undefined index: build_premium in /home/bsn/sites/bsn.ru/public_html/cron/daily_stats/daemons/advert_agencies.php on line 115
[13-Oct-2016 07:11:55 UTC] PHP Notice:  Undefined index: build_vip in /home/bsn/sites/bsn.ru/public_html/cron/daily_stats/daemons/advert_agencies.php on line 116
[13-Oct-2016 07:11:55 UTC] PHP Notice:  ob_clean(): failed to delete buffer. No buffer to delete in /home/bsn/sites/bsn.ru/public_html/cron/daily_stats/daemons/advert_agencies.php on line 141
[13-Oct-2016 07:11:58 UTC] PHP Notice:  ob_clean(): failed to delete buffer. No buffer to delete in /home/bsn/sites/bsn.ru/public_html/cron/daily_stats/daemons/estate_actualizing.php on line 53
[13-Oct-2016 22:08:15 UTC] PHP Notice:  ob_clean(): failed to delete buffer. No buffer to delete in /home/bsn/sites/bsn.ru/public_html/cron/daily_stats/daemons/spec_offers.php on line 33
[13-Oct-2016 22:08:15 UTC] PHP Notice:  ob_clean(): failed to delete buffer. No buffer to delete in /home/bsn/sites/bsn.ru/public_html/cron/daily_stats/daemons/new_manager_click_limit.php on line 28
[13-Oct-2016 22:08:15 UTC] PHP Notice:  ob_clean(): failed to delete buffer. No buffer to delete in /home/bsn/sites/bsn.ru/public_html/cron/daily_stats/daemons/promotions.php on line 33
[13-Oct-2016 22:08:15 UTC] PHP Notice:  ob_clean(): failed to delete buffer. No buffer to delete in /home/bsn/sites/bsn.ru/public_html/cron/daily_stats/daemons/news_parsed_actualize.php on line 26
[13-Oct-2016 22:08:15 UTC] PHP Notice:  ob_clean(): failed to delete buffer. No buffer to delete in /home/bsn/sites/bsn.ru/public_html/cron/daily_stats/daemons/subscribe_users.php on line 39
[13-Oct-2016 22:08:15 UTC] PHP Notice:  ob_clean(): failed to delete buffer. No buffer to delete in /home/bsn/sites/bsn.ru/public_html/cron/daily_stats/daemons/applications_actualizing.php on line 26
[13-Oct-2016 22:08:15 UTC] PHP Notice:  ob_clean(): failed to delete buffer. No buffer to delete in /home/bsn/sites/bsn.ru/public_html/cron/daily_stats/daemons/markers.php on line 28
[13-Oct-2016 22:08:15 UTC] PHP Notice:  ob_clean(): failed to delete buffer. No buffer to delete in /home/bsn/sites/bsn.ru/public_html/cron/daily_stats/daemons/manager_on_duty.php on line 36
[13-Oct-2016 22:08:15 UTC] PHP Notice:  ob_clean(): failed to delete buffer. No buffer to delete in /home/bsn/sites/bsn.ru/public_html/cron/daily_stats/daemons/banners.php on line 51
[13-Oct-2016 22:08:15 UTC] PHP Notice:  ob_clean(): failed to delete buffer. No buffer to delete in /home/bsn/sites/bsn.ru/public_html/cron/daily_stats/daemons/services.php on line 33
[13-Oct-2016 22:08:15 UTC] PHP Notice:  ob_clean(): failed to delete buffer. No buffer to delete in /home/bsn/sites/bsn.ru/public_html/cron/daily_stats/daemons/textline.php on line 33
[13-Oct-2016 22:08:16 UTC] PHP Notice:  ob_clean(): failed to delete buffer. No buffer to delete in /home/bsn/sites/bsn.ru/public_html/cron/daily_stats/daemons/agencies_tarif_ending_notify.php on line 91
[13-Oct-2016 22:08:16 UTC] PHP Notice:  ob_clean(): failed to delete buffer. No buffer to delete in /home/bsn/sites/bsn.ru/public_html/cron/daily_stats/daemons/phone_clicks.php on line 27
[13-Oct-2016 22:08:16 UTC] PHP Notice:  ob_clean(): failed to delete buffer. No buffer to delete in /home/bsn/sites/bsn.ru/public_html/cron/daily_stats/daemons/context.php on line 89
[13-Oct-2016 22:08:17 UTC] PHP Notice:  ob_clean(): failed to delete buffer. No buffer to delete in /home/bsn/sites/bsn.ru/public_html/cron/daily_stats/daemons/ip_stats.php on line 29
[13-Oct-2016 22:08:17 UTC] PHP Notice:  ob_clean(): failed to delete buffer. No buffer to delete in /home/bsn/sites/bsn.ru/public_html/cron/daily_stats/daemons/estate_complexes.php on line 27
[13-Oct-2016 22:08:18 UTC] PHP Notice:  ob_clean(): failed to delete buffer. No buffer to delete in /home/bsn/sites/bsn.ru/public_html/cron/daily_stats/daemons/crawlers.php on line 49
[13-Oct-2016 22:08:18 UTC] PHP Notice:  ob_clean(): failed to delete buffer. No buffer to delete in /home/bsn/sites/bsn.ru/public_html/cron/daily_stats/daemons/user_tariffs.php on line 126
[13-Oct-2016 22:08:20 UTC] PHP Notice:  ob_clean(): failed to delete buffer. No buffer to delete in /home/bsn/sites/bsn.ru/public_html/cron/daily_stats/daemons/spec_offers_actualizing.php on line 25
[13-Oct-2016 22:08:20 UTC] PHP Notice:  ob_clean(): failed to delete buffer. No buffer to delete in /home/bsn/sites/bsn.ru/public_html/cron/daily_stats/daemons/tgb_avg.php on line 40
[13-Oct-2016 22:08:20 UTC] PHP Notice:  ob_clean(): failed to delete buffer. No buffer to delete in /home/bsn/sites/bsn.ru/public_html/cron/daily_stats/daemons/banners_actualizing.php on line 45
[13-Oct-2016 22:08:20 UTC] PHP Notice:  ob_clean(): failed to delete buffer. No buffer to delete in /home/bsn/sites/bsn.ru/public_html/cron/daily_stats/daemons/estate_complexes_actualizing.php on line 44
[13-Oct-2016 22:09:01 UTC] PHP Notice:  ob_clean(): failed to delete buffer. No buffer to delete in /home/bsn/sites/bsn.ru/public_html/cron/daily_stats/daemons/estate_views_shows_search.php on line 55
[13-Oct-2016 22:09:12 UTC] PHP Notice:  ob_clean(): failed to delete buffer. No buffer to delete in /home/bsn/sites/bsn.ru/public_html/cron/daily_stats/daemons/everyday_lk_stats.php on line 113
[13-Oct-2016 22:09:21 UTC] PHP Notice:  ob_clean(): failed to delete buffer. No buffer to delete in /home/bsn/sites/bsn.ru/public_html/cron/daily_stats/daemons/clean_archive.php on line 41
[13-Oct-2016 22:09:27 UTC] PHP Notice:  Undefined index: link in /home/bsn/sites/bsn.ru/public_html/cron/mailers/send_ending_stats.php on line 346
[13-Oct-2016 22:09:27 UTC] PHP Notice:  Undefined index: link in /home/bsn/sites/bsn.ru/public_html/cron/mailers/send_ending_stats.php on line 346
[13-Oct-2016 22:09:27 UTC] PHP Notice:  Undefined index: link in /home/bsn/sites/bsn.ru/public_html/cron/mailers/send_ending_stats.php on line 346
[13-Oct-2016 22:09:27 UTC] PHP Notice:  Undefined index: link in /home/bsn/sites/bsn.ru/public_html/cron/mailers/send_ending_stats.php on line 346
[13-Oct-2016 22:09:28 UTC] PHP Notice:  Undefined index: link in /home/bsn/sites/bsn.ru/public_html/cron/mailers/send_ending_stats.php on line 346
[13-Oct-2016 22:09:28 UTC] PHP Notice:  Undefined index: link in /home/bsn/sites/bsn.ru/public_html/cron/mailers/send_ending_stats.php on line 346
[13-Oct-2016 22:09:28 UTC] PHP Notice:  Undefined index: link in /home/bsn/sites/bsn.ru/public_html/cron/mailers/send_ending_stats.php on line 346
[13-Oct-2016 22:09:29 UTC] PHP Notice:  Undefined index: link in /home/bsn/sites/bsn.ru/public_html/cron/mailers/send_ending_stats.php on line 346
[13-Oct-2016 22:09:29 UTC] PHP Notice:  Undefined index: link in /home/bsn/sites/bsn.ru/public_html/cron/mailers/send_ending_stats.php on line 346
[13-Oct-2016 22:09:29 UTC] PHP Notice:  Undefined index: link in /home/bsn/sites/bsn.ru/public_html/cron/mailers/send_ending_stats.php on line 346
[13-Oct-2016 22:09:30 UTC] PHP Notice:  Undefined index: link in /home/bsn/sites/bsn.ru/public_html/cron/mailers/send_ending_stats.php on line 346
[13-Oct-2016 22:09:30 UTC] PHP Notice:  Undefined index: link in /home/bsn/sites/bsn.ru/public_html/cron/mailers/send_ending_stats.php on line 346
[13-Oct-2016 22:09:30 UTC] PHP Notice:  Undefined index: link in /home/bsn/sites/bsn.ru/public_html/cron/mailers/send_ending_stats.php on line 346
[13-Oct-2016 22:09:30 UTC] PHP Notice:  Undefined index: link in /home/bsn/sites/bsn.ru/public_html/cron/mailers/send_ending_stats.php on line 346
[13-Oct-2016 22:09:31 UTC] PHP Notice:  Undefined index: link in /home/bsn/sites/bsn.ru/public_html/cron/mailers/send_ending_stats.php on line 346
[13-Oct-2016 22:09:31 UTC] PHP Notice:  Undefined index: link in /home/bsn/sites/bsn.ru/public_html/cron/mailers/send_ending_stats.php on line 346
[13-Oct-2016 22:09:31 UTC] PHP Notice:  Undefined index: link in /home/bsn/sites/bsn.ru/public_html/cron/mailers/send_ending_stats.php on line 346
[13-Oct-2016 22:09:31 UTC] PHP Notice:  Undefined index: link in /home/bsn/sites/bsn.ru/public_html/cron/mailers/send_ending_stats.php on line 346
[13-Oct-2016 22:09:32 UTC] PHP Notice:  Undefined index: link in /home/bsn/sites/bsn.ru/public_html/cron/mailers/send_ending_stats.php on line 346
[13-Oct-2016 22:09:32 UTC] PHP Notice:  Undefined index: link in /home/bsn/sites/bsn.ru/public_html/cron/mailers/send_ending_stats.php on line 346
[13-Oct-2016 22:09:32 UTC] PHP Notice:  Undefined index: link in /home/bsn/sites/bsn.ru/public_html/cron/mailers/send_ending_stats.php on line 346
[13-Oct-2016 22:09:32 UTC] PHP Notice:  Undefined index: link in /home/bsn/sites/bsn.ru/public_html/cron/mailers/send_ending_stats.php on line 346
[13-Oct-2016 22:09:33 UTC] PHP Notice:  Undefined index: link in /home/bsn/sites/bsn.ru/public_html/cron/mailers/send_ending_stats.php on line 346
[13-Oct-2016 22:09:33 UTC] PHP Notice:  Undefined index: link in /home/bsn/sites/bsn.ru/public_html/cron/mailers/send_ending_stats.php on line 346
[13-Oct-2016 22:09:33 UTC] PHP Notice:  Undefined index: link in /home/bsn/sites/bsn.ru/public_html/cron/mailers/send_ending_stats.php on line 346
[13-Oct-2016 22:09:33 UTC] PHP Notice:  Undefined index: link in /home/bsn/sites/bsn.ru/public_html/cron/mailers/send_ending_stats.php on line 346
[13-Oct-2016 22:09:33 UTC] PHP Notice:  Undefined index: link in /home/bsn/sites/bsn.ru/public_html/cron/mailers/send_ending_stats.php on line 346
[13-Oct-2016 22:09:34 UTC] PHP Notice:  Undefined index: link in /home/bsn/sites/bsn.ru/public_html/cron/mailers/send_ending_stats.php on line 346
[13-Oct-2016 22:09:34 UTC] PHP Notice:  ob_clean(): failed to delete buffer. No buffer to delete in /home/bsn/sites/bsn.ru/public_html/cron/daily_stats/daemons/send_ending.php on line 24
[13-Oct-2016 22:09:36 UTC] PHP Notice:  ob_clean(): failed to delete buffer. No buffer to delete in /home/bsn/sites/bsn.ru/public_html/cron/daily_stats/daemons/estate_actualizing.php on line 53
[13-Oct-2016 22:09:37 UTC] PHP Notice:  Undefined index: build in /home/bsn/sites/bsn.ru/public_html/cron/daily_stats/daemons/advert_agencies.php on line 113
[13-Oct-2016 22:09:37 UTC] PHP Notice:  Undefined index: build_promo in /home/bsn/sites/bsn.ru/public_html/cron/daily_stats/daemons/advert_agencies.php on line 114
[13-Oct-2016 22:09:37 UTC] PHP Notice:  Undefined index: build_premium in /home/bsn/sites/bsn.ru/public_html/cron/daily_stats/daemons/advert_agencies.php on line 115
[13-Oct-2016 22:09:37 UTC] PHP Notice:  Undefined index: build_vip in /home/bsn/sites/bsn.ru/public_html/cron/daily_stats/daemons/advert_agencies.php on line 116
[13-Oct-2016 22:09:37 UTC] PHP Notice:  ob_clean(): failed to delete buffer. No buffer to delete in /home/bsn/sites/bsn.ru/public_html/cron/daily_stats/daemons/advert_agencies.php on line 141
[15-Oct-2016 07:06:57 UTC] PHP Notice:  ob_clean(): failed to delete buffer. No buffer to delete in /home/bsn/sites/bsn.ru/public_html/cron/daily_stats/daemons/new_manager_click_limit.php on line 28
[15-Oct-2016 07:06:57 UTC] PHP Notice:  ob_clean(): failed to delete buffer. No buffer to delete in /home/bsn/sites/bsn.ru/public_html/cron/daily_stats/daemons/phone_clicks.php on line 27
[15-Oct-2016 07:06:57 UTC] PHP Notice:  ob_clean(): failed to delete buffer. No buffer to delete in /home/bsn/sites/bsn.ru/public_html/cron/daily_stats/daemons/promotions.php on line 33
[15-Oct-2016 07:06:57 UTC] PHP Notice:  ob_clean(): failed to delete buffer. No buffer to delete in /home/bsn/sites/bsn.ru/public_html/cron/daily_stats/daemons/applications_actualizing.php on line 26
[15-Oct-2016 07:06:57 UTC] PHP Notice:  ob_clean(): failed to delete buffer. No buffer to delete in /home/bsn/sites/bsn.ru/public_html/cron/daily_stats/daemons/manager_on_duty.php on line 36
[15-Oct-2016 07:06:57 UTC] PHP Notice:  ob_clean(): failed to delete buffer. No buffer to delete in /home/bsn/sites/bsn.ru/public_html/cron/daily_stats/daemons/news_parsed_actualize.php on line 26
[15-Oct-2016 07:06:57 UTC] PHP Notice:  ob_clean(): failed to delete buffer. No buffer to delete in /home/bsn/sites/bsn.ru/public_html/cron/daily_stats/daemons/services.php on line 33
[15-Oct-2016 07:06:57 UTC] PHP Notice:  ob_clean(): failed to delete buffer. No buffer to delete in /home/bsn/sites/bsn.ru/public_html/cron/daily_stats/daemons/subscribe_users.php on line 39
[15-Oct-2016 07:06:57 UTC] PHP Notice:  ob_clean(): failed to delete buffer. No buffer to delete in /home/bsn/sites/bsn.ru/public_html/cron/daily_stats/daemons/agencies_tarif_ending_notify.php on line 91
[15-Oct-2016 07:06:57 UTC] PHP Notice:  ob_clean(): failed to delete buffer. No buffer to delete in /home/bsn/sites/bsn.ru/public_html/cron/daily_stats/daemons/user_tariffs.php on line 126
[15-Oct-2016 07:06:57 UTC] PHP Notice:  ob_clean(): failed to delete buffer. No buffer to delete in /home/bsn/sites/bsn.ru/public_html/cron/daily_stats/daemons/banners.php on line 51
[15-Oct-2016 07:06:57 UTC] PHP Notice:  ob_clean(): failed to delete buffer. No buffer to delete in /home/bsn/sites/bsn.ru/public_html/cron/daily_stats/daemons/markers.php on line 28
[15-Oct-2016 07:06:57 UTC] PHP Notice:  ob_clean(): failed to delete buffer. No buffer to delete in /home/bsn/sites/bsn.ru/public_html/cron/daily_stats/daemons/textline.php on line 33
[15-Oct-2016 07:06:57 UTC] PHP Notice:  ob_clean(): failed to delete buffer. No buffer to delete in /home/bsn/sites/bsn.ru/public_html/cron/daily_stats/daemons/context.php on line 89
[15-Oct-2016 07:06:57 UTC] PHP Notice:  ob_clean(): failed to delete buffer. No buffer to delete in /home/bsn/sites/bsn.ru/public_html/cron/daily_stats/daemons/spec_offers.php on line 33
[15-Oct-2016 07:06:57 UTC] PHP Notice:  ob_clean(): failed to delete buffer. No buffer to delete in /home/bsn/sites/bsn.ru/public_html/cron/daily_stats/daemons/estate_complexes.php on line 27
[15-Oct-2016 07:06:58 UTC] PHP Notice:  ob_clean(): failed to delete buffer. No buffer to delete in /home/bsn/sites/bsn.ru/public_html/cron/daily_stats/daemons/ip_stats.php on line 29
[15-Oct-2016 07:06:58 UTC] PHP Notice:  ob_clean(): failed to delete buffer. No buffer to delete in /home/bsn/sites/bsn.ru/public_html/cron/daily_stats/daemons/crawlers.php on line 49
[15-Oct-2016 07:07:02 UTC] PHP Notice:  ob_clean(): failed to delete buffer. No buffer to delete in /home/bsn/sites/bsn.ru/public_html/cron/daily_stats/daemons/spec_offers_actualizing.php on line 25
[15-Oct-2016 07:07:02 UTC] PHP Notice:  ob_clean(): failed to delete buffer. No buffer to delete in /home/bsn/sites/bsn.ru/public_html/cron/daily_stats/daemons/estate_complexes_actualizing.php on line 44
[15-Oct-2016 07:07:02 UTC] PHP Notice:  ob_clean(): failed to delete buffer. No buffer to delete in /home/bsn/sites/bsn.ru/public_html/cron/daily_stats/daemons/banners_actualizing.php on line 45
[15-Oct-2016 07:07:02 UTC] PHP Notice:  ob_clean(): failed to delete buffer. No buffer to delete in /home/bsn/sites/bsn.ru/public_html/cron/daily_stats/daemons/tgb_avg.php on line 40
[15-Oct-2016 07:07:08 UTC] PHP Notice:  ob_clean(): failed to delete buffer. No buffer to delete in /home/bsn/sites/bsn.ru/public_html/cron/daily_stats/daemons/estate_views_shows_search.php on line 55
[15-Oct-2016 07:07:14 UTC] PHP Notice:  ob_clean(): failed to delete buffer. No buffer to delete in /home/bsn/sites/bsn.ru/public_html/cron/daily_stats/daemons/everyday_lk_stats.php on line 113
[15-Oct-2016 07:07:17 UTC] PHP Notice:  ob_clean(): failed to delete buffer. No buffer to delete in /home/bsn/sites/bsn.ru/public_html/cron/daily_stats/daemons/clean_archive.php on line 41
[15-Oct-2016 07:07:30 UTC] PHP Notice:  Undefined index: build in /home/bsn/sites/bsn.ru/public_html/cron/daily_stats/daemons/advert_agencies.php on line 113
[15-Oct-2016 07:07:30 UTC] PHP Notice:  Undefined index: build_promo in /home/bsn/sites/bsn.ru/public_html/cron/daily_stats/daemons/advert_agencies.php on line 114
[15-Oct-2016 07:07:30 UTC] PHP Notice:  Undefined index: build_premium in /home/bsn/sites/bsn.ru/public_html/cron/daily_stats/daemons/advert_agencies.php on line 115
[15-Oct-2016 07:07:30 UTC] PHP Notice:  Undefined index: build_vip in /home/bsn/sites/bsn.ru/public_html/cron/daily_stats/daemons/advert_agencies.php on line 116
[15-Oct-2016 07:07:30 UTC] PHP Notice:  ob_clean(): failed to delete buffer. No buffer to delete in /home/bsn/sites/bsn.ru/public_html/cron/daily_stats/daemons/advert_agencies.php on line 141
[15-Oct-2016 07:26:48 UTC] PHP Notice:  ob_clean(): failed to delete buffer. No buffer to delete in /home/bsn/sites/bsn.ru/public_html/cron/daily_stats/daemons/estate_actualizing.php on line 53
[15-Oct-2016 21:01:49 UTC] PHP Notice:  ob_clean(): failed to delete buffer. No buffer to delete in /home/bsn/sites/bsn.ru/public_html/cron/daily_stats/daemons/phone_clicks.php on line 27
[15-Oct-2016 21:01:49 UTC] PHP Notice:  ob_clean(): failed to delete buffer. No buffer to delete in /home/bsn/sites/bsn.ru/public_html/cron/daily_stats/daemons/new_manager_click_limit.php on line 28
[15-Oct-2016 21:01:49 UTC] PHP Notice:  ob_clean(): failed to delete buffer. No buffer to delete in /home/bsn/sites/bsn.ru/public_html/cron/daily_stats/daemons/promotions.php on line 33
[15-Oct-2016 21:01:49 UTC] PHP Notice:  ob_clean(): failed to delete buffer. No buffer to delete in /home/bsn/sites/bsn.ru/public_html/cron/daily_stats/daemons/manager_on_duty.php on line 36
[15-Oct-2016 21:01:49 UTC] PHP Notice:  ob_clean(): failed to delete buffer. No buffer to delete in /home/bsn/sites/bsn.ru/public_html/cron/daily_stats/daemons/news_parsed_actualize.php on line 26
[15-Oct-2016 21:01:49 UTC] PHP Notice:  ob_clean(): failed to delete buffer. No buffer to delete in /home/bsn/sites/bsn.ru/public_html/cron/daily_stats/daemons/subscribe_users.php on line 39
[15-Oct-2016 21:01:49 UTC] PHP Notice:  ob_clean(): failed to delete buffer. No buffer to delete in /home/bsn/sites/bsn.ru/public_html/cron/daily_stats/daemons/applications_actualizing.php on line 26
[15-Oct-2016 21:01:49 UTC] PHP Notice:  ob_clean(): failed to delete buffer. No buffer to delete in /home/bsn/sites/bsn.ru/public_html/cron/daily_stats/daemons/services.php on line 33
[15-Oct-2016 21:01:49 UTC] PHP Notice:  ob_clean(): failed to delete buffer. No buffer to delete in /home/bsn/sites/bsn.ru/public_html/cron/daily_stats/daemons/textline.php on line 33
[15-Oct-2016 21:01:49 UTC] PHP Notice:  ob_clean(): failed to delete buffer. No buffer to delete in /home/bsn/sites/bsn.ru/public_html/cron/daily_stats/daemons/markers.php on line 28
[15-Oct-2016 21:01:50 UTC] PHP Notice:  ob_clean(): failed to delete buffer. No buffer to delete in /home/bsn/sites/bsn.ru/public_html/cron/daily_stats/daemons/agencies_tarif_ending_notify.php on line 91
[15-Oct-2016 21:01:50 UTC] PHP Notice:  ob_clean(): failed to delete buffer. No buffer to delete in /home/bsn/sites/bsn.ru/public_html/cron/daily_stats/daemons/user_tariffs.php on line 126
[15-Oct-2016 21:01:50 UTC] PHP Notice:  ob_clean(): failed to delete buffer. No buffer to delete in /home/bsn/sites/bsn.ru/public_html/cron/daily_stats/daemons/spec_offers.php on line 33
[15-Oct-2016 21:01:50 UTC] PHP Notice:  ob_clean(): failed to delete buffer. No buffer to delete in /home/bsn/sites/bsn.ru/public_html/cron/daily_stats/daemons/context.php on line 89
[15-Oct-2016 21:01:50 UTC] PHP Notice:  ob_clean(): failed to delete buffer. No buffer to delete in /home/bsn/sites/bsn.ru/public_html/cron/daily_stats/daemons/banners.php on line 51
[15-Oct-2016 21:01:50 UTC] PHP Notice:  ob_clean(): failed to delete buffer. No buffer to delete in /home/bsn/sites/bsn.ru/public_html/cron/daily_stats/daemons/estate_complexes.php on line 27
[15-Oct-2016 21:01:50 UTC] PHP Notice:  ob_clean(): failed to delete buffer. No buffer to delete in /home/bsn/sites/bsn.ru/public_html/cron/daily_stats/daemons/ip_stats.php on line 29
[15-Oct-2016 21:01:51 UTC] PHP Notice:  ob_clean(): failed to delete buffer. No buffer to delete in /home/bsn/sites/bsn.ru/public_html/cron/daily_stats/daemons/crawlers.php on line 49
[15-Oct-2016 21:01:54 UTC] PHP Notice:  ob_clean(): failed to delete buffer. No buffer to delete in /home/bsn/sites/bsn.ru/public_html/cron/daily_stats/daemons/banners_actualizing.php on line 45
[15-Oct-2016 21:01:54 UTC] PHP Notice:  ob_clean(): failed to delete buffer. No buffer to delete in /home/bsn/sites/bsn.ru/public_html/cron/daily_stats/daemons/tgb_avg.php on line 40
[15-Oct-2016 21:01:54 UTC] PHP Notice:  ob_clean(): failed to delete buffer. No buffer to delete in /home/bsn/sites/bsn.ru/public_html/cron/daily_stats/daemons/estate_complexes_actualizing.php on line 44
[15-Oct-2016 21:01:54 UTC] PHP Notice:  ob_clean(): failed to delete buffer. No buffer to delete in /home/bsn/sites/bsn.ru/public_html/cron/daily_stats/daemons/spec_offers_actualizing.php on line 25
[15-Oct-2016 21:01:58 UTC] PHP Notice:  ob_clean(): failed to delete buffer. No buffer to delete in /home/bsn/sites/bsn.ru/public_html/cron/daily_stats/daemons/estate_views_shows_search.php on line 55
[15-Oct-2016 21:02:01 UTC] PHP Notice:  ob_clean(): failed to delete buffer. No buffer to delete in /home/bsn/sites/bsn.ru/public_html/cron/daily_stats/daemons/everyday_lk_stats.php on line 113
[15-Oct-2016 21:02:01 UTC] PHP Notice:  ob_clean(): failed to delete buffer. No buffer to delete in /home/bsn/sites/bsn.ru/public_html/cron/daily_stats/daemons/clean_archive.php on line 41
[15-Oct-2016 21:02:12 UTC] PHP Notice:  Undefined index: build in /home/bsn/sites/bsn.ru/public_html/cron/daily_stats/daemons/advert_agencies.php on line 113
[15-Oct-2016 21:02:12 UTC] PHP Notice:  Undefined index: build_promo in /home/bsn/sites/bsn.ru/public_html/cron/daily_stats/daemons/advert_agencies.php on line 114
[15-Oct-2016 21:02:12 UTC] PHP Notice:  Undefined index: build_premium in /home/bsn/sites/bsn.ru/public_html/cron/daily_stats/daemons/advert_agencies.php on line 115
[15-Oct-2016 21:02:12 UTC] PHP Notice:  Undefined index: build_vip in /home/bsn/sites/bsn.ru/public_html/cron/daily_stats/daemons/advert_agencies.php on line 116
[15-Oct-2016 21:02:12 UTC] PHP Notice:  ob_clean(): failed to delete buffer. No buffer to delete in /home/bsn/sites/bsn.ru/public_html/cron/daily_stats/daemons/advert_agencies.php on line 141
[15-Oct-2016 22:05:23 UTC] PHP Notice:  ob_clean(): failed to delete buffer. No buffer to delete in /home/bsn/sites/bsn.ru/public_html/cron/daily_stats/daemons/estate_actualizing.php on line 53
[17-Oct-2016 06:50:59 UTC] PHP Notice:  ob_clean(): failed to delete buffer. No buffer to delete in /home/bsn/sites/bsn.ru/public_html/cron/daily_stats/daemons/phone_clicks.php on line 27
[17-Oct-2016 06:50:59 UTC] PHP Notice:  ob_clean(): failed to delete buffer. No buffer to delete in /home/bsn/sites/bsn.ru/public_html/cron/daily_stats/daemons/new_manager_click_limit.php on line 28
[17-Oct-2016 06:50:59 UTC] PHP Notice:  ob_clean(): failed to delete buffer. No buffer to delete in /home/bsn/sites/bsn.ru/public_html/cron/daily_stats/daemons/promotions.php on line 33
[17-Oct-2016 06:50:59 UTC] PHP Notice:  ob_clean(): failed to delete buffer. No buffer to delete in /home/bsn/sites/bsn.ru/public_html/cron/daily_stats/daemons/applications_actualizing.php on line 26
[17-Oct-2016 06:50:59 UTC] PHP Notice:  ob_clean(): failed to delete buffer. No buffer to delete in /home/bsn/sites/bsn.ru/public_html/cron/daily_stats/daemons/manager_on_duty.php on line 36
[17-Oct-2016 06:50:59 UTC] PHP Notice:  ob_clean(): failed to delete buffer. No buffer to delete in /home/bsn/sites/bsn.ru/public_html/cron/daily_stats/daemons/news_parsed_actualize.php on line 26
[17-Oct-2016 06:50:59 UTC] PHP Notice:  ob_clean(): failed to delete buffer. No buffer to delete in /home/bsn/sites/bsn.ru/public_html/cron/daily_stats/daemons/services.php on line 33
[17-Oct-2016 06:50:59 UTC] PHP Notice:  ob_clean(): failed to delete buffer. No buffer to delete in /home/bsn/sites/bsn.ru/public_html/cron/daily_stats/daemons/subscribe_users.php on line 39
[17-Oct-2016 06:50:59 UTC] PHP Notice:  ob_clean(): failed to delete buffer. No buffer to delete in /home/bsn/sites/bsn.ru/public_html/cron/daily_stats/daemons/spec_offers.php on line 33
[17-Oct-2016 06:50:59 UTC] PHP Notice:  ob_clean(): failed to delete buffer. No buffer to delete in /home/bsn/sites/bsn.ru/public_html/cron/daily_stats/daemons/agencies_tarif_ending_notify.php on line 91
[17-Oct-2016 06:51:00 UTC] PHP Notice:  ob_clean(): failed to delete buffer. No buffer to delete in /home/bsn/sites/bsn.ru/public_html/cron/daily_stats/daemons/user_tariffs.php on line 126
[17-Oct-2016 06:51:00 UTC] PHP Notice:  ob_clean(): failed to delete buffer. No buffer to delete in /home/bsn/sites/bsn.ru/public_html/cron/daily_stats/daemons/markers.php on line 28
[17-Oct-2016 06:51:00 UTC] PHP Notice:  ob_clean(): failed to delete buffer. No buffer to delete in /home/bsn/sites/bsn.ru/public_html/cron/daily_stats/daemons/textline.php on line 33
[17-Oct-2016 06:51:00 UTC] PHP Notice:  ob_clean(): failed to delete buffer. No buffer to delete in /home/bsn/sites/bsn.ru/public_html/cron/daily_stats/daemons/banners.php on line 51
[17-Oct-2016 06:51:00 UTC] PHP Notice:  ob_clean(): failed to delete buffer. No buffer to delete in /home/bsn/sites/bsn.ru/public_html/cron/daily_stats/daemons/estate_complexes.php on line 27
[17-Oct-2016 06:51:00 UTC] PHP Notice:  ob_clean(): failed to delete buffer. No buffer to delete in /home/bsn/sites/bsn.ru/public_html/cron/daily_stats/daemons/context.php on line 89
[17-Oct-2016 06:51:01 UTC] PHP Notice:  ob_clean(): failed to delete buffer. No buffer to delete in /home/bsn/sites/bsn.ru/public_html/cron/daily_stats/daemons/crawlers.php on line 49
[17-Oct-2016 06:51:01 UTC] PHP Notice:  ob_clean(): failed to delete buffer. No buffer to delete in /home/bsn/sites/bsn.ru/public_html/cron/daily_stats/daemons/ip_stats.php on line 29
[17-Oct-2016 06:51:04 UTC] PHP Notice:  ob_clean(): failed to delete buffer. No buffer to delete in /home/bsn/sites/bsn.ru/public_html/cron/daily_stats/daemons/spec_offers_actualizing.php on line 25
[17-Oct-2016 06:51:04 UTC] PHP Notice:  ob_clean(): failed to delete buffer. No buffer to delete in /home/bsn/sites/bsn.ru/public_html/cron/daily_stats/daemons/estate_complexes_actualizing.php on line 44
[17-Oct-2016 06:51:04 UTC] PHP Notice:  ob_clean(): failed to delete buffer. No buffer to delete in /home/bsn/sites/bsn.ru/public_html/cron/daily_stats/daemons/banners_actualizing.php on line 45
[17-Oct-2016 06:51:04 UTC] PHP Notice:  ob_clean(): failed to delete buffer. No buffer to delete in /home/bsn/sites/bsn.ru/public_html/cron/daily_stats/daemons/tgb_avg.php on line 40
[17-Oct-2016 06:51:11 UTC] PHP Notice:  ob_clean(): failed to delete buffer. No buffer to delete in /home/bsn/sites/bsn.ru/public_html/cron/daily_stats/daemons/estate_views_shows_search.php on line 55
[17-Oct-2016 06:51:16 UTC] PHP Notice:  ob_clean(): failed to delete buffer. No buffer to delete in /home/bsn/sites/bsn.ru/public_html/cron/daily_stats/daemons/everyday_lk_stats.php on line 113
[17-Oct-2016 06:51:22 UTC] PHP Notice:  ob_clean(): failed to delete buffer. No buffer to delete in /home/bsn/sites/bsn.ru/public_html/cron/daily_stats/daemons/clean_archive.php on line 41
[17-Oct-2016 06:51:32 UTC] PHP Notice:  Undefined index: build in /home/bsn/sites/bsn.ru/public_html/cron/daily_stats/daemons/advert_agencies.php on line 113
[17-Oct-2016 06:51:32 UTC] PHP Notice:  Undefined index: build_promo in /home/bsn/sites/bsn.ru/public_html/cron/daily_stats/daemons/advert_agencies.php on line 114
[17-Oct-2016 06:51:32 UTC] PHP Notice:  Undefined index: build_premium in /home/bsn/sites/bsn.ru/public_html/cron/daily_stats/daemons/advert_agencies.php on line 115
[17-Oct-2016 06:51:32 UTC] PHP Notice:  Undefined index: build_vip in /home/bsn/sites/bsn.ru/public_html/cron/daily_stats/daemons/advert_agencies.php on line 116
[17-Oct-2016 06:51:32 UTC] PHP Notice:  ob_clean(): failed to delete buffer. No buffer to delete in /home/bsn/sites/bsn.ru/public_html/cron/daily_stats/daemons/advert_agencies.php on line 141
[17-Oct-2016 06:54:16 UTC] PHP Notice:  ob_clean(): failed to delete buffer. No buffer to delete in /home/bsn/sites/bsn.ru/public_html/cron/daily_stats/daemons/estate_actualizing.php on line 53
[01-Nov-2016 15:18:35 UTC] PHP Notice:  ob_clean(): failed to delete buffer. No buffer to delete in /home/bsn/sites/bsn.ru/public_html/cron/daily_stats/daemons/context.php on line 89
[02-Nov-2016 05:57:18 UTC] PHP Notice:  ob_clean(): failed to delete buffer. No buffer to delete in /home/bsn/sites/bsn.ru/public_html/cron/daily_stats/daemons/tgb_avg.php on line 40
[11-Nov-2016 08:03:34 UTC] PHP Fatal error:  Uncaught exception 'phpmailerException' with message 'Invalid address: ' in /home/bsn/sites/bsn.ru/public_html/includes/phpmailer/class.phpmailer.php:462
Stack trace:
#0 /home/bsn/sites/bsn.ru/public_html/includes/phpmailer/class.phpmailer.php(408): PHPMailer->AddAnAddress('to', '', '')
#1 /home/bsn/sites/bsn.ru/public_html/cron/daily_stats/daemons/agencies_tarif_ending_notify.php(75): PHPMailer->AddAddress('')
#2 /home/bsn/sites/bsn.ru/public_html/includes/class.daemon.php(122): include('/home/bsn/sites...')
#3 /home/bsn/sites/bsn.ru/public_html/includes/class.daemons.manager.php(105): Daemon->run()
#4 /home/bsn/sites/bsn.ru/public_html/cron/stats_daemons_manager.php(39): DaemonsManager->run()
#5 {main}
  thrown in /home/bsn/sites/bsn.ru/public_html/includes/phpmailer/class.phpmailer.php on line 462
[11-Nov-2016 08:06:30 UTC] PHP Notice:  ob_clean(): failed to delete buffer. No buffer to delete in /home/bsn/sites/bsn.ru/public_html/cron/daily_stats/daemons/agencies_tarif_ending_notify.php on line 91
[15-Nov-2016 07:26:00 UTC] PHP Notice:  ob_clean(): failed to delete buffer. No buffer to delete in /home/bsn/sites/bsn.ru/public_html/cron/daily_stats/daemons/tgb_avg.php on line 40
