[15-Nov-2016 21:01:23 UTC] PHP Notice:  ob_clean(): failed to delete buffer. No buffer to delete in /home/bsn/sites/bsn.ru/public_html/cron/daily_stats/daemons/everyday_lk_stats.php on line 113
[16-Nov-2016 21:01:24 UTC] PHP Notice:  ob_clean(): failed to delete buffer. No buffer to delete in /home/bsn/sites/bsn.ru/public_html/cron/daily_stats/daemons/everyday_lk_stats.php on line 113
[17-Nov-2016 21:01:29 UTC] PHP Notice:  ob_clean(): failed to delete buffer. No buffer to delete in /home/bsn/sites/bsn.ru/public_html/cron/daily_stats/daemons/everyday_lk_stats.php on line 113
[18-Nov-2016 21:01:23 UTC] PHP Notice:  ob_clean(): failed to delete buffer. No buffer to delete in /home/bsn/sites/bsn.ru/public_html/cron/daily_stats/daemons/everyday_lk_stats.php on line 113
[19-Nov-2016 21:01:24 UTC] PHP Notice:  ob_clean(): failed to delete buffer. No buffer to delete in /home/bsn/sites/bsn.ru/public_html/cron/daily_stats/daemons/everyday_lk_stats.php on line 113
[20-Nov-2016 21:01:29 UTC] PHP Notice:  ob_clean(): failed to delete buffer. No buffer to delete in /home/bsn/sites/bsn.ru/public_html/cron/daily_stats/daemons/everyday_lk_stats.php on line 113
[21-Nov-2016 21:01:24 UTC] PHP Notice:  ob_clean(): failed to delete buffer. No buffer to delete in /home/bsn/sites/bsn.ru/public_html/cron/daily_stats/daemons/everyday_lk_stats.php on line 113
[22-Nov-2016 21:01:22 UTC] PHP Notice:  ob_clean(): failed to delete buffer. No buffer to delete in /home/bsn/sites/bsn.ru/public_html/cron/daily_stats/daemons/everyday_lk_stats.php on line 113
[23-Nov-2016 21:01:28 UTC] PHP Notice:  ob_clean(): failed to delete buffer. No buffer to delete in /home/bsn/sites/bsn.ru/public_html/cron/daily_stats/daemons/everyday_lk_stats.php on line 113
[24-Nov-2016 21:01:19 UTC] PHP Notice:  ob_clean(): failed to delete buffer. No buffer to delete in /home/bsn/sites/bsn.ru/public_html/cron/daily_stats/daemons/everyday_lk_stats.php on line 113
[25-Nov-2016 21:01:18 UTC] PHP Notice:  ob_clean(): failed to delete buffer. No buffer to delete in /home/bsn/sites/bsn.ru/public_html/cron/daily_stats/daemons/everyday_lk_stats.php on line 113
[26-Nov-2016 21:01:29 UTC] PHP Notice:  ob_clean(): failed to delete buffer. No buffer to delete in /home/bsn/sites/bsn.ru/public_html/cron/daily_stats/daemons/everyday_lk_stats.php on line 113
[27-Nov-2016 21:01:33 UTC] PHP Notice:  ob_clean(): failed to delete buffer. No buffer to delete in /home/bsn/sites/bsn.ru/public_html/cron/daily_stats/daemons/everyday_lk_stats.php on line 113
[28-Nov-2016 21:01:28 UTC] PHP Notice:  ob_clean(): failed to delete buffer. No buffer to delete in /home/bsn/sites/bsn.ru/public_html/cron/daily_stats/daemons/everyday_lk_stats.php on line 113
[29-Nov-2016 21:01:23 UTC] PHP Notice:  ob_clean(): failed to delete buffer. No buffer to delete in /home/bsn/sites/bsn.ru/public_html/cron/daily_stats/daemons/everyday_lk_stats.php on line 113
[30-Nov-2016 21:01:28 UTC] PHP Notice:  ob_clean(): failed to delete buffer. No buffer to delete in /home/bsn/sites/bsn.ru/public_html/cron/daily_stats/daemons/everyday_lk_stats.php on line 113
[02-Dec-2016 07:54:44 UTC] PHP Notice:  ob_clean(): failed to delete buffer. No buffer to delete in /home/bsn/sites/bsn.ru/public_html/cron/daily_stats/daemons/everyday_lk_stats.php on line 113
[02-Dec-2016 21:01:29 UTC] PHP Notice:  ob_clean(): failed to delete buffer. No buffer to delete in /home/bsn/sites/bsn.ru/public_html/cron/daily_stats/daemons/everyday_lk_stats.php on line 113
[03-Dec-2016 21:01:23 UTC] PHP Notice:  ob_clean(): failed to delete buffer. No buffer to delete in /home/bsn/sites/bsn.ru/public_html/cron/daily_stats/daemons/everyday_lk_stats.php on line 113
[04-Dec-2016 21:01:23 UTC] PHP Notice:  ob_clean(): failed to delete buffer. No buffer to delete in /home/bsn/sites/bsn.ru/public_html/cron/daily_stats/daemons/everyday_lk_stats.php on line 113
[05-Dec-2016 21:01:18 UTC] PHP Notice:  ob_clean(): failed to delete buffer. No buffer to delete in /home/bsn/sites/bsn.ru/public_html/cron/daily_stats/daemons/everyday_lk_stats.php on line 113
[06-Dec-2016 21:01:23 UTC] PHP Notice:  ob_clean(): failed to delete buffer. No buffer to delete in /home/bsn/sites/bsn.ru/public_html/cron/daily_stats/daemons/everyday_lk_stats.php on line 113
[07-Dec-2016 21:01:28 UTC] PHP Notice:  ob_clean(): failed to delete buffer. No buffer to delete in /home/bsn/sites/bsn.ru/public_html/cron/daily_stats/daemons/everyday_lk_stats.php on line 113
[08-Dec-2016 21:01:18 UTC] PHP Notice:  ob_clean(): failed to delete buffer. No buffer to delete in /home/bsn/sites/bsn.ru/public_html/cron/daily_stats/daemons/everyday_lk_stats.php on line 113
[09-Dec-2016 21:01:23 UTC] PHP Notice:  ob_clean(): failed to delete buffer. No buffer to delete in /home/bsn/sites/bsn.ru/public_html/cron/daily_stats/daemons/everyday_lk_stats.php on line 113
[10-Dec-2016 21:01:30 UTC] PHP Notice:  ob_clean(): failed to delete buffer. No buffer to delete in /home/bsn/sites/bsn.ru/public_html/cron/daily_stats/daemons/everyday_lk_stats.php on line 113
[11-Dec-2016 21:01:28 UTC] PHP Notice:  ob_clean(): failed to delete buffer. No buffer to delete in /home/bsn/sites/bsn.ru/public_html/cron/daily_stats/daemons/everyday_lk_stats.php on line 113
[12-Dec-2016 21:01:24 UTC] PHP Notice:  ob_clean(): failed to delete buffer. No buffer to delete in /home/bsn/sites/bsn.ru/public_html/cron/daily_stats/daemons/everyday_lk_stats.php on line 113
[13-Dec-2016 21:01:33 UTC] PHP Notice:  ob_clean(): failed to delete buffer. No buffer to delete in /home/bsn/sites/bsn.ru/public_html/cron/daily_stats/daemons/everyday_lk_stats.php on line 113
[14-Dec-2016 21:01:29 UTC] PHP Notice:  ob_clean(): failed to delete buffer. No buffer to delete in /home/bsn/sites/bsn.ru/public_html/cron/daily_stats/daemons/everyday_lk_stats.php on line 113
[15-Dec-2016 21:01:28 UTC] PHP Notice:  ob_clean(): failed to delete buffer. No buffer to delete in /home/bsn/sites/bsn.ru/public_html/cron/daily_stats/daemons/everyday_lk_stats.php on line 113
[16-Dec-2016 21:01:33 UTC] PHP Notice:  ob_clean(): failed to delete buffer. No buffer to delete in /home/bsn/sites/bsn.ru/public_html/cron/daily_stats/daemons/everyday_lk_stats.php on line 113
[17-Dec-2016 21:01:23 UTC] PHP Notice:  ob_clean(): failed to delete buffer. No buffer to delete in /home/bsn/sites/bsn.ru/public_html/cron/daily_stats/daemons/everyday_lk_stats.php on line 113
[18-Dec-2016 21:01:28 UTC] PHP Notice:  ob_clean(): failed to delete buffer. No buffer to delete in /home/bsn/sites/bsn.ru/public_html/cron/daily_stats/daemons/everyday_lk_stats.php on line 113
[19-Dec-2016 21:01:22 UTC] PHP Notice:  ob_clean(): failed to delete buffer. No buffer to delete in /home/bsn/sites/bsn.ru/public_html/cron/daily_stats/daemons/everyday_lk_stats.php on line 113
[20-Dec-2016 21:01:23 UTC] PHP Notice:  ob_clean(): failed to delete buffer. No buffer to delete in /home/bsn/sites/bsn.ru/public_html/cron/daily_stats/daemons/everyday_lk_stats.php on line 113
[21-Dec-2016 21:01:19 UTC] PHP Notice:  ob_clean(): failed to delete buffer. No buffer to delete in /home/bsn/sites/bsn.ru/public_html/cron/daily_stats/daemons/everyday_lk_stats.php on line 113
[22-Dec-2016 21:01:18 UTC] PHP Notice:  ob_clean(): failed to delete buffer. No buffer to delete in /home/bsn/sites/bsn.ru/public_html/cron/daily_stats/daemons/everyday_lk_stats.php on line 113
[23-Dec-2016 21:01:22 UTC] PHP Notice:  ob_clean(): failed to delete buffer. No buffer to delete in /home/bsn/sites/bsn.ru/public_html/cron/daily_stats/daemons/everyday_lk_stats.php on line 113
[24-Dec-2016 21:01:31 UTC] PHP Notice:  ob_clean(): failed to delete buffer. No buffer to delete in /home/bsn/sites/bsn.ru/public_html/cron/daily_stats/daemons/everyday_lk_stats.php on line 113
[25-Dec-2016 21:01:28 UTC] PHP Notice:  ob_clean(): failed to delete buffer. No buffer to delete in /home/bsn/sites/bsn.ru/public_html/cron/daily_stats/daemons/everyday_lk_stats.php on line 113
[26-Dec-2016 21:01:23 UTC] PHP Notice:  ob_clean(): failed to delete buffer. No buffer to delete in /home/bsn/sites/bsn.ru/public_html/cron/daily_stats/daemons/everyday_lk_stats.php on line 113
[27-Dec-2016 21:01:18 UTC] PHP Notice:  ob_clean(): failed to delete buffer. No buffer to delete in /home/bsn/sites/bsn.ru/public_html/cron/daily_stats/daemons/everyday_lk_stats.php on line 113
[28-Dec-2016 21:01:24 UTC] PHP Notice:  ob_clean(): failed to delete buffer. No buffer to delete in /home/bsn/sites/bsn.ru/public_html/cron/daily_stats/daemons/everyday_lk_stats.php on line 113
[29-Dec-2016 21:01:29 UTC] PHP Notice:  ob_clean(): failed to delete buffer. No buffer to delete in /home/bsn/sites/bsn.ru/public_html/cron/daily_stats/daemons/everyday_lk_stats.php on line 113
[30-Dec-2016 21:01:29 UTC] PHP Notice:  ob_clean(): failed to delete buffer. No buffer to delete in /home/bsn/sites/bsn.ru/public_html/cron/daily_stats/daemons/everyday_lk_stats.php on line 113
[31-Dec-2016 21:01:23 UTC] PHP Notice:  ob_clean(): failed to delete buffer. No buffer to delete in /home/bsn/sites/bsn.ru/public_html/cron/daily_stats/daemons/everyday_lk_stats.php on line 113
[01-Jan-2017 21:01:29 UTC] PHP Notice:  ob_clean(): failed to delete buffer. No buffer to delete in /home/bsn/sites/bsn.ru/public_html/cron/daily_stats/daemons/everyday_lk_stats.php on line 113
[02-Jan-2017 21:01:19 UTC] PHP Notice:  ob_clean(): failed to delete buffer. No buffer to delete in /home/bsn/sites/bsn.ru/public_html/cron/daily_stats/daemons/everyday_lk_stats.php on line 113
[03-Jan-2017 21:01:18 UTC] PHP Notice:  ob_clean(): failed to delete buffer. No buffer to delete in /home/bsn/sites/bsn.ru/public_html/cron/daily_stats/daemons/everyday_lk_stats.php on line 113
[04-Jan-2017 21:01:34 UTC] PHP Notice:  ob_clean(): failed to delete buffer. No buffer to delete in /home/bsn/sites/bsn.ru/public_html/cron/daily_stats/daemons/everyday_lk_stats.php on line 113
[05-Jan-2017 21:01:28 UTC] PHP Notice:  ob_clean(): failed to delete buffer. No buffer to delete in /home/bsn/sites/bsn.ru/public_html/cron/daily_stats/daemons/everyday_lk_stats.php on line 113
[06-Jan-2017 21:01:30 UTC] PHP Notice:  ob_clean(): failed to delete buffer. No buffer to delete in /home/bsn/sites/bsn.ru/public_html/cron/daily_stats/daemons/everyday_lk_stats.php on line 113
[07-Jan-2017 21:01:38 UTC] PHP Notice:  ob_clean(): failed to delete buffer. No buffer to delete in /home/bsn/sites/bsn.ru/public_html/cron/daily_stats/daemons/everyday_lk_stats.php on line 113
[08-Jan-2017 21:01:23 UTC] PHP Notice:  ob_clean(): failed to delete buffer. No buffer to delete in /home/bsn/sites/bsn.ru/public_html/cron/daily_stats/daemons/everyday_lk_stats.php on line 113
[09-Jan-2017 21:01:18 UTC] PHP Notice:  ob_clean(): failed to delete buffer. No buffer to delete in /home/bsn/sites/bsn.ru/public_html/cron/daily_stats/daemons/everyday_lk_stats.php on line 113
[10-Jan-2017 21:01:23 UTC] PHP Notice:  ob_clean(): failed to delete buffer. No buffer to delete in /home/bsn/sites/bsn.ru/public_html/cron/daily_stats/daemons/everyday_lk_stats.php on line 113
[11-Jan-2017 21:01:24 UTC] PHP Notice:  ob_clean(): failed to delete buffer. No buffer to delete in /home/bsn/sites/bsn.ru/public_html/cron/daily_stats/daemons/everyday_lk_stats.php on line 113
[12-Jan-2017 21:01:23 UTC] PHP Notice:  ob_clean(): failed to delete buffer. No buffer to delete in /home/bsn/sites/bsn.ru/public_html/cron/daily_stats/daemons/everyday_lk_stats.php on line 113
[13-Jan-2017 21:01:38 UTC] PHP Notice:  ob_clean(): failed to delete buffer. No buffer to delete in /home/bsn/sites/bsn.ru/public_html/cron/daily_stats/daemons/everyday_lk_stats.php on line 113
[14-Jan-2017 21:01:23 UTC] PHP Notice:  ob_clean(): failed to delete buffer. No buffer to delete in /home/bsn/sites/bsn.ru/public_html/cron/daily_stats/daemons/everyday_lk_stats.php on line 113
[15-Jan-2017 21:01:19 UTC] PHP Notice:  ob_clean(): failed to delete buffer. No buffer to delete in /home/bsn/sites/bsn.ru/public_html/cron/daily_stats/daemons/everyday_lk_stats.php on line 113
[16-Jan-2017 21:01:23 UTC] PHP Notice:  ob_clean(): failed to delete buffer. No buffer to delete in /home/bsn/sites/bsn.ru/public_html/cron/daily_stats/daemons/everyday_lk_stats.php on line 113
[17-Jan-2017 21:01:23 UTC] PHP Notice:  ob_clean(): failed to delete buffer. No buffer to delete in /home/bsn/sites/bsn.ru/public_html/cron/daily_stats/daemons/everyday_lk_stats.php on line 113
[18-Jan-2017 21:01:22 UTC] PHP Notice:  ob_clean(): failed to delete buffer. No buffer to delete in /home/bsn/sites/bsn.ru/public_html/cron/daily_stats/daemons/everyday_lk_stats.php on line 113
[19-Jan-2017 21:01:24 UTC] PHP Notice:  ob_clean(): failed to delete buffer. No buffer to delete in /home/bsn/sites/bsn.ru/public_html/cron/daily_stats/daemons/everyday_lk_stats.php on line 113
[20-Jan-2017 21:01:30 UTC] PHP Notice:  ob_clean(): failed to delete buffer. No buffer to delete in /home/bsn/sites/bsn.ru/public_html/cron/daily_stats/daemons/everyday_lk_stats.php on line 113
[21-Jan-2017 21:01:41 UTC] PHP Notice:  ob_clean(): failed to delete buffer. No buffer to delete in /home/bsn/sites/bsn.ru/public_html/cron/daily_stats/daemons/everyday_lk_stats.php on line 113
[22-Jan-2017 21:01:23 UTC] PHP Notice:  ob_clean(): failed to delete buffer. No buffer to delete in /home/bsn/sites/bsn.ru/public_html/cron/daily_stats/daemons/everyday_lk_stats.php on line 113
[23-Jan-2017 21:01:23 UTC] PHP Notice:  ob_clean(): failed to delete buffer. No buffer to delete in /home/bsn/sites/bsn.ru/public_html/cron/daily_stats/daemons/everyday_lk_stats.php on line 113
[24-Jan-2017 21:01:30 UTC] PHP Notice:  ob_clean(): failed to delete buffer. No buffer to delete in /home/bsn/sites/bsn.ru/public_html/cron/daily_stats/daemons/everyday_lk_stats.php on line 113
[25-Jan-2017 21:01:29 UTC] PHP Notice:  ob_clean(): failed to delete buffer. No buffer to delete in /home/bsn/sites/bsn.ru/public_html/cron/daily_stats/daemons/everyday_lk_stats.php on line 113
[26-Jan-2017 21:01:24 UTC] PHP Notice:  ob_clean(): failed to delete buffer. No buffer to delete in /home/bsn/sites/bsn.ru/public_html/cron/daily_stats/daemons/everyday_lk_stats.php on line 113
[27-Jan-2017 21:01:22 UTC] PHP Notice:  ob_clean(): failed to delete buffer. No buffer to delete in /home/bsn/sites/bsn.ru/public_html/cron/daily_stats/daemons/everyday_lk_stats.php on line 113
[28-Jan-2017 21:01:14 UTC] PHP Notice:  ob_clean(): failed to delete buffer. No buffer to delete in /home/bsn/sites/bsn.ru/public_html/cron/daily_stats/daemons/everyday_lk_stats.php on line 113
[29-Jan-2017 21:01:14 UTC] PHP Notice:  ob_clean(): failed to delete buffer. No buffer to delete in /home/bsn/sites/bsn.ru/public_html/cron/daily_stats/daemons/everyday_lk_stats.php on line 113
[31-Jan-2017 00:01:29 Europe/Moscow] PHP Notice:  ob_clean(): failed to delete buffer. No buffer to delete in /home/bsn/sites/bsn.ru/public_html/cron/daily_stats/daemons/everyday_lk_stats.php on line 113
[01-Feb-2017 00:01:39 Europe/Moscow] PHP Notice:  ob_clean(): failed to delete buffer. No buffer to delete in /home/bsn/sites/bsn.ru/public_html/cron/daily_stats/daemons/everyday_lk_stats.php on line 113
[02-Feb-2017 00:01:34 Europe/Moscow] PHP Notice:  ob_clean(): failed to delete buffer. No buffer to delete in /home/bsn/sites/bsn.ru/public_html/cron/daily_stats/daemons/everyday_lk_stats.php on line 113
[03-Feb-2017 00:01:30 Europe/Moscow] PHP Notice:  ob_clean(): failed to delete buffer. No buffer to delete in /home/bsn/sites/bsn.ru/public_html/cron/daily_stats/daemons/everyday_lk_stats.php on line 113
[04-Feb-2017 00:02:34 Europe/Moscow] PHP Notice:  ob_clean(): failed to delete buffer. No buffer to delete in /home/bsn/sites/bsn.ru/public_html/cron/daily_stats/daemons/everyday_lk_stats.php on line 113
[05-Feb-2017 00:01:29 Europe/Moscow] PHP Notice:  ob_clean(): failed to delete buffer. No buffer to delete in /home/bsn/sites/bsn.ru/public_html/cron/daily_stats/daemons/everyday_lk_stats.php on line 113
[06-Feb-2017 00:01:19 Europe/Moscow] PHP Notice:  ob_clean(): failed to delete buffer. No buffer to delete in /home/bsn/sites/bsn.ru/public_html/cron/daily_stats/daemons/everyday_lk_stats.php on line 113
[07-Feb-2017 00:01:18 Europe/Moscow] PHP Notice:  ob_clean(): failed to delete buffer. No buffer to delete in /home/bsn/sites/bsn.ru/public_html/cron/daily_stats/daemons/everyday_lk_stats.php on line 113
[08-Feb-2017 00:01:20 Europe/Moscow] PHP Notice:  ob_clean(): failed to delete buffer. No buffer to delete in /home/bsn/sites/bsn.ru/public_html/cron/daily_stats/daemons/everyday_lk_stats.php on line 113
[09-Feb-2017 00:01:29 Europe/Moscow] PHP Notice:  ob_clean(): failed to delete buffer. No buffer to delete in /home/bsn/sites/bsn.ru/public_html/cron/daily_stats/daemons/everyday_lk_stats.php on line 113
[10-Feb-2017 00:01:18 Europe/Moscow] PHP Notice:  ob_clean(): failed to delete buffer. No buffer to delete in /home/bsn/sites/bsn.ru/public_html/cron/daily_stats/daemons/everyday_lk_stats.php on line 113
[11-Feb-2017 00:01:23 Europe/Moscow] PHP Notice:  ob_clean(): failed to delete buffer. No buffer to delete in /home/bsn/sites/bsn.ru/public_html/cron/daily_stats/daemons/everyday_lk_stats.php on line 113
[12-Feb-2017 00:01:28 Europe/Moscow] PHP Notice:  ob_clean(): failed to delete buffer. No buffer to delete in /home/bsn/sites/bsn.ru/public_html/cron/daily_stats/daemons/everyday_lk_stats.php on line 113
[13-Feb-2017 00:01:24 Europe/Moscow] PHP Notice:  ob_clean(): failed to delete buffer. No buffer to delete in /home/bsn/sites/bsn.ru/public_html/cron/daily_stats/daemons/everyday_lk_stats.php on line 113
[14-Feb-2017 00:01:19 Europe/Moscow] PHP Notice:  ob_clean(): failed to delete buffer. No buffer to delete in /home/bsn/sites/bsn.ru/public_html/cron/daily_stats/daemons/everyday_lk_stats.php on line 113
[15-Feb-2017 00:01:23 Europe/Moscow] PHP Notice:  ob_clean(): failed to delete buffer. No buffer to delete in /home/bsn/sites/bsn.ru/public_html/cron/daily_stats/daemons/everyday_lk_stats.php on line 113
[16-Feb-2017 00:01:19 Europe/Moscow] PHP Notice:  ob_clean(): failed to delete buffer. No buffer to delete in /home/bsn/sites/bsn.ru/public_html/cron/daily_stats/daemons/everyday_lk_stats.php on line 113
[17-Feb-2017 00:01:19 Europe/Moscow] PHP Notice:  ob_clean(): failed to delete buffer. No buffer to delete in /home/bsn/sites/bsn.ru/public_html/cron/daily_stats/daemons/everyday_lk_stats.php on line 113
[18-Feb-2017 00:01:19 Europe/Moscow] PHP Notice:  ob_clean(): failed to delete buffer. No buffer to delete in /home/bsn/sites/bsn.ru/public_html/cron/daily_stats/daemons/everyday_lk_stats.php on line 113
[19-Feb-2017 00:01:19 Europe/Moscow] PHP Notice:  ob_clean(): failed to delete buffer. No buffer to delete in /home/bsn/sites/bsn.ru/public_html/cron/daily_stats/daemons/everyday_lk_stats.php on line 113
[20-Feb-2017 00:01:25 Europe/Moscow] PHP Notice:  ob_clean(): failed to delete buffer. No buffer to delete in /home/bsn/sites/bsn.ru/public_html/cron/daily_stats/daemons/everyday_lk_stats.php on line 113
[21-Feb-2017 00:01:23 Europe/Moscow] PHP Notice:  ob_clean(): failed to delete buffer. No buffer to delete in /home/bsn/sites/bsn.ru/public_html/cron/daily_stats/daemons/everyday_lk_stats.php on line 113
[22-Feb-2017 00:01:24 Europe/Moscow] PHP Notice:  ob_clean(): failed to delete buffer. No buffer to delete in /home/bsn/sites/bsn.ru/public_html/cron/daily_stats/daemons/everyday_lk_stats.php on line 113
[23-Feb-2017 00:01:24 Europe/Moscow] PHP Notice:  ob_clean(): failed to delete buffer. No buffer to delete in /home/bsn/sites/bsn.ru/public_html/cron/daily_stats/daemons/everyday_lk_stats.php on line 113
[24-Feb-2017 00:01:18 Europe/Moscow] PHP Notice:  ob_clean(): failed to delete buffer. No buffer to delete in /home/bsn/sites/bsn.ru/public_html/cron/daily_stats/daemons/everyday_lk_stats.php on line 113
[25-Feb-2017 00:01:24 Europe/Moscow] PHP Notice:  ob_clean(): failed to delete buffer. No buffer to delete in /home/bsn/sites/bsn.ru/public_html/cron/daily_stats/daemons/everyday_lk_stats.php on line 113
[26-Feb-2017 00:01:19 Europe/Moscow] PHP Notice:  ob_clean(): failed to delete buffer. No buffer to delete in /home/bsn/sites/bsn.ru/public_html/cron/daily_stats/daemons/everyday_lk_stats.php on line 113
[27-Feb-2017 00:01:19 Europe/Moscow] PHP Notice:  ob_clean(): failed to delete buffer. No buffer to delete in /home/bsn/sites/bsn.ru/public_html/cron/daily_stats/daemons/everyday_lk_stats.php on line 113
[28-Feb-2017 00:01:23 Europe/Moscow] PHP Notice:  ob_clean(): failed to delete buffer. No buffer to delete in /home/bsn/sites/bsn.ru/public_html/cron/daily_stats/daemons/everyday_lk_stats.php on line 113
[01-Mar-2017 00:01:18 Europe/Moscow] PHP Notice:  ob_clean(): failed to delete buffer. No buffer to delete in /home/bsn/sites/bsn.ru/public_html/cron/daily_stats/daemons/everyday_lk_stats.php on line 113
[02-Mar-2017 00:01:14 Europe/Moscow] PHP Notice:  ob_clean(): failed to delete buffer. No buffer to delete in /home/bsn/sites/bsn.ru/public_html/cron/daily_stats/daemons/everyday_lk_stats.php on line 113
[03-Mar-2017 00:01:19 Europe/Moscow] PHP Notice:  ob_clean(): failed to delete buffer. No buffer to delete in /home/bsn/sites/bsn.ru/public_html/cron/daily_stats/daemons/everyday_lk_stats.php on line 113
[04-Mar-2017 00:01:19 Europe/Moscow] PHP Notice:  ob_clean(): failed to delete buffer. No buffer to delete in /home/bsn/sites/bsn.ru/public_html/cron/daily_stats/daemons/everyday_lk_stats.php on line 113
[05-Mar-2017 00:01:26 Europe/Moscow] PHP Notice:  ob_clean(): failed to delete buffer. No buffer to delete in /home/bsn/sites/bsn.ru/public_html/cron/daily_stats/daemons/everyday_lk_stats.php on line 113
[06-Mar-2017 00:01:19 Europe/Moscow] PHP Notice:  ob_clean(): failed to delete buffer. No buffer to delete in /home/bsn/sites/bsn.ru/public_html/cron/daily_stats/daemons/everyday_lk_stats.php on line 113
[07-Mar-2017 00:01:19 Europe/Moscow] PHP Notice:  ob_clean(): failed to delete buffer. No buffer to delete in /home/bsn/sites/bsn.ru/public_html/cron/daily_stats/daemons/everyday_lk_stats.php on line 113
[08-Mar-2017 00:01:19 Europe/Moscow] PHP Notice:  ob_clean(): failed to delete buffer. No buffer to delete in /home/bsn/sites/bsn.ru/public_html/cron/daily_stats/daemons/everyday_lk_stats.php on line 113
[09-Mar-2017 00:01:09 Europe/Moscow] PHP Notice:  ob_clean(): failed to delete buffer. No buffer to delete in /home/bsn/sites/bsn.ru/public_html/cron/daily_stats/daemons/everyday_lk_stats.php on line 113
[10-Mar-2017 00:01:18 Europe/Moscow] PHP Notice:  ob_clean(): failed to delete buffer. No buffer to delete in /home/bsn/sites/bsn.ru/public_html/cron/daily_stats/daemons/everyday_lk_stats.php on line 113
[11-Mar-2017 00:01:44 Europe/Moscow] PHP Notice:  ob_clean(): failed to delete buffer. No buffer to delete in /home/bsn/sites/bsn.ru/public_html/cron/daily_stats/daemons/everyday_lk_stats.php on line 113
[12-Mar-2017 00:01:24 Europe/Moscow] PHP Notice:  ob_clean(): failed to delete buffer. No buffer to delete in /home/bsn/sites/bsn.ru/public_html/cron/daily_stats/daemons/everyday_lk_stats.php on line 113
[13-Mar-2017 00:01:18 Europe/Moscow] PHP Notice:  ob_clean(): failed to delete buffer. No buffer to delete in /home/bsn/sites/bsn.ru/public_html/cron/daily_stats/daemons/everyday_lk_stats.php on line 113
[14-Mar-2017 00:01:19 Europe/Moscow] PHP Notice:  ob_clean(): failed to delete buffer. No buffer to delete in /home/bsn/sites/bsn.ru/public_html/cron/daily_stats/daemons/everyday_lk_stats.php on line 113
[15-Mar-2017 00:01:19 Europe/Moscow] PHP Notice:  ob_clean(): failed to delete buffer. No buffer to delete in /home/bsn/sites/bsn.ru/public_html/cron/daily_stats/daemons/everyday_lk_stats.php on line 113
[16-Mar-2017 00:01:14 Europe/Moscow] PHP Notice:  ob_clean(): failed to delete buffer. No buffer to delete in /home/bsn/sites/bsn.ru/public_html/cron/daily_stats/daemons/everyday_lk_stats.php on line 113
[17-Mar-2017 00:01:13 Europe/Moscow] PHP Notice:  ob_clean(): failed to delete buffer. No buffer to delete in /home/bsn/sites/bsn.ru/public_html/cron/daily_stats/daemons/everyday_lk_stats.php on line 113
[18-Mar-2017 00:01:13 Europe/Moscow] PHP Notice:  ob_clean(): failed to delete buffer. No buffer to delete in /home/bsn/sites/bsn.ru/public_html/cron/daily_stats/daemons/everyday_lk_stats.php on line 113
[19-Mar-2017 00:01:14 Europe/Moscow] PHP Notice:  ob_clean(): failed to delete buffer. No buffer to delete in /home/bsn/sites/bsn.ru/public_html/cron/daily_stats/daemons/everyday_lk_stats.php on line 113
[20-Mar-2017 00:01:14 Europe/Moscow] PHP Notice:  ob_clean(): failed to delete buffer. No buffer to delete in /home/bsn/sites/bsn.ru/public_html/cron/daily_stats/daemons/everyday_lk_stats.php on line 113
[21-Mar-2017 00:01:15 Europe/Moscow] PHP Notice:  ob_clean(): failed to delete buffer. No buffer to delete in /home/bsn/sites/bsn.ru/public_html/cron/daily_stats/daemons/everyday_lk_stats.php on line 113
[22-Mar-2017 00:01:14 Europe/Moscow] PHP Notice:  ob_clean(): failed to delete buffer. No buffer to delete in /home/bsn/sites/bsn.ru/public_html/cron/daily_stats/daemons/everyday_lk_stats.php on line 113
[23-Mar-2017 00:01:18 Europe/Moscow] PHP Notice:  ob_clean(): failed to delete buffer. No buffer to delete in /home/bsn/sites/bsn.ru/public_html/cron/daily_stats/daemons/everyday_lk_stats.php on line 113
[24-Mar-2017 00:01:13 Europe/Moscow] PHP Notice:  ob_clean(): failed to delete buffer. No buffer to delete in /home/bsn/sites/bsn.ru/public_html/cron/daily_stats/daemons/everyday_lk_stats.php on line 113
[25-Mar-2017 00:01:14 Europe/Moscow] PHP Notice:  ob_clean(): failed to delete buffer. No buffer to delete in /home/bsn/sites/bsn.ru/public_html/cron/daily_stats/daemons/everyday_lk_stats.php on line 113
[26-Mar-2017 00:01:13 Europe/Moscow] PHP Notice:  ob_clean(): failed to delete buffer. No buffer to delete in /home/bsn/sites/bsn.ru/public_html/cron/daily_stats/daemons/everyday_lk_stats.php on line 113
[27-Mar-2017 00:01:14 Europe/Moscow] PHP Notice:  ob_clean(): failed to delete buffer. No buffer to delete in /home/bsn/sites/bsn.ru/public_html/cron/daily_stats/daemons/everyday_lk_stats.php on line 113
[28-Mar-2017 00:01:13 Europe/Moscow] PHP Notice:  ob_clean(): failed to delete buffer. No buffer to delete in /home/bsn/sites/bsn.ru/public_html/cron/daily_stats/daemons/everyday_lk_stats.php on line 113
[29-Mar-2017 00:01:14 Europe/Moscow] PHP Notice:  ob_clean(): failed to delete buffer. No buffer to delete in /home/bsn/sites/bsn.ru/public_html/cron/daily_stats/daemons/everyday_lk_stats.php on line 113
[30-Mar-2017 00:02:21 Europe/Moscow] PHP Notice:  ob_clean(): failed to delete buffer. No buffer to delete in /home/bsn/sites/bsn.ru/public_html/cron/daily_stats/daemons/everyday_lk_stats.php on line 113
[31-Mar-2017 00:01:14 Europe/Moscow] PHP Notice:  ob_clean(): failed to delete buffer. No buffer to delete in /home/bsn/sites/bsn.ru/public_html/cron/daily_stats/daemons/everyday_lk_stats.php on line 113
[01-Apr-2017 00:01:14 Europe/Moscow] PHP Notice:  ob_clean(): failed to delete buffer. No buffer to delete in /home/bsn/sites/bsn.ru/public_html/cron/daily_stats/daemons/everyday_lk_stats.php on line 113
[02-Apr-2017 00:01:14 Europe/Moscow] PHP Notice:  ob_clean(): failed to delete buffer. No buffer to delete in /home/bsn/sites/bsn.ru/public_html/cron/daily_stats/daemons/everyday_lk_stats.php on line 113
[03-Apr-2017 00:01:13 Europe/Moscow] PHP Notice:  ob_clean(): failed to delete buffer. No buffer to delete in /home/bsn/sites/bsn.ru/public_html/cron/daily_stats/daemons/everyday_lk_stats.php on line 113
[04-Apr-2017 00:01:14 Europe/Moscow] PHP Notice:  ob_clean(): failed to delete buffer. No buffer to delete in /home/bsn/sites/bsn.ru/public_html/cron/daily_stats/daemons/everyday_lk_stats.php on line 113
[05-Apr-2017 00:01:14 Europe/Moscow] PHP Notice:  ob_clean(): failed to delete buffer. No buffer to delete in /home/bsn/sites/bsn.ru/public_html/cron/daily_stats/daemons/everyday_lk_stats.php on line 113
[06-Apr-2017 00:01:14 Europe/Moscow] PHP Notice:  ob_clean(): failed to delete buffer. No buffer to delete in /home/bsn/sites/bsn.ru/public_html/cron/daily_stats/daemons/everyday_lk_stats.php on line 113
[07-Apr-2017 00:01:15 Europe/Moscow] PHP Notice:  ob_clean(): failed to delete buffer. No buffer to delete in /home/bsn/sites/bsn.ru/public_html/cron/daily_stats/daemons/everyday_lk_stats.php on line 113
[08-Apr-2017 00:01:19 Europe/Moscow] PHP Notice:  ob_clean(): failed to delete buffer. No buffer to delete in /home/bsn/sites/bsn.ru/public_html/cron/daily_stats/daemons/everyday_lk_stats.php on line 113
[09-Apr-2017 00:01:19 Europe/Moscow] PHP Notice:  ob_clean(): failed to delete buffer. No buffer to delete in /home/bsn/sites/bsn.ru/public_html/cron/daily_stats/daemons/everyday_lk_stats.php on line 113
[10-Apr-2017 00:01:19 Europe/Moscow] PHP Notice:  ob_clean(): failed to delete buffer. No buffer to delete in /home/bsn/sites/bsn.ru/public_html/cron/daily_stats/daemons/everyday_lk_stats.php on line 113
[11-Apr-2017 00:01:25 Europe/Moscow] PHP Notice:  ob_clean(): failed to delete buffer. No buffer to delete in /home/bsn/sites/bsn.ru/public_html/cron/daily_stats/daemons/everyday_lk_stats.php on line 113
[12-Apr-2017 00:01:19 Europe/Moscow] PHP Notice:  ob_clean(): failed to delete buffer. No buffer to delete in /home/bsn/sites/bsn.ru/public_html/cron/daily_stats/daemons/everyday_lk_stats.php on line 113
[13-Apr-2017 00:01:14 Europe/Moscow] PHP Notice:  ob_clean(): failed to delete buffer. No buffer to delete in /home/bsn/sites/bsn.ru/public_html/cron/daily_stats/daemons/everyday_lk_stats.php on line 113
[14-Apr-2017 00:01:19 Europe/Moscow] PHP Notice:  ob_clean(): failed to delete buffer. No buffer to delete in /home/bsn/sites/bsn.ru/public_html/cron/daily_stats/daemons/everyday_lk_stats.php on line 113
[15-Apr-2017 00:01:26 Europe/Moscow] PHP Notice:  ob_clean(): failed to delete buffer. No buffer to delete in /home/bsn/sites/bsn.ru/public_html/cron/daily_stats/daemons/everyday_lk_stats.php on line 113
[16-Apr-2017 00:01:19 Europe/Moscow] PHP Notice:  ob_clean(): failed to delete buffer. No buffer to delete in /home/bsn/sites/bsn.ru/public_html/cron/daily_stats/daemons/everyday_lk_stats.php on line 113
[17-Apr-2017 00:01:19 Europe/Moscow] PHP Notice:  ob_clean(): failed to delete buffer. No buffer to delete in /home/bsn/sites/bsn.ru/public_html/cron/daily_stats/daemons/everyday_lk_stats.php on line 113
[18-Apr-2017 00:01:21 Europe/Moscow] PHP Notice:  ob_clean(): failed to delete buffer. No buffer to delete in /home/bsn/sites/bsn.ru/public_html/cron/daily_stats/daemons/everyday_lk_stats.php on line 113
[19-Apr-2017 00:01:19 Europe/Moscow] PHP Notice:  ob_clean(): failed to delete buffer. No buffer to delete in /home/bsn/sites/bsn.ru/public_html/cron/daily_stats/daemons/everyday_lk_stats.php on line 113
[20-Apr-2017 00:01:24 Europe/Moscow] PHP Notice:  ob_clean(): failed to delete buffer. No buffer to delete in /home/bsn/sites/bsn.ru/public_html/cron/daily_stats/daemons/everyday_lk_stats.php on line 113
[21-Apr-2017 00:01:24 Europe/Moscow] PHP Notice:  ob_clean(): failed to delete buffer. No buffer to delete in /home/bsn/sites/bsn.ru/public_html/cron/daily_stats/daemons/everyday_lk_stats.php on line 113
[22-Apr-2017 00:01:24 Europe/Moscow] PHP Notice:  ob_clean(): failed to delete buffer. No buffer to delete in /home/bsn/sites/bsn.ru/public_html/cron/daily_stats/daemons/everyday_lk_stats.php on line 113
[23-Apr-2017 00:01:37 Europe/Moscow] PHP Notice:  ob_clean(): failed to delete buffer. No buffer to delete in /home/bsn/sites/bsn.ru/public_html/cron/daily_stats/daemons/everyday_lk_stats.php on line 113
[24-Apr-2017 00:01:24 Europe/Moscow] PHP Notice:  ob_clean(): failed to delete buffer. No buffer to delete in /home/bsn/sites/bsn.ru/public_html/cron/daily_stats/daemons/everyday_lk_stats.php on line 113
[25-Apr-2017 00:01:23 Europe/Moscow] PHP Notice:  ob_clean(): failed to delete buffer. No buffer to delete in /home/bsn/sites/bsn.ru/public_html/cron/daily_stats/daemons/everyday_lk_stats.php on line 113
[26-Apr-2017 00:01:23 Europe/Moscow] PHP Notice:  ob_clean(): failed to delete buffer. No buffer to delete in /home/bsn/sites/bsn.ru/public_html/cron/daily_stats/daemons/everyday_lk_stats.php on line 113
[27-Apr-2017 00:01:34 Europe/Moscow] PHP Notice:  ob_clean(): failed to delete buffer. No buffer to delete in /home/bsn/sites/bsn.ru/public_html/cron/daily_stats/daemons/everyday_lk_stats.php on line 113
[28-Apr-2017 00:01:34 Europe/Moscow] PHP Notice:  ob_clean(): failed to delete buffer. No buffer to delete in /home/bsn/sites/bsn.ru/public_html/cron/daily_stats/daemons/everyday_lk_stats.php on line 113
[29-Apr-2017 00:01:29 Europe/Moscow] PHP Notice:  ob_clean(): failed to delete buffer. No buffer to delete in /home/bsn/sites/bsn.ru/public_html/cron/daily_stats/daemons/everyday_lk_stats.php on line 113
[30-Apr-2017 00:01:19 Europe/Moscow] PHP Notice:  ob_clean(): failed to delete buffer. No buffer to delete in /home/bsn/sites/bsn.ru/public_html/cron/daily_stats/daemons/everyday_lk_stats.php on line 113
[01-May-2017 00:01:29 Europe/Moscow] PHP Notice:  ob_clean(): failed to delete buffer. No buffer to delete in /home/bsn/sites/bsn.ru/public_html/cron/daily_stats/daemons/everyday_lk_stats.php on line 113
[02-May-2017 00:01:24 Europe/Moscow] PHP Notice:  ob_clean(): failed to delete buffer. No buffer to delete in /home/bsn/sites/bsn.ru/public_html/cron/daily_stats/daemons/everyday_lk_stats.php on line 113
[03-May-2017 00:01:34 Europe/Moscow] PHP Notice:  ob_clean(): failed to delete buffer. No buffer to delete in /home/bsn/sites/bsn.ru/public_html/cron/daily_stats/daemons/everyday_lk_stats.php on line 113
[04-May-2017 00:01:24 Europe/Moscow] PHP Notice:  ob_clean(): failed to delete buffer. No buffer to delete in /home/bsn/sites/bsn.ru/public_html/cron/daily_stats/daemons/everyday_lk_stats.php on line 113
[05-May-2017 00:01:25 Europe/Moscow] PHP Notice:  ob_clean(): failed to delete buffer. No buffer to delete in /home/bsn/sites/bsn.ru/public_html/cron/daily_stats/daemons/everyday_lk_stats.php on line 113
[06-May-2017 00:01:25 Europe/Moscow] PHP Notice:  ob_clean(): failed to delete buffer. No buffer to delete in /home/bsn/sites/bsn.ru/public_html/cron/daily_stats/daemons/everyday_lk_stats.php on line 113
[07-May-2017 00:01:24 Europe/Moscow] PHP Notice:  ob_clean(): failed to delete buffer. No buffer to delete in /home/bsn/sites/bsn.ru/public_html/cron/daily_stats/daemons/everyday_lk_stats.php on line 113
[08-May-2017 00:01:40 Europe/Moscow] PHP Notice:  ob_clean(): failed to delete buffer. No buffer to delete in /home/bsn/sites/bsn.ru/public_html/cron/daily_stats/daemons/everyday_lk_stats.php on line 113
[09-May-2017 00:01:29 Europe/Moscow] PHP Notice:  ob_clean(): failed to delete buffer. No buffer to delete in /home/bsn/sites/bsn.ru/public_html/cron/daily_stats/daemons/everyday_lk_stats.php on line 113
[10-May-2017 00:01:35 Europe/Moscow] PHP Notice:  ob_clean(): failed to delete buffer. No buffer to delete in /home/bsn/sites/bsn.ru/public_html/cron/daily_stats/daemons/everyday_lk_stats.php on line 113
[11-May-2017 00:01:30 Europe/Moscow] PHP Notice:  ob_clean(): failed to delete buffer. No buffer to delete in /home/bsn/sites/bsn.ru/public_html/cron/daily_stats/daemons/everyday_lk_stats.php on line 113
[12-May-2017 00:01:29 Europe/Moscow] PHP Notice:  ob_clean(): failed to delete buffer. No buffer to delete in /home/bsn/sites/bsn.ru/public_html/cron/daily_stats/daemons/everyday_lk_stats.php on line 113
[13-May-2017 00:01:34 Europe/Moscow] PHP Notice:  ob_clean(): failed to delete buffer. No buffer to delete in /home/bsn/sites/bsn.ru/public_html/cron/daily_stats/daemons/everyday_lk_stats.php on line 113
[14-May-2017 00:01:34 Europe/Moscow] PHP Notice:  ob_clean(): failed to delete buffer. No buffer to delete in /home/bsn/sites/bsn.ru/public_html/cron/daily_stats/daemons/everyday_lk_stats.php on line 113
[15-May-2017 00:01:30 Europe/Moscow] PHP Notice:  ob_clean(): failed to delete buffer. No buffer to delete in /home/bsn/sites/bsn.ru/public_html/cron/daily_stats/daemons/everyday_lk_stats.php on line 113
[16-May-2017 00:01:25 Europe/Moscow] PHP Notice:  ob_clean(): failed to delete buffer. No buffer to delete in /home/bsn/sites/bsn.ru/public_html/cron/daily_stats/daemons/everyday_lk_stats.php on line 113
[17-May-2017 00:01:29 Europe/Moscow] PHP Notice:  ob_clean(): failed to delete buffer. No buffer to delete in /home/bsn/sites/bsn.ru/public_html/cron/daily_stats/daemons/everyday_lk_stats.php on line 113
[18-May-2017 00:01:26 Europe/Moscow] PHP Notice:  ob_clean(): failed to delete buffer. No buffer to delete in /home/bsn/sites/bsn.ru/public_html/cron/daily_stats/daemons/everyday_lk_stats.php on line 113
[19-May-2017 00:01:35 Europe/Moscow] PHP Notice:  ob_clean(): failed to delete buffer. No buffer to delete in /home/bsn/sites/bsn.ru/public_html/cron/daily_stats/daemons/everyday_lk_stats.php on line 113
[20-May-2017 00:01:25 Europe/Moscow] PHP Notice:  ob_clean(): failed to delete buffer. No buffer to delete in /home/bsn/sites/bsn.ru/public_html/cron/daily_stats/daemons/everyday_lk_stats.php on line 113
[21-May-2017 00:01:49 Europe/Moscow] PHP Notice:  ob_clean(): failed to delete buffer. No buffer to delete in /home/bsn/sites/bsn.ru/public_html/cron/daily_stats/daemons/everyday_lk_stats.php on line 113
[22-May-2017 00:01:26 Europe/Moscow] PHP Notice:  ob_clean(): failed to delete buffer. No buffer to delete in /home/bsn/sites/bsn.ru/public_html/cron/daily_stats/daemons/everyday_lk_stats.php on line 113
[23-May-2017 00:01:29 Europe/Moscow] PHP Notice:  ob_clean(): failed to delete buffer. No buffer to delete in /home/bsn/sites/bsn.ru/public_html/cron/daily_stats/daemons/everyday_lk_stats.php on line 113
[24-May-2017 00:01:30 Europe/Moscow] PHP Notice:  ob_clean(): failed to delete buffer. No buffer to delete in /home/bsn/sites/bsn.ru/public_html/cron/daily_stats/daemons/everyday_lk_stats.php on line 113
[25-May-2017 00:02:28 Europe/Moscow] PHP Notice:  ob_clean(): failed to delete buffer. No buffer to delete in /home/bsn/sites/bsn.ru/public_html/cron/daily_stats/daemons/everyday_lk_stats.php on line 113
[26-May-2017 00:01:24 Europe/Moscow] PHP Notice:  ob_clean(): failed to delete buffer. No buffer to delete in /home/bsn/sites/bsn.ru/public_html/cron/daily_stats/daemons/everyday_lk_stats.php on line 113
[27-May-2017 00:01:20 Europe/Moscow] PHP Notice:  ob_clean(): failed to delete buffer. No buffer to delete in /home/bsn/sites/bsn.ru/public_html/cron/daily_stats/daemons/everyday_lk_stats.php on line 113
[28-May-2017 00:01:20 Europe/Moscow] PHP Notice:  ob_clean(): failed to delete buffer. No buffer to delete in /home/bsn/sites/bsn.ru/public_html/cron/daily_stats/daemons/everyday_lk_stats.php on line 113
[29-May-2017 00:01:19 Europe/Moscow] PHP Notice:  ob_clean(): failed to delete buffer. No buffer to delete in /home/bsn/sites/bsn.ru/public_html/cron/daily_stats/daemons/everyday_lk_stats.php on line 113
[30-May-2017 00:01:24 Europe/Moscow] PHP Notice:  ob_clean(): failed to delete buffer. No buffer to delete in /home/bsn/sites/bsn.ru/public_html/cron/daily_stats/daemons/everyday_lk_stats.php on line 113
[31-May-2017 00:01:24 Europe/Moscow] PHP Notice:  ob_clean(): failed to delete buffer. No buffer to delete in /home/bsn/sites/bsn.ru/public_html/cron/daily_stats/daemons/everyday_lk_stats.php on line 113
[01-Jun-2017 00:01:19 Europe/Moscow] PHP Notice:  ob_clean(): failed to delete buffer. No buffer to delete in /home/bsn/sites/bsn.ru/public_html/cron/daily_stats/daemons/everyday_lk_stats.php on line 113
[02-Jun-2017 00:01:24 Europe/Moscow] PHP Notice:  ob_clean(): failed to delete buffer. No buffer to delete in /home/bsn/sites/bsn.ru/public_html/cron/daily_stats/daemons/everyday_lk_stats.php on line 113
[03-Jun-2017 00:01:19 Europe/Moscow] PHP Notice:  ob_clean(): failed to delete buffer. No buffer to delete in /home/bsn/sites/bsn.ru/public_html/cron/daily_stats/daemons/everyday_lk_stats.php on line 113
[04-Jun-2017 00:01:25 Europe/Moscow] PHP Notice:  ob_clean(): failed to delete buffer. No buffer to delete in /home/bsn/sites/bsn.ru/public_html/cron/daily_stats/daemons/everyday_lk_stats.php on line 113
[05-Jun-2017 00:01:20 Europe/Moscow] PHP Notice:  ob_clean(): failed to delete buffer. No buffer to delete in /home/bsn/sites/bsn.ru/public_html/cron/daily_stats/daemons/everyday_lk_stats.php on line 113
[06-Jun-2017 00:01:19 Europe/Moscow] PHP Notice:  ob_clean(): failed to delete buffer. No buffer to delete in /home/bsn/sites/bsn.ru/public_html/cron/daily_stats/daemons/everyday_lk_stats.php on line 113
[07-Jun-2017 00:03:59 Europe/Moscow] PHP Notice:  ob_clean(): failed to delete buffer. No buffer to delete in /home/bsn/sites/bsn.ru/public_html/cron/daily_stats/daemons/everyday_lk_stats.php on line 113
[08-Jun-2017 00:01:19 Europe/Moscow] PHP Notice:  ob_clean(): failed to delete buffer. No buffer to delete in /home/bsn/sites/bsn.ru/public_html/cron/daily_stats/daemons/everyday_lk_stats.php on line 113
[09-Jun-2017 00:01:14 Europe/Moscow] PHP Notice:  ob_clean(): failed to delete buffer. No buffer to delete in /home/bsn/sites/bsn.ru/public_html/cron/daily_stats/daemons/everyday_lk_stats.php on line 113
[10-Jun-2017 00:01:19 Europe/Moscow] PHP Notice:  ob_clean(): failed to delete buffer. No buffer to delete in /home/bsn/sites/bsn.ru/public_html/cron/daily_stats/daemons/everyday_lk_stats.php on line 113
[11-Jun-2017 00:01:19 Europe/Moscow] PHP Notice:  ob_clean(): failed to delete buffer. No buffer to delete in /home/bsn/sites/bsn.ru/public_html/cron/daily_stats/daemons/everyday_lk_stats.php on line 113
[12-Jun-2017 00:01:24 Europe/Moscow] PHP Notice:  ob_clean(): failed to delete buffer. No buffer to delete in /home/bsn/sites/bsn.ru/public_html/cron/daily_stats/daemons/everyday_lk_stats.php on line 113
[13-Jun-2017 00:01:24 Europe/Moscow] PHP Notice:  ob_clean(): failed to delete buffer. No buffer to delete in /home/bsn/sites/bsn.ru/public_html/cron/daily_stats/daemons/everyday_lk_stats.php on line 113
[14-Jun-2017 00:01:24 Europe/Moscow] PHP Notice:  ob_clean(): failed to delete buffer. No buffer to delete in /home/bsn/sites/bsn.ru/public_html/cron/daily_stats/daemons/everyday_lk_stats.php on line 113
[15-Jun-2017 00:01:29 Europe/Moscow] PHP Notice:  ob_clean(): failed to delete buffer. No buffer to delete in /home/bsn/sites/bsn.ru/public_html/cron/daily_stats/daemons/everyday_lk_stats.php on line 113
[16-Jun-2017 00:01:24 Europe/Moscow] PHP Notice:  ob_clean(): failed to delete buffer. No buffer to delete in /home/bsn/sites/bsn.ru/public_html/cron/daily_stats/daemons/everyday_lk_stats.php on line 113
[17-Jun-2017 00:01:24 Europe/Moscow] PHP Notice:  ob_clean(): failed to delete buffer. No buffer to delete in /home/bsn/sites/bsn.ru/public_html/cron/daily_stats/daemons/everyday_lk_stats.php on line 113
[18-Jun-2017 00:01:19 Europe/Moscow] PHP Notice:  ob_clean(): failed to delete buffer. No buffer to delete in /home/bsn/sites/bsn.ru/public_html/cron/daily_stats/daemons/everyday_lk_stats.php on line 113
[19-Jun-2017 00:01:19 Europe/Moscow] PHP Notice:  ob_clean(): failed to delete buffer. No buffer to delete in /home/bsn/sites/bsn.ru/public_html/cron/daily_stats/daemons/everyday_lk_stats.php on line 113
[20-Jun-2017 00:01:24 Europe/Moscow] PHP Notice:  ob_clean(): failed to delete buffer. No buffer to delete in /home/bsn/sites/bsn.ru/public_html/cron/daily_stats/daemons/everyday_lk_stats.php on line 113
[21-Jun-2017 00:01:23 Europe/Moscow] PHP Notice:  ob_clean(): failed to delete buffer. No buffer to delete in /home/bsn/sites/bsn.ru/public_html/cron/daily_stats/daemons/everyday_lk_stats.php on line 113
[22-Jun-2017 00:01:39 Europe/Moscow] PHP Notice:  ob_clean(): failed to delete buffer. No buffer to delete in /home/bsn/sites/bsn.ru/public_html/cron/daily_stats/daemons/everyday_lk_stats.php on line 113
[23-Jun-2017 00:01:29 Europe/Moscow] PHP Notice:  ob_clean(): failed to delete buffer. No buffer to delete in /home/bsn/sites/bsn.ru/public_html/cron/daily_stats/daemons/everyday_lk_stats.php on line 113
[24-Jun-2017 00:01:30 Europe/Moscow] PHP Notice:  ob_clean(): failed to delete buffer. No buffer to delete in /home/bsn/sites/bsn.ru/public_html/cron/daily_stats/daemons/everyday_lk_stats.php on line 113
[25-Jun-2017 00:01:25 Europe/Moscow] PHP Notice:  ob_clean(): failed to delete buffer. No buffer to delete in /home/bsn/sites/bsn.ru/public_html/cron/daily_stats/daemons/everyday_lk_stats.php on line 113
[26-Jun-2017 00:01:25 Europe/Moscow] PHP Notice:  ob_clean(): failed to delete buffer. No buffer to delete in /home/bsn/sites/bsn.ru/public_html/cron/daily_stats/daemons/everyday_lk_stats.php on line 113
[27-Jun-2017 00:01:19 Europe/Moscow] PHP Notice:  ob_clean(): failed to delete buffer. No buffer to delete in /home/bsn/sites/bsn.ru/public_html/cron/daily_stats/daemons/everyday_lk_stats.php on line 113
[28-Jun-2017 00:01:29 Europe/Moscow] PHP Notice:  ob_clean(): failed to delete buffer. No buffer to delete in /home/bsn/sites/bsn.ru/public_html/cron/daily_stats/daemons/everyday_lk_stats.php on line 113
[29-Jun-2017 00:01:24 Europe/Moscow] PHP Notice:  ob_clean(): failed to delete buffer. No buffer to delete in /home/bsn/sites/bsn.ru/public_html/cron/daily_stats/daemons/everyday_lk_stats.php on line 113
[30-Jun-2017 00:01:21 Europe/Moscow] PHP Notice:  ob_clean(): failed to delete buffer. No buffer to delete in /home/bsn/sites/bsn.ru/public_html/cron/daily_stats/daemons/everyday_lk_stats.php on line 113
[01-Jul-2017 00:01:25 Europe/Moscow] PHP Notice:  ob_clean(): failed to delete buffer. No buffer to delete in /home/bsn/sites/bsn.ru/public_html/cron/daily_stats/daemons/everyday_lk_stats.php on line 113
[02-Jul-2017 00:01:24 Europe/Moscow] PHP Notice:  ob_clean(): failed to delete buffer. No buffer to delete in /home/bsn/sites/bsn.ru/public_html/cron/daily_stats/daemons/everyday_lk_stats.php on line 113
[03-Jul-2017 00:01:25 Europe/Moscow] PHP Notice:  ob_clean(): failed to delete buffer. No buffer to delete in /home/bsn/sites/bsn.ru/public_html/cron/daily_stats/daemons/everyday_lk_stats.php on line 113
[04-Jul-2017 00:01:25 Europe/Moscow] PHP Notice:  ob_clean(): failed to delete buffer. No buffer to delete in /home/bsn/sites/bsn.ru/public_html/cron/daily_stats/daemons/everyday_lk_stats.php on line 113
[05-Jul-2017 00:01:23 Europe/Moscow] PHP Notice:  ob_clean(): failed to delete buffer. No buffer to delete in /home/bsn/sites/bsn.ru/public_html/cron/daily_stats/daemons/everyday_lk_stats.php on line 113
[06-Jul-2017 00:01:49 Europe/Moscow] PHP Notice:  ob_clean(): failed to delete buffer. No buffer to delete in /home/bsn/sites/bsn.ru/public_html/cron/daily_stats/daemons/everyday_lk_stats.php on line 113
[07-Jul-2017 00:01:25 Europe/Moscow] PHP Notice:  ob_clean(): failed to delete buffer. No buffer to delete in /home/bsn/sites/bsn.ru/public_html/cron/daily_stats/daemons/everyday_lk_stats.php on line 113
[08-Jul-2017 00:01:29 Europe/Moscow] PHP Notice:  ob_clean(): failed to delete buffer. No buffer to delete in /home/bsn/sites/bsn.ru/public_html/cron/daily_stats/daemons/everyday_lk_stats.php on line 113
[09-Jul-2017 00:01:18 Europe/Moscow] PHP Notice:  ob_clean(): failed to delete buffer. No buffer to delete in /home/bsn/sites/bsn.ru/public_html/cron/daily_stats/daemons/everyday_lk_stats.php on line 113
[10-Jul-2017 00:01:19 Europe/Moscow] PHP Notice:  ob_clean(): failed to delete buffer. No buffer to delete in /home/bsn/sites/bsn.ru/public_html/cron/daily_stats/daemons/everyday_lk_stats.php on line 113
[11-Jul-2017 00:01:23 Europe/Moscow] PHP Notice:  ob_clean(): failed to delete buffer. No buffer to delete in /home/bsn/sites/bsn.ru/public_html/cron/daily_stats/daemons/everyday_lk_stats.php on line 113
[12-Jul-2017 00:01:19 Europe/Moscow] PHP Notice:  ob_clean(): failed to delete buffer. No buffer to delete in /home/bsn/sites/bsn.ru/public_html/cron/daily_stats/daemons/everyday_lk_stats.php on line 113
[13-Jul-2017 00:01:24 Europe/Moscow] PHP Notice:  ob_clean(): failed to delete buffer. No buffer to delete in /home/bsn/sites/bsn.ru/public_html/cron/daily_stats/daemons/everyday_lk_stats.php on line 113
[14-Jul-2017 00:01:20 Europe/Moscow] PHP Notice:  ob_clean(): failed to delete buffer. No buffer to delete in /home/bsn/sites/bsn.ru/public_html/cron/daily_stats/daemons/everyday_lk_stats.php on line 113
[15-Jul-2017 00:02:41 Europe/Moscow] PHP Notice:  ob_clean(): failed to delete buffer. No buffer to delete in /home/bsn/sites/bsn.ru/public_html/cron/daily_stats/daemons/everyday_lk_stats.php on line 113
[16-Jul-2017 00:01:19 Europe/Moscow] PHP Notice:  ob_clean(): failed to delete buffer. No buffer to delete in /home/bsn/sites/bsn.ru/public_html/cron/daily_stats/daemons/everyday_lk_stats.php on line 113
[17-Jul-2017 00:01:19 Europe/Moscow] PHP Notice:  ob_clean(): failed to delete buffer. No buffer to delete in /home/bsn/sites/bsn.ru/public_html/cron/daily_stats/daemons/everyday_lk_stats.php on line 113
[18-Jul-2017 00:01:20 Europe/Moscow] PHP Notice:  ob_clean(): failed to delete buffer. No buffer to delete in /home/bsn/sites/bsn.ru/public_html/cron/daily_stats/daemons/everyday_lk_stats.php on line 113
[19-Jul-2017 00:01:19 Europe/Moscow] PHP Notice:  ob_clean(): failed to delete buffer. No buffer to delete in /home/bsn/sites/bsn.ru/public_html/cron/daily_stats/daemons/everyday_lk_stats.php on line 113
[20-Jul-2017 00:01:19 Europe/Moscow] PHP Notice:  ob_clean(): failed to delete buffer. No buffer to delete in /home/bsn/sites/bsn.ru/public_html/cron/daily_stats/daemons/everyday_lk_stats.php on line 113
[21-Jul-2017 00:01:39 Europe/Moscow] PHP Notice:  ob_clean(): failed to delete buffer. No buffer to delete in /home/bsn/sites/bsn.ru/public_html/cron/daily_stats/daemons/everyday_lk_stats.php on line 113
[22-Jul-2017 00:01:24 Europe/Moscow] PHP Notice:  ob_clean(): failed to delete buffer. No buffer to delete in /home/bsn/sites/bsn.ru/public_html/cron/daily_stats/daemons/everyday_lk_stats.php on line 113
[23-Jul-2017 00:01:24 Europe/Moscow] PHP Notice:  ob_clean(): failed to delete buffer. No buffer to delete in /home/bsn/sites/bsn.ru/public_html/cron/daily_stats/daemons/everyday_lk_stats.php on line 113
[24-Jul-2017 00:01:24 Europe/Moscow] PHP Notice:  ob_clean(): failed to delete buffer. No buffer to delete in /home/bsn/sites/bsn.ru/public_html/cron/daily_stats/daemons/everyday_lk_stats.php on line 113
[25-Jul-2017 00:01:19 Europe/Moscow] PHP Notice:  ob_clean(): failed to delete buffer. No buffer to delete in /home/bsn/sites/bsn.ru/public_html/cron/daily_stats/daemons/everyday_lk_stats.php on line 113
[26-Jul-2017 00:01:19 Europe/Moscow] PHP Notice:  ob_clean(): failed to delete buffer. No buffer to delete in /home/bsn/sites/bsn.ru/public_html/cron/daily_stats/daemons/everyday_lk_stats.php on line 113
[27-Jul-2017 00:01:19 Europe/Moscow] PHP Notice:  ob_clean(): failed to delete buffer. No buffer to delete in /home/bsn/sites/bsn.ru/public_html/cron/daily_stats/daemons/everyday_lk_stats.php on line 113
[28-Jul-2017 00:01:20 Europe/Moscow] PHP Notice:  ob_clean(): failed to delete buffer. No buffer to delete in /home/bsn/sites/bsn.ru/public_html/cron/daily_stats/daemons/everyday_lk_stats.php on line 113
[29-Jul-2017 00:01:19 Europe/Moscow] PHP Notice:  ob_clean(): failed to delete buffer. No buffer to delete in /home/bsn/sites/bsn.ru/public_html/cron/daily_stats/daemons/everyday_lk_stats.php on line 113
[30-Jul-2017 00:01:24 Europe/Moscow] PHP Notice:  ob_clean(): failed to delete buffer. No buffer to delete in /home/bsn/sites/bsn.ru/public_html/cron/daily_stats/daemons/everyday_lk_stats.php on line 113
[31-Jul-2017 00:01:19 Europe/Moscow] PHP Notice:  ob_clean(): failed to delete buffer. No buffer to delete in /home/bsn/sites/bsn.ru/public_html/cron/daily_stats/daemons/everyday_lk_stats.php on line 113
[01-Aug-2017 00:01:19 Europe/Moscow] PHP Notice:  ob_clean(): failed to delete buffer. No buffer to delete in /home/bsn/sites/bsn.ru/public_html/cron/daily_stats/daemons/everyday_lk_stats.php on line 113
[02-Aug-2017 00:01:19 Europe/Moscow] PHP Notice:  ob_clean(): failed to delete buffer. No buffer to delete in /home/bsn/sites/bsn.ru/public_html/cron/daily_stats/daemons/everyday_lk_stats.php on line 113
[03-Aug-2017 00:01:24 Europe/Moscow] PHP Notice:  ob_clean(): failed to delete buffer. No buffer to delete in /home/bsn/sites/bsn.ru/public_html/cron/daily_stats/daemons/everyday_lk_stats.php on line 113
[04-Aug-2017 00:01:19 Europe/Moscow] PHP Notice:  ob_clean(): failed to delete buffer. No buffer to delete in /home/bsn/sites/bsn.ru/public_html/cron/daily_stats/daemons/everyday_lk_stats.php on line 113
[05-Aug-2017 00:01:24 Europe/Moscow] PHP Notice:  ob_clean(): failed to delete buffer. No buffer to delete in /home/bsn/sites/bsn.ru/public_html/cron/daily_stats/daemons/everyday_lk_stats.php on line 113
[06-Aug-2017 00:01:18 Europe/Moscow] PHP Notice:  ob_clean(): failed to delete buffer. No buffer to delete in /home/bsn/sites/bsn.ru/public_html/cron/daily_stats/daemons/everyday_lk_stats.php on line 113
[07-Aug-2017 00:01:24 Europe/Moscow] PHP Notice:  ob_clean(): failed to delete buffer. No buffer to delete in /home/bsn/sites/bsn.ru/public_html/cron/daily_stats/daemons/everyday_lk_stats.php on line 113
[08-Aug-2017 00:01:18 Europe/Moscow] PHP Notice:  ob_clean(): failed to delete buffer. No buffer to delete in /home/bsn/sites/bsn.ru/public_html/cron/daily_stats/daemons/everyday_lk_stats.php on line 113
[09-Aug-2017 00:01:18 Europe/Moscow] PHP Notice:  ob_clean(): failed to delete buffer. No buffer to delete in /home/bsn/sites/bsn.ru/public_html/cron/daily_stats/daemons/everyday_lk_stats.php on line 113
[10-Aug-2017 00:01:18 Europe/Moscow] PHP Notice:  ob_clean(): failed to delete buffer. No buffer to delete in /home/bsn/sites/bsn.ru/public_html/cron/daily_stats/daemons/everyday_lk_stats.php on line 113
[11-Aug-2017 00:01:19 Europe/Moscow] PHP Notice:  ob_clean(): failed to delete buffer. No buffer to delete in /home/bsn/sites/bsn.ru/public_html/cron/daily_stats/daemons/everyday_lk_stats.php on line 113
[12-Aug-2017 00:01:23 Europe/Moscow] PHP Notice:  ob_clean(): failed to delete buffer. No buffer to delete in /home/bsn/sites/bsn.ru/public_html/cron/daily_stats/daemons/everyday_lk_stats.php on line 113
[13-Aug-2017 00:01:19 Europe/Moscow] PHP Notice:  ob_clean(): failed to delete buffer. No buffer to delete in /home/bsn/sites/bsn.ru/public_html/cron/daily_stats/daemons/everyday_lk_stats.php on line 113
[14-Aug-2017 00:01:18 Europe/Moscow] PHP Notice:  ob_clean(): failed to delete buffer. No buffer to delete in /home/bsn/sites/bsn.ru/public_html/cron/daily_stats/daemons/everyday_lk_stats.php on line 113
[15-Aug-2017 00:01:19 Europe/Moscow] PHP Notice:  ob_clean(): failed to delete buffer. No buffer to delete in /home/bsn/sites/bsn.ru/public_html/cron/daily_stats/daemons/everyday_lk_stats.php on line 113
[16-Aug-2017 00:01:14 Europe/Moscow] PHP Notice:  ob_clean(): failed to delete buffer. No buffer to delete in /home/bsn/sites/bsn.ru/public_html/cron/daily_stats/daemons/everyday_lk_stats.php on line 113
[17-Aug-2017 00:01:19 Europe/Moscow] PHP Notice:  ob_clean(): failed to delete buffer. No buffer to delete in /home/bsn/sites/bsn.ru/public_html/cron/daily_stats/daemons/everyday_lk_stats.php on line 113
[18-Aug-2017 00:01:19 Europe/Moscow] PHP Notice:  ob_clean(): failed to delete buffer. No buffer to delete in /home/bsn/sites/bsn.ru/public_html/cron/daily_stats/daemons/everyday_lk_stats.php on line 113
[19-Aug-2017 00:01:31 Europe/Moscow] PHP Notice:  ob_clean(): failed to delete buffer. No buffer to delete in /home/bsn/sites/bsn.ru/public_html/cron/daily_stats/daemons/everyday_lk_stats.php on line 113
[20-Aug-2017 00:01:24 Europe/Moscow] PHP Notice:  ob_clean(): failed to delete buffer. No buffer to delete in /home/bsn/sites/bsn.ru/public_html/cron/daily_stats/daemons/everyday_lk_stats.php on line 113
[21-Aug-2017 00:01:25 Europe/Moscow] PHP Notice:  ob_clean(): failed to delete buffer. No buffer to delete in /home/bsn/sites/bsn.ru/public_html/cron/daily_stats/daemons/everyday_lk_stats.php on line 113
[22-Aug-2017 00:01:24 Europe/Moscow] PHP Notice:  ob_clean(): failed to delete buffer. No buffer to delete in /home/bsn/sites/bsn.ru/public_html/cron/daily_stats/daemons/everyday_lk_stats.php on line 113
[23-Aug-2017 00:01:24 Europe/Moscow] PHP Notice:  ob_clean(): failed to delete buffer. No buffer to delete in /home/bsn/sites/bsn.ru/public_html/cron/daily_stats/daemons/everyday_lk_stats.php on line 113
[24-Aug-2017 00:01:25 Europe/Moscow] PHP Notice:  ob_clean(): failed to delete buffer. No buffer to delete in /home/bsn/sites/bsn.ru/public_html/cron/daily_stats/daemons/everyday_lk_stats.php on line 113
[25-Aug-2017 00:01:32 Europe/Moscow] PHP Notice:  ob_clean(): failed to delete buffer. No buffer to delete in /home/bsn/sites/bsn.ru/public_html/cron/daily_stats/daemons/everyday_lk_stats.php on line 113
[26-Aug-2017 00:01:24 Europe/Moscow] PHP Notice:  ob_clean(): failed to delete buffer. No buffer to delete in /home/bsn/sites/bsn.ru/public_html/cron/daily_stats/daemons/everyday_lk_stats.php on line 113
[27-Aug-2017 00:01:26 Europe/Moscow] PHP Notice:  ob_clean(): failed to delete buffer. No buffer to delete in /home/bsn/sites/bsn.ru/public_html/cron/daily_stats/daemons/everyday_lk_stats.php on line 113
[28-Aug-2017 00:01:24 Europe/Moscow] PHP Notice:  ob_clean(): failed to delete buffer. No buffer to delete in /home/bsn/sites/bsn.ru/public_html/cron/daily_stats/daemons/everyday_lk_stats.php on line 113
[29-Aug-2017 00:01:25 Europe/Moscow] PHP Notice:  ob_clean(): failed to delete buffer. No buffer to delete in /home/bsn/sites/bsn.ru/public_html/cron/daily_stats/daemons/everyday_lk_stats.php on line 113
[30-Aug-2017 00:01:20 Europe/Moscow] PHP Notice:  ob_clean(): failed to delete buffer. No buffer to delete in /home/bsn/sites/bsn.ru/public_html/cron/daily_stats/daemons/everyday_lk_stats.php on line 113
[31-Aug-2017 00:01:19 Europe/Moscow] PHP Notice:  ob_clean(): failed to delete buffer. No buffer to delete in /home/bsn/sites/bsn.ru/public_html/cron/daily_stats/daemons/everyday_lk_stats.php on line 113
[01-Sep-2017 00:01:15 Europe/Moscow] PHP Notice:  ob_clean(): failed to delete buffer. No buffer to delete in /home/bsn/sites/bsn.ru/public_html/cron/daily_stats/daemons/everyday_lk_stats.php on line 113
[02-Sep-2017 00:01:20 Europe/Moscow] PHP Notice:  ob_clean(): failed to delete buffer. No buffer to delete in /home/bsn/sites/bsn.ru/public_html/cron/daily_stats/daemons/everyday_lk_stats.php on line 113
[03-Sep-2017 00:01:20 Europe/Moscow] PHP Notice:  ob_clean(): failed to delete buffer. No buffer to delete in /home/bsn/sites/bsn.ru/public_html/cron/daily_stats/daemons/everyday_lk_stats.php on line 113
[04-Sep-2017 00:01:19 Europe/Moscow] PHP Notice:  ob_clean(): failed to delete buffer. No buffer to delete in /home/bsn/sites/bsn.ru/public_html/cron/daily_stats/daemons/everyday_lk_stats.php on line 113
[05-Sep-2017 00:01:24 Europe/Moscow] PHP Notice:  ob_clean(): failed to delete buffer. No buffer to delete in /home/bsn/sites/bsn.ru/public_html/cron/daily_stats/daemons/everyday_lk_stats.php on line 113
[06-Sep-2017 00:01:31 Europe/Moscow] PHP Notice:  ob_clean(): failed to delete buffer. No buffer to delete in /home/bsn/sites/bsn.ru/public_html/cron/daily_stats/daemons/everyday_lk_stats.php on line 113
[07-Sep-2017 00:01:42 Europe/Moscow] PHP Notice:  ob_clean(): failed to delete buffer. No buffer to delete in /home/bsn/sites/bsn.ru/public_html/cron/daily_stats/daemons/everyday_lk_stats.php on line 113
[08-Sep-2017 00:01:37 Europe/Moscow] PHP Notice:  ob_clean(): failed to delete buffer. No buffer to delete in /home/bsn/sites/bsn.ru/public_html/cron/daily_stats/daemons/everyday_lk_stats.php on line 113
[09-Sep-2017 00:01:25 Europe/Moscow] PHP Notice:  ob_clean(): failed to delete buffer. No buffer to delete in /home/bsn/sites/bsn.ru/public_html/cron/daily_stats/daemons/everyday_lk_stats.php on line 113
[10-Sep-2017 00:01:30 Europe/Moscow] PHP Notice:  ob_clean(): failed to delete buffer. No buffer to delete in /home/bsn/sites/bsn.ru/public_html/cron/daily_stats/daemons/everyday_lk_stats.php on line 113
[11-Sep-2017 00:01:30 Europe/Moscow] PHP Notice:  ob_clean(): failed to delete buffer. No buffer to delete in /home/bsn/sites/bsn.ru/public_html/cron/daily_stats/daemons/everyday_lk_stats.php on line 113
[12-Sep-2017 00:01:30 Europe/Moscow] PHP Notice:  ob_clean(): failed to delete buffer. No buffer to delete in /home/bsn/sites/bsn.ru/public_html/cron/daily_stats/daemons/everyday_lk_stats.php on line 113
[13-Sep-2017 00:01:35 Europe/Moscow] PHP Notice:  ob_clean(): failed to delete buffer. No buffer to delete in /home/bsn/sites/bsn.ru/public_html/cron/daily_stats/daemons/everyday_lk_stats.php on line 113
[14-Sep-2017 00:01:29 Europe/Moscow] PHP Notice:  ob_clean(): failed to delete buffer. No buffer to delete in /home/bsn/sites/bsn.ru/public_html/cron/daily_stats/daemons/everyday_lk_stats.php on line 113
[15-Sep-2017 00:01:30 Europe/Moscow] PHP Notice:  ob_clean(): failed to delete buffer. No buffer to delete in /home/bsn/sites/bsn.ru/public_html/cron/daily_stats/daemons/everyday_lk_stats.php on line 113
[16-Sep-2017 00:01:25 Europe/Moscow] PHP Notice:  ob_clean(): failed to delete buffer. No buffer to delete in /home/bsn/sites/bsn.ru/public_html/cron/daily_stats/daemons/everyday_lk_stats.php on line 113
[17-Sep-2017 00:01:30 Europe/Moscow] PHP Notice:  ob_clean(): failed to delete buffer. No buffer to delete in /home/bsn/sites/bsn.ru/public_html/cron/daily_stats/daemons/everyday_lk_stats.php on line 113
[18-Sep-2017 00:01:31 Europe/Moscow] PHP Notice:  ob_clean(): failed to delete buffer. No buffer to delete in /home/bsn/sites/bsn.ru/public_html/cron/daily_stats/daemons/everyday_lk_stats.php on line 113
[19-Sep-2017 00:01:24 Europe/Moscow] PHP Notice:  ob_clean(): failed to delete buffer. No buffer to delete in /home/bsn/sites/bsn.ru/public_html/cron/daily_stats/daemons/everyday_lk_stats.php on line 113
[20-Sep-2017 00:01:26 Europe/Moscow] PHP Notice:  ob_clean(): failed to delete buffer. No buffer to delete in /home/bsn/sites/bsn.ru/public_html/cron/daily_stats/daemons/everyday_lk_stats.php on line 113
[21-Sep-2017 00:01:30 Europe/Moscow] PHP Notice:  ob_clean(): failed to delete buffer. No buffer to delete in /home/bsn/sites/bsn.ru/public_html/cron/daily_stats/daemons/everyday_lk_stats.php on line 113
[22-Sep-2017 00:01:30 Europe/Moscow] PHP Notice:  ob_clean(): failed to delete buffer. No buffer to delete in /home/bsn/sites/bsn.ru/public_html/cron/daily_stats/daemons/everyday_lk_stats.php on line 113
[23-Sep-2017 00:01:25 Europe/Moscow] PHP Notice:  ob_clean(): failed to delete buffer. No buffer to delete in /home/bsn/sites/bsn.ru/public_html/cron/daily_stats/daemons/everyday_lk_stats.php on line 113
[24-Sep-2017 00:01:25 Europe/Moscow] PHP Notice:  ob_clean(): failed to delete buffer. No buffer to delete in /home/bsn/sites/bsn.ru/public_html/cron/daily_stats/daemons/everyday_lk_stats.php on line 113
[25-Sep-2017 00:01:25 Europe/Moscow] PHP Notice:  ob_clean(): failed to delete buffer. No buffer to delete in /home/bsn/sites/bsn.ru/public_html/cron/daily_stats/daemons/everyday_lk_stats.php on line 113
[26-Sep-2017 00:01:34 Europe/Moscow] PHP Notice:  ob_clean(): failed to delete buffer. No buffer to delete in /home/bsn/sites/bsn.ru/public_html/cron/daily_stats/daemons/everyday_lk_stats.php on line 113
[27-Sep-2017 00:01:24 Europe/Moscow] PHP Notice:  ob_clean(): failed to delete buffer. No buffer to delete in /home/bsn/sites/bsn.ru/public_html/cron/daily_stats/daemons/everyday_lk_stats.php on line 113
[28-Sep-2017 00:03:13 Europe/Moscow] PHP Notice:  ob_clean(): failed to delete buffer. No buffer to delete in /home/bsn/sites/bsn.ru/public_html/cron/daily_stats/daemons/everyday_lk_stats.php on line 113
[29-Sep-2017 00:03:20 Europe/Moscow] PHP Notice:  ob_clean(): failed to delete buffer. No buffer to delete in /home/bsn/sites/bsn.ru/public_html/cron/daily_stats/daemons/everyday_lk_stats.php on line 113
[30-Sep-2017 00:01:58 Europe/Moscow] PHP Notice:  ob_clean(): failed to delete buffer. No buffer to delete in /home/bsn/sites/bsn.ru/public_html/cron/daily_stats/daemons/everyday_lk_stats.php on line 113
[01-Oct-2017 00:01:58 Europe/Moscow] PHP Notice:  ob_clean(): failed to delete buffer. No buffer to delete in /home/bsn/sites/bsn.ru/public_html/cron/daily_stats/daemons/everyday_lk_stats.php on line 113
[02-Oct-2017 00:01:36 Europe/Moscow] PHP Notice:  ob_clean(): failed to delete buffer. No buffer to delete in /home/bsn/sites/bsn.ru/public_html/cron/daily_stats/daemons/everyday_lk_stats.php on line 113
[03-Oct-2017 00:01:35 Europe/Moscow] PHP Notice:  ob_clean(): failed to delete buffer. No buffer to delete in /home/bsn/sites/bsn.ru/public_html/cron/daily_stats/daemons/everyday_lk_stats.php on line 113
[04-Oct-2017 00:01:42 Europe/Moscow] PHP Notice:  ob_clean(): failed to delete buffer. No buffer to delete in /home/bsn/sites/bsn.ru/public_html/cron/daily_stats/daemons/everyday_lk_stats.php on line 113
[05-Oct-2017 00:01:30 Europe/Moscow] PHP Notice:  ob_clean(): failed to delete buffer. No buffer to delete in /home/bsn/sites/bsn.ru/public_html/cron/daily_stats/daemons/everyday_lk_stats.php on line 113
[06-Oct-2017 00:01:27 Europe/Moscow] PHP Notice:  ob_clean(): failed to delete buffer. No buffer to delete in /home/bsn/sites/bsn.ru/public_html/cron/daily_stats/daemons/everyday_lk_stats.php on line 113
[07-Oct-2017 00:02:57 Europe/Moscow] PHP Notice:  ob_clean(): failed to delete buffer. No buffer to delete in /home/bsn/sites/bsn.ru/public_html/cron/daily_stats/daemons/everyday_lk_stats.php on line 113
[08-Oct-2017 00:01:38 Europe/Moscow] PHP Notice:  ob_clean(): failed to delete buffer. No buffer to delete in /home/bsn/sites/bsn.ru/public_html/cron/daily_stats/daemons/everyday_lk_stats.php on line 113
[09-Oct-2017 00:01:26 Europe/Moscow] PHP Notice:  ob_clean(): failed to delete buffer. No buffer to delete in /home/bsn/sites/bsn.ru/public_html/cron/daily_stats/daemons/everyday_lk_stats.php on line 113
[10-Oct-2017 00:01:35 Europe/Moscow] PHP Notice:  ob_clean(): failed to delete buffer. No buffer to delete in /home/bsn/sites/bsn.ru/public_html/cron/daily_stats/daemons/everyday_lk_stats.php on line 113
[11-Oct-2017 00:01:31 Europe/Moscow] PHP Notice:  ob_clean(): failed to delete buffer. No buffer to delete in /home/bsn/sites/bsn.ru/public_html/cron/daily_stats/daemons/everyday_lk_stats.php on line 113
[12-Oct-2017 00:01:31 Europe/Moscow] PHP Notice:  ob_clean(): failed to delete buffer. No buffer to delete in /home/bsn/sites/bsn.ru/public_html/cron/daily_stats/daemons/everyday_lk_stats.php on line 113
[13-Oct-2017 00:01:36 Europe/Moscow] PHP Notice:  ob_clean(): failed to delete buffer. No buffer to delete in /home/bsn/sites/bsn.ru/public_html/cron/daily_stats/daemons/everyday_lk_stats.php on line 113
[14-Oct-2017 00:01:50 Europe/Moscow] PHP Notice:  ob_clean(): failed to delete buffer. No buffer to delete in /home/bsn/sites/bsn.ru/public_html/cron/daily_stats/daemons/everyday_lk_stats.php on line 113
[15-Oct-2017 00:01:25 Europe/Moscow] PHP Notice:  ob_clean(): failed to delete buffer. No buffer to delete in /home/bsn/sites/bsn.ru/public_html/cron/daily_stats/daemons/everyday_lk_stats.php on line 113
[16-Oct-2017 00:01:31 Europe/Moscow] PHP Notice:  ob_clean(): failed to delete buffer. No buffer to delete in /home/bsn/sites/bsn.ru/public_html/cron/daily_stats/daemons/everyday_lk_stats.php on line 113
[17-Oct-2017 00:01:25 Europe/Moscow] PHP Notice:  ob_clean(): failed to delete buffer. No buffer to delete in /home/bsn/sites/bsn.ru/public_html/cron/daily_stats/daemons/everyday_lk_stats.php on line 113
[18-Oct-2017 00:01:30 Europe/Moscow] PHP Notice:  ob_clean(): failed to delete buffer. No buffer to delete in /home/bsn/sites/bsn.ru/public_html/cron/daily_stats/daemons/everyday_lk_stats.php on line 113
[19-Oct-2017 00:01:35 Europe/Moscow] PHP Notice:  ob_clean(): failed to delete buffer. No buffer to delete in /home/bsn/sites/bsn.ru/public_html/cron/daily_stats/daemons/everyday_lk_stats.php on line 113
[20-Oct-2017 00:01:38 Europe/Moscow] PHP Notice:  ob_clean(): failed to delete buffer. No buffer to delete in /home/bsn/sites/bsn.ru/public_html/cron/daily_stats/daemons/everyday_lk_stats.php on line 113
[21-Oct-2017 00:02:22 Europe/Moscow] PHP Notice:  ob_clean(): failed to delete buffer. No buffer to delete in /home/bsn/sites/bsn.ru/public_html/cron/daily_stats/daemons/everyday_lk_stats.php on line 113
[22-Oct-2017 00:01:33 Europe/Moscow] PHP Notice:  ob_clean(): failed to delete buffer. No buffer to delete in /home/bsn/sites/bsn.ru/public_html/cron/daily_stats/daemons/everyday_lk_stats.php on line 113
[23-Oct-2017 00:01:35 Europe/Moscow] PHP Notice:  ob_clean(): failed to delete buffer. No buffer to delete in /home/bsn/sites/bsn.ru/public_html/cron/daily_stats/daemons/everyday_lk_stats.php on line 113
[24-Oct-2017 00:01:50 Europe/Moscow] PHP Notice:  ob_clean(): failed to delete buffer. No buffer to delete in /home/bsn/sites/bsn.ru/public_html/cron/daily_stats/daemons/everyday_lk_stats.php on line 113
[25-Oct-2017 00:01:35 Europe/Moscow] PHP Notice:  ob_clean(): failed to delete buffer. No buffer to delete in /home/bsn/sites/bsn.ru/public_html/cron/daily_stats/daemons/everyday_lk_stats.php on line 113
[26-Oct-2017 00:01:52 Europe/Moscow] PHP Notice:  ob_clean(): failed to delete buffer. No buffer to delete in /home/bsn/sites/bsn.ru/public_html/cron/daily_stats/daemons/everyday_lk_stats.php on line 113
[27-Oct-2017 00:03:01 Europe/Moscow] PHP Notice:  ob_clean(): failed to delete buffer. No buffer to delete in /home/bsn/sites/bsn.ru/public_html/cron/daily_stats/daemons/everyday_lk_stats.php on line 113
[28-Oct-2017 00:02:02 Europe/Moscow] PHP Notice:  ob_clean(): failed to delete buffer. No buffer to delete in /home/bsn/sites/bsn.ru/public_html/cron/daily_stats/daemons/everyday_lk_stats.php on line 113
[29-Oct-2017 00:03:01 Europe/Moscow] PHP Notice:  ob_clean(): failed to delete buffer. No buffer to delete in /home/bsn/sites/bsn.ru/public_html/cron/daily_stats/daemons/everyday_lk_stats.php on line 113
[30-Oct-2017 00:01:41 Europe/Moscow] PHP Notice:  ob_clean(): failed to delete buffer. No buffer to delete in /home/bsn/sites/bsn.ru/public_html/cron/daily_stats/daemons/everyday_lk_stats.php on line 113
[31-Oct-2017 00:01:31 Europe/Moscow] PHP Notice:  ob_clean(): failed to delete buffer. No buffer to delete in /home/bsn/sites/bsn.ru/public_html/cron/daily_stats/daemons/everyday_lk_stats.php on line 113
[01-Nov-2017 00:01:45 Europe/Moscow] PHP Notice:  ob_clean(): failed to delete buffer. No buffer to delete in /home/bsn/sites/bsn.ru/public_html/cron/daily_stats/daemons/everyday_lk_stats.php on line 113
[02-Nov-2017 00:01:36 Europe/Moscow] PHP Notice:  ob_clean(): failed to delete buffer. No buffer to delete in /home/bsn/sites/bsn.ru/public_html/cron/daily_stats/daemons/everyday_lk_stats.php on line 113
[03-Nov-2017 00:01:31 Europe/Moscow] PHP Notice:  ob_clean(): failed to delete buffer. No buffer to delete in /home/bsn/sites/bsn.ru/public_html/cron/daily_stats/daemons/everyday_lk_stats.php on line 113
[04-Nov-2017 00:03:06 Europe/Moscow] PHP Notice:  ob_clean(): failed to delete buffer. No buffer to delete in /home/bsn/sites/bsn.ru/public_html/cron/daily_stats/daemons/everyday_lk_stats.php on line 113
[05-Nov-2017 00:02:47 Europe/Moscow] PHP Notice:  ob_clean(): failed to delete buffer. No buffer to delete in /home/bsn/sites/bsn.ru/public_html/cron/daily_stats/daemons/everyday_lk_stats.php on line 113
[06-Nov-2017 00:01:57 Europe/Moscow] PHP Notice:  ob_clean(): failed to delete buffer. No buffer to delete in /home/bsn/sites/bsn.ru/public_html/cron/daily_stats/daemons/everyday_lk_stats.php on line 113
[07-Nov-2017 00:02:27 Europe/Moscow] PHP Notice:  ob_clean(): failed to delete buffer. No buffer to delete in /home/bsn/sites/bsn.ru/public_html/cron/daily_stats/daemons/everyday_lk_stats.php on line 113
[08-Nov-2017 00:01:48 Europe/Moscow] PHP Notice:  ob_clean(): failed to delete buffer. No buffer to delete in /home/bsn/sites/bsn.ru/public_html/cron/daily_stats/daemons/everyday_lk_stats.php on line 113
[09-Nov-2017 00:03:20 Europe/Moscow] PHP Notice:  ob_clean(): failed to delete buffer. No buffer to delete in /home/bsn/sites/bsn.ru/public_html/cron/daily_stats/daemons/everyday_lk_stats.php on line 113
[10-Nov-2017 00:01:48 Europe/Moscow] PHP Notice:  ob_clean(): failed to delete buffer. No buffer to delete in /home/bsn/sites/bsn.ru/public_html/cron/daily_stats/daemons/everyday_lk_stats.php on line 113
[11-Nov-2017 00:01:36 Europe/Moscow] PHP Notice:  ob_clean(): failed to delete buffer. No buffer to delete in /home/bsn/sites/bsn.ru/public_html/cron/daily_stats/daemons/everyday_lk_stats.php on line 113
[12-Nov-2017 00:02:05 Europe/Moscow] PHP Notice:  ob_clean(): failed to delete buffer. No buffer to delete in /home/bsn/sites/bsn.ru/public_html/cron/daily_stats/daemons/everyday_lk_stats.php on line 113
[13-Nov-2017 00:01:41 Europe/Moscow] PHP Notice:  ob_clean(): failed to delete buffer. No buffer to delete in /home/bsn/sites/bsn.ru/public_html/cron/daily_stats/daemons/everyday_lk_stats.php on line 113
[14-Nov-2017 00:02:16 Europe/Moscow] PHP Notice:  ob_clean(): failed to delete buffer. No buffer to delete in /home/bsn/sites/bsn.ru/public_html/cron/daily_stats/daemons/everyday_lk_stats.php on line 113
[15-Nov-2017 00:03:11 Europe/Moscow] PHP Notice:  ob_clean(): failed to delete buffer. No buffer to delete in /home/bsn/sites/bsn.ru/public_html/cron/daily_stats/daemons/everyday_lk_stats.php on line 113
[16-Nov-2017 00:02:18 Europe/Moscow] PHP Notice:  ob_clean(): failed to delete buffer. No buffer to delete in /home/bsn/sites/bsn.ru/public_html/cron/daily_stats/daemons/everyday_lk_stats.php on line 113
[17-Nov-2017 00:02:32 Europe/Moscow] PHP Notice:  ob_clean(): failed to delete buffer. No buffer to delete in /home/bsn/sites/bsn.ru/public_html/cron/daily_stats/daemons/everyday_lk_stats.php on line 113
[18-Nov-2017 00:03:16 Europe/Moscow] PHP Notice:  ob_clean(): failed to delete buffer. No buffer to delete in /home/bsn/sites/bsn.ru/public_html/cron/daily_stats/daemons/everyday_lk_stats.php on line 113
[19-Nov-2017 00:02:26 Europe/Moscow] PHP Notice:  ob_clean(): failed to delete buffer. No buffer to delete in /home/bsn/sites/bsn.ru/public_html/cron/daily_stats/daemons/everyday_lk_stats.php on line 113
[20-Nov-2017 00:02:07 Europe/Moscow] PHP Notice:  ob_clean(): failed to delete buffer. No buffer to delete in /home/bsn/sites/bsn.ru/public_html/cron/daily_stats/daemons/everyday_lk_stats.php on line 113
[21-Nov-2017 00:02:52 Europe/Moscow] PHP Notice:  ob_clean(): failed to delete buffer. No buffer to delete in /home/bsn/sites/bsn.ru/public_html/cron/daily_stats/daemons/everyday_lk_stats.php on line 113
[22-Nov-2017 00:03:09 Europe/Moscow] PHP Notice:  ob_clean(): failed to delete buffer. No buffer to delete in /home/bsn/sites/bsn.ru/public_html/cron/daily_stats/daemons/everyday_lk_stats.php on line 113
[23-Nov-2017 00:02:14 Europe/Moscow] PHP Notice:  ob_clean(): failed to delete buffer. No buffer to delete in /home/bsn/sites/bsn.ru/public_html/cron/daily_stats/daemons/everyday_lk_stats.php on line 113
[24-Nov-2017 00:02:00 Europe/Moscow] PHP Notice:  ob_clean(): failed to delete buffer. No buffer to delete in /home/bsn/sites/bsn.ru/public_html/cron/daily_stats/daemons/everyday_lk_stats.php on line 113
[25-Nov-2017 00:02:11 Europe/Moscow] PHP Notice:  ob_clean(): failed to delete buffer. No buffer to delete in /home/bsn/sites/bsn.ru/public_html/cron/daily_stats/daemons/everyday_lk_stats.php on line 113
[26-Nov-2017 00:04:27 Europe/Moscow] PHP Notice:  ob_clean(): failed to delete buffer. No buffer to delete in /home/bsn/sites/bsn.ru/public_html/cron/daily_stats/daemons/everyday_lk_stats.php on line 113
[27-Nov-2017 00:05:11 Europe/Moscow] PHP Notice:  ob_clean(): failed to delete buffer. No buffer to delete in /home/bsn/sites/bsn.ru/public_html/cron/daily_stats/daemons/everyday_lk_stats.php on line 113
[28-Nov-2017 00:05:22 Europe/Moscow] PHP Notice:  ob_clean(): failed to delete buffer. No buffer to delete in /home/bsn/sites/bsn.ru/public_html/cron/daily_stats/daemons/everyday_lk_stats.php on line 113
[29-Nov-2017 00:04:58 Europe/Moscow] PHP Notice:  ob_clean(): failed to delete buffer. No buffer to delete in /home/bsn/sites/bsn.ru/public_html/cron/daily_stats/daemons/everyday_lk_stats.php on line 113
[30-Nov-2017 00:05:04 Europe/Moscow] PHP Notice:  ob_clean(): failed to delete buffer. No buffer to delete in /home/bsn/sites/bsn.ru/public_html/cron/daily_stats/daemons/everyday_lk_stats.php on line 113
[01-Dec-2017 00:03:25 Europe/Moscow] PHP Notice:  ob_clean(): failed to delete buffer. No buffer to delete in /home/bsn/sites/bsn.ru/public_html/cron/daily_stats/daemons/everyday_lk_stats.php on line 113
[02-Dec-2017 00:05:22 Europe/Moscow] PHP Notice:  ob_clean(): failed to delete buffer. No buffer to delete in /home/bsn/sites/bsn.ru/public_html/cron/daily_stats/daemons/everyday_lk_stats.php on line 113
[03-Dec-2017 00:05:06 Europe/Moscow] PHP Notice:  ob_clean(): failed to delete buffer. No buffer to delete in /home/bsn/sites/bsn.ru/public_html/cron/daily_stats/daemons/everyday_lk_stats.php on line 113
[04-Dec-2017 00:04:49 Europe/Moscow] PHP Notice:  ob_clean(): failed to delete buffer. No buffer to delete in /home/bsn/sites/bsn.ru/public_html/cron/daily_stats/daemons/everyday_lk_stats.php on line 113
[05-Dec-2017 00:03:57 Europe/Moscow] PHP Notice:  ob_clean(): failed to delete buffer. No buffer to delete in /home/bsn/sites/bsn.ru/public_html/cron/daily_stats/daemons/everyday_lk_stats.php on line 113
[06-Dec-2017 00:03:57 Europe/Moscow] PHP Notice:  ob_clean(): failed to delete buffer. No buffer to delete in /home/bsn/sites/bsn.ru/public_html/cron/daily_stats/daemons/everyday_lk_stats.php on line 113
[07-Dec-2017 00:04:04 Europe/Moscow] PHP Notice:  ob_clean(): failed to delete buffer. No buffer to delete in /home/bsn/sites/bsn.ru/public_html/cron/daily_stats/daemons/everyday_lk_stats.php on line 113
[08-Dec-2017 00:04:39 Europe/Moscow] PHP Notice:  ob_clean(): failed to delete buffer. No buffer to delete in /home/bsn/sites/bsn.ru/public_html/cron/daily_stats/daemons/everyday_lk_stats.php on line 113
[09-Dec-2017 00:03:41 Europe/Moscow] PHP Notice:  ob_clean(): failed to delete buffer. No buffer to delete in /home/bsn/sites/bsn.ru/public_html/cron/daily_stats/daemons/everyday_lk_stats.php on line 113
[10-Dec-2017 00:03:45 Europe/Moscow] PHP Notice:  ob_clean(): failed to delete buffer. No buffer to delete in /home/bsn/sites/bsn.ru/public_html/cron/daily_stats/daemons/everyday_lk_stats.php on line 113
[11-Dec-2017 00:04:42 Europe/Moscow] PHP Notice:  ob_clean(): failed to delete buffer. No buffer to delete in /home/bsn/sites/bsn.ru/public_html/cron/daily_stats/daemons/everyday_lk_stats.php on line 113
[12-Dec-2017 00:02:10 Europe/Moscow] PHP Notice:  ob_clean(): failed to delete buffer. No buffer to delete in /home/bsn/sites/bsn.ru/public_html/cron/daily_stats/daemons/everyday_lk_stats.php on line 113
[13-Dec-2017 00:04:45 Europe/Moscow] PHP Notice:  ob_clean(): failed to delete buffer. No buffer to delete in /home/bsn/sites/bsn.ru/public_html/cron/daily_stats/daemons/everyday_lk_stats.php on line 113
[14-Dec-2017 00:02:03 Europe/Moscow] PHP Notice:  ob_clean(): failed to delete buffer. No buffer to delete in /home/bsn/sites/bsn.ru/public_html/cron/daily_stats/daemons/everyday_lk_stats.php on line 113
[15-Dec-2017 00:03:13 Europe/Moscow] PHP Notice:  ob_clean(): failed to delete buffer. No buffer to delete in /home/bsn/sites/bsn.ru/public_html/cron/daily_stats/daemons/everyday_lk_stats.php on line 113
[16-Dec-2017 00:02:19 Europe/Moscow] PHP Notice:  ob_clean(): failed to delete buffer. No buffer to delete in /home/bsn/sites/bsn.ru/public_html/cron/daily_stats/daemons/everyday_lk_stats.php on line 113
[17-Dec-2017 00:02:29 Europe/Moscow] PHP Notice:  ob_clean(): failed to delete buffer. No buffer to delete in /home/bsn/sites/bsn.ru/public_html/cron/daily_stats/daemons/everyday_lk_stats.php on line 113
[18-Dec-2017 00:03:09 Europe/Moscow] PHP Notice:  ob_clean(): failed to delete buffer. No buffer to delete in /home/bsn/sites/bsn.ru/public_html/cron/daily_stats/daemons/everyday_lk_stats.php on line 113
[19-Dec-2017 00:02:12 Europe/Moscow] PHP Notice:  ob_clean(): failed to delete buffer. No buffer to delete in /home/bsn/sites/bsn.ru/public_html/cron/daily_stats/daemons/everyday_lk_stats.php on line 113
[20-Dec-2017 00:02:53 Europe/Moscow] PHP Notice:  ob_clean(): failed to delete buffer. No buffer to delete in /home/bsn/sites/bsn.ru/public_html/cron/daily_stats/daemons/everyday_lk_stats.php on line 113
[21-Dec-2017 00:02:08 Europe/Moscow] PHP Notice:  ob_clean(): failed to delete buffer. No buffer to delete in /home/bsn/sites/bsn.ru/public_html/cron/daily_stats/daemons/everyday_lk_stats.php on line 113
[22-Dec-2017 00:02:28 Europe/Moscow] PHP Notice:  ob_clean(): failed to delete buffer. No buffer to delete in /home/bsn/sites/bsn.ru/public_html/cron/daily_stats/daemons/everyday_lk_stats.php on line 113
[23-Dec-2017 00:02:29 Europe/Moscow] PHP Notice:  ob_clean(): failed to delete buffer. No buffer to delete in /home/bsn/sites/bsn.ru/public_html/cron/daily_stats/daemons/everyday_lk_stats.php on line 113
[24-Dec-2017 00:02:14 Europe/Moscow] PHP Notice:  ob_clean(): failed to delete buffer. No buffer to delete in /home/bsn/sites/bsn.ru/public_html/cron/daily_stats/daemons/everyday_lk_stats.php on line 113
[25-Dec-2017 00:03:07 Europe/Moscow] PHP Notice:  ob_clean(): failed to delete buffer. No buffer to delete in /home/bsn/sites/bsn.ru/public_html/cron/daily_stats/daemons/everyday_lk_stats.php on line 113
[26-Dec-2017 00:01:50 Europe/Moscow] PHP Notice:  ob_clean(): failed to delete buffer. No buffer to delete in /home/bsn/sites/bsn.ru/public_html/cron/daily_stats/daemons/everyday_lk_stats.php on line 113
[27-Dec-2017 00:04:02 Europe/Moscow] PHP Notice:  ob_clean(): failed to delete buffer. No buffer to delete in /home/bsn/sites/bsn.ru/public_html/cron/daily_stats/daemons/everyday_lk_stats.php on line 113
[28-Dec-2017 00:03:11 Europe/Moscow] PHP Notice:  ob_clean(): failed to delete buffer. No buffer to delete in /home/bsn/sites/bsn.ru/public_html/cron/daily_stats/daemons/everyday_lk_stats.php on line 113
[29-Dec-2017 00:03:36 Europe/Moscow] PHP Notice:  ob_clean(): failed to delete buffer. No buffer to delete in /home/bsn/sites/bsn.ru/public_html/cron/daily_stats/daemons/everyday_lk_stats.php on line 113
[30-Dec-2017 00:01:59 Europe/Moscow] PHP Notice:  ob_clean(): failed to delete buffer. No buffer to delete in /home/bsn/sites/bsn.ru/public_html/cron/daily_stats/daemons/everyday_lk_stats.php on line 113
[31-Dec-2017 00:02:12 Europe/Moscow] PHP Notice:  ob_clean(): failed to delete buffer. No buffer to delete in /home/bsn/sites/bsn.ru/public_html/cron/daily_stats/daemons/everyday_lk_stats.php on line 113
[01-Jan-2018 00:02:13 Europe/Moscow] PHP Notice:  ob_clean(): failed to delete buffer. No buffer to delete in /home/bsn/sites/bsn.ru/public_html/cron/daily_stats/daemons/everyday_lk_stats.php on line 113
[02-Jan-2018 00:02:46 Europe/Moscow] PHP Notice:  ob_clean(): failed to delete buffer. No buffer to delete in /home/bsn/sites/bsn.ru/public_html/cron/daily_stats/daemons/everyday_lk_stats.php on line 113
[03-Jan-2018 00:02:10 Europe/Moscow] PHP Notice:  ob_clean(): failed to delete buffer. No buffer to delete in /home/bsn/sites/bsn.ru/public_html/cron/daily_stats/daemons/everyday_lk_stats.php on line 113
[04-Jan-2018 00:02:18 Europe/Moscow] PHP Notice:  ob_clean(): failed to delete buffer. No buffer to delete in /home/bsn/sites/bsn.ru/public_html/cron/daily_stats/daemons/everyday_lk_stats.php on line 113
[05-Jan-2018 00:02:50 Europe/Moscow] PHP Notice:  ob_clean(): failed to delete buffer. No buffer to delete in /home/bsn/sites/bsn.ru/public_html/cron/daily_stats/daemons/everyday_lk_stats.php on line 113
[06-Jan-2018 00:02:32 Europe/Moscow] PHP Notice:  ob_clean(): failed to delete buffer. No buffer to delete in /home/bsn/sites/bsn.ru/public_html/cron/daily_stats/daemons/everyday_lk_stats.php on line 113
[07-Jan-2018 00:01:45 Europe/Moscow] PHP Notice:  ob_clean(): failed to delete buffer. No buffer to delete in /home/bsn/sites/bsn.ru/public_html/cron/daily_stats/daemons/everyday_lk_stats.php on line 113
[08-Jan-2018 00:01:34 Europe/Moscow] PHP Notice:  ob_clean(): failed to delete buffer. No buffer to delete in /home/bsn/sites/bsn.ru/public_html/cron/daily_stats/daemons/everyday_lk_stats.php on line 113
[09-Jan-2018 00:01:59 Europe/Moscow] PHP Notice:  ob_clean(): failed to delete buffer. No buffer to delete in /home/bsn/sites/bsn.ru/public_html/cron/daily_stats/daemons/everyday_lk_stats.php on line 113
[10-Jan-2018 00:02:54 Europe/Moscow] PHP Notice:  ob_clean(): failed to delete buffer. No buffer to delete in /home/bsn/sites/bsn.ru/public_html/cron/daily_stats/daemons/everyday_lk_stats.php on line 113
[11-Jan-2018 00:02:15 Europe/Moscow] PHP Notice:  ob_clean(): failed to delete buffer. No buffer to delete in /home/bsn/sites/bsn.ru/public_html/cron/daily_stats/daemons/everyday_lk_stats.php on line 113
[12-Jan-2018 00:02:36 Europe/Moscow] PHP Notice:  ob_clean(): failed to delete buffer. No buffer to delete in /home/bsn/sites/bsn.ru/public_html/cron/daily_stats/daemons/everyday_lk_stats.php on line 113
[13-Jan-2018 00:02:07 Europe/Moscow] PHP Notice:  ob_clean(): failed to delete buffer. No buffer to delete in /home/bsn/sites/bsn.ru/public_html/cron/daily_stats/daemons/everyday_lk_stats.php on line 113
[14-Jan-2018 00:02:12 Europe/Moscow] PHP Notice:  ob_clean(): failed to delete buffer. No buffer to delete in /home/bsn/sites/bsn.ru/public_html/cron/daily_stats/daemons/everyday_lk_stats.php on line 113
[15-Jan-2018 00:03:23 Europe/Moscow] PHP Notice:  ob_clean(): failed to delete buffer. No buffer to delete in /home/bsn/sites/bsn.ru/public_html/cron/daily_stats/daemons/everyday_lk_stats.php on line 113
[16-Jan-2018 00:03:23 Europe/Moscow] PHP Notice:  ob_clean(): failed to delete buffer. No buffer to delete in /home/bsn/sites/bsn.ru/public_html/cron/daily_stats/daemons/everyday_lk_stats.php on line 113
[17-Jan-2018 00:04:34 Europe/Moscow] PHP Notice:  ob_clean(): failed to delete buffer. No buffer to delete in /home/bsn/sites/bsn.ru/public_html/cron/daily_stats/daemons/everyday_lk_stats.php on line 113
[22-Jan-2018 10:38:45 Europe/Moscow] PHP Notice:  ob_clean(): failed to delete buffer. No buffer to delete in /home/bsn/sites/bsn.ru/public_html/cron/daily_stats/daemons/everyday_lk_stats.php on line 113
[23-Jan-2018 10:23:17 Europe/Moscow] PHP Notice:  ob_clean(): failed to delete buffer. No buffer to delete in /home/bsn/sites/bsn.ru/public_html/cron/daily_stats/daemons/everyday_lk_stats.php on line 113
[27-Apr-2019 00:15:05 Europe/Moscow] PHP Notice:  ob_clean(): failed to delete buffer. No buffer to delete in /home/bsn/sites/bsn.ru/public_html/cron/daily_stats/daemons/everyday_lk_stats.php on line 113
[28-Apr-2019 00:15:05 Europe/Moscow] PHP Notice:  ob_clean(): failed to delete buffer. No buffer to delete in /home/bsn/sites/bsn.ru/public_html/cron/daily_stats/daemons/everyday_lk_stats.php on line 113
[29-Apr-2019 00:05:00 Europe/Moscow] PHP Notice:  ob_clean(): failed to delete buffer. No buffer to delete in /home/bsn/sites/bsn.ru/public_html/cron/daily_stats/daemons/everyday_lk_stats.php on line 113
[30-Apr-2019 00:05:00 Europe/Moscow] PHP Notice:  ob_clean(): failed to delete buffer. No buffer to delete in /home/bsn/sites/bsn.ru/public_html/cron/daily_stats/daemons/everyday_lk_stats.php on line 113
[02-May-2019 00:15:05 Europe/Moscow] PHP Notice:  ob_clean(): failed to delete buffer. No buffer to delete in /home/bsn/sites/bsn.ru/public_html/cron/daily_stats/daemons/everyday_lk_stats.php on line 113
[03-May-2019 00:04:55 Europe/Moscow] PHP Notice:  ob_clean(): failed to delete buffer. No buffer to delete in /home/bsn/sites/bsn.ru/public_html/cron/daily_stats/daemons/everyday_lk_stats.php on line 113
[04-May-2019 00:05:30 Europe/Moscow] PHP Notice:  ob_clean(): failed to delete buffer. No buffer to delete in /home/bsn/sites/bsn.ru/public_html/cron/daily_stats/daemons/everyday_lk_stats.php on line 113
[05-May-2019 00:04:55 Europe/Moscow] PHP Notice:  ob_clean(): failed to delete buffer. No buffer to delete in /home/bsn/sites/bsn.ru/public_html/cron/daily_stats/daemons/everyday_lk_stats.php on line 113
[06-May-2019 00:04:55 Europe/Moscow] PHP Notice:  ob_clean(): failed to delete buffer. No buffer to delete in /home/bsn/sites/bsn.ru/public_html/cron/daily_stats/daemons/everyday_lk_stats.php on line 113
[07-May-2019 00:04:55 Europe/Moscow] PHP Notice:  ob_clean(): failed to delete buffer. No buffer to delete in /home/bsn/sites/bsn.ru/public_html/cron/daily_stats/daemons/everyday_lk_stats.php on line 113
[08-May-2019 00:04:57 Europe/Moscow] PHP Notice:  ob_clean(): failed to delete buffer. No buffer to delete in /home/bsn/sites/bsn.ru/public_html/cron/daily_stats/daemons/everyday_lk_stats.php on line 113
[09-May-2019 00:04:50 Europe/Moscow] PHP Notice:  ob_clean(): failed to delete buffer. No buffer to delete in /home/bsn/sites/bsn.ru/public_html/cron/daily_stats/daemons/everyday_lk_stats.php on line 113
[10-May-2019 00:04:50 Europe/Moscow] PHP Notice:  ob_clean(): failed to delete buffer. No buffer to delete in /home/bsn/sites/bsn.ru/public_html/cron/daily_stats/daemons/everyday_lk_stats.php on line 113
[11-May-2019 00:04:50 Europe/Moscow] PHP Notice:  ob_clean(): failed to delete buffer. No buffer to delete in /home/bsn/sites/bsn.ru/public_html/cron/daily_stats/daemons/everyday_lk_stats.php on line 113
[12-May-2019 00:04:50 Europe/Moscow] PHP Notice:  ob_clean(): failed to delete buffer. No buffer to delete in /home/bsn/sites/bsn.ru/public_html/cron/daily_stats/daemons/everyday_lk_stats.php on line 113
[13-May-2019 00:04:50 Europe/Moscow] PHP Notice:  ob_clean(): failed to delete buffer. No buffer to delete in /home/bsn/sites/bsn.ru/public_html/cron/daily_stats/daemons/everyday_lk_stats.php on line 113
