[15-Nov-2016 21:01:02 UTC] PHP Notice:  ob_clean(): failed to delete buffer. No buffer to delete in /home/bsn/sites/bsn.ru/public_html/cron/daily_stats/daemons/ip_stats.php on line 29
[16-Nov-2016 21:01:02 UTC] PHP Notice:  ob_clean(): failed to delete buffer. No buffer to delete in /home/bsn/sites/bsn.ru/public_html/cron/daily_stats/daemons/ip_stats.php on line 29
[17-Nov-2016 21:01:02 UTC] PHP Notice:  ob_clean(): failed to delete buffer. No buffer to delete in /home/bsn/sites/bsn.ru/public_html/cron/daily_stats/daemons/ip_stats.php on line 29
[18-Nov-2016 21:01:04 UTC] PHP Notice:  ob_clean(): failed to delete buffer. No buffer to delete in /home/bsn/sites/bsn.ru/public_html/cron/daily_stats/daemons/ip_stats.php on line 29
[19-Nov-2016 21:01:03 UTC] PHP Notice:  ob_clean(): failed to delete buffer. No buffer to delete in /home/bsn/sites/bsn.ru/public_html/cron/daily_stats/daemons/ip_stats.php on line 29
[20-Nov-2016 21:01:03 UTC] PHP Notice:  ob_clean(): failed to delete buffer. No buffer to delete in /home/bsn/sites/bsn.ru/public_html/cron/daily_stats/daemons/ip_stats.php on line 29
[21-Nov-2016 21:01:04 UTC] PHP Notice:  ob_clean(): failed to delete buffer. No buffer to delete in /home/bsn/sites/bsn.ru/public_html/cron/daily_stats/daemons/ip_stats.php on line 29
[22-Nov-2016 21:01:02 UTC] PHP Notice:  ob_clean(): failed to delete buffer. No buffer to delete in /home/bsn/sites/bsn.ru/public_html/cron/daily_stats/daemons/ip_stats.php on line 29
[23-Nov-2016 21:01:03 UTC] PHP Notice:  ob_clean(): failed to delete buffer. No buffer to delete in /home/bsn/sites/bsn.ru/public_html/cron/daily_stats/daemons/ip_stats.php on line 29
[24-Nov-2016 21:01:03 UTC] PHP Notice:  ob_clean(): failed to delete buffer. No buffer to delete in /home/bsn/sites/bsn.ru/public_html/cron/daily_stats/daemons/ip_stats.php on line 29
[25-Nov-2016 21:01:02 UTC] PHP Notice:  ob_clean(): failed to delete buffer. No buffer to delete in /home/bsn/sites/bsn.ru/public_html/cron/daily_stats/daemons/ip_stats.php on line 29
[26-Nov-2016 21:01:02 UTC] PHP Notice:  ob_clean(): failed to delete buffer. No buffer to delete in /home/bsn/sites/bsn.ru/public_html/cron/daily_stats/daemons/ip_stats.php on line 29
[27-Nov-2016 21:01:03 UTC] PHP Notice:  ob_clean(): failed to delete buffer. No buffer to delete in /home/bsn/sites/bsn.ru/public_html/cron/daily_stats/daemons/ip_stats.php on line 29
[28-Nov-2016 21:01:02 UTC] PHP Notice:  ob_clean(): failed to delete buffer. No buffer to delete in /home/bsn/sites/bsn.ru/public_html/cron/daily_stats/daemons/ip_stats.php on line 29
[29-Nov-2016 21:01:03 UTC] PHP Notice:  ob_clean(): failed to delete buffer. No buffer to delete in /home/bsn/sites/bsn.ru/public_html/cron/daily_stats/daemons/ip_stats.php on line 29
[30-Nov-2016 21:01:03 UTC] PHP Notice:  ob_clean(): failed to delete buffer. No buffer to delete in /home/bsn/sites/bsn.ru/public_html/cron/daily_stats/daemons/ip_stats.php on line 29
[02-Dec-2016 07:54:17 UTC] PHP Notice:  ob_clean(): failed to delete buffer. No buffer to delete in /home/bsn/sites/bsn.ru/public_html/cron/daily_stats/daemons/ip_stats.php on line 29
[02-Dec-2016 08:01:32 UTC] PHP Notice:  ob_clean(): failed to delete buffer. No buffer to delete in /home/bsn/sites/bsn.ru/public_html/cron/daily_stats/daemons/ip_stats.php on line 29
[02-Dec-2016 21:01:01 UTC] PHP Notice:  ob_clean(): failed to delete buffer. No buffer to delete in /home/bsn/sites/bsn.ru/public_html/cron/daily_stats/daemons/ip_stats.php on line 29
[03-Dec-2016 21:01:02 UTC] PHP Notice:  ob_clean(): failed to delete buffer. No buffer to delete in /home/bsn/sites/bsn.ru/public_html/cron/daily_stats/daemons/ip_stats.php on line 29
[04-Dec-2016 21:01:03 UTC] PHP Notice:  ob_clean(): failed to delete buffer. No buffer to delete in /home/bsn/sites/bsn.ru/public_html/cron/daily_stats/daemons/ip_stats.php on line 29
[05-Dec-2016 21:01:02 UTC] PHP Notice:  ob_clean(): failed to delete buffer. No buffer to delete in /home/bsn/sites/bsn.ru/public_html/cron/daily_stats/daemons/ip_stats.php on line 29
[06-Dec-2016 21:01:02 UTC] PHP Notice:  ob_clean(): failed to delete buffer. No buffer to delete in /home/bsn/sites/bsn.ru/public_html/cron/daily_stats/daemons/ip_stats.php on line 29
[07-Dec-2016 21:01:03 UTC] PHP Notice:  ob_clean(): failed to delete buffer. No buffer to delete in /home/bsn/sites/bsn.ru/public_html/cron/daily_stats/daemons/ip_stats.php on line 29
[08-Dec-2016 21:01:02 UTC] PHP Notice:  ob_clean(): failed to delete buffer. No buffer to delete in /home/bsn/sites/bsn.ru/public_html/cron/daily_stats/daemons/ip_stats.php on line 29
[09-Dec-2016 21:01:01 UTC] PHP Notice:  ob_clean(): failed to delete buffer. No buffer to delete in /home/bsn/sites/bsn.ru/public_html/cron/daily_stats/daemons/ip_stats.php on line 29
[10-Dec-2016 21:01:01 UTC] PHP Notice:  ob_clean(): failed to delete buffer. No buffer to delete in /home/bsn/sites/bsn.ru/public_html/cron/daily_stats/daemons/ip_stats.php on line 29
[11-Dec-2016 21:01:02 UTC] PHP Notice:  ob_clean(): failed to delete buffer. No buffer to delete in /home/bsn/sites/bsn.ru/public_html/cron/daily_stats/daemons/ip_stats.php on line 29
[12-Dec-2016 21:01:03 UTC] PHP Notice:  ob_clean(): failed to delete buffer. No buffer to delete in /home/bsn/sites/bsn.ru/public_html/cron/daily_stats/daemons/ip_stats.php on line 29
[13-Dec-2016 21:01:01 UTC] PHP Notice:  ob_clean(): failed to delete buffer. No buffer to delete in /home/bsn/sites/bsn.ru/public_html/cron/daily_stats/daemons/ip_stats.php on line 29
[14-Dec-2016 21:01:01 UTC] PHP Notice:  ob_clean(): failed to delete buffer. No buffer to delete in /home/bsn/sites/bsn.ru/public_html/cron/daily_stats/daemons/ip_stats.php on line 29
[15-Dec-2016 21:01:02 UTC] PHP Notice:  ob_clean(): failed to delete buffer. No buffer to delete in /home/bsn/sites/bsn.ru/public_html/cron/daily_stats/daemons/ip_stats.php on line 29
[16-Dec-2016 21:01:02 UTC] PHP Notice:  ob_clean(): failed to delete buffer. No buffer to delete in /home/bsn/sites/bsn.ru/public_html/cron/daily_stats/daemons/ip_stats.php on line 29
[17-Dec-2016 21:01:01 UTC] PHP Notice:  ob_clean(): failed to delete buffer. No buffer to delete in /home/bsn/sites/bsn.ru/public_html/cron/daily_stats/daemons/ip_stats.php on line 29
[18-Dec-2016 21:01:01 UTC] PHP Notice:  ob_clean(): failed to delete buffer. No buffer to delete in /home/bsn/sites/bsn.ru/public_html/cron/daily_stats/daemons/ip_stats.php on line 29
[19-Dec-2016 21:01:01 UTC] PHP Notice:  ob_clean(): failed to delete buffer. No buffer to delete in /home/bsn/sites/bsn.ru/public_html/cron/daily_stats/daemons/ip_stats.php on line 29
[20-Dec-2016 21:01:01 UTC] PHP Notice:  ob_clean(): failed to delete buffer. No buffer to delete in /home/bsn/sites/bsn.ru/public_html/cron/daily_stats/daemons/ip_stats.php on line 29
[21-Dec-2016 21:01:02 UTC] PHP Notice:  ob_clean(): failed to delete buffer. No buffer to delete in /home/bsn/sites/bsn.ru/public_html/cron/daily_stats/daemons/ip_stats.php on line 29
[22-Dec-2016 21:01:02 UTC] PHP Notice:  ob_clean(): failed to delete buffer. No buffer to delete in /home/bsn/sites/bsn.ru/public_html/cron/daily_stats/daemons/ip_stats.php on line 29
[23-Dec-2016 21:01:01 UTC] PHP Notice:  ob_clean(): failed to delete buffer. No buffer to delete in /home/bsn/sites/bsn.ru/public_html/cron/daily_stats/daemons/ip_stats.php on line 29
[24-Dec-2016 21:01:01 UTC] PHP Notice:  ob_clean(): failed to delete buffer. No buffer to delete in /home/bsn/sites/bsn.ru/public_html/cron/daily_stats/daemons/ip_stats.php on line 29
[25-Dec-2016 21:01:02 UTC] PHP Notice:  ob_clean(): failed to delete buffer. No buffer to delete in /home/bsn/sites/bsn.ru/public_html/cron/daily_stats/daemons/ip_stats.php on line 29
[26-Dec-2016 21:01:01 UTC] PHP Notice:  ob_clean(): failed to delete buffer. No buffer to delete in /home/bsn/sites/bsn.ru/public_html/cron/daily_stats/daemons/ip_stats.php on line 29
[27-Dec-2016 21:01:02 UTC] PHP Notice:  ob_clean(): failed to delete buffer. No buffer to delete in /home/bsn/sites/bsn.ru/public_html/cron/daily_stats/daemons/ip_stats.php on line 29
[28-Dec-2016 21:01:02 UTC] PHP Notice:  ob_clean(): failed to delete buffer. No buffer to delete in /home/bsn/sites/bsn.ru/public_html/cron/daily_stats/daemons/ip_stats.php on line 29
[29-Dec-2016 21:01:01 UTC] PHP Notice:  ob_clean(): failed to delete buffer. No buffer to delete in /home/bsn/sites/bsn.ru/public_html/cron/daily_stats/daemons/ip_stats.php on line 29
[30-Dec-2016 21:01:01 UTC] PHP Notice:  ob_clean(): failed to delete buffer. No buffer to delete in /home/bsn/sites/bsn.ru/public_html/cron/daily_stats/daemons/ip_stats.php on line 29
[31-Dec-2016 21:01:01 UTC] PHP Notice:  ob_clean(): failed to delete buffer. No buffer to delete in /home/bsn/sites/bsn.ru/public_html/cron/daily_stats/daemons/ip_stats.php on line 29
[01-Jan-2017 21:01:02 UTC] PHP Notice:  ob_clean(): failed to delete buffer. No buffer to delete in /home/bsn/sites/bsn.ru/public_html/cron/daily_stats/daemons/ip_stats.php on line 29
[02-Jan-2017 21:01:01 UTC] PHP Notice:  ob_clean(): failed to delete buffer. No buffer to delete in /home/bsn/sites/bsn.ru/public_html/cron/daily_stats/daemons/ip_stats.php on line 29
[03-Jan-2017 21:01:01 UTC] PHP Notice:  ob_clean(): failed to delete buffer. No buffer to delete in /home/bsn/sites/bsn.ru/public_html/cron/daily_stats/daemons/ip_stats.php on line 29
[04-Jan-2017 21:01:02 UTC] PHP Notice:  ob_clean(): failed to delete buffer. No buffer to delete in /home/bsn/sites/bsn.ru/public_html/cron/daily_stats/daemons/ip_stats.php on line 29
[05-Jan-2017 21:01:02 UTC] PHP Notice:  ob_clean(): failed to delete buffer. No buffer to delete in /home/bsn/sites/bsn.ru/public_html/cron/daily_stats/daemons/ip_stats.php on line 29
[06-Jan-2017 21:01:01 UTC] PHP Notice:  ob_clean(): failed to delete buffer. No buffer to delete in /home/bsn/sites/bsn.ru/public_html/cron/daily_stats/daemons/ip_stats.php on line 29
[07-Jan-2017 21:01:02 UTC] PHP Notice:  ob_clean(): failed to delete buffer. No buffer to delete in /home/bsn/sites/bsn.ru/public_html/cron/daily_stats/daemons/ip_stats.php on line 29
[08-Jan-2017 21:01:01 UTC] PHP Notice:  ob_clean(): failed to delete buffer. No buffer to delete in /home/bsn/sites/bsn.ru/public_html/cron/daily_stats/daemons/ip_stats.php on line 29
[09-Jan-2017 21:01:01 UTC] PHP Notice:  ob_clean(): failed to delete buffer. No buffer to delete in /home/bsn/sites/bsn.ru/public_html/cron/daily_stats/daemons/ip_stats.php on line 29
[10-Jan-2017 21:01:02 UTC] PHP Notice:  ob_clean(): failed to delete buffer. No buffer to delete in /home/bsn/sites/bsn.ru/public_html/cron/daily_stats/daemons/ip_stats.php on line 29
[11-Jan-2017 21:01:02 UTC] PHP Notice:  ob_clean(): failed to delete buffer. No buffer to delete in /home/bsn/sites/bsn.ru/public_html/cron/daily_stats/daemons/ip_stats.php on line 29
[12-Jan-2017 21:01:01 UTC] PHP Notice:  ob_clean(): failed to delete buffer. No buffer to delete in /home/bsn/sites/bsn.ru/public_html/cron/daily_stats/daemons/ip_stats.php on line 29
[13-Jan-2017 21:01:01 UTC] PHP Notice:  ob_clean(): failed to delete buffer. No buffer to delete in /home/bsn/sites/bsn.ru/public_html/cron/daily_stats/daemons/ip_stats.php on line 29
[14-Jan-2017 21:01:01 UTC] PHP Notice:  ob_clean(): failed to delete buffer. No buffer to delete in /home/bsn/sites/bsn.ru/public_html/cron/daily_stats/daemons/ip_stats.php on line 29
[15-Jan-2017 21:01:02 UTC] PHP Notice:  ob_clean(): failed to delete buffer. No buffer to delete in /home/bsn/sites/bsn.ru/public_html/cron/daily_stats/daemons/ip_stats.php on line 29
[16-Jan-2017 21:01:01 UTC] PHP Notice:  ob_clean(): failed to delete buffer. No buffer to delete in /home/bsn/sites/bsn.ru/public_html/cron/daily_stats/daemons/ip_stats.php on line 29
[17-Jan-2017 21:01:01 UTC] PHP Notice:  ob_clean(): failed to delete buffer. No buffer to delete in /home/bsn/sites/bsn.ru/public_html/cron/daily_stats/daemons/ip_stats.php on line 29
[18-Jan-2017 21:01:01 UTC] PHP Notice:  ob_clean(): failed to delete buffer. No buffer to delete in /home/bsn/sites/bsn.ru/public_html/cron/daily_stats/daemons/ip_stats.php on line 29
[19-Jan-2017 21:01:02 UTC] PHP Notice:  ob_clean(): failed to delete buffer. No buffer to delete in /home/bsn/sites/bsn.ru/public_html/cron/daily_stats/daemons/ip_stats.php on line 29
[20-Jan-2017 21:01:02 UTC] PHP Notice:  ob_clean(): failed to delete buffer. No buffer to delete in /home/bsn/sites/bsn.ru/public_html/cron/daily_stats/daemons/ip_stats.php on line 29
[21-Jan-2017 21:01:02 UTC] PHP Notice:  ob_clean(): failed to delete buffer. No buffer to delete in /home/bsn/sites/bsn.ru/public_html/cron/daily_stats/daemons/ip_stats.php on line 29
[22-Jan-2017 21:01:01 UTC] PHP Notice:  ob_clean(): failed to delete buffer. No buffer to delete in /home/bsn/sites/bsn.ru/public_html/cron/daily_stats/daemons/ip_stats.php on line 29
[23-Jan-2017 21:01:01 UTC] PHP Notice:  ob_clean(): failed to delete buffer. No buffer to delete in /home/bsn/sites/bsn.ru/public_html/cron/daily_stats/daemons/ip_stats.php on line 29
[24-Jan-2017 21:01:03 UTC] PHP Notice:  ob_clean(): failed to delete buffer. No buffer to delete in /home/bsn/sites/bsn.ru/public_html/cron/daily_stats/daemons/ip_stats.php on line 29
[25-Jan-2017 21:01:02 UTC] PHP Notice:  ob_clean(): failed to delete buffer. No buffer to delete in /home/bsn/sites/bsn.ru/public_html/cron/daily_stats/daemons/ip_stats.php on line 29
[26-Jan-2017 21:01:02 UTC] PHP Notice:  ob_clean(): failed to delete buffer. No buffer to delete in /home/bsn/sites/bsn.ru/public_html/cron/daily_stats/daemons/ip_stats.php on line 29
[27-Jan-2017 21:01:02 UTC] PHP Notice:  ob_clean(): failed to delete buffer. No buffer to delete in /home/bsn/sites/bsn.ru/public_html/cron/daily_stats/daemons/ip_stats.php on line 29
[28-Jan-2017 21:01:01 UTC] PHP Notice:  ob_clean(): failed to delete buffer. No buffer to delete in /home/bsn/sites/bsn.ru/public_html/cron/daily_stats/daemons/ip_stats.php on line 29
[29-Jan-2017 21:01:01 UTC] PHP Notice:  ob_clean(): failed to delete buffer. No buffer to delete in /home/bsn/sites/bsn.ru/public_html/cron/daily_stats/daemons/ip_stats.php on line 29
[31-Jan-2017 00:01:02 Europe/Moscow] PHP Notice:  ob_clean(): failed to delete buffer. No buffer to delete in /home/bsn/sites/bsn.ru/public_html/cron/daily_stats/daemons/ip_stats.php on line 29
[01-Feb-2017 00:01:02 Europe/Moscow] PHP Notice:  ob_clean(): failed to delete buffer. No buffer to delete in /home/bsn/sites/bsn.ru/public_html/cron/daily_stats/daemons/ip_stats.php on line 29
[02-Feb-2017 00:01:02 Europe/Moscow] PHP Notice:  ob_clean(): failed to delete buffer. No buffer to delete in /home/bsn/sites/bsn.ru/public_html/cron/daily_stats/daemons/ip_stats.php on line 29
[03-Feb-2017 00:01:02 Europe/Moscow] PHP Notice:  ob_clean(): failed to delete buffer. No buffer to delete in /home/bsn/sites/bsn.ru/public_html/cron/daily_stats/daemons/ip_stats.php on line 29
[04-Feb-2017 00:01:08 Europe/Moscow] PHP Notice:  ob_clean(): failed to delete buffer. No buffer to delete in /home/bsn/sites/bsn.ru/public_html/cron/daily_stats/daemons/ip_stats.php on line 29
[05-Feb-2017 00:01:03 Europe/Moscow] PHP Notice:  ob_clean(): failed to delete buffer. No buffer to delete in /home/bsn/sites/bsn.ru/public_html/cron/daily_stats/daemons/ip_stats.php on line 29
[06-Feb-2017 00:01:02 Europe/Moscow] PHP Notice:  ob_clean(): failed to delete buffer. No buffer to delete in /home/bsn/sites/bsn.ru/public_html/cron/daily_stats/daemons/ip_stats.php on line 29
[07-Feb-2017 00:01:02 Europe/Moscow] PHP Notice:  ob_clean(): failed to delete buffer. No buffer to delete in /home/bsn/sites/bsn.ru/public_html/cron/daily_stats/daemons/ip_stats.php on line 29
[08-Feb-2017 00:01:01 Europe/Moscow] PHP Notice:  ob_clean(): failed to delete buffer. No buffer to delete in /home/bsn/sites/bsn.ru/public_html/cron/daily_stats/daemons/ip_stats.php on line 29
[09-Feb-2017 00:01:02 Europe/Moscow] PHP Notice:  ob_clean(): failed to delete buffer. No buffer to delete in /home/bsn/sites/bsn.ru/public_html/cron/daily_stats/daemons/ip_stats.php on line 29
[10-Feb-2017 00:01:01 Europe/Moscow] PHP Notice:  ob_clean(): failed to delete buffer. No buffer to delete in /home/bsn/sites/bsn.ru/public_html/cron/daily_stats/daemons/ip_stats.php on line 29
[11-Feb-2017 00:01:02 Europe/Moscow] PHP Notice:  ob_clean(): failed to delete buffer. No buffer to delete in /home/bsn/sites/bsn.ru/public_html/cron/daily_stats/daemons/ip_stats.php on line 29
[12-Feb-2017 00:01:02 Europe/Moscow] PHP Notice:  ob_clean(): failed to delete buffer. No buffer to delete in /home/bsn/sites/bsn.ru/public_html/cron/daily_stats/daemons/ip_stats.php on line 29
[13-Feb-2017 00:01:02 Europe/Moscow] PHP Notice:  ob_clean(): failed to delete buffer. No buffer to delete in /home/bsn/sites/bsn.ru/public_html/cron/daily_stats/daemons/ip_stats.php on line 29
[14-Feb-2017 00:01:02 Europe/Moscow] PHP Notice:  ob_clean(): failed to delete buffer. No buffer to delete in /home/bsn/sites/bsn.ru/public_html/cron/daily_stats/daemons/ip_stats.php on line 29
[15-Feb-2017 00:01:02 Europe/Moscow] PHP Notice:  ob_clean(): failed to delete buffer. No buffer to delete in /home/bsn/sites/bsn.ru/public_html/cron/daily_stats/daemons/ip_stats.php on line 29
[16-Feb-2017 00:01:01 Europe/Moscow] PHP Notice:  ob_clean(): failed to delete buffer. No buffer to delete in /home/bsn/sites/bsn.ru/public_html/cron/daily_stats/daemons/ip_stats.php on line 29
[17-Feb-2017 00:01:01 Europe/Moscow] PHP Notice:  ob_clean(): failed to delete buffer. No buffer to delete in /home/bsn/sites/bsn.ru/public_html/cron/daily_stats/daemons/ip_stats.php on line 29
[18-Feb-2017 00:01:02 Europe/Moscow] PHP Notice:  ob_clean(): failed to delete buffer. No buffer to delete in /home/bsn/sites/bsn.ru/public_html/cron/daily_stats/daemons/ip_stats.php on line 29
[19-Feb-2017 00:01:02 Europe/Moscow] PHP Notice:  ob_clean(): failed to delete buffer. No buffer to delete in /home/bsn/sites/bsn.ru/public_html/cron/daily_stats/daemons/ip_stats.php on line 29
[20-Feb-2017 00:01:02 Europe/Moscow] PHP Notice:  ob_clean(): failed to delete buffer. No buffer to delete in /home/bsn/sites/bsn.ru/public_html/cron/daily_stats/daemons/ip_stats.php on line 29
[21-Feb-2017 00:01:01 Europe/Moscow] PHP Notice:  ob_clean(): failed to delete buffer. No buffer to delete in /home/bsn/sites/bsn.ru/public_html/cron/daily_stats/daemons/ip_stats.php on line 29
[22-Feb-2017 00:01:02 Europe/Moscow] PHP Notice:  ob_clean(): failed to delete buffer. No buffer to delete in /home/bsn/sites/bsn.ru/public_html/cron/daily_stats/daemons/ip_stats.php on line 29
[23-Feb-2017 00:01:02 Europe/Moscow] PHP Notice:  ob_clean(): failed to delete buffer. No buffer to delete in /home/bsn/sites/bsn.ru/public_html/cron/daily_stats/daemons/ip_stats.php on line 29
[24-Feb-2017 00:01:01 Europe/Moscow] PHP Notice:  ob_clean(): failed to delete buffer. No buffer to delete in /home/bsn/sites/bsn.ru/public_html/cron/daily_stats/daemons/ip_stats.php on line 29
[25-Feb-2017 00:01:01 Europe/Moscow] PHP Notice:  ob_clean(): failed to delete buffer. No buffer to delete in /home/bsn/sites/bsn.ru/public_html/cron/daily_stats/daemons/ip_stats.php on line 29
[26-Feb-2017 00:01:03 Europe/Moscow] PHP Notice:  ob_clean(): failed to delete buffer. No buffer to delete in /home/bsn/sites/bsn.ru/public_html/cron/daily_stats/daemons/ip_stats.php on line 29
[27-Feb-2017 00:01:02 Europe/Moscow] PHP Notice:  ob_clean(): failed to delete buffer. No buffer to delete in /home/bsn/sites/bsn.ru/public_html/cron/daily_stats/daemons/ip_stats.php on line 29
[28-Feb-2017 00:01:01 Europe/Moscow] PHP Notice:  ob_clean(): failed to delete buffer. No buffer to delete in /home/bsn/sites/bsn.ru/public_html/cron/daily_stats/daemons/ip_stats.php on line 29
[01-Mar-2017 00:01:02 Europe/Moscow] PHP Notice:  ob_clean(): failed to delete buffer. No buffer to delete in /home/bsn/sites/bsn.ru/public_html/cron/daily_stats/daemons/ip_stats.php on line 29
[02-Mar-2017 00:01:02 Europe/Moscow] PHP Notice:  ob_clean(): failed to delete buffer. No buffer to delete in /home/bsn/sites/bsn.ru/public_html/cron/daily_stats/daemons/ip_stats.php on line 29
[03-Mar-2017 00:01:02 Europe/Moscow] PHP Notice:  ob_clean(): failed to delete buffer. No buffer to delete in /home/bsn/sites/bsn.ru/public_html/cron/daily_stats/daemons/ip_stats.php on line 29
[04-Mar-2017 00:01:02 Europe/Moscow] PHP Notice:  ob_clean(): failed to delete buffer. No buffer to delete in /home/bsn/sites/bsn.ru/public_html/cron/daily_stats/daemons/ip_stats.php on line 29
[05-Mar-2017 00:01:02 Europe/Moscow] PHP Notice:  ob_clean(): failed to delete buffer. No buffer to delete in /home/bsn/sites/bsn.ru/public_html/cron/daily_stats/daemons/ip_stats.php on line 29
[06-Mar-2017 00:01:02 Europe/Moscow] PHP Notice:  ob_clean(): failed to delete buffer. No buffer to delete in /home/bsn/sites/bsn.ru/public_html/cron/daily_stats/daemons/ip_stats.php on line 29
[07-Mar-2017 00:01:02 Europe/Moscow] PHP Notice:  ob_clean(): failed to delete buffer. No buffer to delete in /home/bsn/sites/bsn.ru/public_html/cron/daily_stats/daemons/ip_stats.php on line 29
[08-Mar-2017 00:01:02 Europe/Moscow] PHP Notice:  ob_clean(): failed to delete buffer. No buffer to delete in /home/bsn/sites/bsn.ru/public_html/cron/daily_stats/daemons/ip_stats.php on line 29
[09-Mar-2017 00:01:02 Europe/Moscow] PHP Notice:  ob_clean(): failed to delete buffer. No buffer to delete in /home/bsn/sites/bsn.ru/public_html/cron/daily_stats/daemons/ip_stats.php on line 29
[10-Mar-2017 00:01:02 Europe/Moscow] PHP Notice:  ob_clean(): failed to delete buffer. No buffer to delete in /home/bsn/sites/bsn.ru/public_html/cron/daily_stats/daemons/ip_stats.php on line 29
[11-Mar-2017 00:01:02 Europe/Moscow] PHP Notice:  ob_clean(): failed to delete buffer. No buffer to delete in /home/bsn/sites/bsn.ru/public_html/cron/daily_stats/daemons/ip_stats.php on line 29
[12-Mar-2017 00:01:01 Europe/Moscow] PHP Notice:  ob_clean(): failed to delete buffer. No buffer to delete in /home/bsn/sites/bsn.ru/public_html/cron/daily_stats/daemons/ip_stats.php on line 29
[13-Mar-2017 00:01:02 Europe/Moscow] PHP Notice:  ob_clean(): failed to delete buffer. No buffer to delete in /home/bsn/sites/bsn.ru/public_html/cron/daily_stats/daemons/ip_stats.php on line 29
[14-Mar-2017 00:01:02 Europe/Moscow] PHP Notice:  ob_clean(): failed to delete buffer. No buffer to delete in /home/bsn/sites/bsn.ru/public_html/cron/daily_stats/daemons/ip_stats.php on line 29
[15-Mar-2017 00:01:02 Europe/Moscow] PHP Notice:  ob_clean(): failed to delete buffer. No buffer to delete in /home/bsn/sites/bsn.ru/public_html/cron/daily_stats/daemons/ip_stats.php on line 29
[16-Mar-2017 00:01:02 Europe/Moscow] PHP Notice:  ob_clean(): failed to delete buffer. No buffer to delete in /home/bsn/sites/bsn.ru/public_html/cron/daily_stats/daemons/ip_stats.php on line 29
[17-Mar-2017 00:01:01 Europe/Moscow] PHP Notice:  ob_clean(): failed to delete buffer. No buffer to delete in /home/bsn/sites/bsn.ru/public_html/cron/daily_stats/daemons/ip_stats.php on line 29
[18-Mar-2017 00:01:02 Europe/Moscow] PHP Notice:  ob_clean(): failed to delete buffer. No buffer to delete in /home/bsn/sites/bsn.ru/public_html/cron/daily_stats/daemons/ip_stats.php on line 29
[19-Mar-2017 00:01:01 Europe/Moscow] PHP Notice:  ob_clean(): failed to delete buffer. No buffer to delete in /home/bsn/sites/bsn.ru/public_html/cron/daily_stats/daemons/ip_stats.php on line 29
[20-Mar-2017 00:01:02 Europe/Moscow] PHP Notice:  ob_clean(): failed to delete buffer. No buffer to delete in /home/bsn/sites/bsn.ru/public_html/cron/daily_stats/daemons/ip_stats.php on line 29
[21-Mar-2017 00:01:02 Europe/Moscow] PHP Notice:  ob_clean(): failed to delete buffer. No buffer to delete in /home/bsn/sites/bsn.ru/public_html/cron/daily_stats/daemons/ip_stats.php on line 29
[22-Mar-2017 00:01:02 Europe/Moscow] PHP Notice:  ob_clean(): failed to delete buffer. No buffer to delete in /home/bsn/sites/bsn.ru/public_html/cron/daily_stats/daemons/ip_stats.php on line 29
[23-Mar-2017 00:01:01 Europe/Moscow] PHP Notice:  ob_clean(): failed to delete buffer. No buffer to delete in /home/bsn/sites/bsn.ru/public_html/cron/daily_stats/daemons/ip_stats.php on line 29
[24-Mar-2017 00:01:01 Europe/Moscow] PHP Notice:  ob_clean(): failed to delete buffer. No buffer to delete in /home/bsn/sites/bsn.ru/public_html/cron/daily_stats/daemons/ip_stats.php on line 29
[25-Mar-2017 00:01:02 Europe/Moscow] PHP Notice:  ob_clean(): failed to delete buffer. No buffer to delete in /home/bsn/sites/bsn.ru/public_html/cron/daily_stats/daemons/ip_stats.php on line 29
[26-Mar-2017 00:01:02 Europe/Moscow] PHP Notice:  ob_clean(): failed to delete buffer. No buffer to delete in /home/bsn/sites/bsn.ru/public_html/cron/daily_stats/daemons/ip_stats.php on line 29
[27-Mar-2017 00:01:01 Europe/Moscow] PHP Notice:  ob_clean(): failed to delete buffer. No buffer to delete in /home/bsn/sites/bsn.ru/public_html/cron/daily_stats/daemons/ip_stats.php on line 29
[28-Mar-2017 00:01:01 Europe/Moscow] PHP Notice:  ob_clean(): failed to delete buffer. No buffer to delete in /home/bsn/sites/bsn.ru/public_html/cron/daily_stats/daemons/ip_stats.php on line 29
[29-Mar-2017 00:01:02 Europe/Moscow] PHP Notice:  ob_clean(): failed to delete buffer. No buffer to delete in /home/bsn/sites/bsn.ru/public_html/cron/daily_stats/daemons/ip_stats.php on line 29
[30-Mar-2017 00:01:04 Europe/Moscow] PHP Notice:  ob_clean(): failed to delete buffer. No buffer to delete in /home/bsn/sites/bsn.ru/public_html/cron/daily_stats/daemons/ip_stats.php on line 29
[31-Mar-2017 00:01:02 Europe/Moscow] PHP Notice:  ob_clean(): failed to delete buffer. No buffer to delete in /home/bsn/sites/bsn.ru/public_html/cron/daily_stats/daemons/ip_stats.php on line 29
[01-Apr-2017 00:01:02 Europe/Moscow] PHP Notice:  ob_clean(): failed to delete buffer. No buffer to delete in /home/bsn/sites/bsn.ru/public_html/cron/daily_stats/daemons/ip_stats.php on line 29
[02-Apr-2017 00:01:02 Europe/Moscow] PHP Notice:  ob_clean(): failed to delete buffer. No buffer to delete in /home/bsn/sites/bsn.ru/public_html/cron/daily_stats/daemons/ip_stats.php on line 29
[03-Apr-2017 00:01:01 Europe/Moscow] PHP Notice:  ob_clean(): failed to delete buffer. No buffer to delete in /home/bsn/sites/bsn.ru/public_html/cron/daily_stats/daemons/ip_stats.php on line 29
[04-Apr-2017 00:01:02 Europe/Moscow] PHP Notice:  ob_clean(): failed to delete buffer. No buffer to delete in /home/bsn/sites/bsn.ru/public_html/cron/daily_stats/daemons/ip_stats.php on line 29
[05-Apr-2017 00:01:02 Europe/Moscow] PHP Notice:  ob_clean(): failed to delete buffer. No buffer to delete in /home/bsn/sites/bsn.ru/public_html/cron/daily_stats/daemons/ip_stats.php on line 29
[06-Apr-2017 00:01:02 Europe/Moscow] PHP Notice:  ob_clean(): failed to delete buffer. No buffer to delete in /home/bsn/sites/bsn.ru/public_html/cron/daily_stats/daemons/ip_stats.php on line 29
[07-Apr-2017 00:01:02 Europe/Moscow] PHP Notice:  ob_clean(): failed to delete buffer. No buffer to delete in /home/bsn/sites/bsn.ru/public_html/cron/daily_stats/daemons/ip_stats.php on line 29
[08-Apr-2017 00:01:01 Europe/Moscow] PHP Notice:  ob_clean(): failed to delete buffer. No buffer to delete in /home/bsn/sites/bsn.ru/public_html/cron/daily_stats/daemons/ip_stats.php on line 29
[09-Apr-2017 00:01:02 Europe/Moscow] PHP Notice:  ob_clean(): failed to delete buffer. No buffer to delete in /home/bsn/sites/bsn.ru/public_html/cron/daily_stats/daemons/ip_stats.php on line 29
[10-Apr-2017 00:01:02 Europe/Moscow] PHP Notice:  ob_clean(): failed to delete buffer. No buffer to delete in /home/bsn/sites/bsn.ru/public_html/cron/daily_stats/daemons/ip_stats.php on line 29
[11-Apr-2017 00:01:02 Europe/Moscow] PHP Notice:  ob_clean(): failed to delete buffer. No buffer to delete in /home/bsn/sites/bsn.ru/public_html/cron/daily_stats/daemons/ip_stats.php on line 29
[12-Apr-2017 00:01:02 Europe/Moscow] PHP Notice:  ob_clean(): failed to delete buffer. No buffer to delete in /home/bsn/sites/bsn.ru/public_html/cron/daily_stats/daemons/ip_stats.php on line 29
[13-Apr-2017 00:01:02 Europe/Moscow] PHP Notice:  ob_clean(): failed to delete buffer. No buffer to delete in /home/bsn/sites/bsn.ru/public_html/cron/daily_stats/daemons/ip_stats.php on line 29
[14-Apr-2017 00:01:02 Europe/Moscow] PHP Notice:  ob_clean(): failed to delete buffer. No buffer to delete in /home/bsn/sites/bsn.ru/public_html/cron/daily_stats/daemons/ip_stats.php on line 29
[15-Apr-2017 00:01:03 Europe/Moscow] PHP Notice:  ob_clean(): failed to delete buffer. No buffer to delete in /home/bsn/sites/bsn.ru/public_html/cron/daily_stats/daemons/ip_stats.php on line 29
[16-Apr-2017 00:01:02 Europe/Moscow] PHP Notice:  ob_clean(): failed to delete buffer. No buffer to delete in /home/bsn/sites/bsn.ru/public_html/cron/daily_stats/daemons/ip_stats.php on line 29
[17-Apr-2017 00:01:01 Europe/Moscow] PHP Notice:  ob_clean(): failed to delete buffer. No buffer to delete in /home/bsn/sites/bsn.ru/public_html/cron/daily_stats/daemons/ip_stats.php on line 29
[18-Apr-2017 00:01:02 Europe/Moscow] PHP Notice:  ob_clean(): failed to delete buffer. No buffer to delete in /home/bsn/sites/bsn.ru/public_html/cron/daily_stats/daemons/ip_stats.php on line 29
[19-Apr-2017 00:01:02 Europe/Moscow] PHP Notice:  ob_clean(): failed to delete buffer. No buffer to delete in /home/bsn/sites/bsn.ru/public_html/cron/daily_stats/daemons/ip_stats.php on line 29
[20-Apr-2017 00:01:02 Europe/Moscow] PHP Notice:  ob_clean(): failed to delete buffer. No buffer to delete in /home/bsn/sites/bsn.ru/public_html/cron/daily_stats/daemons/ip_stats.php on line 29
[21-Apr-2017 00:01:01 Europe/Moscow] PHP Notice:  ob_clean(): failed to delete buffer. No buffer to delete in /home/bsn/sites/bsn.ru/public_html/cron/daily_stats/daemons/ip_stats.php on line 29
[22-Apr-2017 00:01:02 Europe/Moscow] PHP Notice:  ob_clean(): failed to delete buffer. No buffer to delete in /home/bsn/sites/bsn.ru/public_html/cron/daily_stats/daemons/ip_stats.php on line 29
[23-Apr-2017 00:01:02 Europe/Moscow] PHP Notice:  ob_clean(): failed to delete buffer. No buffer to delete in /home/bsn/sites/bsn.ru/public_html/cron/daily_stats/daemons/ip_stats.php on line 29
[24-Apr-2017 00:01:02 Europe/Moscow] PHP Notice:  ob_clean(): failed to delete buffer. No buffer to delete in /home/bsn/sites/bsn.ru/public_html/cron/daily_stats/daemons/ip_stats.php on line 29
[25-Apr-2017 00:01:02 Europe/Moscow] PHP Notice:  ob_clean(): failed to delete buffer. No buffer to delete in /home/bsn/sites/bsn.ru/public_html/cron/daily_stats/daemons/ip_stats.php on line 29
[26-Apr-2017 00:01:01 Europe/Moscow] PHP Notice:  ob_clean(): failed to delete buffer. No buffer to delete in /home/bsn/sites/bsn.ru/public_html/cron/daily_stats/daemons/ip_stats.php on line 29
[27-Apr-2017 00:01:02 Europe/Moscow] PHP Notice:  ob_clean(): failed to delete buffer. No buffer to delete in /home/bsn/sites/bsn.ru/public_html/cron/daily_stats/daemons/ip_stats.php on line 29
[28-Apr-2017 00:01:02 Europe/Moscow] PHP Notice:  ob_clean(): failed to delete buffer. No buffer to delete in /home/bsn/sites/bsn.ru/public_html/cron/daily_stats/daemons/ip_stats.php on line 29
[29-Apr-2017 00:01:01 Europe/Moscow] PHP Notice:  ob_clean(): failed to delete buffer. No buffer to delete in /home/bsn/sites/bsn.ru/public_html/cron/daily_stats/daemons/ip_stats.php on line 29
[30-Apr-2017 00:01:02 Europe/Moscow] PHP Notice:  ob_clean(): failed to delete buffer. No buffer to delete in /home/bsn/sites/bsn.ru/public_html/cron/daily_stats/daemons/ip_stats.php on line 29
[01-May-2017 00:01:03 Europe/Moscow] PHP Notice:  ob_clean(): failed to delete buffer. No buffer to delete in /home/bsn/sites/bsn.ru/public_html/cron/daily_stats/daemons/ip_stats.php on line 29
[02-May-2017 00:01:02 Europe/Moscow] PHP Notice:  ob_clean(): failed to delete buffer. No buffer to delete in /home/bsn/sites/bsn.ru/public_html/cron/daily_stats/daemons/ip_stats.php on line 29
[03-May-2017 00:01:02 Europe/Moscow] PHP Notice:  ob_clean(): failed to delete buffer. No buffer to delete in /home/bsn/sites/bsn.ru/public_html/cron/daily_stats/daemons/ip_stats.php on line 29
[04-May-2017 00:01:02 Europe/Moscow] PHP Notice:  ob_clean(): failed to delete buffer. No buffer to delete in /home/bsn/sites/bsn.ru/public_html/cron/daily_stats/daemons/ip_stats.php on line 29
[05-May-2017 00:01:02 Europe/Moscow] PHP Notice:  ob_clean(): failed to delete buffer. No buffer to delete in /home/bsn/sites/bsn.ru/public_html/cron/daily_stats/daemons/ip_stats.php on line 29
[06-May-2017 00:01:01 Europe/Moscow] PHP Notice:  ob_clean(): failed to delete buffer. No buffer to delete in /home/bsn/sites/bsn.ru/public_html/cron/daily_stats/daemons/ip_stats.php on line 29
[07-May-2017 00:01:02 Europe/Moscow] PHP Notice:  ob_clean(): failed to delete buffer. No buffer to delete in /home/bsn/sites/bsn.ru/public_html/cron/daily_stats/daemons/ip_stats.php on line 29
[08-May-2017 00:01:02 Europe/Moscow] PHP Notice:  ob_clean(): failed to delete buffer. No buffer to delete in /home/bsn/sites/bsn.ru/public_html/cron/daily_stats/daemons/ip_stats.php on line 29
[09-May-2017 00:01:02 Europe/Moscow] PHP Notice:  ob_clean(): failed to delete buffer. No buffer to delete in /home/bsn/sites/bsn.ru/public_html/cron/daily_stats/daemons/ip_stats.php on line 29
[10-May-2017 00:01:01 Europe/Moscow] PHP Notice:  ob_clean(): failed to delete buffer. No buffer to delete in /home/bsn/sites/bsn.ru/public_html/cron/daily_stats/daemons/ip_stats.php on line 29
[11-May-2017 00:01:02 Europe/Moscow] PHP Notice:  ob_clean(): failed to delete buffer. No buffer to delete in /home/bsn/sites/bsn.ru/public_html/cron/daily_stats/daemons/ip_stats.php on line 29
[12-May-2017 00:01:01 Europe/Moscow] PHP Notice:  ob_clean(): failed to delete buffer. No buffer to delete in /home/bsn/sites/bsn.ru/public_html/cron/daily_stats/daemons/ip_stats.php on line 29
[13-May-2017 00:01:02 Europe/Moscow] PHP Notice:  ob_clean(): failed to delete buffer. No buffer to delete in /home/bsn/sites/bsn.ru/public_html/cron/daily_stats/daemons/ip_stats.php on line 34
[14-May-2017 00:01:02 Europe/Moscow] PHP Notice:  ob_clean(): failed to delete buffer. No buffer to delete in /home/bsn/sites/bsn.ru/public_html/cron/daily_stats/daemons/ip_stats.php on line 34
[15-May-2017 00:01:03 Europe/Moscow] PHP Notice:  ob_clean(): failed to delete buffer. No buffer to delete in /home/bsn/sites/bsn.ru/public_html/cron/daily_stats/daemons/ip_stats.php on line 34
[16-May-2017 00:01:02 Europe/Moscow] PHP Notice:  ob_clean(): failed to delete buffer. No buffer to delete in /home/bsn/sites/bsn.ru/public_html/cron/daily_stats/daemons/ip_stats.php on line 34
[17-May-2017 00:01:01 Europe/Moscow] PHP Notice:  ob_clean(): failed to delete buffer. No buffer to delete in /home/bsn/sites/bsn.ru/public_html/cron/daily_stats/daemons/ip_stats.php on line 34
[18-May-2017 00:01:02 Europe/Moscow] PHP Notice:  ob_clean(): failed to delete buffer. No buffer to delete in /home/bsn/sites/bsn.ru/public_html/cron/daily_stats/daemons/ip_stats.php on line 34
[19-May-2017 00:01:01 Europe/Moscow] PHP Notice:  ob_clean(): failed to delete buffer. No buffer to delete in /home/bsn/sites/bsn.ru/public_html/cron/daily_stats/daemons/ip_stats.php on line 34
[20-May-2017 00:01:01 Europe/Moscow] PHP Notice:  ob_clean(): failed to delete buffer. No buffer to delete in /home/bsn/sites/bsn.ru/public_html/cron/daily_stats/daemons/ip_stats.php on line 34
[21-May-2017 00:01:03 Europe/Moscow] PHP Notice:  ob_clean(): failed to delete buffer. No buffer to delete in /home/bsn/sites/bsn.ru/public_html/cron/daily_stats/daemons/ip_stats.php on line 34
[22-May-2017 00:01:02 Europe/Moscow] PHP Notice:  ob_clean(): failed to delete buffer. No buffer to delete in /home/bsn/sites/bsn.ru/public_html/cron/daily_stats/daemons/ip_stats.php on line 34
[23-May-2017 00:01:01 Europe/Moscow] PHP Notice:  ob_clean(): failed to delete buffer. No buffer to delete in /home/bsn/sites/bsn.ru/public_html/cron/daily_stats/daemons/ip_stats.php on line 34
[24-May-2017 00:01:01 Europe/Moscow] PHP Notice:  ob_clean(): failed to delete buffer. No buffer to delete in /home/bsn/sites/bsn.ru/public_html/cron/daily_stats/daemons/ip_stats.php on line 34
[25-May-2017 00:01:01 Europe/Moscow] PHP Notice:  ob_clean(): failed to delete buffer. No buffer to delete in /home/bsn/sites/bsn.ru/public_html/cron/daily_stats/daemons/ip_stats.php on line 34
[26-May-2017 00:01:02 Europe/Moscow] PHP Notice:  ob_clean(): failed to delete buffer. No buffer to delete in /home/bsn/sites/bsn.ru/public_html/cron/daily_stats/daemons/ip_stats.php on line 34
[27-May-2017 00:01:01 Europe/Moscow] PHP Notice:  ob_clean(): failed to delete buffer. No buffer to delete in /home/bsn/sites/bsn.ru/public_html/cron/daily_stats/daemons/ip_stats.php on line 34
[28-May-2017 00:01:02 Europe/Moscow] PHP Notice:  ob_clean(): failed to delete buffer. No buffer to delete in /home/bsn/sites/bsn.ru/public_html/cron/daily_stats/daemons/ip_stats.php on line 34
[29-May-2017 00:01:01 Europe/Moscow] PHP Notice:  ob_clean(): failed to delete buffer. No buffer to delete in /home/bsn/sites/bsn.ru/public_html/cron/daily_stats/daemons/ip_stats.php on line 34
[30-May-2017 00:01:02 Europe/Moscow] PHP Notice:  ob_clean(): failed to delete buffer. No buffer to delete in /home/bsn/sites/bsn.ru/public_html/cron/daily_stats/daemons/ip_stats.php on line 34
[31-May-2017 00:01:01 Europe/Moscow] PHP Notice:  ob_clean(): failed to delete buffer. No buffer to delete in /home/bsn/sites/bsn.ru/public_html/cron/daily_stats/daemons/ip_stats.php on line 34
[01-Jun-2017 00:01:02 Europe/Moscow] PHP Notice:  ob_clean(): failed to delete buffer. No buffer to delete in /home/bsn/sites/bsn.ru/public_html/cron/daily_stats/daemons/ip_stats.php on line 34
[02-Jun-2017 00:01:01 Europe/Moscow] PHP Notice:  ob_clean(): failed to delete buffer. No buffer to delete in /home/bsn/sites/bsn.ru/public_html/cron/daily_stats/daemons/ip_stats.php on line 34
[03-Jun-2017 00:01:01 Europe/Moscow] PHP Notice:  ob_clean(): failed to delete buffer. No buffer to delete in /home/bsn/sites/bsn.ru/public_html/cron/daily_stats/daemons/ip_stats.php on line 34
[04-Jun-2017 00:01:02 Europe/Moscow] PHP Notice:  ob_clean(): failed to delete buffer. No buffer to delete in /home/bsn/sites/bsn.ru/public_html/cron/daily_stats/daemons/ip_stats.php on line 34
[05-Jun-2017 00:01:02 Europe/Moscow] PHP Notice:  ob_clean(): failed to delete buffer. No buffer to delete in /home/bsn/sites/bsn.ru/public_html/cron/daily_stats/daemons/ip_stats.php on line 34
[06-Jun-2017 00:01:01 Europe/Moscow] PHP Notice:  ob_clean(): failed to delete buffer. No buffer to delete in /home/bsn/sites/bsn.ru/public_html/cron/daily_stats/daemons/ip_stats.php on line 34
[07-Jun-2017 00:01:05 Europe/Moscow] PHP Notice:  ob_clean(): failed to delete buffer. No buffer to delete in /home/bsn/sites/bsn.ru/public_html/cron/daily_stats/daemons/ip_stats.php on line 34
[08-Jun-2017 00:01:02 Europe/Moscow] PHP Notice:  ob_clean(): failed to delete buffer. No buffer to delete in /home/bsn/sites/bsn.ru/public_html/cron/daily_stats/daemons/ip_stats.php on line 34
[09-Jun-2017 00:01:01 Europe/Moscow] PHP Notice:  ob_clean(): failed to delete buffer. No buffer to delete in /home/bsn/sites/bsn.ru/public_html/cron/daily_stats/daemons/ip_stats.php on line 34
[10-Jun-2017 00:01:02 Europe/Moscow] PHP Notice:  ob_clean(): failed to delete buffer. No buffer to delete in /home/bsn/sites/bsn.ru/public_html/cron/daily_stats/daemons/ip_stats.php on line 34
[11-Jun-2017 00:01:01 Europe/Moscow] PHP Notice:  ob_clean(): failed to delete buffer. No buffer to delete in /home/bsn/sites/bsn.ru/public_html/cron/daily_stats/daemons/ip_stats.php on line 34
[12-Jun-2017 00:01:02 Europe/Moscow] PHP Notice:  ob_clean(): failed to delete buffer. No buffer to delete in /home/bsn/sites/bsn.ru/public_html/cron/daily_stats/daemons/ip_stats.php on line 34
[13-Jun-2017 00:01:01 Europe/Moscow] PHP Notice:  ob_clean(): failed to delete buffer. No buffer to delete in /home/bsn/sites/bsn.ru/public_html/cron/daily_stats/daemons/ip_stats.php on line 34
[14-Jun-2017 00:01:02 Europe/Moscow] PHP Notice:  ob_clean(): failed to delete buffer. No buffer to delete in /home/bsn/sites/bsn.ru/public_html/cron/daily_stats/daemons/ip_stats.php on line 34
[15-Jun-2017 00:01:03 Europe/Moscow] PHP Notice:  ob_clean(): failed to delete buffer. No buffer to delete in /home/bsn/sites/bsn.ru/public_html/cron/daily_stats/daemons/ip_stats.php on line 34
[16-Jun-2017 00:01:02 Europe/Moscow] PHP Notice:  ob_clean(): failed to delete buffer. No buffer to delete in /home/bsn/sites/bsn.ru/public_html/cron/daily_stats/daemons/ip_stats.php on line 34
[17-Jun-2017 00:01:02 Europe/Moscow] PHP Notice:  ob_clean(): failed to delete buffer. No buffer to delete in /home/bsn/sites/bsn.ru/public_html/cron/daily_stats/daemons/ip_stats.php on line 34
[18-Jun-2017 00:01:01 Europe/Moscow] PHP Notice:  ob_clean(): failed to delete buffer. No buffer to delete in /home/bsn/sites/bsn.ru/public_html/cron/daily_stats/daemons/ip_stats.php on line 34
[19-Jun-2017 00:01:01 Europe/Moscow] PHP Notice:  ob_clean(): failed to delete buffer. No buffer to delete in /home/bsn/sites/bsn.ru/public_html/cron/daily_stats/daemons/ip_stats.php on line 34
[20-Jun-2017 00:01:02 Europe/Moscow] PHP Notice:  ob_clean(): failed to delete buffer. No buffer to delete in /home/bsn/sites/bsn.ru/public_html/cron/daily_stats/daemons/ip_stats.php on line 34
[21-Jun-2017 00:01:01 Europe/Moscow] PHP Notice:  ob_clean(): failed to delete buffer. No buffer to delete in /home/bsn/sites/bsn.ru/public_html/cron/daily_stats/daemons/ip_stats.php on line 34
[22-Jun-2017 00:01:01 Europe/Moscow] PHP Notice:  ob_clean(): failed to delete buffer. No buffer to delete in /home/bsn/sites/bsn.ru/public_html/cron/daily_stats/daemons/ip_stats.php on line 34
[23-Jun-2017 00:01:02 Europe/Moscow] PHP Notice:  ob_clean(): failed to delete buffer. No buffer to delete in /home/bsn/sites/bsn.ru/public_html/cron/daily_stats/daemons/ip_stats.php on line 34
[24-Jun-2017 00:01:02 Europe/Moscow] PHP Notice:  ob_clean(): failed to delete buffer. No buffer to delete in /home/bsn/sites/bsn.ru/public_html/cron/daily_stats/daemons/ip_stats.php on line 34
[25-Jun-2017 00:01:02 Europe/Moscow] PHP Notice:  ob_clean(): failed to delete buffer. No buffer to delete in /home/bsn/sites/bsn.ru/public_html/cron/daily_stats/daemons/ip_stats.php on line 34
[26-Jun-2017 00:01:01 Europe/Moscow] PHP Notice:  ob_clean(): failed to delete buffer. No buffer to delete in /home/bsn/sites/bsn.ru/public_html/cron/daily_stats/daemons/ip_stats.php on line 34
[27-Jun-2017 00:01:02 Europe/Moscow] PHP Notice:  ob_clean(): failed to delete buffer. No buffer to delete in /home/bsn/sites/bsn.ru/public_html/cron/daily_stats/daemons/ip_stats.php on line 34
[28-Jun-2017 00:01:02 Europe/Moscow] PHP Notice:  ob_clean(): failed to delete buffer. No buffer to delete in /home/bsn/sites/bsn.ru/public_html/cron/daily_stats/daemons/ip_stats.php on line 34
[29-Jun-2017 00:01:01 Europe/Moscow] PHP Notice:  ob_clean(): failed to delete buffer. No buffer to delete in /home/bsn/sites/bsn.ru/public_html/cron/daily_stats/daemons/ip_stats.php on line 34
[30-Jun-2017 00:01:02 Europe/Moscow] PHP Notice:  ob_clean(): failed to delete buffer. No buffer to delete in /home/bsn/sites/bsn.ru/public_html/cron/daily_stats/daemons/ip_stats.php on line 34
[01-Jul-2017 00:01:01 Europe/Moscow] PHP Notice:  ob_clean(): failed to delete buffer. No buffer to delete in /home/bsn/sites/bsn.ru/public_html/cron/daily_stats/daemons/ip_stats.php on line 34
[02-Jul-2017 00:01:02 Europe/Moscow] PHP Notice:  ob_clean(): failed to delete buffer. No buffer to delete in /home/bsn/sites/bsn.ru/public_html/cron/daily_stats/daemons/ip_stats.php on line 34
[03-Jul-2017 00:01:02 Europe/Moscow] PHP Notice:  ob_clean(): failed to delete buffer. No buffer to delete in /home/bsn/sites/bsn.ru/public_html/cron/daily_stats/daemons/ip_stats.php on line 34
[04-Jul-2017 00:01:02 Europe/Moscow] PHP Notice:  ob_clean(): failed to delete buffer. No buffer to delete in /home/bsn/sites/bsn.ru/public_html/cron/daily_stats/daemons/ip_stats.php on line 34
[05-Jul-2017 00:01:02 Europe/Moscow] PHP Notice:  ob_clean(): failed to delete buffer. No buffer to delete in /home/bsn/sites/bsn.ru/public_html/cron/daily_stats/daemons/ip_stats.php on line 34
[06-Jul-2017 00:01:04 Europe/Moscow] PHP Notice:  ob_clean(): failed to delete buffer. No buffer to delete in /home/bsn/sites/bsn.ru/public_html/cron/daily_stats/daemons/ip_stats.php on line 34
[07-Jul-2017 00:01:03 Europe/Moscow] PHP Notice:  ob_clean(): failed to delete buffer. No buffer to delete in /home/bsn/sites/bsn.ru/public_html/cron/daily_stats/daemons/ip_stats.php on line 34
[08-Jul-2017 00:01:03 Europe/Moscow] PHP Notice:  ob_clean(): failed to delete buffer. No buffer to delete in /home/bsn/sites/bsn.ru/public_html/cron/daily_stats/daemons/ip_stats.php on line 34
[09-Jul-2017 00:01:01 Europe/Moscow] PHP Notice:  ob_clean(): failed to delete buffer. No buffer to delete in /home/bsn/sites/bsn.ru/public_html/cron/daily_stats/daemons/ip_stats.php on line 34
[10-Jul-2017 00:01:03 Europe/Moscow] PHP Notice:  ob_clean(): failed to delete buffer. No buffer to delete in /home/bsn/sites/bsn.ru/public_html/cron/daily_stats/daemons/ip_stats.php on line 34
[11-Jul-2017 00:01:03 Europe/Moscow] PHP Notice:  ob_clean(): failed to delete buffer. No buffer to delete in /home/bsn/sites/bsn.ru/public_html/cron/daily_stats/daemons/ip_stats.php on line 34
[12-Jul-2017 00:01:02 Europe/Moscow] PHP Notice:  ob_clean(): failed to delete buffer. No buffer to delete in /home/bsn/sites/bsn.ru/public_html/cron/daily_stats/daemons/ip_stats.php on line 34
[13-Jul-2017 00:01:01 Europe/Moscow] PHP Notice:  ob_clean(): failed to delete buffer. No buffer to delete in /home/bsn/sites/bsn.ru/public_html/cron/daily_stats/daemons/ip_stats.php on line 34
[14-Jul-2017 00:01:01 Europe/Moscow] PHP Notice:  ob_clean(): failed to delete buffer. No buffer to delete in /home/bsn/sites/bsn.ru/public_html/cron/daily_stats/daemons/ip_stats.php on line 34
[15-Jul-2017 00:01:02 Europe/Moscow] PHP Notice:  ob_clean(): failed to delete buffer. No buffer to delete in /home/bsn/sites/bsn.ru/public_html/cron/daily_stats/daemons/ip_stats.php on line 34
[16-Jul-2017 00:01:02 Europe/Moscow] PHP Notice:  ob_clean(): failed to delete buffer. No buffer to delete in /home/bsn/sites/bsn.ru/public_html/cron/daily_stats/daemons/ip_stats.php on line 34
[17-Jul-2017 00:01:01 Europe/Moscow] PHP Notice:  ob_clean(): failed to delete buffer. No buffer to delete in /home/bsn/sites/bsn.ru/public_html/cron/daily_stats/daemons/ip_stats.php on line 34
[18-Jul-2017 00:01:02 Europe/Moscow] PHP Notice:  ob_clean(): failed to delete buffer. No buffer to delete in /home/bsn/sites/bsn.ru/public_html/cron/daily_stats/daemons/ip_stats.php on line 34
[19-Jul-2017 00:01:02 Europe/Moscow] PHP Notice:  ob_clean(): failed to delete buffer. No buffer to delete in /home/bsn/sites/bsn.ru/public_html/cron/daily_stats/daemons/ip_stats.php on line 34
[20-Jul-2017 00:01:02 Europe/Moscow] PHP Notice:  ob_clean(): failed to delete buffer. No buffer to delete in /home/bsn/sites/bsn.ru/public_html/cron/daily_stats/daemons/ip_stats.php on line 34
[21-Jul-2017 00:01:05 Europe/Moscow] PHP Notice:  ob_clean(): failed to delete buffer. No buffer to delete in /home/bsn/sites/bsn.ru/public_html/cron/daily_stats/daemons/ip_stats.php on line 34
[22-Jul-2017 00:01:01 Europe/Moscow] PHP Notice:  ob_clean(): failed to delete buffer. No buffer to delete in /home/bsn/sites/bsn.ru/public_html/cron/daily_stats/daemons/ip_stats.php on line 34
[23-Jul-2017 00:01:02 Europe/Moscow] PHP Notice:  ob_clean(): failed to delete buffer. No buffer to delete in /home/bsn/sites/bsn.ru/public_html/cron/daily_stats/daemons/ip_stats.php on line 34
[24-Jul-2017 00:01:02 Europe/Moscow] PHP Notice:  ob_clean(): failed to delete buffer. No buffer to delete in /home/bsn/sites/bsn.ru/public_html/cron/daily_stats/daemons/ip_stats.php on line 34
[25-Jul-2017 00:01:03 Europe/Moscow] PHP Notice:  ob_clean(): failed to delete buffer. No buffer to delete in /home/bsn/sites/bsn.ru/public_html/cron/daily_stats/daemons/ip_stats.php on line 34
[26-Jul-2017 00:01:01 Europe/Moscow] PHP Notice:  ob_clean(): failed to delete buffer. No buffer to delete in /home/bsn/sites/bsn.ru/public_html/cron/daily_stats/daemons/ip_stats.php on line 34
[27-Jul-2017 00:01:02 Europe/Moscow] PHP Notice:  ob_clean(): failed to delete buffer. No buffer to delete in /home/bsn/sites/bsn.ru/public_html/cron/daily_stats/daemons/ip_stats.php on line 34
[28-Jul-2017 00:01:02 Europe/Moscow] PHP Notice:  ob_clean(): failed to delete buffer. No buffer to delete in /home/bsn/sites/bsn.ru/public_html/cron/daily_stats/daemons/ip_stats.php on line 34
[29-Jul-2017 00:01:01 Europe/Moscow] PHP Notice:  ob_clean(): failed to delete buffer. No buffer to delete in /home/bsn/sites/bsn.ru/public_html/cron/daily_stats/daemons/ip_stats.php on line 34
[30-Jul-2017 00:01:02 Europe/Moscow] PHP Notice:  ob_clean(): failed to delete buffer. No buffer to delete in /home/bsn/sites/bsn.ru/public_html/cron/daily_stats/daemons/ip_stats.php on line 34
[31-Jul-2017 00:01:02 Europe/Moscow] PHP Notice:  ob_clean(): failed to delete buffer. No buffer to delete in /home/bsn/sites/bsn.ru/public_html/cron/daily_stats/daemons/ip_stats.php on line 34
[01-Aug-2017 00:01:02 Europe/Moscow] PHP Notice:  ob_clean(): failed to delete buffer. No buffer to delete in /home/bsn/sites/bsn.ru/public_html/cron/daily_stats/daemons/ip_stats.php on line 34
[02-Aug-2017 00:01:02 Europe/Moscow] PHP Notice:  ob_clean(): failed to delete buffer. No buffer to delete in /home/bsn/sites/bsn.ru/public_html/cron/daily_stats/daemons/ip_stats.php on line 34
[03-Aug-2017 00:01:01 Europe/Moscow] PHP Notice:  ob_clean(): failed to delete buffer. No buffer to delete in /home/bsn/sites/bsn.ru/public_html/cron/daily_stats/daemons/ip_stats.php on line 34
[04-Aug-2017 00:01:02 Europe/Moscow] PHP Notice:  ob_clean(): failed to delete buffer. No buffer to delete in /home/bsn/sites/bsn.ru/public_html/cron/daily_stats/daemons/ip_stats.php on line 34
[05-Aug-2017 00:01:02 Europe/Moscow] PHP Notice:  ob_clean(): failed to delete buffer. No buffer to delete in /home/bsn/sites/bsn.ru/public_html/cron/daily_stats/daemons/ip_stats.php on line 34
[06-Aug-2017 00:01:01 Europe/Moscow] PHP Notice:  ob_clean(): failed to delete buffer. No buffer to delete in /home/bsn/sites/bsn.ru/public_html/cron/daily_stats/daemons/ip_stats.php on line 34
[07-Aug-2017 00:01:02 Europe/Moscow] PHP Notice:  ob_clean(): failed to delete buffer. No buffer to delete in /home/bsn/sites/bsn.ru/public_html/cron/daily_stats/daemons/ip_stats.php on line 34
[08-Aug-2017 00:01:01 Europe/Moscow] PHP Notice:  ob_clean(): failed to delete buffer. No buffer to delete in /home/bsn/sites/bsn.ru/public_html/cron/daily_stats/daemons/ip_stats.php on line 34
[09-Aug-2017 00:01:02 Europe/Moscow] PHP Notice:  ob_clean(): failed to delete buffer. No buffer to delete in /home/bsn/sites/bsn.ru/public_html/cron/daily_stats/daemons/ip_stats.php on line 34
[10-Aug-2017 00:01:01 Europe/Moscow] PHP Notice:  ob_clean(): failed to delete buffer. No buffer to delete in /home/bsn/sites/bsn.ru/public_html/cron/daily_stats/daemons/ip_stats.php on line 34
[11-Aug-2017 00:01:02 Europe/Moscow] PHP Notice:  ob_clean(): failed to delete buffer. No buffer to delete in /home/bsn/sites/bsn.ru/public_html/cron/daily_stats/daemons/ip_stats.php on line 34
[12-Aug-2017 00:01:02 Europe/Moscow] PHP Notice:  ob_clean(): failed to delete buffer. No buffer to delete in /home/bsn/sites/bsn.ru/public_html/cron/daily_stats/daemons/ip_stats.php on line 34
[13-Aug-2017 00:01:02 Europe/Moscow] PHP Notice:  ob_clean(): failed to delete buffer. No buffer to delete in /home/bsn/sites/bsn.ru/public_html/cron/daily_stats/daemons/ip_stats.php on line 34
[14-Aug-2017 00:01:01 Europe/Moscow] PHP Notice:  ob_clean(): failed to delete buffer. No buffer to delete in /home/bsn/sites/bsn.ru/public_html/cron/daily_stats/daemons/ip_stats.php on line 34
[15-Aug-2017 00:01:02 Europe/Moscow] PHP Notice:  ob_clean(): failed to delete buffer. No buffer to delete in /home/bsn/sites/bsn.ru/public_html/cron/daily_stats/daemons/ip_stats.php on line 34
[16-Aug-2017 00:01:02 Europe/Moscow] PHP Notice:  ob_clean(): failed to delete buffer. No buffer to delete in /home/bsn/sites/bsn.ru/public_html/cron/daily_stats/daemons/ip_stats.php on line 34
[17-Aug-2017 00:01:01 Europe/Moscow] PHP Notice:  ob_clean(): failed to delete buffer. No buffer to delete in /home/bsn/sites/bsn.ru/public_html/cron/daily_stats/daemons/ip_stats.php on line 34
[18-Aug-2017 00:01:01 Europe/Moscow] PHP Notice:  ob_clean(): failed to delete buffer. No buffer to delete in /home/bsn/sites/bsn.ru/public_html/cron/daily_stats/daemons/ip_stats.php on line 34
[19-Aug-2017 00:01:02 Europe/Moscow] PHP Notice:  ob_clean(): failed to delete buffer. No buffer to delete in /home/bsn/sites/bsn.ru/public_html/cron/daily_stats/daemons/ip_stats.php on line 34
[20-Aug-2017 00:01:01 Europe/Moscow] PHP Notice:  ob_clean(): failed to delete buffer. No buffer to delete in /home/bsn/sites/bsn.ru/public_html/cron/daily_stats/daemons/ip_stats.php on line 34
[21-Aug-2017 00:01:02 Europe/Moscow] PHP Notice:  ob_clean(): failed to delete buffer. No buffer to delete in /home/bsn/sites/bsn.ru/public_html/cron/daily_stats/daemons/ip_stats.php on line 34
[22-Aug-2017 00:01:01 Europe/Moscow] PHP Notice:  ob_clean(): failed to delete buffer. No buffer to delete in /home/bsn/sites/bsn.ru/public_html/cron/daily_stats/daemons/ip_stats.php on line 34
[23-Aug-2017 00:01:02 Europe/Moscow] PHP Notice:  ob_clean(): failed to delete buffer. No buffer to delete in /home/bsn/sites/bsn.ru/public_html/cron/daily_stats/daemons/ip_stats.php on line 34
[24-Aug-2017 00:01:02 Europe/Moscow] PHP Notice:  ob_clean(): failed to delete buffer. No buffer to delete in /home/bsn/sites/bsn.ru/public_html/cron/daily_stats/daemons/ip_stats.php on line 34
[25-Aug-2017 00:01:02 Europe/Moscow] PHP Notice:  ob_clean(): failed to delete buffer. No buffer to delete in /home/bsn/sites/bsn.ru/public_html/cron/daily_stats/daemons/ip_stats.php on line 34
[26-Aug-2017 00:01:02 Europe/Moscow] PHP Notice:  ob_clean(): failed to delete buffer. No buffer to delete in /home/bsn/sites/bsn.ru/public_html/cron/daily_stats/daemons/ip_stats.php on line 34
[27-Aug-2017 00:01:02 Europe/Moscow] PHP Notice:  ob_clean(): failed to delete buffer. No buffer to delete in /home/bsn/sites/bsn.ru/public_html/cron/daily_stats/daemons/ip_stats.php on line 34
[28-Aug-2017 00:01:02 Europe/Moscow] PHP Notice:  ob_clean(): failed to delete buffer. No buffer to delete in /home/bsn/sites/bsn.ru/public_html/cron/daily_stats/daemons/ip_stats.php on line 34
[29-Aug-2017 00:01:02 Europe/Moscow] PHP Notice:  ob_clean(): failed to delete buffer. No buffer to delete in /home/bsn/sites/bsn.ru/public_html/cron/daily_stats/daemons/ip_stats.php on line 34
[30-Aug-2017 00:01:02 Europe/Moscow] PHP Notice:  ob_clean(): failed to delete buffer. No buffer to delete in /home/bsn/sites/bsn.ru/public_html/cron/daily_stats/daemons/ip_stats.php on line 34
[31-Aug-2017 00:01:02 Europe/Moscow] PHP Notice:  ob_clean(): failed to delete buffer. No buffer to delete in /home/bsn/sites/bsn.ru/public_html/cron/daily_stats/daemons/ip_stats.php on line 34
[01-Sep-2017 00:01:02 Europe/Moscow] PHP Notice:  ob_clean(): failed to delete buffer. No buffer to delete in /home/bsn/sites/bsn.ru/public_html/cron/daily_stats/daemons/ip_stats.php on line 34
[02-Sep-2017 00:01:02 Europe/Moscow] PHP Notice:  ob_clean(): failed to delete buffer. No buffer to delete in /home/bsn/sites/bsn.ru/public_html/cron/daily_stats/daemons/ip_stats.php on line 34
[03-Sep-2017 00:01:01 Europe/Moscow] PHP Notice:  ob_clean(): failed to delete buffer. No buffer to delete in /home/bsn/sites/bsn.ru/public_html/cron/daily_stats/daemons/ip_stats.php on line 34
[04-Sep-2017 00:01:01 Europe/Moscow] PHP Notice:  ob_clean(): failed to delete buffer. No buffer to delete in /home/bsn/sites/bsn.ru/public_html/cron/daily_stats/daemons/ip_stats.php on line 34
[05-Sep-2017 00:01:02 Europe/Moscow] PHP Notice:  ob_clean(): failed to delete buffer. No buffer to delete in /home/bsn/sites/bsn.ru/public_html/cron/daily_stats/daemons/ip_stats.php on line 34
[06-Sep-2017 00:01:03 Europe/Moscow] PHP Notice:  ob_clean(): failed to delete buffer. No buffer to delete in /home/bsn/sites/bsn.ru/public_html/cron/daily_stats/daemons/ip_stats.php on line 34
[07-Sep-2017 00:01:02 Europe/Moscow] PHP Notice:  ob_clean(): failed to delete buffer. No buffer to delete in /home/bsn/sites/bsn.ru/public_html/cron/daily_stats/daemons/ip_stats.php on line 34
[08-Sep-2017 00:01:03 Europe/Moscow] PHP Notice:  ob_clean(): failed to delete buffer. No buffer to delete in /home/bsn/sites/bsn.ru/public_html/cron/daily_stats/daemons/ip_stats.php on line 34
[09-Sep-2017 00:01:03 Europe/Moscow] PHP Notice:  ob_clean(): failed to delete buffer. No buffer to delete in /home/bsn/sites/bsn.ru/public_html/cron/daily_stats/daemons/ip_stats.php on line 34
[10-Sep-2017 00:01:02 Europe/Moscow] PHP Notice:  ob_clean(): failed to delete buffer. No buffer to delete in /home/bsn/sites/bsn.ru/public_html/cron/daily_stats/daemons/ip_stats.php on line 34
[11-Sep-2017 00:01:01 Europe/Moscow] PHP Notice:  ob_clean(): failed to delete buffer. No buffer to delete in /home/bsn/sites/bsn.ru/public_html/cron/daily_stats/daemons/ip_stats.php on line 34
[12-Sep-2017 00:01:02 Europe/Moscow] PHP Notice:  ob_clean(): failed to delete buffer. No buffer to delete in /home/bsn/sites/bsn.ru/public_html/cron/daily_stats/daemons/ip_stats.php on line 34
[13-Sep-2017 00:01:01 Europe/Moscow] PHP Notice:  ob_clean(): failed to delete buffer. No buffer to delete in /home/bsn/sites/bsn.ru/public_html/cron/daily_stats/daemons/ip_stats.php on line 34
[14-Sep-2017 00:01:03 Europe/Moscow] PHP Notice:  ob_clean(): failed to delete buffer. No buffer to delete in /home/bsn/sites/bsn.ru/public_html/cron/daily_stats/daemons/ip_stats.php on line 34
[15-Sep-2017 00:01:02 Europe/Moscow] PHP Notice:  ob_clean(): failed to delete buffer. No buffer to delete in /home/bsn/sites/bsn.ru/public_html/cron/daily_stats/daemons/ip_stats.php on line 34
[16-Sep-2017 00:01:03 Europe/Moscow] PHP Notice:  ob_clean(): failed to delete buffer. No buffer to delete in /home/bsn/sites/bsn.ru/public_html/cron/daily_stats/daemons/ip_stats.php on line 34
[17-Sep-2017 00:01:02 Europe/Moscow] PHP Notice:  ob_clean(): failed to delete buffer. No buffer to delete in /home/bsn/sites/bsn.ru/public_html/cron/daily_stats/daemons/ip_stats.php on line 34
[18-Sep-2017 00:01:02 Europe/Moscow] PHP Notice:  ob_clean(): failed to delete buffer. No buffer to delete in /home/bsn/sites/bsn.ru/public_html/cron/daily_stats/daemons/ip_stats.php on line 34
[19-Sep-2017 00:01:02 Europe/Moscow] PHP Notice:  ob_clean(): failed to delete buffer. No buffer to delete in /home/bsn/sites/bsn.ru/public_html/cron/daily_stats/daemons/ip_stats.php on line 34
[20-Sep-2017 00:01:01 Europe/Moscow] PHP Notice:  ob_clean(): failed to delete buffer. No buffer to delete in /home/bsn/sites/bsn.ru/public_html/cron/daily_stats/daemons/ip_stats.php on line 34
[21-Sep-2017 00:01:01 Europe/Moscow] PHP Notice:  ob_clean(): failed to delete buffer. No buffer to delete in /home/bsn/sites/bsn.ru/public_html/cron/daily_stats/daemons/ip_stats.php on line 34
[22-Sep-2017 00:01:01 Europe/Moscow] PHP Notice:  ob_clean(): failed to delete buffer. No buffer to delete in /home/bsn/sites/bsn.ru/public_html/cron/daily_stats/daemons/ip_stats.php on line 34
[23-Sep-2017 00:01:01 Europe/Moscow] PHP Notice:  ob_clean(): failed to delete buffer. No buffer to delete in /home/bsn/sites/bsn.ru/public_html/cron/daily_stats/daemons/ip_stats.php on line 34
[24-Sep-2017 00:01:02 Europe/Moscow] PHP Notice:  ob_clean(): failed to delete buffer. No buffer to delete in /home/bsn/sites/bsn.ru/public_html/cron/daily_stats/daemons/ip_stats.php on line 34
[25-Sep-2017 00:01:02 Europe/Moscow] PHP Notice:  ob_clean(): failed to delete buffer. No buffer to delete in /home/bsn/sites/bsn.ru/public_html/cron/daily_stats/daemons/ip_stats.php on line 34
[26-Sep-2017 00:01:02 Europe/Moscow] PHP Notice:  ob_clean(): failed to delete buffer. No buffer to delete in /home/bsn/sites/bsn.ru/public_html/cron/daily_stats/daemons/ip_stats.php on line 34
[27-Sep-2017 00:01:01 Europe/Moscow] PHP Notice:  ob_clean(): failed to delete buffer. No buffer to delete in /home/bsn/sites/bsn.ru/public_html/cron/daily_stats/daemons/ip_stats.php on line 34
[28-Sep-2017 00:01:01 Europe/Moscow] PHP Notice:  ob_clean(): failed to delete buffer. No buffer to delete in /home/bsn/sites/bsn.ru/public_html/cron/daily_stats/daemons/ip_stats.php on line 34
[29-Sep-2017 00:01:05 Europe/Moscow] PHP Notice:  ob_clean(): failed to delete buffer. No buffer to delete in /home/bsn/sites/bsn.ru/public_html/cron/daily_stats/daemons/ip_stats.php on line 34
[30-Sep-2017 00:01:03 Europe/Moscow] PHP Notice:  ob_clean(): failed to delete buffer. No buffer to delete in /home/bsn/sites/bsn.ru/public_html/cron/daily_stats/daemons/ip_stats.php on line 34
[01-Oct-2017 00:01:01 Europe/Moscow] PHP Notice:  ob_clean(): failed to delete buffer. No buffer to delete in /home/bsn/sites/bsn.ru/public_html/cron/daily_stats/daemons/ip_stats.php on line 34
[02-Oct-2017 00:01:02 Europe/Moscow] PHP Notice:  ob_clean(): failed to delete buffer. No buffer to delete in /home/bsn/sites/bsn.ru/public_html/cron/daily_stats/daemons/ip_stats.php on line 34
[03-Oct-2017 00:01:03 Europe/Moscow] PHP Notice:  ob_clean(): failed to delete buffer. No buffer to delete in /home/bsn/sites/bsn.ru/public_html/cron/daily_stats/daemons/ip_stats.php on line 34
[04-Oct-2017 00:01:01 Europe/Moscow] PHP Notice:  ob_clean(): failed to delete buffer. No buffer to delete in /home/bsn/sites/bsn.ru/public_html/cron/daily_stats/daemons/ip_stats.php on line 34
[05-Oct-2017 00:01:01 Europe/Moscow] PHP Notice:  ob_clean(): failed to delete buffer. No buffer to delete in /home/bsn/sites/bsn.ru/public_html/cron/daily_stats/daemons/ip_stats.php on line 34
[06-Oct-2017 00:01:02 Europe/Moscow] PHP Notice:  ob_clean(): failed to delete buffer. No buffer to delete in /home/bsn/sites/bsn.ru/public_html/cron/daily_stats/daemons/ip_stats.php on line 34
[07-Oct-2017 00:01:02 Europe/Moscow] PHP Notice:  ob_clean(): failed to delete buffer. No buffer to delete in /home/bsn/sites/bsn.ru/public_html/cron/daily_stats/daemons/ip_stats.php on line 34
[08-Oct-2017 00:01:02 Europe/Moscow] PHP Notice:  ob_clean(): failed to delete buffer. No buffer to delete in /home/bsn/sites/bsn.ru/public_html/cron/daily_stats/daemons/ip_stats.php on line 34
[09-Oct-2017 00:01:02 Europe/Moscow] PHP Notice:  ob_clean(): failed to delete buffer. No buffer to delete in /home/bsn/sites/bsn.ru/public_html/cron/daily_stats/daemons/ip_stats.php on line 34
[10-Oct-2017 00:01:02 Europe/Moscow] PHP Notice:  ob_clean(): failed to delete buffer. No buffer to delete in /home/bsn/sites/bsn.ru/public_html/cron/daily_stats/daemons/ip_stats.php on line 34
[11-Oct-2017 00:01:01 Europe/Moscow] PHP Notice:  ob_clean(): failed to delete buffer. No buffer to delete in /home/bsn/sites/bsn.ru/public_html/cron/daily_stats/daemons/ip_stats.php on line 34
[12-Oct-2017 00:01:02 Europe/Moscow] PHP Notice:  ob_clean(): failed to delete buffer. No buffer to delete in /home/bsn/sites/bsn.ru/public_html/cron/daily_stats/daemons/ip_stats.php on line 34
[13-Oct-2017 00:01:01 Europe/Moscow] PHP Notice:  ob_clean(): failed to delete buffer. No buffer to delete in /home/bsn/sites/bsn.ru/public_html/cron/daily_stats/daemons/ip_stats.php on line 34
[14-Oct-2017 00:01:02 Europe/Moscow] PHP Notice:  ob_clean(): failed to delete buffer. No buffer to delete in /home/bsn/sites/bsn.ru/public_html/cron/daily_stats/daemons/ip_stats.php on line 34
[15-Oct-2017 00:01:02 Europe/Moscow] PHP Notice:  ob_clean(): failed to delete buffer. No buffer to delete in /home/bsn/sites/bsn.ru/public_html/cron/daily_stats/daemons/ip_stats.php on line 34
[16-Oct-2017 00:01:02 Europe/Moscow] PHP Notice:  ob_clean(): failed to delete buffer. No buffer to delete in /home/bsn/sites/bsn.ru/public_html/cron/daily_stats/daemons/ip_stats.php on line 34
[17-Oct-2017 00:01:01 Europe/Moscow] PHP Notice:  ob_clean(): failed to delete buffer. No buffer to delete in /home/bsn/sites/bsn.ru/public_html/cron/daily_stats/daemons/ip_stats.php on line 34
[18-Oct-2017 00:01:02 Europe/Moscow] PHP Notice:  ob_clean(): failed to delete buffer. No buffer to delete in /home/bsn/sites/bsn.ru/public_html/cron/daily_stats/daemons/ip_stats.php on line 34
[19-Oct-2017 00:01:02 Europe/Moscow] PHP Notice:  ob_clean(): failed to delete buffer. No buffer to delete in /home/bsn/sites/bsn.ru/public_html/cron/daily_stats/daemons/ip_stats.php on line 34
[20-Oct-2017 00:01:02 Europe/Moscow] PHP Notice:  ob_clean(): failed to delete buffer. No buffer to delete in /home/bsn/sites/bsn.ru/public_html/cron/daily_stats/daemons/ip_stats.php on line 34
[21-Oct-2017 00:01:03 Europe/Moscow] PHP Notice:  ob_clean(): failed to delete buffer. No buffer to delete in /home/bsn/sites/bsn.ru/public_html/cron/daily_stats/daemons/ip_stats.php on line 34
[22-Oct-2017 00:01:03 Europe/Moscow] PHP Notice:  ob_clean(): failed to delete buffer. No buffer to delete in /home/bsn/sites/bsn.ru/public_html/cron/daily_stats/daemons/ip_stats.php on line 34
[23-Oct-2017 00:01:01 Europe/Moscow] PHP Notice:  ob_clean(): failed to delete buffer. No buffer to delete in /home/bsn/sites/bsn.ru/public_html/cron/daily_stats/daemons/ip_stats.php on line 34
[24-Oct-2017 00:01:03 Europe/Moscow] PHP Notice:  ob_clean(): failed to delete buffer. No buffer to delete in /home/bsn/sites/bsn.ru/public_html/cron/daily_stats/daemons/ip_stats.php on line 34
[25-Oct-2017 00:01:02 Europe/Moscow] PHP Notice:  ob_clean(): failed to delete buffer. No buffer to delete in /home/bsn/sites/bsn.ru/public_html/cron/daily_stats/daemons/ip_stats.php on line 34
[26-Oct-2017 00:01:03 Europe/Moscow] PHP Notice:  ob_clean(): failed to delete buffer. No buffer to delete in /home/bsn/sites/bsn.ru/public_html/cron/daily_stats/daemons/ip_stats.php on line 34
[27-Oct-2017 00:01:04 Europe/Moscow] PHP Notice:  ob_clean(): failed to delete buffer. No buffer to delete in /home/bsn/sites/bsn.ru/public_html/cron/daily_stats/daemons/ip_stats.php on line 34
[28-Oct-2017 00:01:03 Europe/Moscow] PHP Notice:  ob_clean(): failed to delete buffer. No buffer to delete in /home/bsn/sites/bsn.ru/public_html/cron/daily_stats/daemons/ip_stats.php on line 34
[29-Oct-2017 00:01:05 Europe/Moscow] PHP Notice:  ob_clean(): failed to delete buffer. No buffer to delete in /home/bsn/sites/bsn.ru/public_html/cron/daily_stats/daemons/ip_stats.php on line 34
[30-Oct-2017 00:01:03 Europe/Moscow] PHP Notice:  ob_clean(): failed to delete buffer. No buffer to delete in /home/bsn/sites/bsn.ru/public_html/cron/daily_stats/daemons/ip_stats.php on line 34
[31-Oct-2017 00:01:02 Europe/Moscow] PHP Notice:  ob_clean(): failed to delete buffer. No buffer to delete in /home/bsn/sites/bsn.ru/public_html/cron/daily_stats/daemons/ip_stats.php on line 34
[01-Nov-2017 00:01:02 Europe/Moscow] PHP Notice:  ob_clean(): failed to delete buffer. No buffer to delete in /home/bsn/sites/bsn.ru/public_html/cron/daily_stats/daemons/ip_stats.php on line 34
[02-Nov-2017 00:01:03 Europe/Moscow] PHP Notice:  ob_clean(): failed to delete buffer. No buffer to delete in /home/bsn/sites/bsn.ru/public_html/cron/daily_stats/daemons/ip_stats.php on line 34
[03-Nov-2017 00:01:03 Europe/Moscow] PHP Notice:  ob_clean(): failed to delete buffer. No buffer to delete in /home/bsn/sites/bsn.ru/public_html/cron/daily_stats/daemons/ip_stats.php on line 34
[04-Nov-2017 00:01:05 Europe/Moscow] PHP Notice:  ob_clean(): failed to delete buffer. No buffer to delete in /home/bsn/sites/bsn.ru/public_html/cron/daily_stats/daemons/ip_stats.php on line 34
[05-Nov-2017 00:01:03 Europe/Moscow] PHP Notice:  ob_clean(): failed to delete buffer. No buffer to delete in /home/bsn/sites/bsn.ru/public_html/cron/daily_stats/daemons/ip_stats.php on line 34
[06-Nov-2017 00:01:02 Europe/Moscow] PHP Notice:  ob_clean(): failed to delete buffer. No buffer to delete in /home/bsn/sites/bsn.ru/public_html/cron/daily_stats/daemons/ip_stats.php on line 34
[07-Nov-2017 00:01:04 Europe/Moscow] PHP Notice:  ob_clean(): failed to delete buffer. No buffer to delete in /home/bsn/sites/bsn.ru/public_html/cron/daily_stats/daemons/ip_stats.php on line 34
[08-Nov-2017 00:01:03 Europe/Moscow] PHP Notice:  ob_clean(): failed to delete buffer. No buffer to delete in /home/bsn/sites/bsn.ru/public_html/cron/daily_stats/daemons/ip_stats.php on line 34
[09-Nov-2017 00:01:04 Europe/Moscow] PHP Notice:  ob_clean(): failed to delete buffer. No buffer to delete in /home/bsn/sites/bsn.ru/public_html/cron/daily_stats/daemons/ip_stats.php on line 34
[10-Nov-2017 00:01:02 Europe/Moscow] PHP Notice:  ob_clean(): failed to delete buffer. No buffer to delete in /home/bsn/sites/bsn.ru/public_html/cron/daily_stats/daemons/ip_stats.php on line 34
[11-Nov-2017 00:01:02 Europe/Moscow] PHP Notice:  ob_clean(): failed to delete buffer. No buffer to delete in /home/bsn/sites/bsn.ru/public_html/cron/daily_stats/daemons/ip_stats.php on line 34
[12-Nov-2017 00:01:05 Europe/Moscow] PHP Notice:  ob_clean(): failed to delete buffer. No buffer to delete in /home/bsn/sites/bsn.ru/public_html/cron/daily_stats/daemons/ip_stats.php on line 34
[13-Nov-2017 00:01:03 Europe/Moscow] PHP Notice:  ob_clean(): failed to delete buffer. No buffer to delete in /home/bsn/sites/bsn.ru/public_html/cron/daily_stats/daemons/ip_stats.php on line 34
[14-Nov-2017 00:01:06 Europe/Moscow] PHP Notice:  ob_clean(): failed to delete buffer. No buffer to delete in /home/bsn/sites/bsn.ru/public_html/cron/daily_stats/daemons/ip_stats.php on line 34
[15-Nov-2017 00:01:12 Europe/Moscow] PHP Notice:  ob_clean(): failed to delete buffer. No buffer to delete in /home/bsn/sites/bsn.ru/public_html/cron/daily_stats/daemons/ip_stats.php on line 34
[16-Nov-2017 00:01:04 Europe/Moscow] PHP Notice:  ob_clean(): failed to delete buffer. No buffer to delete in /home/bsn/sites/bsn.ru/public_html/cron/daily_stats/daemons/ip_stats.php on line 34
[17-Nov-2017 00:01:03 Europe/Moscow] PHP Notice:  ob_clean(): failed to delete buffer. No buffer to delete in /home/bsn/sites/bsn.ru/public_html/cron/daily_stats/daemons/ip_stats.php on line 34
[18-Nov-2017 00:01:05 Europe/Moscow] PHP Notice:  ob_clean(): failed to delete buffer. No buffer to delete in /home/bsn/sites/bsn.ru/public_html/cron/daily_stats/daemons/ip_stats.php on line 34
[19-Nov-2017 00:01:04 Europe/Moscow] PHP Notice:  ob_clean(): failed to delete buffer. No buffer to delete in /home/bsn/sites/bsn.ru/public_html/cron/daily_stats/daemons/ip_stats.php on line 34
[20-Nov-2017 00:01:03 Europe/Moscow] PHP Notice:  ob_clean(): failed to delete buffer. No buffer to delete in /home/bsn/sites/bsn.ru/public_html/cron/daily_stats/daemons/ip_stats.php on line 34
[21-Nov-2017 00:01:05 Europe/Moscow] PHP Notice:  ob_clean(): failed to delete buffer. No buffer to delete in /home/bsn/sites/bsn.ru/public_html/cron/daily_stats/daemons/ip_stats.php on line 34
[22-Nov-2017 00:01:03 Europe/Moscow] PHP Notice:  ob_clean(): failed to delete buffer. No buffer to delete in /home/bsn/sites/bsn.ru/public_html/cron/daily_stats/daemons/ip_stats.php on line 34
[23-Nov-2017 00:01:04 Europe/Moscow] PHP Notice:  ob_clean(): failed to delete buffer. No buffer to delete in /home/bsn/sites/bsn.ru/public_html/cron/daily_stats/daemons/ip_stats.php on line 34
[24-Nov-2017 00:01:04 Europe/Moscow] PHP Notice:  ob_clean(): failed to delete buffer. No buffer to delete in /home/bsn/sites/bsn.ru/public_html/cron/daily_stats/daemons/ip_stats.php on line 34
[25-Nov-2017 00:01:04 Europe/Moscow] PHP Notice:  ob_clean(): failed to delete buffer. No buffer to delete in /home/bsn/sites/bsn.ru/public_html/cron/daily_stats/daemons/ip_stats.php on line 34
[26-Nov-2017 00:01:06 Europe/Moscow] PHP Notice:  ob_clean(): failed to delete buffer. No buffer to delete in /home/bsn/sites/bsn.ru/public_html/cron/daily_stats/daemons/ip_stats.php on line 34
[27-Nov-2017 00:01:08 Europe/Moscow] PHP Notice:  ob_clean(): failed to delete buffer. No buffer to delete in /home/bsn/sites/bsn.ru/public_html/cron/daily_stats/daemons/ip_stats.php on line 34
[28-Nov-2017 00:01:09 Europe/Moscow] PHP Notice:  ob_clean(): failed to delete buffer. No buffer to delete in /home/bsn/sites/bsn.ru/public_html/cron/daily_stats/daemons/ip_stats.php on line 34
[29-Nov-2017 00:01:07 Europe/Moscow] PHP Notice:  ob_clean(): failed to delete buffer. No buffer to delete in /home/bsn/sites/bsn.ru/public_html/cron/daily_stats/daemons/ip_stats.php on line 34
[30-Nov-2017 00:01:07 Europe/Moscow] PHP Notice:  ob_clean(): failed to delete buffer. No buffer to delete in /home/bsn/sites/bsn.ru/public_html/cron/daily_stats/daemons/ip_stats.php on line 34
[01-Dec-2017 00:01:08 Europe/Moscow] PHP Notice:  ob_clean(): failed to delete buffer. No buffer to delete in /home/bsn/sites/bsn.ru/public_html/cron/daily_stats/daemons/ip_stats.php on line 34
[02-Dec-2017 00:01:06 Europe/Moscow] PHP Notice:  ob_clean(): failed to delete buffer. No buffer to delete in /home/bsn/sites/bsn.ru/public_html/cron/daily_stats/daemons/ip_stats.php on line 34
[03-Dec-2017 00:01:06 Europe/Moscow] PHP Notice:  ob_clean(): failed to delete buffer. No buffer to delete in /home/bsn/sites/bsn.ru/public_html/cron/daily_stats/daemons/ip_stats.php on line 34
[04-Dec-2017 00:01:08 Europe/Moscow] PHP Notice:  ob_clean(): failed to delete buffer. No buffer to delete in /home/bsn/sites/bsn.ru/public_html/cron/daily_stats/daemons/ip_stats.php on line 34
[05-Dec-2017 00:01:06 Europe/Moscow] PHP Notice:  ob_clean(): failed to delete buffer. No buffer to delete in /home/bsn/sites/bsn.ru/public_html/cron/daily_stats/daemons/ip_stats.php on line 34
[06-Dec-2017 00:01:08 Europe/Moscow] PHP Notice:  ob_clean(): failed to delete buffer. No buffer to delete in /home/bsn/sites/bsn.ru/public_html/cron/daily_stats/daemons/ip_stats.php on line 34
[07-Dec-2017 00:01:05 Europe/Moscow] PHP Notice:  ob_clean(): failed to delete buffer. No buffer to delete in /home/bsn/sites/bsn.ru/public_html/cron/daily_stats/daemons/ip_stats.php on line 34
[08-Dec-2017 00:01:07 Europe/Moscow] PHP Notice:  ob_clean(): failed to delete buffer. No buffer to delete in /home/bsn/sites/bsn.ru/public_html/cron/daily_stats/daemons/ip_stats.php on line 34
[09-Dec-2017 00:01:05 Europe/Moscow] PHP Notice:  ob_clean(): failed to delete buffer. No buffer to delete in /home/bsn/sites/bsn.ru/public_html/cron/daily_stats/daemons/ip_stats.php on line 34
[10-Dec-2017 00:01:06 Europe/Moscow] PHP Notice:  ob_clean(): failed to delete buffer. No buffer to delete in /home/bsn/sites/bsn.ru/public_html/cron/daily_stats/daemons/ip_stats.php on line 34
[11-Dec-2017 00:01:04 Europe/Moscow] PHP Notice:  ob_clean(): failed to delete buffer. No buffer to delete in /home/bsn/sites/bsn.ru/public_html/cron/daily_stats/daemons/ip_stats.php on line 34
[12-Dec-2017 00:01:05 Europe/Moscow] PHP Notice:  ob_clean(): failed to delete buffer. No buffer to delete in /home/bsn/sites/bsn.ru/public_html/cron/daily_stats/daemons/ip_stats.php on line 34
[13-Dec-2017 00:01:05 Europe/Moscow] PHP Notice:  ob_clean(): failed to delete buffer. No buffer to delete in /home/bsn/sites/bsn.ru/public_html/cron/daily_stats/daemons/ip_stats.php on line 34
[14-Dec-2017 00:01:03 Europe/Moscow] PHP Notice:  ob_clean(): failed to delete buffer. No buffer to delete in /home/bsn/sites/bsn.ru/public_html/cron/daily_stats/daemons/ip_stats.php on line 34
[15-Dec-2017 00:01:04 Europe/Moscow] PHP Notice:  ob_clean(): failed to delete buffer. No buffer to delete in /home/bsn/sites/bsn.ru/public_html/cron/daily_stats/daemons/ip_stats.php on line 34
[16-Dec-2017 00:01:03 Europe/Moscow] PHP Notice:  ob_clean(): failed to delete buffer. No buffer to delete in /home/bsn/sites/bsn.ru/public_html/cron/daily_stats/daemons/ip_stats.php on line 34
[17-Dec-2017 00:01:05 Europe/Moscow] PHP Notice:  ob_clean(): failed to delete buffer. No buffer to delete in /home/bsn/sites/bsn.ru/public_html/cron/daily_stats/daemons/ip_stats.php on line 34
[18-Dec-2017 00:01:07 Europe/Moscow] PHP Notice:  ob_clean(): failed to delete buffer. No buffer to delete in /home/bsn/sites/bsn.ru/public_html/cron/daily_stats/daemons/ip_stats.php on line 34
[19-Dec-2017 00:01:05 Europe/Moscow] PHP Notice:  ob_clean(): failed to delete buffer. No buffer to delete in /home/bsn/sites/bsn.ru/public_html/cron/daily_stats/daemons/ip_stats.php on line 34
[20-Dec-2017 00:01:04 Europe/Moscow] PHP Notice:  ob_clean(): failed to delete buffer. No buffer to delete in /home/bsn/sites/bsn.ru/public_html/cron/daily_stats/daemons/ip_stats.php on line 34
[21-Dec-2017 00:01:05 Europe/Moscow] PHP Notice:  ob_clean(): failed to delete buffer. No buffer to delete in /home/bsn/sites/bsn.ru/public_html/cron/daily_stats/daemons/ip_stats.php on line 34
[22-Dec-2017 00:01:03 Europe/Moscow] PHP Notice:  ob_clean(): failed to delete buffer. No buffer to delete in /home/bsn/sites/bsn.ru/public_html/cron/daily_stats/daemons/ip_stats.php on line 34
[23-Dec-2017 00:01:06 Europe/Moscow] PHP Notice:  ob_clean(): failed to delete buffer. No buffer to delete in /home/bsn/sites/bsn.ru/public_html/cron/daily_stats/daemons/ip_stats.php on line 34
[24-Dec-2017 00:01:03 Europe/Moscow] PHP Notice:  ob_clean(): failed to delete buffer. No buffer to delete in /home/bsn/sites/bsn.ru/public_html/cron/daily_stats/daemons/ip_stats.php on line 34
[25-Dec-2017 00:01:03 Europe/Moscow] PHP Notice:  ob_clean(): failed to delete buffer. No buffer to delete in /home/bsn/sites/bsn.ru/public_html/cron/daily_stats/daemons/ip_stats.php on line 34
[26-Dec-2017 00:01:05 Europe/Moscow] PHP Notice:  ob_clean(): failed to delete buffer. No buffer to delete in /home/bsn/sites/bsn.ru/public_html/cron/daily_stats/daemons/ip_stats.php on line 34
[27-Dec-2017 00:01:08 Europe/Moscow] PHP Notice:  ob_clean(): failed to delete buffer. No buffer to delete in /home/bsn/sites/bsn.ru/public_html/cron/daily_stats/daemons/ip_stats.php on line 34
[28-Dec-2017 00:01:07 Europe/Moscow] PHP Notice:  ob_clean(): failed to delete buffer. No buffer to delete in /home/bsn/sites/bsn.ru/public_html/cron/daily_stats/daemons/ip_stats.php on line 34
[29-Dec-2017 00:01:06 Europe/Moscow] PHP Notice:  ob_clean(): failed to delete buffer. No buffer to delete in /home/bsn/sites/bsn.ru/public_html/cron/daily_stats/daemons/ip_stats.php on line 34
[30-Dec-2017 00:01:03 Europe/Moscow] PHP Notice:  ob_clean(): failed to delete buffer. No buffer to delete in /home/bsn/sites/bsn.ru/public_html/cron/daily_stats/daemons/ip_stats.php on line 34
[31-Dec-2017 00:01:05 Europe/Moscow] PHP Notice:  ob_clean(): failed to delete buffer. No buffer to delete in /home/bsn/sites/bsn.ru/public_html/cron/daily_stats/daemons/ip_stats.php on line 34
[01-Jan-2018 00:01:05 Europe/Moscow] PHP Notice:  ob_clean(): failed to delete buffer. No buffer to delete in /home/bsn/sites/bsn.ru/public_html/cron/daily_stats/daemons/ip_stats.php on line 34
[02-Jan-2018 00:01:06 Europe/Moscow] PHP Notice:  ob_clean(): failed to delete buffer. No buffer to delete in /home/bsn/sites/bsn.ru/public_html/cron/daily_stats/daemons/ip_stats.php on line 34
[03-Jan-2018 00:01:05 Europe/Moscow] PHP Notice:  ob_clean(): failed to delete buffer. No buffer to delete in /home/bsn/sites/bsn.ru/public_html/cron/daily_stats/daemons/ip_stats.php on line 34
[04-Jan-2018 00:01:06 Europe/Moscow] PHP Notice:  ob_clean(): failed to delete buffer. No buffer to delete in /home/bsn/sites/bsn.ru/public_html/cron/daily_stats/daemons/ip_stats.php on line 34
[05-Jan-2018 00:01:05 Europe/Moscow] PHP Notice:  ob_clean(): failed to delete buffer. No buffer to delete in /home/bsn/sites/bsn.ru/public_html/cron/daily_stats/daemons/ip_stats.php on line 34
[06-Jan-2018 00:01:08 Europe/Moscow] PHP Notice:  ob_clean(): failed to delete buffer. No buffer to delete in /home/bsn/sites/bsn.ru/public_html/cron/daily_stats/daemons/ip_stats.php on line 34
[07-Jan-2018 00:01:03 Europe/Moscow] PHP Notice:  ob_clean(): failed to delete buffer. No buffer to delete in /home/bsn/sites/bsn.ru/public_html/cron/daily_stats/daemons/ip_stats.php on line 34
[08-Jan-2018 00:01:02 Europe/Moscow] PHP Notice:  ob_clean(): failed to delete buffer. No buffer to delete in /home/bsn/sites/bsn.ru/public_html/cron/daily_stats/daemons/ip_stats.php on line 34
[09-Jan-2018 00:01:04 Europe/Moscow] PHP Notice:  ob_clean(): failed to delete buffer. No buffer to delete in /home/bsn/sites/bsn.ru/public_html/cron/daily_stats/daemons/ip_stats.php on line 34
[10-Jan-2018 00:01:08 Europe/Moscow] PHP Notice:  ob_clean(): failed to delete buffer. No buffer to delete in /home/bsn/sites/bsn.ru/public_html/cron/daily_stats/daemons/ip_stats.php on line 34
[11-Jan-2018 00:01:04 Europe/Moscow] PHP Notice:  ob_clean(): failed to delete buffer. No buffer to delete in /home/bsn/sites/bsn.ru/public_html/cron/daily_stats/daemons/ip_stats.php on line 34
[12-Jan-2018 00:01:06 Europe/Moscow] PHP Notice:  ob_clean(): failed to delete buffer. No buffer to delete in /home/bsn/sites/bsn.ru/public_html/cron/daily_stats/daemons/ip_stats.php on line 34
[13-Jan-2018 00:01:06 Europe/Moscow] PHP Notice:  ob_clean(): failed to delete buffer. No buffer to delete in /home/bsn/sites/bsn.ru/public_html/cron/daily_stats/daemons/ip_stats.php on line 34
[14-Jan-2018 00:01:05 Europe/Moscow] PHP Notice:  ob_clean(): failed to delete buffer. No buffer to delete in /home/bsn/sites/bsn.ru/public_html/cron/daily_stats/daemons/ip_stats.php on line 34
[15-Jan-2018 00:01:06 Europe/Moscow] PHP Notice:  ob_clean(): failed to delete buffer. No buffer to delete in /home/bsn/sites/bsn.ru/public_html/cron/daily_stats/daemons/ip_stats.php on line 34
[16-Jan-2018 00:01:06 Europe/Moscow] PHP Notice:  ob_clean(): failed to delete buffer. No buffer to delete in /home/bsn/sites/bsn.ru/public_html/cron/daily_stats/daemons/ip_stats.php on line 34
[17-Jan-2018 00:01:07 Europe/Moscow] PHP Notice:  ob_clean(): failed to delete buffer. No buffer to delete in /home/bsn/sites/bsn.ru/public_html/cron/daily_stats/daemons/ip_stats.php on line 34
[18-Jan-2018 00:01:04 Europe/Moscow] PHP Notice:  ob_clean(): failed to delete buffer. No buffer to delete in /home/bsn/sites/bsn.ru/public_html/cron/daily_stats/daemons/ip_stats.php on line 34
[19-Jan-2018 00:01:04 Europe/Moscow] PHP Notice:  ob_clean(): failed to delete buffer. No buffer to delete in /home/bsn/sites/bsn.ru/public_html/cron/daily_stats/daemons/ip_stats.php on line 34
[20-Jan-2018 00:01:04 Europe/Moscow] PHP Notice:  ob_clean(): failed to delete buffer. No buffer to delete in /home/bsn/sites/bsn.ru/public_html/cron/daily_stats/daemons/ip_stats.php on line 34
[21-Jan-2018 00:01:03 Europe/Moscow] PHP Notice:  ob_clean(): failed to delete buffer. No buffer to delete in /home/bsn/sites/bsn.ru/public_html/cron/daily_stats/daemons/ip_stats.php on line 34
[22-Jan-2018 00:01:04 Europe/Moscow] PHP Notice:  ob_clean(): failed to delete buffer. No buffer to delete in /home/bsn/sites/bsn.ru/public_html/cron/daily_stats/daemons/ip_stats.php on line 34
[23-Jan-2018 00:01:04 Europe/Moscow] PHP Notice:  ob_clean(): failed to delete buffer. No buffer to delete in /home/bsn/sites/bsn.ru/public_html/cron/daily_stats/daemons/ip_stats.php on line 34
[24-Jan-2018 00:01:05 Europe/Moscow] PHP Notice:  ob_clean(): failed to delete buffer. No buffer to delete in /home/bsn/sites/bsn.ru/public_html/cron/daily_stats/daemons/ip_stats.php on line 34
[27-Apr-2019 00:01:03 Europe/Moscow] PHP Notice:  ob_clean(): failed to delete buffer. No buffer to delete in /home/bsn/sites/bsn.ru/public_html/cron/daily_stats/daemons/ip_stats.php on line 34
[28-Apr-2019 00:01:02 Europe/Moscow] PHP Notice:  ob_clean(): failed to delete buffer. No buffer to delete in /home/bsn/sites/bsn.ru/public_html/cron/daily_stats/daemons/ip_stats.php on line 34
[29-Apr-2019 00:01:03 Europe/Moscow] PHP Notice:  ob_clean(): failed to delete buffer. No buffer to delete in /home/bsn/sites/bsn.ru/public_html/cron/daily_stats/daemons/ip_stats.php on line 34
[30-Apr-2019 00:01:03 Europe/Moscow] PHP Notice:  ob_clean(): failed to delete buffer. No buffer to delete in /home/bsn/sites/bsn.ru/public_html/cron/daily_stats/daemons/ip_stats.php on line 34
[01-May-2019 00:01:03 Europe/Moscow] PHP Notice:  ob_clean(): failed to delete buffer. No buffer to delete in /home/bsn/sites/bsn.ru/public_html/cron/daily_stats/daemons/ip_stats.php on line 34
[02-May-2019 00:01:01 Europe/Moscow] PHP Notice:  ob_clean(): failed to delete buffer. No buffer to delete in /home/bsn/sites/bsn.ru/public_html/cron/daily_stats/daemons/ip_stats.php on line 34
[03-May-2019 00:01:02 Europe/Moscow] PHP Notice:  ob_clean(): failed to delete buffer. No buffer to delete in /home/bsn/sites/bsn.ru/public_html/cron/daily_stats/daemons/ip_stats.php on line 34
[04-May-2019 00:01:01 Europe/Moscow] PHP Notice:  ob_clean(): failed to delete buffer. No buffer to delete in /home/bsn/sites/bsn.ru/public_html/cron/daily_stats/daemons/ip_stats.php on line 34
[05-May-2019 00:01:02 Europe/Moscow] PHP Notice:  ob_clean(): failed to delete buffer. No buffer to delete in /home/bsn/sites/bsn.ru/public_html/cron/daily_stats/daemons/ip_stats.php on line 34
[06-May-2019 00:01:02 Europe/Moscow] PHP Notice:  ob_clean(): failed to delete buffer. No buffer to delete in /home/bsn/sites/bsn.ru/public_html/cron/daily_stats/daemons/ip_stats.php on line 34
[07-May-2019 00:01:02 Europe/Moscow] PHP Notice:  ob_clean(): failed to delete buffer. No buffer to delete in /home/bsn/sites/bsn.ru/public_html/cron/daily_stats/daemons/ip_stats.php on line 34
[08-May-2019 00:01:02 Europe/Moscow] PHP Notice:  ob_clean(): failed to delete buffer. No buffer to delete in /home/bsn/sites/bsn.ru/public_html/cron/daily_stats/daemons/ip_stats.php on line 34
[09-May-2019 00:01:02 Europe/Moscow] PHP Notice:  ob_clean(): failed to delete buffer. No buffer to delete in /home/bsn/sites/bsn.ru/public_html/cron/daily_stats/daemons/ip_stats.php on line 34
[10-May-2019 00:01:02 Europe/Moscow] PHP Notice:  ob_clean(): failed to delete buffer. No buffer to delete in /home/bsn/sites/bsn.ru/public_html/cron/daily_stats/daemons/ip_stats.php on line 34
[11-May-2019 00:01:02 Europe/Moscow] PHP Notice:  ob_clean(): failed to delete buffer. No buffer to delete in /home/bsn/sites/bsn.ru/public_html/cron/daily_stats/daemons/ip_stats.php on line 34
[12-May-2019 00:01:02 Europe/Moscow] PHP Notice:  ob_clean(): failed to delete buffer. No buffer to delete in /home/bsn/sites/bsn.ru/public_html/cron/daily_stats/daemons/ip_stats.php on line 34
[13-May-2019 00:01:02 Europe/Moscow] PHP Notice:  ob_clean(): failed to delete buffer. No buffer to delete in /home/bsn/sites/bsn.ru/public_html/cron/daily_stats/daemons/ip_stats.php on line 34
